fencing/Redrock_Fencing_Club_Stab_N_Grab_Week_9_fencing_f_cm_np2_ri_bad_3.avi*13
handstand/Zwei_hoffnungslose_Pflegef_lle_beim_Turnen(Part1)_handstand_f_cm_np1_ri_bad_0.avi*16
run/THE_PROTECTOR_run_f_nm_np1_fr_med_21.avi*32
handstand/Uni-Koblenz_Normfreies_Turnen__WS_05_06__Pr_fung_handstand_f_cm_np1_ri_bad_2.avi*16
pick/pick_up_trash_says_yeti_pick_f_cm_np1_ri_med_0.avi*24
climb/Rock_Climbing_Nationals_08_Emily_Harrington_and_Lauren_Lee_climb_f_cm_np1_ba_med_0.avi*6
pour/Katie_teaching_how_to_pour_wine_pour_u_cm_np1_fr_med_0.avi*25
shoot_gun/fastestgunalive_shoot_gun_u_cm_np1_ba_med_1.avi*36
pick/IamLegendII_pick_u_nm_np1_fr_med_1.avi*24
smoke/After_work_smoke_in_the_garage_smoke_h_nm_np1_fr_med_2.avi*40
run/The_Fugitive_5_run_f_cm_np1_fr_med_1.avi*32
sit/Oceans11_sit_u_nm_np1_fr_med_0.avi*37
kick/THE_PROTECTOR_kick_f_cm_np1_fr_bad_53.avi*21
shake_hands/40_Trofeo_S_A_R__Princesa_Sofia_Price_Giving_Ceremony_shake_hands_u_cm_np2_le_med_0.avi*33
run/50_FIRST_DATES_run_f_nm_np1_ba_med_20.avi*32
jump/Learn_Freerunning_and_Parkour__-_Diving_Kong_jump_f_cm_np1_le_bad_0.avi*19
turn/The_Fugitive_2_turn_u_nm_np1_ba_med_16.avi*48
clap/My_Lil__Man_clapping_his_Hands_clap_u_nm_np1_fr_goo_0.avi*4
smoke/nice_smoking_girl_smoke_h_nm_np1_le_med_2.avi*40
flic_flac/Jessica_Heinz_-_Leverkusen_Cup_2006__floor_routine_flic_flac_f_cm_np1_le_med_3.avi*14
drink/TheBoondockSaints_drink_h_nm_np1_ri_med_79.avi*10
pullup/pull_ups_pullup_u_nm_np1_fr_med_5.avi*26
sit/Panic_in_the_Streets_sit_f_nm_np1_le_med_7.avi*37
hit/Vorschlaghammer_gegen_Kudugal_hit_f_cm_np1_ba_bad_3.avi*17
climb/Dan_Osman_-_Speed_rock_climbing_climb_f_cm_np1_fr_bad_5.avi*6
turn/21_turn_h_nm_np1_fr_goo_4.avi*48
walk/TheBoondockSaints_walk_f_cm_np2_fr_med_7.avi*49
swing_baseball/Faith_Rewarded_swing_baseball_f_nm_np1_ba_bad_58.avi*43
dive/Bungee_Jumping_in_Switzerland_-__Compilation_Part_2_dive_f_cm_np1_fr_bad_0.avi*7
shoot_bow/Erikafrontrecurve6june08_shoot_bow_u_nm_np1_fr_med_0.avi*35
eat/MeettheParents_eat_h_nm_np1_fr_goo_3.avi*11
eat/WeddingCrashers_eat_h_nm_np1_fr_goo_8.avi*11
hit/Opel_vs_Vorschlaghammer_hit_u_cm_np1_le_bad_1.avi*17
ride_bike/#437_How_To_Ride_A_Bike_ride_bike_f_cm_np1_ba_med_1.avi*30
sword/Best_Sword_Fights_-_Vol__1_-__Rob_Roy__sword_f_cm_np2_ba_bad_0.avi*45
wave/IndianaJonesandTheTempleofDoom_wave_h_nm_np1_fr_med_2.avi*50
walk/TrumanShow_walk_u_cm_np1_ri_med_18.avi*49
sit/EasternPromises_sit_f_nm_np1_ri_med_4.avi*37
draw_sword/IAIDO_-_Training_TV-Bericht_10_2008_draw_sword_f_cm_np1_le_med_1.avi*8
shoot_ball/KELVIN_shoot_ball_u_cm_np1_ba_med_4.avi*34
turn/LivefreeorDieHard_turn_u_cm_np1_le_goo_2.avi*48
drink/310ToYuma_drink_h_nm_np1_fr_goo_2.avi*10
jump/LE_PARKOUR_BRASIL_DIOGO_GRANATO_(HD)_jump_u_cm_np1_le_bad_0.avi*19
catch/torwart_de-Camp_2009_-_Hohe_B_lle_catch_f_cm_np1_ba_med_2.avi*2
sword_exercise/Sword_and_Targe_Solo_Exercises_sword_exercise_u_cm_np1_ri_med_6.avi*44
run/Glory_run_f_cm_np1_fr_med_54.avi*32
run/metacafe_coolsoccer_run_f_cm_np1_ba_med_1.avi*32
flic_flac/Flic_flac_1_flic_flac_f_cm_np1_ri_med_0.avi*14
somersault/_Jumper_Boys___Pedrim_Naruto_-_Dive_Roll_Over_13_People_somersault_f_cm_np1_ri_bad_0.avi*41
kiss/TVs_Best_Kisses_Top_50-_(40_to_31)_kiss_h_cm_np2_le_goo_10.avi*22
push/Box_Pull_Push_push_f_cm_np1_ba_bad_0.avi*28
ride_horse/Alifestyle_ride_horse_f_cm_np1_ri_med_3.avi*31
situp/Britney_Spears__Ab_Workout_Revealed_Video_situp_f_cm_np1_ri_goo_1.avi*38
walk/TheBoondockSaints_walk_u_cm_np2_le_med_11.avi*49
walk/Hitch_Part_1_walk_u_cm_np1_fr_goo_2.avi*49
situp/Octogen_-_CrossFit_Sydney_Glute_Ham_Situps_1_situp_f_nm_np1_ri_goo_2.avi*38
throw/amazingballthrowingtricks_throw_f_cm_np1_fr_med_6.avi*47
drink/ThePerfectScore_drink_u_cm_np1_fr_goo_5.avi*10
turn/likebeckam_turn_f_nm_np1_fr_med_42.avi*48
handstand/Projekt_SPOHO_2008_-_27_02_08_-_Training-_Bodenk_r_3_handstand_f_cm_np1_ri_med_1.avi*16
jump/A_Beautiful_Mind_1_jump_f_cm_np1_ba_bad_3.avi*19
run/RETURN_OF_THE_KING_run_f_cm_np1_fr_bad_32.avi*32
kick_ball/Nike_Soccer_Commercial_-_Good_vs__Evil_kick_ball_f_cm_np1_fr_med_3.avi*20
fencing/Duel_(The_Sovereigns_Servant)_fencing_u_cm_np2_le_med_3.avi*13
run/metacafe_coolsoccer_run_f_cm_np4_ba_bad_3.avi*32
hit/Collins_getting_hit_with_a_stick_on_the_head_hit_f_cm_np1_le_bad_0.avi*17
cartwheel/Monikas_Staatsexamen__Turnen_cartwheel_f_cm_np1_ri_med_4.avi*1
shoot_bow/Two_Towers_4_shoot_bow_h_cm_np1_fr_goo_2.avi*35
wave/50_FIRST_DATES_wave_u_cm_np1_fr_med_36.avi*50
golf/Evian_Masters_Junior_Cup_Highlights_2009_golf_f_nm_np1_ba_goo_2.avi*15
turn/SoundAndTheStory_turn_f_nm_np1_le_med_2.avi*48
walk/BIG_FISH_walk_f_nm_np1_ba_med_12.avi*49
pour/Gaiwan_tea_ceremony_pour_u_cm_np1_fr_med_1.avi*25
brush_hair/Aussie_Brunette_Brushing_Hair_II_brush_hair_u_nm_np2_le_med_2.avi*0
smoke/Sexy_Smoking_Girl_-_Teen_Smoking_Cigarette_smoke_u_nm_np1_fr_goo_0.avi*40
eat/StrangerThanFiction_eat_u_nm_np1_ri_med_3.avi*11
dive/Fellowship_7_dive_f_cm_np1_ba_bad_0.avi*7
dribble/Sibu_Malaysia_Vacation_little_brother_dribbling_basketball_Sarawak_dribble_f_cm_np1_ba_med_6.avi*9
wave/Oceans12_wave_h_nm_np1_fr_goo_8.avi*50
throw/Compilationknifethrowing_throw_u_nm_np1_ba_med_17.avi*47
wave/prideandprejudice1_wave_f_nm_np1_ri_med_14.avi*50
fall_floor/KUNG_FU_HUSTLE_fall_floor_f_cm_np1_fr_med_40.avi*12
hug/Calins_gratuits_a_Paris_-_Free_Hugs_France_-_version_longue_hug_u_cm_np2_le_med_10.avi*18
run/BLACK_HAWK_DOWN_run_l_nm_np1_ba_med_16.avi*32
climb_stairs/Micah_Lacerte_Running_Stairs___Great_cardio_for_fat_loss_climb_stairs_f_cm_np1_fr_med_0.avi*5
laugh/laughing_out_her_brains_laugh_u_cm_np1_fr_med_1.avi*23
clap/boom-snap-clap_clap_u_nm_np1_fr_med_2.avi*4
draw_sword/Spirit_Of_The_Sword_Volume_1_DVD_draw_sword_f_nm_np1_fr_med_0.avi*8
turn/WhatDreamsMayCome_turn_u_cm_np1_ba_med_2.avi*48
pullup/Proper_Way_to_Do_Pull_Ups_pullup_u_nm_np1_ri_goo_3.avi*26
walk/RushHour2_walk_u_cm_np1_fr_med_9.avi*49
dive/96_Meter_Bungy-Jump__Jauntal_03_dive_f_cm_np1_ri_bad_0.avi*7
fall_floor/THE_PROTECTOR_fall_floor_f_cm_np1_le_med_75.avi*12
sit/AmericanGangster_sit_u_cm_np1_ri_med_25.avi*37
walk/AgriculturalAviation_walk_f_nm_np1_le_med_1.avi*49
walk/The_House_on_Haunted_Hill_walk_f_cm_np1_fr_med_9.avi*49
punch/Eurotrip_punch_u_cm_np1_ri_goo_1.avi*27
drink/RATRACE_drink_u_nm_np1_ri_goo_5.avi*10
walk/TheBoondockSaints_walk_u_cm_np2_ba_bad_3.avi*49
hit/Vorschlaghammer__die_Erste_hit_f_cm_np1_ri_bad_1.avi*17
kick_ball/Lattenknaller_-_M_nner_wie_wir_(Teil_11)_kick_ball_f_cm_np1_ri_med_2.avi*20
fall_floor/Return_of_the_King_1_fall_floor_u_nm_np1_le_med_8.avi*12
sword/late_medieval_longsword_duel_sword_u_cm_np2_ri_med_1.avi*45
sword/Schwertkampf__in_Bechtolsheim_sword_f_cm_np2_ba_med_0.avi*45
walk/AmericanGangster_walk_f_cm_np1_fr_bad_9.avi*49
handstand/3-er_handstand_aua_handstand_u_cm_np3_ba_med_0.avi*16
throw/Faith_Rewarded_throw_u_cm_np1_fr_med_33.avi*47
drink/Oceans12_drink_u_nm_np1_fr_goo_15.avi*10
shoot_gun/MeShootin2_shoot_gun_u_nm_np1_ri_med_1.avi*36
dribble/Basketball_Dribbling_-_Basketball_Dribbling-_Practice_With_2_Balls_dribble_f_nm_np2_fr_med_1.avi*9
fall_floor/KUNG_FU_HUSTLE_fall_floor_f_nm_np1_le_med_13.avi*12
somersault/LONGESTYARD_somersault_f_cm_np1_le_bad_27.avi*41
stand/American_History_X_stand_u_nm_np1_fr_med_5.avi*42
ride_horse/Fellowship_2_ride_horse_f_cm_np1_le_med_4.avi*31
shoot_gun/The_Matrix_5_shoot_gun_h_nm_np1_fr_goo_8.avi*36
run/HP_PRISONER_OF_AZKABAN_run_f_cm_np1_fr_med_0.avi*32
catch/Torwarttraining_Arminia_Bielefeld_catch_f_cm_np1_ri_med_5.avi*2
turn/TheBigBangS01E01Pilot_turn_u_nm_np1_ri_med_2.avi*48
sit/Sixthsense_sit_u_cm_np1_fr_med_3.avi*37
swing_baseball/longhomerunhomerunswingslowmotion_swing_baseball_f_cm_np1_ba_bad_0.avi*43
shoot_ball/3PointJumpShotPractice-09_21_07_shoot_ball_f_nm_np1_ri_med_4.avi*34
brush_hair/brush_my_hair_without_wearing_the_glasses_brush_hair_u_nm_np1_fr_goo_2.avi*0
talk/veoh_harold_and_kumar_talk_h_nm_np1_fr_goo_0.avi*46
somersault/Learn_Freerunning_and_Parkour_-_Diving_Roll_somersault_f_nm_np1_fr_bad_3.avi*41
dive/Extreme_Cliffdiving_dive_f_cm_np1_le_bad_2.avi*7
situp/How_to_Train_for_Boxing_-_Sit_Up_Techniques_for_Boxing_Training_situp_f_cm_np1_le_med_2.avi*38
punch/PracticingBoxingonaDoubleEndBag-LeadRightwithaHook_punch_u_nm_np1_fr_med_4.avi*27
walk/Panic_in_the_Streets_walk_u_cm_np1_fr_med_6.avi*49
chew/Big_League_Chew_chew_h_nm_np1_fr_goo_0.avi*3
shoot_bow/Updatedvideoofmeshootingteamusaarchery_shoot_bow_u_nm_np1_fr_med_8.avi*35
sword/jonhs_netfreemovies_holygrail_sword_u_nm_np2_ba_med_8.avi*45
walk/TheBoondockSaints_walk_u_cm_np1_fr_med_6.avi*49
handstand/Tiago_andando_com_as_maos_no_TG_handstand_f_cm_np1_fr_bad_0.avi*16
smoke/Raucher_Antiraucher_Werbung_smoke_h_cm_np1_fr_goo_2.avi*40
ride_bike/Justin_lernt_Fahrrad_fahren_ride_bike_f_cm_np1_fr_med_0.avi*30
chew/Blowing_Bubbles!_chew_h_nm_np1_fr_med_0.avi*3
pick/NoCountryForOldMen_pick_u_nm_np1_le_goo_0.avi*24
swing_baseball/VenomSwingIceman_swing_baseball_f_cm_np1_fr_bad_0.avi*43
pick/Wallet_Trick_pick_f_cm_np1_fr_bad_4.avi*24
clap/Kurt_Kr_mer_-_Klatschen_im_Flugzeug_clap_u_cm_np1_ri_med_5.avi*4
fencing/Rapier_drills_fencing_f_nm_np2_le_bad_5.avi*13
walk/Catch_Me_If_You_Can_walk_f_cm_np1_fr_bad_10.avi*49
talk/veoh_harold_and_kumar_talk_u_cm_np1_fr_med_13.avi*46
push/Kommandant__muss_Auto_schieben_push_u_cm_np1_ba_bad_4.avi*28
clap/Applauding_Abby_clap_u_nm_np1_fr_med_1.avi*4
kiss/BestKisses_kiss_h_cm_np2_ri_goo_16.avi*22
chew/Sexy_girl_on_the_bed_teasing_chew_u_nm_np1_fr_med_1.avi*3
catch/Torwarttraining_3_(_sterreich)_catch_f_nm_np1_fr_med_5.avi*2
stand/American_History_X_stand_u_cm_np1_le_med_41.avi*42
dribble/BasketballProdigy_dribble_f_nm_np1_le_med_1.avi*9
pour/Gaiwan_tea_ceremony_pour_u_cm_np1_fr_med_2.avi*25
somersault/Dive_and_roll_compilation_(Parkour)_somersault_f_cm_np1_fr_bad_0.avi*41
climb/Rock_Climbing_Nationals_08_Emily_Harrington_and_Lauren_Lee_climb_f_cm_np1_ba_med_1.avi*6
pushup/YOUTUBE_PUSH_UP_CHALLENGE_pushup_f_cm_np1_fr_med_2.avi*29
chew/LittleChildren_chew_h_nm_np1_fr_goo_7.avi*3
draw_sword/Master_Pena_Iaido_Katas_draw_sword_f_nm_np1_fr_med_1.avi*8
kick/KUNG_FU_HUSTLE_kick_u_cm_np1_fr_med_11.avi*21
brush_hair/atempting_to_brush_my_hair_brush_hair_u_nm_np2_le_goo_1.avi*0
climb_stairs/Outdoor_Agility_Training_-_Outdoor_Stair_Run_Drill_for_Agility_climb_stairs_f_cm_np1_ba_med_1.avi*5
somersault/Hechtsprung_somersault_f_cm_np1_le_bad_0.avi*41
shoot_ball/KELVIN_shoot_ball_u_cm_np1_ba_med_6.avi*34
kiss/Hangingbyamomentfavoritekisses_kiss_h_cm_np2_le_goo_0.avi*22
laugh/Der_Lachsack___Laughing_Bag___keep_on_smiling_;0)_laugh_h_cm_np1_fr_med_0.avi*23
dive/Bungee_Jumping_in_Switzerland_-_Compilation_Part_1_dive_f_cm_np1_fr_bad_0.avi*7
pick/Die_Pfandpiraten_Doku_pick_f_cm_np1_ba_med_1.avi*24
situp/kettlebell_training_for_pack_ABS_-_workout_situp_f_nm_np1_le_goo_1.avi*38
catch/Finding_Forrester_3_catch_u_cm_np1_fr_goo_11.avi*2
somersault/Charlottes_Brilliant_Roly_Poly__Handstand_Thingy_somersault_f_cm_np1_le_bad_0.avi*41
pushup/65_year_old_iron_man_doing_1000_Push_ups_pushup_f_cm_np1_le_goo_2.avi*29
flic_flac/Flick_Flack_Session__ber_den_Hauptmark_Trier_flic_flac_f_cm_np1_fr_bad_1.avi*14
ride_horse/darksideofhorseracing_ride_horse_f_cm_np1_fr_med_1.avi*31
turn/A_Beautiful_Mind_5_turn_h_cm_np1_fr_goo_9.avi*48
fall_floor/The_Matrix_3_fall_floor_f_cm_np1_ba_med_4.avi*12
walk/SweeneyTodd_walk_f_nm_np1_ri_bad_9.avi*49
climb_stairs/Stairway_to_fitness_climb_stairs_f_nm_np1_fr_med_1.avi*5
talk/Fellowship_5_talk_h_cm_np1_ri_goo_0.avi*46
flic_flac/Rondat-dubbel_flickflack_flic_flac_f_cm_np1_le_med_1.avi*14
hug/A_Beautiful_Mind_4_hug_u_cm_np3_ba_goo_6.avi*18
drink/LONGESTYARD_drink_u_cm_np1_fr_med_20.avi*10
brush_hair/brushing_raychel_s_hair_brush_hair_u_cm_np2_ri_goo_0.avi*0
handstand/Monikas_Staatsexamen__Turnen_handstand_f_cm_np1_ba_med_2.avi*16
run/20060723sfjffinallseriousness_run_u_cm_np1_fr_med_1.avi*32
golf/Golfswing_golf_f_cm_np1_fr_goo_0.avi*15
fall_floor/THE_PROTECTOR_fall_floor_f_nm_np1_le_bad_67.avi*12
cartwheel/Geena_und_die_Radschl_ge___;-)_cartwheel_f_cm_np1_le_med_3.avi*1
walk/prelinger_LetsBeGo1953_walk_f_cm_np2_ri_med_5.avi*49
sword_exercise/Fellowship_7_sword_exercise_u_nm_np1_fr_bad_11.avi*44
talk/The_Matrix_5_talk_u_cm_np1_ri_goo_0.avi*46
climb/Jez__roof_climbing_in_Mile_End_climb_f_cm_np1_ba_med_1.avi*6
sit/BRIDGETOTERABITHIA_sit_u_nm_np1_fr_med_4.avi*37
kick/Two_Towers_3_kick_f_nm_np1_fr_bad_5.avi*21
kick_ball/Banned_Commercials_-_Nike_-_Soccer_vs_ninjas_kick_ball_f_cm_np1_le_med_6.avi*20
sword/Blood_And_Bone_(sword_fight_Scene)_sword_f_nm_np2_ri_med_1.avi*45
brush_hair/Brushing_my_Long_Hair__February_2009_brush_hair_u_nm_np1_ba_goo_1.avi*0
walk/BATMAN_BEGINS_walk_f_cm_np1_ba_med_1.avi*49
smile/prelinger_LetsPlay1949_smile_h_nm_np1_fr_goo_27.avi*39
eat/CharlieAndTheChocolateFactory_eat_h_nm_np1_fr_goo_21.avi*11
flic_flac/Acrobacias_de_un_fenomeno_flic_flac_f_cm_np1_fr_bad_1.avi*14
turn/Veoh_Alpha_Dog_2_turn_u_nm_np1_ri_med_20.avi*48
swing_baseball/Hittingadouble(BXbaseball)_swing_baseball_f_nm_np1_ba_bad_1.avi*43
shoot_gun/FirearmsTraining_shoot_gun_f_nm_np2_le_med_10.avi*36
walk/WeddingCrashers_walk_u_nm_np1_fr_med_1.avi*49
handstand/Philli_beim_Bodenturnen_handstand_f_cm_np1_ri_bad_4.avi*16
somersault/Massive_6_meter_dive_roll_somersault_f_cm_np1_le_bad_0.avi*41
run/TheBoondockSaints_run_h_cm_np1_fr_bad_69.avi*32
walk/AmericanGangster_walk_f_nm_np1_fr_med_45.avi*49
jump/Sommerland_Syd_sprung_in_den_tod_jump_f_cm_np1_fr_bad_0.avi*19
shoot_bow/Shootingarecurve_shoot_bow_u_nm_np1_fr_med_1.avi*35
kick/Veoh_Alpha_Dog_1_kick_f_nm_np1_ri_med_37.avi*21
hit/Einde_van_Opel_Kadett_hit_f_cm_np1_ri_bad_9.avi*17
push/Dodge_Truck_Push_80_ft__23_seconds!_push_f_cm_np1_le_bad_2.avi*28
somersault/MWG_Bodenturnen_somersault_f_cm_np1_ri_bad_4.avi*41
pushup/Luke_s_Push_Up_Challenge_pushup_f_cm_np1_fr_goo_1.avi*29
golf/Adam_Scott_golf_f_cm_np1_le_goo_0.avi*15
run/TrumanShow_run_f_nm_np1_le_med_11.avi*32
brush_hair/brushing_hair_2_brush_hair_h_nm_np1_ba_med_0.avi*0
jump/Gregoire_Airman_showreel_2008_jump_f_cm_np1_ri_bad_5.avi*19
dive/Bungee_Jumping_Europabr_cke_192m_dive_f_cm_np1_le_bad_3.avi*7
walk/The_Fugitive_2_walk_f_cm_np1_ba_med_6.avi*49
fencing/Duel_with_Rapiers_fencing_f_cm_np2_ba_bad_1.avi*13
walk/AgentCodyBanks_walk_f_nm_np1_fr_med_17.avi*49
chew/lol_im_so_weird___BLOWIN_BUBBLE_GUM__oops_i_burped_at_the_end_my_bad_lol_chew_h_nm_np1_fr_med_2.avi*3
talk/veoh_harold_and_kumar_talk_h_nm_np1_fr_goo_3.avi*46
punch/Return_of_the_King_5_punch_u_nm_np1_fr_bad_2.avi*27
sit/prideandprejudice1_sit_u_nm_np1_ba_med_3.avi*37
push/Cross_Pushing_Table_push_f_cm_np1_ri_bad_4.avi*28
draw_sword/Eishin_Ryu_Iaido_-_Toho_Forms_draw_sword_f_cm_np1_ri_med_0.avi*8
walk/CastAway1_walk_f_cm_np1_ba_med_0.avi*49
wave/EVOLUTION_wave_u_nm_np1_fr_med_18.avi*50
clap/A_Round_of_Applause_clap_u_cm_np1_fr_med_1.avi*4
somersault/DSHS_Pflicht_Bodenturnen_BAS_1_Bachelor_Spoho_somersault_f_cm_np1_le_med_2.avi*41
sword_exercise/Blade_Of_Fury_-_Scene_1_sword_exercise_f_nm_np1_fr_med_0.avi*44
hug/Free_Hugs_-_Paris_www_calins-gratuits_com_hug_f_cm_np4_ba_med_2.avi*18
shoot_ball/PlayingBasketballGotWater_shoot_ball_f_nm_np1_ba_med_4.avi*34
sit/AboutABoy_sit_u_cm_np1_ri_med_1.avi*37
chew/Blowing_Bubbles!_chew_h_nm_np1_fr_med_1.avi*3
dribble/Basketball_Dribbling_-_Basketball_Dribbling-_Practice_With_2_Balls_dribble_f_nm_np1_fr_med_0.avi*9
wave/50_FIRST_DATES_wave_f_cm_np1_fr_med_0.avi*50
handstand/Yoga_teachers_practice_handstand_and_backbend_variations_handstand_f_nm_np1_ba_med_5.avi*16
kick/Veoh_Alpha_Dog_1_kick_f_nm_np1_ri_med_50.avi*21
punch/PracticingBoxingonaDoubleEndBag-LeadRightwithaHook_punch_u_nm_np1_fr_med_13.avi*27
kick/Prelinger_ActYourA1949_kick_f_nm_np1_ri_bad_10.avi*21
kick_ball/Dhan_Dhana_Dhan_Goal_(2007)_w__Eng_Sub_-_Watch_Online_-_3_16_kick_ball_f_cm_np1_le_med_2.avi*20
smoke/Rauchen_f_r_Anf_nger_smoke_h_nm_np1_fr_med_2.avi*40
run/Veoh_Alpha_Dog_2_run_f_nm_np1_ba_bad_19.avi*32
climb/Climbing_roof_in_TCA_climb_f_cm_np1_ba_med_0.avi*6
fall_floor/KUNG_FU_HUSTLE_fall_floor_f_cm_np1_fr_bad_36.avi*12
catch/Torwarttraining_catch_u_cm_np1_le_bad_6.avi*2
situp/Ab_Workout__(_6_pack_abs_)_[_ab_exercises_for_ripped_abs_]_situp_f_nm_np1_le_goo_0.avi*38
dribble/Basic_Basketball_Moves_dribble_f_cm_np1_ri_goo_6.avi*9
walk/Crash_walk_f_nm_np1_fr_bad_24.avi*49
cartwheel/Bodenturnen_2004_cartwheel_f_cm_np1_ri_med_2.avi*1
fall_floor/KUNG_FU_HUSTLE_fall_floor_f_cm_np1_fr_bad_47.avi*12
hug/Free_Hugs_-_Paris_www_calins-gratuits_com_hug_u_cm_np2_ba_med_9.avi*18
hug/Free_Hugs_-_Paris_www_calins-gratuits_com_hug_u_cm_np2_le_med_12.avi*18
sit/50_FIRST_DATES_sit_f_nm_np1_le_med_4.avi*37
chew/Bubble_Blowing_Bubble_Gum_chew_h_nm_np1_fr_bad_0.avi*3
walk/TheBoondockSaints_walk_f_cm_np2_fr_med_53.avi*49
golf/Michael_Campbell_rub_of_the_green_golf_f_cm_np1_fr_med_0.avi*15
push/pushing_box_around_house_push_f_cm_np1_fr_med_0.avi*28
run/20060723sfjffangelina_run_f_nm_np1_ri_med_2.avi*32
hug/-_FREE_HUGS_-_Abrazos_Gratis_www_abrazosgratis_org_hug_u_cm_np2_ba_goo_8.avi*18
turn/UNREPEATABLE_turn_u_nm_np1_ri_med_4.avi*48
turn/LittleChildren_turn_f_nm_np1_ri_med_0.avi*48
kick_ball/Mean_Machine_2001_(Part_9)_kick_ball_l_cm_np2_fr_med_3.avi*20
sword/Kendo_sword_f_nm_np2_ba_bad_2.avi*45
sit/The_Fugitive_2_sit_f_cm_np1_fr_med_8.avi*37
flic_flac/7_Flickflacks_flic_flac_f_cm_np1_le_med_1.avi*14
jump/Documentario_Le_Parkour_Londrina_jump_f_cm_np1_ri_bad_5.avi*19
shake_hands/Hand_Shake_Guy_shake_hands_u_nm_np2_le_med_2.avi*33
shoot_ball/AdamandAlvonplayingbasketball1_shoot_ball_f_cm_np1_le_med_4.avi*34
walk/A_Beautiful_Mind_2_walk_f_cm_np1_fr_med_7.avi*49
turn/AgentCodyBanks_turn_h_nm_np1_le_med_3.avi*48
chew/Dubble_bubble_compilation_-_all_on_8_pieces_chew_h_nm_np1_fr_med_1.avi*3
cartwheel/Bodenturnen_im_sportunterricht_cartwheel_f_cm_np1_ri_med_2.avi*1
swing_baseball/Faith_Rewarded_swing_baseball_f_nm_np1_fr_bad_17.avi*43
hug/Free_Hugs_-_Paris_www_calins-gratuits_com_hug_u_cm_np2_le_med_7.avi*18
dribble/Basketball_Dribbling_-_Basketball_Dribbling-_Having_a_Good_Base_dribble_f_nm_np2_ri_med_5.avi*9
clap/Clap_Hands_clap_u_nm_np1_fr_med_2.avi*4
sword/Fechten_mit_dem_langen_Schwert_sword_f_cm_np2_le_med_1.avi*45
hit/50_FIRST_DATES_hit_f_cm_np1_ri_bad_17.avi*17
walk/Two_Towers_7_walk_f_cm_np1_fr_med_2.avi*49
ride_bike/Bicycle_Tips_ride_bike_f_cm_np1_le_med_0.avi*30
walk/Crash_walk_f_cm_np1_le_med_7.avi*49
dive/Dive_Roll_dive_u_cm_np1_le_bad_3.avi*7
smoke/Rich_smoking_experience_smoke_h_nm_np1_fr_med_2.avi*40
ride_horse/Fellowship_4_ride_horse_u_cm_np1_fr_med_1.avi*31
clap/boom-snap-clap_clap_u_nm_np1_fr_med_0.avi*4
smoke/smoking_again_smoke_h_cm_np1_le_goo_1.avi*40
kiss/BestKisses_kiss_h_cm_np2_ri_goo_15.avi*22
jump/RETURN_OF_THE_KING_jump_f_nm_np1_fr_bad_40.avi*19
walk/AgriculturalAviation_walk_f_nm_np1_le_med_0.avi*49
clap/boomsnapclap!_clap_u_nm_np1_fr_med_0.avi*4
pushup/pseudo_planche_pushups_pushup_u_nm_np1_ri_bad_2.avi*29
dive/BASE_Jumping_Compilation_-_Brilliant_dive_f_cm_np1_le_bad_1.avi*7
shoot_gun/FirearmsTraining_shoot_gun_u_nm_np1_ri_med_3.avi*36
drink/The_Departed_-_Part_1_drink_h_nm_np1_fr_goo_6.avi*10
run/happy_go_lovely_run_f_cm_np1_fr_goo_2.avi*32
laugh/laugh__about_skype_laughter_chain_laugh_u_nm_np2_fr_med_2.avi*23
kick_ball/Wayne_Rooney_At_Home_Funny_Must_See_kick_ball_f_cm_np1_ba_med_6.avi*20
shoot_ball/ImprovingBasketballSkills-BasketballNBA3-PointShots_shoot_ball_f_nm_np1_ri_med_0.avi*34
situp/Incline_Dumbell_Situps_45lbs_2ndxpr_25x_situp_f_nm_np1_ri_med_0.avi*38
ride_bike/Radfahren_um_die_Aggertalsperre_06_09_2009_ride_bike_f_cm_np2_ri_med_6.avi*30
situp/How_to_get_a_six_pack_in_3minutes_EXPLOSIVE_RESULTS_IN_YOUR_4_WEEKS_situp_f_nm_np1_ri_med_2.avi*38
drink/The_Departed_-_Part_1_drink_u_nm_np1_fr_goo_7.avi*10
swing_baseball/Faith_Rewarded_swing_baseball_f_nm_np1_fr_bad_88.avi*43
somersault/Sport_LK_Bodenturnk_r_somersault_f_cm_np2_ri_bad_1.avi*41
pour/Spirit_Pouring_pour_u_nm_np1_fr_goo_2.avi*25
push/Brynley_pushing_Makayla_in_wagon_push_f_cm_np1_ba_bad_3.avi*28
fall_floor/KUNG_FU_HUSTLE_fall_floor_f_nm_np1_ba_bad_54.avi*12
kick_ball/Goal_1_&_2_kick_ball_f_cm_np4_fr_med_0.avi*20
smile/prelinger_they_grow_up_so_fast_1_smile_u_nm_np1_fr_med_0.avi*39
throw/Compilationknifethrowing_throw_u_nm_np1_ba_med_2.avi*47
push/Pushing_train_-_Me_and_my_friend_-_Worlds_strongest_men_push_f_cm_np2_ba_bad_5.avi*28
walk/TheLittleShopofHorrors_walk_f_nm_np1_ri_med_5.avi*49
push/Kommandant__muss_Auto_schieben_push_f_cm_np1_le_bad_6.avi*28
dive/50_FIRST_DATES_dive_f_cm_np1_ri_bad_35.avi*7
walk/Man_Who_Cheated_Himself_512kb_walk_u_nm_np1_ba_med_1.avi*49
turn/WeddingCrashers_turn_h_nm_np1_fr_med_3.avi*48
kick/THE_PROTECTOR_kick_f_cm_np1_le_med_43.avi*21
drink/BIG_FISH_drink_h_nm_np1_ri_goo_25.avi*10
handstand/Handstand_tutorial_-_3RUN_handstand_f_cm_np1_ri_med_0.avi*16
walk/Crash_walk_f_nm_np1_ba_med_14.avi*49
brush_hair/Brunette_Foxyanya_ultra_silky_long_hair_brushing_hairjob_brush_hair_f_nm_np1_fr_goo_4.avi*0
kick_ball/Der_f_nfte_Spieltag_kick_ball_f_cm_np1_ri_goo_0.avi*20
kick/kick__Baddest_Fight_Scenes_EVER!_-_Kickboxer_-_Part_1_of_2_kick_f_cm_np1_fr_med_0.avi*21
shoot_ball/AdamandAlvonplayingbasketball1_shoot_ball_f_cm_np1_ba_med_7.avi*34
punch/Two_Towers_6_punch_u_cm_np1_ri_med_6.avi*27
eat/DONNIE_DARKO_eat_h_nm_np1_fr_med_1.avi*11
walk/The_Fugitive_3_walk_f_cm_np1_fr_med_8.avi*49
shoot_bow/MegaPrecisionArchery_shoot_bow_u_nm_np1_fr_med_4.avi*35
walk/BIG_FISH_walk_f_cm_np1_fr_med_32.avi*49
smoke/Sexy_Smoking_Girl_-_Teen_Smoking_Cigarette_smoke_u_nm_np1_fr_goo_1.avi*40
wave/BIG_FISH_wave_u_nm_np1_le_goo_28.avi*50
walk/AllThePresidentMen_walk_u_nm_np1_le_med_0.avi*49
run/likebeckam_run_f_cm_np1_le_med_3.avi*32
ride_bike/I_want_to_ride_my_bicycle_ride_bike_f_cm_np1_le_med_0.avi*30
shoot_ball/Clay_sBasketballSkillz_shoot_ball_f_nm_np1_ba_med_6.avi*34
dive/Parkour_dive_u_cm_np1_fr_bad_0.avi*7
laugh/Skype_Laughter_by_Hungary_laugh_h_nm_np2_fr_goo_0.avi*23
swing_baseball/practicingmybaseballswing2009_swing_baseball_f_cm_np1_fr_med_13.avi*43
walk/TheLastManOnearth_walk_f_nm_np1_fr_bad_31.avi*49
shake_hands/Wahlkampfauftakt_mit_Frank-Walter_Steinmeier_und_Matthias_Platzeck_in_Potsdam_shake_hands_u_cm_np2_le_med_0.avi*33
walk/TheBoondockSaints_walk_u_cm_np2_le_med_96.avi*49
kick_ball/Nike_Soccer_Commercial_-_Good_vs__Evil_kick_ball_f_cm_np1_fr_med_0.avi*20
walk/TrumanShow_walk_f_cm_np1_fr_med_24.avi*49
run/TheLastManOnearth_run_f_cm_np1_fr_med_48.avi*32
punch/TheBoondockSaints_punch_u_cm_np1_ri_bad_68.avi*27
shake_hands/Diane_Kruger_-_Letterman_shake_hands_f_cm_np2_le_med_0.avi*33
clap/Kurt_Kr_mer_-_Klatschen_im_Flugzeug_clap_f_nm_np1_fr_med_0.avi*4
walk/Veoh_Alpha_Dog_1_walk_f_cm_np1_ba_med_7.avi*49
drink/Return_of_the_King_2_drink_h_nm_np1_fr_goo_2.avi*10
punch/The_Matrix_Revolutions_6_punch_u_nm_np2_ri_med_1.avi*27
run/THE_PROTECTOR_run_f_cm_np1_ri_med_101.avi*32
draw_sword/Muso_Jikiden_Eishin_ryu_iaido_draw_sword_f_cm_np1_ri_med_1.avi*8
swing_baseball/BaseballSwingAnalysis_swing_baseball_f_nm_np1_fr_med_14.avi*43
talk/The_Matrix_5_talk_h_nm_np1_fr_goo_1.avi*46
smoke/passive_rauchen_smoke_h_cm_np1_ri_med_0.avi*40
ride_bike/Kraftwerk_-_Tour_de_france_1983_Alternative_video_ride_bike_f_cm_np1_le_med_1.avi*30
stand/Crash_stand_u_nm_np1_ri_med_23.avi*42
run/TheLastManOnearth_run_f_nm_np2_fr_med_49.avi*32
cartwheel/Simon_Bodenturnen_cartwheel_f_cm_np1_fr_med_4.avi*1
pushup/Chris_Comfort_s_Push_Up_Workout_Part_I_pushup_f_nm_np1_ri_goo_1.avi*29
ride_bike/1989_Tour_de_France_Final_Time_Trial_ride_bike_f_cm_np1_ri_med_5.avi*30
sword/Fellowship_5_sword_u_nm_np1_ri_med_5.avi*45
sword/Fechten_mit_dem_langen_Schwert_sword_u_cm_np2_le_med_7.avi*45
hit/schrank_kaput_geschlagen_hit_u_cm_np1_ba_bad_0.avi*17
shoot_bow/Shootingarecurve_shoot_bow_u_cm_np1_fr_med_5.avi*35
golf/Golf_Swing_#6Iron_golf_f_cm_np1_ri_med_4.avi*15
flic_flac/Meto_Demo_BHS__Flick_Flack_flic_flac_f_cm_np1_ba_med_0.avi*14
punch/RETURN_OF_THE_KING_punch_u_cm_np1_ri_med_34.avi*27
pour/How_To_Pour_Ice_Tea_pour_u_nm_np1_fr_med_2.avi*25
shake_hands/Hand_Shake_Guy_shake_hands_u_nm_np2_le_med_1.avi*33
clap/Boom__Snap__Clap!_(Challenge)_clap_u_nm_np1_fr_med_1.avi*4
jump/BATMAN_BEGINS_jump_f_cm_np1_ri_med_18.avi*19
draw_sword/Cold_Steel_Scottish_Broad_Sword_draw_sword_u_cm_np1_fr_med_0.avi*8
sword_exercise/Blade_Of_Fury_-_Scene_1_sword_exercise_f_cm_np1_ri_med_3.avi*44
shoot_gun/shooting_shoot_gun_u_nm_np1_le_med_3.avi*36
turn/RATRACE_turn_f_cm_np1_ba_med_15.avi*48
hug/Crazy_Fan!_Michael_Jackson_in_M_nchen_hug_f_cm_np2_ba_bad_0.avi*18
draw_sword/San-su_martial_arts_iaido_first_11_kata_draw_sword_f_cm_np1_ri_med_8.avi*8
kick/kick__Best_fight_scene_of_all_time_kick_f_cm_np1_ba_bad_7.avi*21
fall_floor/THE_PROTECTOR_fall_floor_f_nm_np1_ba_bad_65.avi*12
cartwheel/Bodenturnen_cartwheel_f_cm_np1_ri_med_2.avi*1
walk/TheLastManOnearth_walk_f_cm_np1_fr_med_36.avi*49
sword/Baddest_Fight_Scenes_EVER!_-_Kill_Bill__Vol___1_-_vs__Crazy_88_s_sword_f_cm_np2_ri_med_4.avi*45
laugh/laugh__about_skype_laughter_chain_laugh_u_nm_np2_fr_med_0.avi*23
brush_hair/Brushing_my_waist_lenth_hair_brush_hair_u_nm_np1_ba_goo_0.avi*0
shoot_bow/Shootingarecurve_shoot_bow_u_nm_np1_fr_med_4.avi*35
cartwheel/Bayer__Meisterin_Teresa_Stadler_cartwheel_f_cm_np1_le_med_0.avi*1
turn/KUNG_FU_HUSTLE_turn_u_cm_np1_ba_med_24.avi*48
talk/Return_of_the_King_2_talk_h_cm_np1_fr_goo_6.avi*46
draw_sword/Iaido_draw_sword_f_cm_np2_le_med_1.avi*8
sword/Return_of_the_King_4_sword_u_cm_np1_ri_bad_2.avi*45
situp/How_to_get_a_six_pack_in_3minutes_EXPLOSIVE_RESULTS_IN_YOUR_4_WEEKS_situp_f_nm_np1_ri_med_1.avi*38
talk/prelinger_ControlY1950_talk_h_nm_np1_ri_goo_16.avi*46
walk/TheBoondockSaints_walk_f_nm_np1_fr_bad_57.avi*49
sword/Medieval_knight_fight_sword_f_cm_np1_le_med_2.avi*45
dive/Bridge_diving_in_Mostar_dive_f_cm_np1_fr_bad_1.avi*7
sit/SellingasaCareer_sit_u_nm_np1_ri_med_3.avi*37
sword_exercise/Kendo_Basics_sword_exercise_u_cm_np1_le_bad_0.avi*44
climb/Return_of_the_King_4_climb_f_cm_np1_ba_med_3.avi*6
shoot_ball/ReggieMillerTakesonThreeAverageGuysinaShootout_shoot_ball_u_nm_np1_ba_med_11.avi*34
walk/Hitch_Part_2_walk_f_nm_np1_fr_med_6.avi*49
swing_baseball/practicingmybaseballswing2009_swing_baseball_f_cm_np1_fr_med_19.avi*43
catch/Seldin_Lipovic_-_Willi_Weber__Torwarttraining__catch_f_cm_np1_le_bad_4.avi*2
climb_stairs/Intense_Cardio_Session-_Stairs_climb_stairs_f_cm_np1_ba_med_2.avi*5
eat/ChildrenOfMen_eat_u_cm_np1_fr_med_3.avi*11
walk/KUNG_FU_HUSTLE_walk_f_cm_np1_fr_med_42.avi*49
laugh/Glory_laugh_h_cm_np1_ri_goo_7.avi*23
kick/kick__Best_CHUCK_NORRIS_kick_to_the_nuts!_kick_f_cm_np1_fr_med_1.avi*21
hit/Glory_hit_u_nm_np1_ba_med_38.avi*17
swing_baseball/Faith_Rewarded_swing_baseball_f_nm_np1_ri_bad_4.avi*43
jump/RATRACE_jump_f_cm_np1_fr_bad_39.avi*19
hug/Calins_gratuits_a_Paris_-_Free_Hugs_France_-_version_longue_hug_u_cm_np2_le_med_26.avi*18
walk/SweeneyTodd_walk_f_nm_np1_fr_med_29.avi*49
climb_stairs/Empire_State_Building_Run-Up_climb_stairs_f_cm_np2_ba_med_2.avi*5
walk/AMADEUS_walk_f_nm_np1_ba_med_9.avi*49
smoke/more_smoking_smoke_h_cm_np1_ri_med_0.avi*40
hit/schrank_kaput_geschlagen_hit_u_cm_np1_ba_bad_2.avi*17
shoot_ball/ReggieMillerTakesonThreeAverageGuysinaShootout_shoot_ball_u_nm_np1_ba_med_2.avi*34
run/Two_Towers_1_run_f_cm_np3_ba_med_1.avi*32
swing_baseball/Faith_Rewarded_swing_baseball_f_nm_np1_fr_bad_73.avi*43
walk/The_House_on_Haunted_Hill_walk_f_nm_np1_ba_med_0.avi*49
shoot_ball/Finding_Forrester_3_shoot_ball_f_nm_np2_ba_med_9.avi*34
laugh/Skype_Laughter_by_Hungary_laugh_h_nm_np2_fr_goo_1.avi*23
pullup/Konstantinovs_55_pullups_pullup_u_cm_np1_ri_med_2.avi*26
turn/Italian_Job_2_turn_u_nm_np1_ba_med_8.avi*48
ride_horse/ChikiMovie_ride_horse_f_cm_np1_le_med_6.avi*31
walk/TheBoondockSaints_walk_u_cm_np2_le_med_17.avi*49
walk/BLACK_HAWK_DOWN_walk_f_cm_np1_ri_med_20.avi*49
sit/NoCountryForOldMen_sit_f_nm_np1_ri_med_6.avi*37
pick/Fishing_For_People_pick_f_nm_np2_ba_med_0.avi*24
swing_baseball/Faith_Rewarded_swing_baseball_f_cm_np1_fr_bad_29.avi*43
jump/THE_PROTECTOR_jump_f_nm_np1_ba_bad_90.avi*19
turn/prelinger_LetsPlay1949_turn_u_nm_np1_ba_med_12.avi*48
flic_flac/turnles!!_flic_flac_f_cm_np1_le_med_5.avi*14
swing_baseball/hittingofftee2_swing_baseball_f_nm_np1_fr_med_8.avi*43
cartwheel/park_cartwheel_f_cm_np1_ba_med_0.avi*1
pullup/Super_Training_Pull_Ups_pullup_f_cm_np1_ba_med_1.avi*26
shoot_ball/AdamandAlvonplayingbasketball1_shoot_ball_f_cm_np1_le_med_1.avi*34
turn/Oceans12_turn_h_nm_np1_fr_med_11.avi*48
hit/The_Fugitive_6_hit_u_cm_np1_ba_bad_13.avi*17
sword/Blood_And_Bone_(sword_fight_Scene)_sword_f_nm_np2_ri_bad_0.avi*45
stand/Shadow_of_a_Doubt_stand_u_cm_np1_fr_med_4.avi*42
dribble/JordanWorld_sbest6yearoldBaller_dribble_f_cm_np1_fr_med_5.avi*9
sword/Fechten_mit_dem_langen_Schwert_sword_f_cm_np2_le_med_0.avi*45
draw_sword/Takeda_Ryu_Iaido_draw_sword_f_nm_np1_fr_med_6.avi*8
smoke/Raucher_Antiraucher_Werbung_smoke_u_cm_np1_fr_med_0.avi*40
ride_horse/ALeapToFreedom_ride_horse_f_nm_np1_ba_med_1.avi*31
walk/TheBoondockSaints_walk_f_nm_np1_ba_med_2.avi*49
walk/StrangerThanFiction_walk_f_nm_np1_fr_med_2.avi*49
walk/likebeckam_walk_f_cm_np1_fr_med_25.avi*49
hug/Calins_gratuits_a_Paris_-_Free_Hugs_France_-_version_longue_hug_u_cm_np2_le_med_23.avi*18
sword_exercise/Eishin-Ryu_Iaido_sword_exercise_f_cm_np1_ri_bad_3.avi*44
sword/Medieval_knight_fight_sword_f_cm_np1_ba_med_5.avi*45
dive/Pirates_5_dive_f_cm_np1_ba_bad_0.avi*7
somersault/Dive_and_roll_compilation_(Parkour)_somersault_f_cm_np1_le_bad_4.avi*41
brush_hair/Brushing_my_waist_lenth_hair_brush_hair_u_nm_np1_ba_goo_1.avi*0
turn/Oceans13_turn_u_nm_np1_ba_med_8.avi*48
run/Two_Towers_1_run_f_cm_np1_fr_med_3.avi*32
pushup/Luke_s_Push_Up_Challenge_pushup_f_cm_np1_fr_goo_2.avi*29
flic_flac/Bayer__Meisterin_Teresa_Stadler_flic_flac_f_cm_np1_ri_med_1.avi*14
throw/Compilationknifethrowing_throw_u_nm_np1_ba_med_14.avi*47
sword_exercise/The_Last_Samurai_-_In_Your_Honor_sword_exercise_f_cm_np1_ri_bad_5.avi*44
kick/Veoh_Alpha_Dog_1_kick_f_nm_np1_ba_med_48.avi*21
pullup/Proper_Way_to_Do_Pull_Ups_pullup_u_nm_np1_ri_goo_4.avi*26
hug/American_History_X_hug_f_nm_np2_le_med_35.avi*18
walk/Hitch_Part_1_walk_u_cm_np1_le_med_4.avi*49
walk/20060723sfjffbumblebeesuitman_walk_u_cm_np2_fr_med_0.avi*49
run/AgentCodyBanks_run_f_cm_np1_ba_med_11.avi*32
hit/Opel_vs_Vorschlaghammer_hit_u_cm_np1_le_bad_5.avi*17
run/metacafe_coolsoccer_run_f_cm_np10_le_bad_2.avi*32
sit/Eurotrip_sit_u_nm_np1_fr_goo_3.avi*37
catch/Torwarttraining_catch_u_cm_np1_ri_med_0.avi*2
swing_baseball/Faith_Rewarded_swing_baseball_f_nm_np1_fr_bad_49.avi*43
push/micah_pushing_wagon_push_f_cm_np1_ri_bad_4.avi*28
punch/KUNG_FU_HUSTLE_punch_u_cm_np2_ri_med_31.avi*27
kick/The_Matrix_Revolutions_6_kick_f_cm_np1_ba_med_7.avi*21
kick/kick__bruce_lee_v_s_japanese_kick_f_cm_np1_ba_bad_10.avi*21
punch/THE_PROTECTOR_punch_f_cm_np1_le_bad_32.avi*27
flic_flac/Estrela_mini_kelly_flic_flac_f_cm_np1_le_med_1.avi*14
golf/Mike_Weir_at_the_2007_Masters_golf_f_cm_np1_le_med_0.avi*15
pushup/Exercise_Clip_-_Push-up_Improvement_with_SGT_Ken_pushup_f_cm_np1_fr_med_2.avi*29
throw/Compilationknifethrowing_throw_u_nm_np1_ba_med_9.avi*47
sit/Prelinger_FamilyLi1949_sit_f_cm_np1_fr_med_0.avi*37
laugh/Der_Lachsack___Laughing_Bag___keep_on_smiling_;0)_laugh_h_cm_np1_fr_med_1.avi*23
golf/Sergio_Garcia_golf_f_cm_np1_ri_med_1.avi*15
shake_hands/Obama__Barroso_shake_hands_in_Prague_shake_hands_u_cm_np2_le_med_0.avi*33
shoot_bow/11408ErikaRecurvefront_shoot_bow_u_nm_np1_fr_med_0.avi*35
fall_floor/LONGESTYARD_fall_floor_h_nm_np1_fr_med_5.avi*12
run/prelinger_they_grow_up_so_fast_1_run_f_cm_np1_ri_med_14.avi*32
kick_ball/Amazing_Soccer_#2_kick_ball_f_cm_np1_fr_bad_3.avi*20
golf/Michelle_Wie_golf_f_cm_np1_ri_med_0.avi*15
catch/torwart_de-Camp_2009-_Training_hoher_B_lle_mit_Airbodies_catch_f_cm_np1_fr_bad_3.avi*2
shake_hands/Anna_Paquin-The_Late_Show_with_David_Letterman~7_16_2009_shake_hands_f_cm_np2_le_med_0.avi*33
wave/CharlieAndTheChocolateFactory_wave_u_nm_np1_fr_med_2.avi*50
catch/Phillies_dad_catches_foul_ball_before_daughter_tosses_it_away_catch_f_cm_np1_ba_bad_0.avi*2
punch/BoxingTipsHowtoMakeKnucklesStronger_punch_u_nm_np1_ri_goo_0.avi*27
punch/LivefreeorDieHard_punch_u_cm_np1_fr_med_1.avi*27
ride_bike/Tour_de_France_2003_-_Armstrong_attacks_Ullrich_after_Fall_ride_bike_f_cm_np1_ba_med_3.avi*30
pour/Cocktail_Pouring_pour_u_nm_np2_ri_med_0.avi*25
eat/20060723sfjffsomelikeitwarmed_eat_u_cm_np1_fr_med_2.avi*11
golf/Cobra_Golf_-_Camilo_Villegas_golf_f_cm_np1_ri_goo_1.avi*15
sword_exercise/Sword_and_Targe_Solo_Exercises_sword_exercise_f_cm_np1_fr_med_3.avi*44
pick/Magic_Boys-_Der_Portmonai_Trick_pick_l_nm_np1_ri_med_0.avi*24
eat/TheBoondockSaints_eat_h_nm_np1_fr_med_81.avi*11
climb/Mexican_Climbing_Fence_climb_f_cm_np1_ba_med_2.avi*6
walk/Fellowship_2_walk_u_nm_np2_fr_bad_3.avi*49
pick/garbage_men_pick_f_cm_np1_ri_med_1.avi*24
push/Neil_pushing_wagon_push_f_cm_np1_fr_bad_4.avi*28
shoot_gun/FirearmsTraining_shoot_gun_f_nm_np1_ri_med_7.avi*36
turn/AgentCodyBanks_turn_h_nm_np1_fr_med_2.avi*48
turn/RATRACE_turn_h_nm_np1_ba_med_32.avi*48
shoot_bow/Two_Towers_6_shoot_bow_u_nm_np1_fr_med_2.avi*35
hit/AmericanGangster_hit_h_cm_np1_le_bad_60.avi*17
smile/YouTube_smiles!_smile_h_nm_np1_fr_goo_14.avi*39
turn/A_Beautiful_Mind_1_turn_h_nm_np1_ri_goo_7.avi*48
clap/Veoh_Alpha_Dog_1_clap_u_nm_np1_fr_goo_62.avi*4
wave/BIG_FISH_wave_u_nm_np1_fr_goo_10.avi*50
walk/CasinoRoyale_walk_f_nm_np1_ba_bad_5.avi*49
walk/AmericanGangster_walk_f_nm_np1_fr_bad_41.avi*49
handstand/Handstand_Tutorial_2_handstand_f_nm_np1_le_med_0.avi*16
pick/Dollar_Prank_at_Wally_World_pick_f_nm_np1_fr_med_0.avi*24
climb_stairs/Bruno_Walks_up_Stairs_-_Chicago_Dog_Training_-_We_can_teach_ANYTHING_to_a_dog!!!!_climb_stairs_f_cm_np1_fr_med_2.avi*5
dribble/World_Record_Basketball_Dribbler_dribble_f_cm_np1_fr_med_0.avi*9
dive/Pirates_3_dive_f_cm_np1_fr_bad_2.avi*7
walk/TheBoondockSaints_walk_u_nm_np3_ba_bad_100.avi*49
dive/GoalKeeper_Training_2_dive_f_cm_np1_le_bad_10.avi*7
shake_hands/Celebrated_Israeli_Author_Snubs_Olmert_at_Prize_Giving_Ceremony_shake_hands_u_cm_np2_ba_med_0.avi*33
swing_baseball/HittingaSingle_swing_baseball_f_cm_np1_fr_med_1.avi*43
brush_hair/brush_my_hair_without_wearing_the_glasses_brush_hair_u_nm_np1_fr_goo_1.avi*0
kick/THE_PROTECTOR_kick_f_cm_np1_fr_med_4.avi*21
walk/Catch_Me_If_You_Can_walk_f_cm_np1_fr_med_3.avi*49
fall_floor/BIG_FISH_fall_floor_f_nm_np1_fr_med_26.avi*12
golf/Tiger_Woods_Super_Drive_golf_f_nm_np1_ri_goo_0.avi*15
golf/Jeff_Ritter_-_The_Transition_golf_f_nm_np1_ri_med_0.avi*15
pushup/Chest_Muscle_Group_(for_sexy_arms__shoulders__back_and_abs!)_pushup_u_nm_np1_ri_goo_4.avi*29
walk/AmericanGangster_walk_f_nm_np1_fr_med_71.avi*49
shoot_gun/FirearmsTraining_shoot_gun_u_cm_np1_ri_med_8.avi*36
hug/Calins_gratuits_a_Paris_-_Free_Hugs_France_-_version_longue_hug_u_cm_np3_le_med_28.avi*18
walk/AmericanGangster_walk_u_cm_np1_ba_med_20.avi*49
fencing/The_Avengers__Ralph_Fiennes__fencing_scene_fencing_u_cm_np2_fr_med_4.avi*13
run/The_Fugitive_2_run_f_nm_np3_fr_med_15.avi*32
climb/rope_climbing_climb_f_nm_np1_fr_med_0.avi*6
shoot_gun/fastestgunalive_shoot_gun_u_cm_np1_fr_med_2.avi*36
fall_floor/KUNG_FU_HUSTLE_fall_floor_f_cm_np1_le_med_3.avi*12
swing_baseball/HowtoswingaBaseballbat_swing_baseball_f_nm_np1_le_bad_0.avi*43
kick/THE_PROTECTOR_kick_f_cm_np1_ba_med_69.avi*21
jump/THE_PROTECTOR_jump_f_nm_np1_fr_bad_96.avi*19
fall_floor/Finding_Forrester_3_fall_floor_f_cm_np2_ri_med_1.avi*12
pullup/100_pullups_pullup_f_nm_np1_fr_med_1.avi*26
kick_ball/pepsi_banned_soccer_commercial_kick_ball_f_nm_np1_le_bad_1.avi*20
fall_floor/MeettheFockers_fall_floor_f_nm_np1_fr_med_11.avi*12
shoot_bow/Hannahfront23may08_shoot_bow_u_nm_np1_fr_med_1.avi*35
jump/Le_Parkour_TVCA_esporte_jump_f_cm_np1_fr_bad_1.avi*19
swing_baseball/hittingofftee2_swing_baseball_f_nm_np1_fr_med_5.avi*43
walk/Oceans12_walk_f_cm_np1_fr_med_12.avi*49
shoot_bow/MegaPrecisionArchery_shoot_bow_u_nm_np1_fr_med_0.avi*35
climb_stairs/How_to_Exercise_Outdoors_-_Outdoor_Step_Running_Exercises_climb_stairs_f_nm_np1_fr_med_0.avi*5
shoot_bow/Shootingarecurve_shoot_bow_u_nm_np1_fr_med_0.avi*35
shoot_ball/ReggieMillerTakesonThreeAverageGuysinaShootout_shoot_ball_u_nm_np1_ba_med_5.avi*34
chew/Wanda_Su_and_niece__T__blowing_bubbles_chew_u_nm_np2_le_med_3.avi*3
walk/KUNG_FU_HUSTLE_walk_f_cm_np1_fr_med_39.avi*49
climb/Pole_climbing_World_Championships_climb_f_nm_np1_ba_med_1.avi*6
situp/Tiger_Abs_-_Triple_Sit_Ups_situp_f_nm_np1_le_goo_1.avi*38
hit/AmericanGangster_hit_u_nm_np1_le_med_64.avi*17
kiss/Hangingbyamomentfavoritekisses_kiss_u_nm_np2_ri_goo_7.avi*22
chew/Tara_Bush_blowing_bubbles_5_chew_h_nm_np1_fr_goo_2.avi*3
dribble/Basketball_Dribbling_-_Basketball_Dribbling-_Practice_With_Tennis_Balls_dribble_f_cm_np1_le_med_1.avi*9
shoot_ball/WeTheKingsplaying_shoot_ball_u_cm_np1_ri_med_1.avi*34
eat/CastAway1_eat_u_nm_np2_fr_goo_6.avi*11
smoke/American_History_X_smoke_u_nm_np1_fr_med_43.avi*40
laugh/laugh__about_skype_laughter_chain_laugh_u_nm_np2_fr_med_1.avi*23
handstand/Taiwan_Adventures_4_1_-_Handstand_on_the_Streets_Challenge_at_101_handstand_f_cm_np1_fr_med_0.avi*16
stand/20070723_sfjff_waitingforrescue_stand_f_nm_np1_fr_med_0.avi*42
ride_horse/ChelseaLately-Chelsea_ride_horse_f_cm_np1_le_med_3.avi*31
dive/GoalKeeper_Training_2_dive_f_cm_np1_le_bad_12.avi*7
push/Cross_Pushing_Table_push_u_cm_np1_fr_bad_6.avi*28
draw_sword/San-su_martial_arts_iaido_first_11_kata_draw_sword_f_cm_np1_le_med_1.avi*8
kick/THE_PROTECTOR_kick_f_cm_np1_ba_med_72.avi*21
golf/Meena_Lee_golf_f_cm_np1_ba_med_1.avi*15
swing_baseball/BaseballSwingAnalysis_swing_baseball_f_nm_np1_fr_med_9.avi*43
push/Pushing_train_-_Me_and_my_friend_-_Worlds_strongest_men_push_f_cm_np2_ba_bad_4.avi*28
kick_ball/likebeckam_kick_ball_f_nm_np1_ba_bad_39.avi*20
run/CharlieAndTheChocolateFactory_run_f_nm_np1_fr_bad_15.avi*32
run/Wayne_Rooney_At_Home_Funny_Must_See_run_f_cm_np1_le_med_2.avi*32
shake_hands/2008_Stockholm_Water_Prize_Award_Ceremony_shake_hands_u_nm_np2_le_med_0.avi*33
kick/Best_fight_scene_in_history_of_movie_kick_f_cm_np2_ri_bad_0.avi*21
eat/HP_PRISONER_OF_AZKABAN_eat_u_cm_np1_fr_goo_9.avi*11
turn/LONGESTYARD_turn_u_cm_np1_ba_med_0.avi*48
walk/TheBoondockSaints_walk_u_nm_np1_fr_med_24.avi*49
sit/AmericanGangster_sit_u_cm_np1_ba_bad_16.avi*37
fencing/Zorro_(Funny_Fight_Scene)_fencing_f_cm_np2_fr_med_3.avi*13
hug/American_History_X_hug_u_nm_np2_ba_med_25.avi*18
dive/RETURN_OF_THE_KING_dive_f_nm_np1_ba_bad_38.avi*7
kick_ball/Amazing_Soccer_#2_kick_ball_f_cm_np1_le_bad_2.avi*20
walk/The_Departed_-_Part_2_walk_u_cm_np1_fr_bad_5.avi*49
drink/RATRACE_drink_u_cm_np1_fr_goo_31.avi*10
smile/YouTube_smiles!_smile_h_nm_np1_fr_goo_10.avi*39
run/THE_PROTECTOR_run_f_cm_np1_ba_med_13.avi*32
pushup/Luke_s_Push_Up_Challenge_pushup_f_cm_np1_fr_goo_5.avi*29
run/RushHour2_run_u_cm_np1_fr_bad_4.avi*32
walk/AboutABoy_walk_f_nm_np1_le_med_5.avi*49
handstand/Yusuf_en_Aytac_handstand_in_-7_handstand_f_cm_np2_fr_med_0.avi*16
drink/WeddingCrashers_drink_h_nm_np2_fr_goo_15.avi*10
sword/Baddest_Fight_Scenes_EVER!_-_Kill_Bill__Vol___1_-_vs__Crazy_88_s_sword_f_nm_np6_ri_med_2.avi*45
sword_exercise/Kuroda_Sensei_Iai_do_sword_exercise_f_cm_np1_le_bad_0.avi*44
pullup/A_HOT_Marine_Doing_Chinups_pullup_u_cm_np1_le_med_1.avi*26
walk/IamLegend_walk_f_cm_np1_le_med_0.avi*49
push/Cross_Pushing_Table_push_u_cm_np1_fr_bad_5.avi*28
cartwheel/(Rad)Schlag_die_Bank!_cartwheel_f_cm_np1_le_med_0.avi*1
kick/THE_PROTECTOR_kick_f_nm_np1_fr_med_68.avi*21
dribble/Finding_Forrester_1_dribble_f_nm_np1_ri_bad_4.avi*9
climb_stairs/Treppen_steigen_climb_stairs_f_cm_np1_le_bad_7.avi*5
turn/Oceans12_turn_u_nm_np1_fr_med_14.avi*48
walk/The_Matrix_Revolutions_5_walk_f_nm_np1_le_med_1.avi*49
turn/Age13_1_turn_u_nm_np1_fr_med_0.avi*48
smoke/smoking_3_smoke_h_cm_np1_le_med_0.avi*40
somersault/Turnexamen_Boden_somersault_f_cm_np1_ri_med_2.avi*41
walk/RETURN_OF_THE_KING_walk_f_cm_np1_ba_med_3.avi*49
swing_baseball/Hittingmechanics_swing_baseball_f_nm_np1_fr_bad_0.avi*43
shake_hands/Wrestling_World_Cup_2008_-_FW-_Team_-_Award_Ceremony_shake_hands_u_cm_np2_fr_med_2.avi*33
walk/OldSchool_walk_f_cm_np1_le_med_1.avi*49
kick_ball/Ribery_Torwandschiessen_Sportstudio_kick_ball_f_nm_np1_ba_med_9.avi*20
walk/Panic_in_the_Streets_walk_f_cm_np1_fr_med_11.avi*49
walk/EVOLUTION_walk_f_nm_np1_fr_med_24.avi*49
walk/AgentCodyBanks_walk_f_nm_np1_ri_med_16.avi*49
wave/Chris_Benoit_waving_goodbye_wave_u_nm_np1_fr_med_0.avi*50
ride_bike/Radfahren_um_die_Aggertalsperre_06_09_2009_ride_bike_f_cm_np2_le_med_14.avi*30
shoot_ball/Clay_sBasketballSkillz_shoot_ball_f_nm_np1_ba_med_15.avi*34
chew/#2_Gum_chew_h_nm_np1_fr_med_1.avi*3
climb_stairs/TheLastManOnearth_climb_stairs_f_cm_np1_ba_med_33.avi*5
talk/Two_Towers_7_talk_h_cm_np1_fr_goo_0.avi*46
walk/THE_PROTECTOR_walk_f_cm_np1_fr_bad_83.avi*49
drink/LittleChildren_drink_h_nm_np1_fr_goo_5.avi*10
fall_floor/THE_PROTECTOR_fall_floor_f_cm_np1_fr_med_33.avi*12
fall_floor/The_Matrix_Revolutions_6_fall_floor_u_cm_np1_fr_bad_2.avi*12
pushup/DC_Personal_Trainer_-_How_To_Do_A_Push-up_The_RIGHT_Way_pushup_f_nm_np1_ri_goo_1.avi*29
dive/BASE_JUMPING_COMPILATION_PART_3_AMAZING!!!!!!!_dive_f_cm_np1_ri_bad_1.avi*7
ride_horse/ChelseaLately-Chelsea_ride_horse_u_cm_np1_fr_med_2.avi*31
turn/TheBoondockSaints_turn_u_nm_np1_ba_med_13.avi*48
drink/AmericanGangster_drink_h_nm_np1_fr_goo_17.avi*10
sit/AmericanGangster_sit_f_cm_np1_fr_med_70.avi*37
turn/TheLastManOnearth_turn_u_cm_np1_fr_med_43.avi*48
pushup/Luke_s_Push_Up_Challenge_pushup_f_cm_np1_fr_goo_3.avi*29
laugh/Best_Of_Skype_Laughter_Chain_laugh_h_nm_np1_fr_med_18.avi*23
dive/K_pfer_vom_10er_dive_f_cm_np1_le_bad_0.avi*7
climb/Dan_Osman_-_Speed_rock_climbing_climb_f_cm_np1_le_bad_4.avi*6
smoke/smoking_video_smoke_h_nm_np1_fr_med_0.avi*40
shoot_ball/WeTheKingsplaying_shoot_ball_u_cm_np1_ba_med_5.avi*34
ride_horse/Fellowship_2_ride_horse_u_cm_np1_fr_bad_1.avi*31
flic_flac/6fach_Flick_Flack_flic_flac_f_cm_np1_le_med_2.avi*14
shoot_ball/PlayingBasketballGotWater_shoot_ball_f_nm_np1_ba_med_6.avi*34
walk/TheRoyalTenenbaums_walk_f_nm_np1_le_med_3.avi*49
shake_hands/Johnny_Vegas_Presents_An_Award_shake_hands_u_cm_np2_ri_med_1.avi*33
smoke/raucher_smoke_u_nm_np1_fr_med_2.avi*40
climb/Axel_beim_Klettern_an_der_Unisportwand_climb_f_cm_np1_ba_med_2.avi*6
run/KUNG_FU_HUSTLE_run_f_cm_np1_fr_med_27.avi*32
sit/prelinger_LetsPlay1949_sit_u_cm_np1_le_med_9.avi*37
punch/Crash_punch_h_cm_np1_ri_med_18.avi*27
push/Davos_-_Anschieben_von_Michis_Auto_push_f_cm_np4_ba_bad_2.avi*28
pick/Wallet_Trick_pick_f_cm_np2_fr_bad_1.avi*24
brush_hair/sarah_brushing_her_hair_brush_hair_h_cm_np1_ri_goo_0.avi*0
push/pushing_box_car_on_train_push_f_cm_np5_ba_bad_0.avi*28
punch/PracticingBoxingonaDoubleEndBag-LeadRightwithaHook_punch_u_nm_np1_fr_med_2.avi*27
cartwheel/Gymnastics_-_How_to_Do_a_Perfect_Cartwheel_cartwheel_f_cm_np1_ri_med_0.avi*1
push/Alexander_pushing_the_table_push_f_cm_np1_ba_bad_1.avi*28
turn/AgentCodyBanks_turn_u_nm_np1_ba_med_1.avi*48
shoot_ball/JashaunKidsWhoRipAmazingBasketball_shoot_ball_f_cm_np1_ba_med_6.avi*34
shake_hands/Speech_Day_2009_(Part_9)_shake_hands_f_cm_np2_le_med_3.avi*33
somersault/Turnk_r_somersault_f_cm_np4_fr_med_0.avi*41
chew/#2_Gum_chew_h_nm_np1_fr_med_2.avi*3
run/20060723sfjffangelina_run_f_nm_np1_ri_med_1.avi*32
dribble/Explosive_Guard_Dribbling_Basketball_Workout_(Jason_Otter)_dribble_f_cm_np1_fr_med_0.avi*9
run/LONGESTYARD_run_f_cm_np1_le_med_15.avi*32
talk/Pirates_6_talk_h_nm_np1_fr_med_1.avi*46
shoot_gun/dualdeserteagle_shoot_gun_f_cm_np1_le_med_0.avi*36
drink/RATRACE_drink_u_nm_np1_ri_med_19.avi*10
situp/Britney_Spears__Ab_Workout_Revealed_Video_situp_f_cm_np1_ri_goo_2.avi*38
ride_horse/Glory_ride_horse_f_nm_np3_fr_bad_1.avi*31
walk/BIG_FISH_walk_f_nm_np1_ba_med_18.avi*49
somersault/Rush_Hour_4_Turnk_r_somersault_f_cm_np2_le_med_0.avi*41
kick/kick__Best_fight_scene_of_all_time_kick_u_cm_np1_fr_bad_13.avi*21
walk/THE_PROTECTOR_walk_u_cm_np1_fr_med_24.avi*49
walk/Hitch_Part_2_walk_h_cm_np1_fr_med_3.avi*49
walk/50_FIRST_DATES_walk_f_cm_np1_le_med_10.avi*49
ride_horse/Caspar_ride_horse_f_cm_np1_ri_med_2.avi*31
walk/AMADEUS_walk_f_nm_np1_fr_med_1.avi*49
climb/Rock_Climbing_Nationals_08_Emily_Harrington_and_Lauren_Lee_climb_f_cm_np1_ba_med_2.avi*6
shoot_gun/The_Matrix_6_shoot_gun_u_nm_np1_ri_goo_4.avi*36
swing_baseball/BaseballSwingAnalysis_swing_baseball_f_nm_np1_fr_med_15.avi*43
drink/RETURN_OF_THE_KING_drink_h_cm_np1_ri_goo_48.avi*10
walk/Glory_walk_f_cm_np3_fr_med_2.avi*49
laugh/Best_Of_Skype_Laughter_Chain_laugh_h_nm_np2_le_med_21.avi*23
walk/likebeckam_walk_f_nm_np1_ri_med_34.avi*49
golf/Golf_Swing_#6Iron_golf_f_cm_np1_fr_med_2.avi*15
fencing/The_Scarlet_Pimpernel_-_duel_fencing_f_cm_np2_ba_goo_1.avi*13
laugh/Weird_Laugh_laugh_h_nm_np1_fr_goo_1.avi*23
hit/Blues_Shuffle_Drum_Beats_-_Blues_Drum_Beats-_Crash_on__Four_And__hit_u_cm_np1_le_bad_0.avi*17
shoot_bow/ArcherySVK_shoot_bow_u_cm_np1_fr_med_0.avi*35
pick/Yep__I_m_picking_up_trash_today_pick_f_cm_np1_fr_med_1.avi*24
stand/Prelinger_ActYourA1949_stand_f_cm_np1_fr_med_17.avi*42
handstand/So_turnt_man_richtig!!!_handstand_f_nm_np1_fr_med_4.avi*16
hug/-_FREE_HUGS_-_Abrazos_Gratis_www_abrazosgratis_org_hug_u_cm_np2_le_goo_4.avi*18
climb_stairs/Treppen_steigen_climb_stairs_f_cm_np1_ba_bad_4.avi*5
punch/KUNG_FU_HUSTLE_punch_u_cm_np1_fr_med_30.avi*27
run/Veoh_Alpha_Dog_2_run_f_nm_np1_fr_med_26.avi*32
pullup/pull_ups_pullup_u_nm_np1_ba_med_2.avi*26
somersault/Turnen_Lisa_en_Janine_op_de_Balk_somersault_f_cm_np1_ri_bad_1.avi*41
somersault/Schwebebalken_Uni_07_08_somersault_f_cm_np1_le_med_0.avi*41
walk/The_Fugitive_2_walk_f_cm_np5_fr_med_21.avi*49
ride_bike/Justin_lernt_Fahrrad_fahren_ride_bike_f_cm_np1_ri_med_2.avi*30
fall_floor/KUNG_FU_HUSTLE_fall_floor_f_cm_np1_ba_med_50.avi*12
dribble/Basketball_Dribbling_Drills_-_The_12_Inch_Dribble_Drill_in_Basketball_dribble_f_cm_np1_fr_med_5.avi*9
pullup/How_to_do_pull-ups_Chin_ups_pullup_u_cm_np1_fr_bad_0.avi*26
climb/Climbing_Wall_Adventure_climb_f_cm_np1_le_med_0.avi*6
shoot_ball/ReggieMillerTakesonThreeAverageGuysinaShootout_shoot_ball_u_nm_np1_ba_med_18.avi*34
walk/Shadow_of_a_Doubt_walk_u_cm_np1_le_med_6.avi*49
run/American_History_X_run_f_nm_np1_fr_med_34.avi*32
drink/BLACK_HAWK_DOWN_drink_u_nm_np1_fr_goo_4.avi*10
fencing/Stage_Combat_Rapier_and_Dagger_fencing_f_cm_np2_le_bad_1.avi*13
cartwheel/jenny_~_rad_cartwheel_f_cm_np1_ri_med_0.avi*1
shoot_ball/LearnToShootFromTheMaster_shoot_ball_f_nm_np1_ba_med_5.avi*34
ride_horse/ChikiMovie_ride_horse_f_cm_np1_ri_med_2.avi*31
shake_hands/ANNA_BESSONOVA_in_Mie_WC_2009_-_Elegance_Award_Ceremony_shake_hands_u_cm_np2_le_med_0.avi*33
sword_exercise/The_Last_Samurai_-_In_Your_Honor_sword_exercise_u_nm_np4_fr_bad_4.avi*44
golf/golf_golf_f_nm_np1_ri_goo_2.avi*15
hug/Free_Hugs_-_Medellin_hug_f_cm_np2_le_med_1.avi*18
shoot_gun/Fastestguninthewest_shoot_gun_f_nm_np1_ri_med_0.avi*36
pushup/push-up_or_shut_up_(IXK)_pushup_f_cm_np1_le_med_0.avi*29
ride_bike/1989_Tour_de_France_Final_Time_Trial_ride_bike_f_cm_np1_fr_med_7.avi*30
fall_floor/KUNG_FU_HUSTLE_fall_floor_f_cm_np1_ba_bad_20.avi*12
walk/AMADEUS_walk_u_nm_np1_fr_med_0.avi*49
smoke/Buckle-Up_smoke_h_cm_np1_ri_goo_0.avi*40
dive/BASE_Jumping_Compilation_-_Brilliant_dive_u_cm_np1_ri_bad_6.avi*7
turn/HP_PRISONER_OF_AZKABAN_turn_u_nm_np1_ba_med_34.avi*48
eat/THE_PROTECTOR_eat_u_nm_np1_le_goo_59.avi*11
punch/The_Fugitive_6_punch_u_cm_np1_ba_med_12.avi*27
punch/AdvancedBoxingTechniquesandExercises_punch_u_nm_np1_ba_med_14.avi*27
jump/Gregoire_Airman_showreel_2008_jump_f_cm_np1_le_bad_0.avi*19
draw_sword/Fight_Science_-_Shinkendo_draw_sword_f_cm_np1_fr_med_1.avi*8
turn/SweeneyTodd_turn_h_cm_np1_fr_goo_36.avi*48
shoot_ball/LearnToShootFromTheMaster_shoot_ball_f_nm_np1_ba_med_4.avi*34
push/Pushing_train_-_Me_and_my_friend_-_Worlds_strongest_men_push_f_cm_np1_ba_bad_6.avi*28
catch/Ballfangen_catch_u_cm_np1_fr_goo_0.avi*2
punch/Two_Towers_6_punch_u_cm_np1_fr_bad_5.avi*27
walk/Veoh_Alpha_Dog_1_walk_f_nm_np1_ba_med_32.avi*49
fencing/Fencing_Epee_fencing_f_cm_np2_le_bad_2.avi*13
pour/Intro_to_Bartending_-_Lesson_2-Highball_Drinks_pour_u_nm_np1_ri_med_2.avi*25
shoot_ball/Clay_sBasketballSkillz_shoot_ball_f_nm_np1_ba_med_14.avi*34
climb_stairs/Stairs_to_Perpetual_Youth_and_Longevity___Taishan_(Mount_Tai)_climb_stairs_f_cm_np1_fr_med_1.avi*5
sit/Prelinger_LetYours1940_sit_u_nm_np1_fr_med_0.avi*37
draw_sword/DBK_Custom_Swords_-__Swordless__ScabbardBelt_draw_sword_u_nm_np1_fr_med_1.avi*8
walk/20060723sfjffprofessionalhelp_walk_u_nm_np2_le_med_0.avi*49
pick/garbage_men_pick_f_cm_np1_ri_med_2.avi*24
climb_stairs/Treppen_steigen_climb_stairs_f_cm_np1_ri_bad_1.avi*5
smoke/American_History_X_smoke_h_nm_np1_fr_goo_29.avi*40
catch/Handball_Passtraining_in_der_Zweiergruppe_(1)_catch_f_cm_np1_le_bad_1.avi*2
cartwheel/Bodenturnen_im_sportunterricht_cartwheel_f_cm_np1_ri_med_4.avi*1
jump/Goalkeeper_Felix_Schwake_jump_f_nm_np1_ri_bad_4.avi*19
shoot_ball/Finding_Forrester_3_shoot_ball_f_nm_np2_ba_med_6.avi*34
shake_hands/Gerard_Butler_with_Jay_Leno_shake_hands_u_cm_np2_le_med_0.avi*33
shoot_gun/shooting_shoot_gun_u_nm_np1_le_med_6.avi*36
dive/GoalKeeper_Training_2_dive_f_cm_np1_le_bad_0.avi*7
walk/RETURN_OF_THE_KING_walk_f_cm_np1_ba_med_50.avi*49
ride_horse/ChelseaLately-Chelsea_ride_horse_f_cm_np1_le_med_6.avi*31
handstand/SAFE_NO-WALL_HANDSTAND_ESCAPE_PLAN_handstand_f_nm_np1_ri_med_0.avi*16
climb_stairs/Outdoor_Agility_Training_-_Outdoor_Stair_Run_Drill_for_Agility_climb_stairs_f_cm_np1_ba_med_2.avi*5
throw/Compilationknifethrowing_throw_u_nm_np1_ba_med_6.avi*47
walk/NOVA_ELEGANTUNIVERSE1_walk_f_nm_np1_le_med_3.avi*49
shoot_bow/JuanReneSerranoSemifinal_shoot_bow_u_cm_np1_le_goo_4.avi*35
run/Faith_Rewarded_run_u_cm_np1_le_med_83.avi*32
pushup/Chest_workout-_hip_pushups_pushup_u_nm_np1_fr_med_3.avi*29
ride_horse/BackBreakingFun_ride_horse_f_cm_np1_le_med_0.avi*31
golf/Sergio_Garcia_at_Palacio_Estril_Golf_School_-_Portugal_golf_f_cm_np1_fr_bad_0.avi*15
shoot_ball/PlayingBasketballGotWater_shoot_ball_f_nm_np1_ba_med_0.avi*34
drink/EasternPromises_drink_u_nm_np1_ri_goo_0.avi*10
dive/K_pfer_ins_Eiswasser_trendfun_net_dive_f_cm_np1_ba_bad_0.avi*7
clap/boom_snap_clap_(challenge)_clap_u_nm_np1_fr_med_1.avi*4
throw/Faith_Rewarded_throw_f_nm_np1_ri_bad_9.avi*47
situp/How_to_get_a_six_pack_in_3minutes_EXPLOSIVE_RESULTS_IN_YOUR_4_WEEKS_situp_f_nm_np1_ri_med_0.avi*38
drink/OldSchool_drink_u_nm_np1_fr_goo_12.avi*10
dive/GoalKeeper_Training_2_dive_f_cm_np1_ri_bad_9.avi*7
push/Ashleigh_Staley_Truck_Push_push_f_cm_np1_ba_med_3.avi*28
somersault/Simon_Bodenturnen_somersault_f_cm_np1_ba_med_1.avi*41
hit/Vorschlaghammer_gegen_Kudugal_hit_f_cm_np1_ba_bad_1.avi*17
draw_sword/19th_Century_Cavalry_Sabre_Draw_draw_sword_u_nm_np1_fr_bad_1.avi*8
shoot_ball/AdamandAlvonplayingbasketball1_shoot_ball_f_nm_np1_ba_med_11.avi*34
smile/YouTube_smiles!_smile_h_nm_np1_fr_bad_18.avi*39
sit/Finding_Forrester_2_sit_u_cm_np1_ri_bad_3.avi*37
turn/SweeneyTodd_turn_h_nm_np1_fr_goo_30.avi*48
situp/Abs__Situps__Crunches_situp_u_nm_np3_ri_goo_5.avi*38
ride_horse/Mylifehorseriding_ride_horse_f_cm_np1_le_med_6.avi*31
kick/kick__Bruce_Lee_Kick_kick_u_cm_np1_fr_med_0.avi*21
shoot_bow/ArcheryFastShooting_shoot_bow_u_nm_np1_fr_med_14.avi*35
climb/Jez__roof_climbing_in_Mile_End_climb_f_cm_np1_ba_med_2.avi*6
swing_baseball/The_Matrix_Revolutions_3_swing_baseball_u_nm_np1_fr_bad_0.avi*43
hit/Mac_Smashing_hit_f_cm_np1_ri_bad_1.avi*17
shoot_bow/Fellowship_5_shoot_bow_h_nm_np1_fr_goo_3.avi*35
dribble/Basic_Basketball_Moves_dribble_f_nm_np1_ba_goo_3.avi*9
somersault/Dive_Roll_Over_Concrete_Gap_somersault_f_cm_np1_le_bad_0.avi*41
stand/A_Beautiful_Mind_4_stand_f_cm_np1_fr_med_13.avi*42
ride_horse/HorseRiding_ride_horse_f_cm_np1_ri_med_4.avi*31
walk/The_Fugitive_4_walk_f_cm_np1_ba_med_6.avi*49
walk/Juno_walk_f_cm_np1_fr_med_8.avi*49
dive/BASE_JUMPING_COMPILATION_PART_3_AMAZING!!!!!!!_dive_f_cm_np1_fr_bad_4.avi*7
talk/jonhs_netfreemovies_holygrail_talk_h_cm_np1_ri_goo_0.avi*46
flic_flac/17flaks_flic_flac_f_cm_np1_fr_med_0.avi*14
drink/AmericanGangster_drink_u_nm_np1_fr_goo_44.avi*10
clap/Kurt_Kr_mer_-_Klatschen_im_Flugzeug_clap_u_cm_np1_ri_med_2.avi*4
pullup/Super_Training_Pull_Ups_pullup_f_cm_np1_ba_med_0.avi*26
ride_bike/Kraftwerk_-_Tour_de_france_1983_Alternative_video_ride_bike_f_cm_np4_fr_med_5.avi*30
cartwheel/Estrela_mini_kelly_cartwheel_f_cm_np1_ri_med_0.avi*1
somersault/Learn_Freerunning_and_Parkour_-_Diving_Roll_somersault_f_cm_np1_le_bad_0.avi*41
swing_baseball/Faith_Rewarded_swing_baseball_f_nm_np1_fr_bad_66.avi*43
sword/_Kill_Bill__Uma_Thruman_sword_fight_with_Lucy_liu_sword_f_nm_np2_le_med_3.avi*45
jump/HeavyHouse_jump_h_cm_np1_fr_bad_0.avi*19
shoot_gun/GLOCK17_shoot_gun_f_nm_np1_fr_med_3.avi*36
walk/TheLastManOnearth_walk_f_cm_np1_le_med_13.avi*49
run/TheLastManOnearth_run_f_nm_np1_ba_bad_40.avi*32
push/pushing_box_car_on_train_push_f_cm_np5_ba_bad_1.avi*28
sit/Oceans13_sit_u_nm_np1_fr_med_1.avi*37
punch/The_Matrix_4_punch_u_nm_np1_fr_bad_3.avi*27
pour/Spirit_Pouring_pour_u_nm_np1_fr_goo_1.avi*25
eat/Prelinger_HabitPat1954_eat_u_nm_np1_fr_goo_16.avi*11
stand/AmericanGangster_stand_u_cm_np1_le_med_35.avi*42
shoot_gun/FirearmsTraining_shoot_gun_f_cm_np1_ri_med_1.avi*36
laugh/Best_Of_Skype_Laughter_Chain_laugh_h_nm_np1_fr_bad_5.avi*23
hug/Calins_gratuits_a_Paris_-_Free_Hugs_France_-_version_longue_hug_f_cm_np2_ba_med_0.avi*18
walk/TheLastManOnearth_walk_f_nm_np1_fr_med_41.avi*49
shake_hands/Wrestling_World_Cup_2008_-_FW-_Team_-_Award_Ceremony_shake_hands_f_cm_np2_le_med_4.avi*33
cartwheel/Turnk_r_Pippi_Michel_cartwheel_f_cm_np2_le_med_6.avi*1
drink/MeettheParents_drink_u_nm_np1_fr_goo_4.avi*10
handstand/Handstand_Competition_3_handstand_f_cm_np1_fr_med_5.avi*16
walk/prideandprejudice1_walk_u_nm_np1_fr_med_13.avi*49
sword/MAF_Tenshin_Ryu_sword_f_cm_np2_le_med_1.avi*45
shake_hands/Prize_Giving_Ceremony_1_shake_hands_f_cm_np2_le_med_1.avi*33
turn/Veoh_Alpha_Dog_1_turn_u_nm_np1_fr_med_60.avi*48
stand/Gossip1953256kb_stand_f_cm_np1_le_med_0.avi*42
situp/kettlebell_training_for_pack_ABS_-_workout_situp_f_nm_np1_le_goo_0.avi*38
dive/Splashdiving_II_dive_f_cm_np1_ri_med_0.avi*7
push/pushing_blocks_push_f_nm_np1_le_bad_0.avi*28
run/THE_PROTECTOR_run_f_nm_np1_ba_med_12.avi*32
ride_bike/David_beim_Fahrrad_fahren_X_x_ride_bike_f_cm_np1_ri_med_4.avi*30
ride_bike/Kraftwerk_-_Tour_de_france_1983_Alternative_video_ride_bike_f_nm_np1_fr_med_8.avi*30
cartwheel/Zwei_hoffnungslose_Pflegef_lle_beim_Turnen(Part4)_cartwheel_f_cm_np1_ri_bad_0.avi*1
situp/Get_six_pack_abs_in_6_minutes_on_your_couch__This_Works!_situp_f_nm_np1_ba_med_1.avi*38
sword/2006_Full_Contact_Medieval_Sword_Tournament_Final_sword_f_cm_np2_fr_bad_2.avi*45
walk/HP_PRISONER_OF_AZKABAN_walk_f_nm_np1_fr_med_7.avi*49
sword_exercise/Highlander_Sword_School_wmv_sword_exercise_f_cm_np1_ba_bad_7.avi*44
laugh/Laughing_Girl_laugh_u_nm_np1_ri_goo_2.avi*23
draw_sword/Two_Towers_6_draw_sword_h_nm_np1_ri_med_1.avi*8
sword/Fechten_mit_dem_langen_Schwert_sword_f_cm_np2_le_med_2.avi*45
fall_floor/THE_PROTECTOR_fall_floor_f_nm_np1_fr_bad_93.avi*12
hit/TV_Recycling_hit_f_cm_np1_le_bad_2.avi*17
walk/likebeckam_walk_f_nm_np1_ba_med_9.avi*49
walk/TheBoondockSaints_walk_f_cm_np2_fr_med_52.avi*49
shake_hands/Brett_Favre_on_Letterman_shake_hands_f_cm_np2_le_med_0.avi*33
ride_bike/Radfahren_um_die_Aggertalsperre_06_09_2009_ride_bike_f_cm_np1_le_med_3.avi*30
climb/Janini_an_der_Kletterwand_climb_f_cm_np1_ba_med_0.avi*6
shake_hands/Meet_shake_hands_u_cm_np2_le_med_1.avi*33
walk/StrangerThanFiction_walk_f_nm_np1_fr_med_1.avi*49
sword_exercise/Takeda_Ryu_Iaido_-_Batto_Giri_sword_exercise_f_nm_np1_fr_bad_3.avi*44
pick/Rent_a_Pocher_Beim_Pilze_sammeln_Oliver_Pocher_pick_f_cm_np2_fr_med_0.avi*24
turn/WeddingCrashers_turn_h_nm_np1_ba_goo_17.avi*48
dribble/World_Record_Basketball_Dribbler_dribble_f_cm_np1_le_med_2.avi*9
ride_bike/Fahrrad_fahren_mit_Albert_ride_bike_f_cm_np1_ba_med_3.avi*30
hit/T_r_zerhacken_hit_f_cm_np1_le_bad_0.avi*17
hug/-_FREE_HUGS_-_Abrazos_Gratis_www_abrazosgratis_org_hug_u_cm_np2_ba_goo_10.avi*18
shoot_ball/ReggieMillerTakesonThreeAverageGuysinaShootout_shoot_ball_u_nm_np1_ba_med_8.avi*34
hug/Free_Hugs_-_Paris_www_calins-gratuits_com_hug_u_cm_np2_le_med_13.avi*18
dive/IamLegend_dive_f_nm_np1_fr_bad_19.avi*7
sword_exercise/Iaido_13_katas_sword_exercise_f_nm_np1_ba_bad_11.avi*44
fencing/Zorro_(Funny_Fight_Scene)_fencing_u_cm_np1_le_bad_2.avi*13
hug/Calins_gratuits_a_Paris_-_Free_Hugs_France_-_version_longue_hug_u_cm_np2_le_med_14.avi*18
kick/kick__Best_CHUCK_NORRIS_kick_to_the_nuts!_kick_f_cm_np1_ba_goo_0.avi*21
fall_floor/TheLastManOnearth_fall_floor_f_cm_np1_fr_med_58.avi*12
walk/50_FIRST_DATES_walk_f_cm_np1_fr_med_7.avi*49
smoke/The_Fugitive_2_smoke_h_nm_np1_fr_med_23.avi*40
walk/TheBoondockSaints_walk_u_cm_np1_ri_med_50.avi*49
brush_hair/Brushing_my_waist_lenth_hair_brush_hair_u_nm_np1_ba_goo_2.avi*0
clap/Faith_Rewarded_clap_u_cm_np1_le_med_0.avi*4
kiss/BestKisses_kiss_u_cm_np2_fr_med_0.avi*22
flic_flac/Roundoff_Flick__flic_flac_f_cm_np1_fr_bad_0.avi*14
golf/Jim_Furyk_1_golf_f_cm_np1_fr_med_0.avi*15
turn/AgentCodyBanks_turn_u_nm_np1_fr_med_15.avi*48
walk/The_House_on_Haunted_Hill_walk_f_cm_np1_fr_med_7.avi*49
brush_hair/Brunette_Foxyanya_ultra_silky_long_hair_brushing_hairjob_brush_hair_h_cm_np2_ri_goo_6.avi*0
ride_horse/Return_of_the_King_3_ride_horse_f_nm_np1_fr_bad_0.avi*31
turn/UNREPEATABLE_turn_f_nm_np1_le_med_2.avi*48
run/Finding_Forrester_2_run_f_cm_np1_le_med_2.avi*32
smile/YouTube_smiles!_smile_h_nm_np1_fr_med_13.avi*39
laugh/Laughing_for_Skype_laugh_u_cm_np1_fr_goo_0.avi*23
turn/A_Beautiful_Mind_6_turn_f_cm_np1_le_med_6.avi*48
shake_hands/Jay_Leno_@_David_Letterman_shake_hands_f_cm_np2_le_med_0.avi*33
situp/Mark_Pfeltz_Sets_World_Record_For_sit_ups_situp_f_nm_np1_ri_bad_1.avi*38
fall_floor/HP_PRISONER_OF_AZKABAN_fall_floor_u_cm_np1_fr_med_14.avi*12
fall_floor/LONGESTYARD_fall_floor_f_cm_np1_le_med_12.avi*12
smoke/Veoh_Alpha_Dog_1_smoke_u_nm_np1_ri_med_17.avi*40
sit/BIG_FISH_sit_f_nm_np1_fr_med_17.avi*37
sit/AmericanGangster_sit_f_cm_np2_fr_med_59.avi*37
walk/CasinoRoyale_walk_u_nm_np1_le_med_3.avi*49
turn/Man_Who_Cheated_Himself_512kb_turn_u_nm_np1_fr_med_9.avi*48
clap/NotAnotherTeenMovieslowclap_clap_u_cm_np5_fr_med_3.avi*4
sword_exercise/samurai_sword_action_lesson_preview_sword_exercise_f_cm_np1_fr_med_1.avi*44
jump/Sam_Cooksey_Goalkeeper_Training_jump_f_cm_np1_ri_bad_1.avi*19
dive/Der_K_pfer_dive_f_cm_np1_le_bad_0.avi*7
jump/le_parkour_kl_jump_l_nm_np1_le_bad_1.avi*19
fall_floor/BLACK_HAWK_DOWN_fall_floor_u_cm_np1_fr_med_0.avi*12
fencing/Rapier_drills_fencing_f_nm_np2_ri_bad_4.avi*13
shake_hands/Kibaki_and_Raila_shake_hands_-_Jan_24__08_shake_hands_u_cm_np2_le_med_2.avi*33
laugh/Crazy_Drunk_Girl_Laugh_laugh_h_cm_np1_fr_goo_2.avi*23
pick/ThePerfectScore_pick_u_nm_np1_ba_goo_3.avi*24
hug/-_FREE_HUGS_-_Abrazos_Gratis_www_abrazosgratis_org_hug_u_cm_np2_le_goo_12.avi*18
laugh/The_Matrix_Revolutions_2_laugh_h_nm_np1_fr_goo_5.avi*23
fall_floor/The_Matrix_6_fall_floor_f_nm_np1_ba_bad_0.avi*12
kiss/Hangingbyamomentfavoritekisses_kiss_h_cm_np2_ri_goo_6.avi*22
hug/Free_Hugs_-_Paris_www_calins-gratuits_com_hug_u_cm_np2_le_med_14.avi*18
laugh/Weird_Laugh_laugh_h_nm_np1_fr_goo_2.avi*23
walk/20060723sfjffcomeback_walk_u_cm_np1_ri_med_2.avi*49
shake_hands/Aishwarya_Rai_Burns_David_Letterman_in_his_own_show_shake_hands_f_cm_np2_le_bad_0.avi*33
clap/boom_snap_clap_(challenge)_clap_u_nm_np1_fr_med_0.avi*4
shoot_ball/Finding_Forrester_3_shoot_ball_u_nm_np2_fr_med_2.avi*34
shoot_gun/Glory_shoot_gun_u_nm_np1_fr_med_48.avi*36
kick/jonhs_netfreemovies_holygrail_kick_f_nm_np1_ri_med_10.avi*21
flic_flac/Turnen_Training_flick_flack_salto_gymnastics_backhandspring_backtuck_flic_flac_f_cm_np1_fr_bad_2.avi*14
smile/Re-_Show_your_Smile!_4_smile_h_nm_np1_fr_med_0.avi*39
walk/TheBigBangS01E02TheBigBranHypothesis_walk_f_nm_np1_le_med_3.avi*49
kiss/BestKisses_kiss_u_cm_np2_le_goo_18.avi*22
punch/The_Matrix_5_punch_u_cm_np1_fr_med_18.avi*27
push/Trevor_pushing_cart_push_f_cm_np1_ri_bad_2.avi*28
throw/2008-08-09GiantsGameDodgersPracticeClaytonKershaw_throw_f_cm_np1_fr_med_2.avi*47
laugh/Can_t_stop_laughing_laugh_u_cm_np1_fr_goo_0.avi*23
fall_floor/Blade_Vs_Deacon_Frost_Sword_Fight_Scene_fall_floor_f_cm_np2_fr_med_3.avi*12
stand/IamLegend_stand_f_cm_np1_ri_med_23.avi*42
clap/The_Slow_Clap_clap_u_cm_np1_fr_bad_16.avi*4
ride_horse/Paula_sHorsebackRidingLesson!7_22_08_ride_horse_f_cm_np1_le_med_2.avi*31
clap/#20_Rhythm_clap_u_nm_np1_fr_goo_1.avi*4
walk/SweeneyTodd_walk_f_cm_np1_fr_bad_0.avi*49
push/Pushing_train_-_Me_and_my_friend_-_Worlds_strongest_men_push_f_cm_np2_ri_bad_0.avi*28
turn/Oceans11_turn_h_nm_np1_le_goo_10.avi*48
drink/TheBoondockSaints_drink_u_cm_np1_fr_med_78.avi*10
somersault/Dive_and_roll_compilation_(Parkour)_somersault_f_cm_np1_fr_bad_2.avi*41
walk/IamLegend_walk_f_nm_np1_ba_med_4.avi*49
jump/happy_go_lovely_jump_h_cm_np1_fr_bad_0.avi*19
dive/Pirates_1_dive_f_nm_np1_ba_bad_7.avi*7
walk/MeettheFockers_walk_u_cm_np1_fr_med_2.avi*49
walk/TheBoondockSaints_walk_f_cm_np3_ba_med_124.avi*49
push/Brynley_pushing_Makayla_in_wagon_push_f_cm_np1_ba_bad_2.avi*28
run/RATRACE_run_f_nm_np1_le_med_8.avi*32
somersault/Gymnastics_Parkour_diving_somersault_f_nm_np1_ba_bad_0.avi*41
clap/Glory_clap_h_nm_np1_fr_med_52.avi*4
sword_exercise/Highlander_Sword_School_wmv_sword_exercise_f_cm_np2_le_med_4.avi*44
kick/kick__bruce_lee_v_s_japanese_kick_u_cm_np1_le_bad_16.avi*21
throw/BiomechanicsEvaluationofaPitcher_throw_f_cm_np1_ri_med_0.avi*47
punch/PracticingBoxingonaDoubleEndBag-LeadRightwithaHook_punch_u_nm_np1_fr_med_7.avi*27
talk/Pirates_7_talk_u_nm_np1_fr_med_5.avi*46
sword_exercise/Sword_and_Targe_Solo_Exercises_sword_exercise_f_cm_np1_fr_med_5.avi*44
stand/Man_Who_Cheated_Himself_512kb_stand_u_cm_np1_fr_med_11.avi*42
sword_exercise/samurai_training_sword_exercise_f_cm_np1_fr_med_8.avi*44
drink/The_Fugitive_5_drink_h_nm_np1_ri_goo_5.avi*10
walk/Eurotrip_walk_f_nm_np1_fr_med_5.avi*49
punch/TheBoondockSaints_punch_f_cm_np1_ri_bad_36.avi*27
pushup/push-up_or_shut_up_(MLE)_pushup_f_cm_np1_le_med_1.avi*29
kick/THE_PROTECTOR_kick_f_cm_np1_ri_med_45.avi*21
climb/Mexican_Climbing_Fence_climb_f_cm_np1_ba_med_3.avi*6
run/RETURN_OF_THE_KING_run_f_nm_np1_ba_med_43.avi*32
dribble/JordanWorld_sbest6yearoldBaller_dribble_f_cm_np1_fr_med_6.avi*9
pullup/10_Pull_Ups_pullup_f_nm_np1_fr_goo_0.avi*26
kick/kick__Best_CHUCK_NORRIS_kick_to_the_nuts!_kick_f_cm_np1_ba_med_3.avi*21
push/Cross_Pushing_Table_push_f_cm_np1_fr_bad_1.avi*28
walk/The_Departed_-_Part_2_walk_u_nm_np1_fr_med_2.avi*49
kick_ball/likebeckam_kick_ball_f_nm_np1_fr_bad_19.avi*20
handstand/Handstand_tutorial_3_handstand_f_nm_np1_le_med_0.avi*16
chew/Sexy_girl_on_the_bed_teasing_chew_u_nm_np1_fr_med_2.avi*3
walk/TheLittleShopofHorrors_walk_u_cm_np1_fr_med_0.avi*49
run/LONGESTYARD_run_f_cm_np1_ri_med_32.avi*32
sword/jonhs_netfreemovies_holygrail_sword_f_nm_np1_ba_med_9.avi*45
fall_floor/BATMAN_BEGINS_fall_floor_f_cm_np1_ba_med_3.avi*12
pullup/Super_Training_Pull_Ups_pullup_f_cm_np1_ba_med_2.avi*26
drink/RETURN_OF_THE_KING_drink_h_nm_np1_ri_goo_13.avi*10
stand/happy_go_lovely_stand_f_cm_np1_fr_med_19.avi*42
shake_hands/Grammy_Awards_Eric_Benet_shake_hands_u_cm_np2_le_med_0.avi*33
laugh/YOU_need_to_see_colombe_laugh_!!!_laugh_h_cm_np1_fr_med_0.avi*23
talk/Prelinger_HabitPat1954_talk_u_nm_np1_fr_med_23.avi*46
walk/The_Fugitive_6_walk_f_nm_np2_fr_med_7.avi*49
smoke/OSSER_-_Qualboro_light_-_Marlboro_Verarschung_smoke_h_cm_np1_le_bad_0.avi*40
clap/The_Slow_Clap_clap_u_nm_np2_fr_med_21.avi*4
wave/CastAway1_wave_u_cm_np1_ri_med_4.avi*50
kick_ball/Lattenknaller_-_M_nner_wie_wir_(Teil_11)_kick_ball_f_cm_np1_fr_goo_0.avi*20
sword/David_Carradine_vs__Michael_Jai_White_sword_u_nm_np2_fr_med_1.avi*45
run/BATMAN_BEGINS_run_f_nm_np1_fr_med_14.avi*32
flic_flac/turnles!!_flic_flac_f_cm_np1_le_med_9.avi*14
handstand/Cidney_doing_her_Gymnastics!!_handstand_f_cm_np1_ri_goo_0.avi*16
jump/Le_Parkour_TVCA_esporte_jump_f_cm_np1_le_bad_2.avi*19
talk/Prelinger_LetYours1940_talk_h_nm_np1_fr_goo_2.avi*46
pullup/Metaphysics_Pull_up_specialist_pullup_u_cm_np1_fr_med_4.avi*26
golf/Lorena_Ochoa_et_Paula_Creamer_golf_f_cm_np1_le_med_1.avi*15
shoot_ball/Clay_sBasketballSkillz_shoot_ball_u_nm_np1_ba_med_11.avi*34
walk/CastAway1_walk_f_nm_np1_ba_med_19.avi*49
turn/TheBoondockSaints_turn_u_nm_np1_fr_med_27.avi*48
climb/Axel_beim_Klettern_an_der_Unisportwand_climb_f_cm_np1_ba_med_3.avi*6
brush_hair/Lektion_3__-_Das_Haare_b_rsten_brush_hair_h_nm_np1_fr_med_1.avi*0
dive/BeforeNightFalls_dive_f_cm_np1_ri_bad_1.avi*7
fencing/AHF_Rapier_fencing_f_cm_np2_le_bad_1.avi*13
run/BRIDGETOTERABITHIA_run_f_nm_np1_le_med_6.avi*32
run/KUNG_FU_HUSTLE_run_f_cm_np1_fr_med_26.avi*32
kick/THE_PROTECTOR_kick_f_cm_np1_ri_med_40.avi*21
brush_hair/brushing_hair_brush_hair_f_nm_np2_ba_goo_2.avi*0
shake_hands/Speech_Day_2009_(Part_9)_shake_hands_f_cm_np2_le_med_2.avi*33
pushup/Chest_Muscle_Group_(for_sexy_arms__shoulders__back_and_abs!)_pushup_u_nm_np1_ri_goo_5.avi*29
shake_hands/Bush_Shake_Hands_CNN_mov_shake_hands_u_cm_np2_ba_med_2.avi*33
walk/AmericanGangster_walk_f_cm_np1_fr_med_58.avi*49
shake_hands/CSU_Cesar_Chavez_Day_Celebration_and_Award_Ceremony_2009_Part_7_shake_hands_f_nm_np2_le_med_0.avi*33
turn/HP_PRISONER_OF_AZKABAN_turn_u_nm_np1_fr_med_21.avi*48
smile/YouTube_smiles!_smile_h_nm_np1_fr_med_24.avi*39
shake_hands/Price_giving_ceremony_shake_hands_f_cm_np4_le_med_3.avi*33
run/BLACK_HAWK_DOWN_run_f_cm_np1_le_med_15.avi*32
draw_sword/IAIDO_-_Training_TV-Bericht_10_2008_draw_sword_u_nm_np1_fr_med_0.avi*8
walk/BATMAN_BEGINS_walk_f_cm_np1_fr_med_16.avi*49
climb_stairs/I_DO_NOT_Run_Up_Stairs_Like_A_GIRL_climb_stairs_l_cm_np1_ba_med_5.avi*5
fall_floor/BLACK_HAWK_DOWN_fall_floor_f_cm_np1_ri_med_13.avi*12
run/The_Fugitive_6_run_f_cm_np1_fr_med_19.avi*32
laugh/skype_laughter_train___haughtbad_and_Da_Nannie_laugh_h_cm_np2_fr_med_0.avi*23
clap/Boom_Snap_Clap_clap_u_nm_np1_fr_med_0.avi*4
turn/The_Fugitive_2_turn_h_nm_np1_le_goo_3.avi*48
walk/20060723sfjffmyspot_walk_f_nm_np1_ri_med_0.avi*49
laugh/laughing_out_her_brains_laugh_u_cm_np1_fr_med_3.avi*23
drink/RETURN_OF_THE_KING_drink_f_nm_np1_fr_med_9.avi*10
climb/rope_climbing_climb_f_nm_np1_ba_med_1.avi*6
fall_floor/BATMAN_BEGINS_fall_floor_f_cm_np1_ba_med_5.avi*12
sword_exercise/Iaido_video_instruction_series_Wehrhahn_Sensei_sword_exercise_f_nm_np1_le_bad_1.avi*44
run/The_Matrix_6_run_f_nm_np1_fr_med_7.avi*32
turn/A_Beautiful_Mind_5_turn_u_nm_np1_le_med_4.avi*48
pick/SoundAndTheStory_pick_u_nm_np1_le_med_3.avi*24
turn/eddieizzardcircle_turn_f_nm_np1_ri_med_6.avi*48
pour/crazy_german_guy_shows_how_do_they_pour_a_wheat_beer_pour_u_cm_np1_fr_goo_0.avi*25
fencing/Mark_of_Zorro_-_Fencing_Fight_!_fencing_u_cm_np2_fr_goo_3.avi*13
sit/20060723sfjffsomelikeitwarmed_sit_u_nm_np1_fr_goo_1.avi*37
punch/AdvancedBoxingTechniquesandExercises_punch_u_nm_np1_ri_med_22.avi*27
turn/20060723sfjffcomeback_turn_u_nm_np1_le_med_0.avi*48
clap/The_Slow_Clap_clap_u_cm_np1_fr_med_15.avi*4
pick/Fishing_For_People_pick_f_cm_np2_ri_med_1.avi*24
climb/Mexican_Climbing_Fence_climb_f_cm_np1_ba_med_1.avi*6
pick/IamLegendII_pick_u_nm_np1_fr_bad_0.avi*24
cartwheel/Cartwheel_Contest_cartwheel_f_cm_np2_fr_med_0.avi*1
drink/The_House_on_Haunted_Hill_drink_u_nm_np1_fr_goo_2.avi*10
