eat/20060723sfjffsomelikeitwarmed_eat_u_cm_np1_fr_med_2.avi*11
climb_stairs/Dummer_Junge_kann_nicht_Treppen_steigen_climb_stairs_f_cm_np1_fr_bad_0.avi*5
turn/RETURN_OF_THE_KING_turn_u_cm_np1_ba_med_4.avi*48
brush_hair/April_09_brush_hair_u_nm_np1_ba_goo_0.avi*0
somersault/Schwebebalken_Uni_07_08_somersault_f_cm_np1_le_med_0.avi*41
somersault/MWG_Bodenturnen_somersault_f_cm_np2_ri_bad_0.avi*41
walk/THE_PROTECTOR_walk_f_cm_np1_fr_bad_83.avi*49
swing_baseball/BaseballSwingAnalysis_swing_baseball_f_nm_np1_fr_med_14.avi*43
kick_ball/Der_f_nfte_Spieltag_kick_ball_f_cm_np2_le_med_1.avi*20
sword/Kendo_sword_f_nm_np1_fr_bad_5.avi*45
smoke/Sara_beim_Rauchen_-_Volume_3_smoke_h_cm_np1_fr_bad_2.avi*40
clap/Budam_-_Clap_Hands_clap_u_nm_np1_fr_med_0.avi*4
shake_hands/Smosh_-_Handshake_shake_hands_u_cm_np2_le_med_0.avi*33
jump/Learn_Freerunning_and_Parkour__-_Diving_Kong_jump_f_cm_np1_le_bad_0.avi*19
shake_hands/Ronin_Paintball_Club_-_MY-NPL_2009_Malacca_Prize_Giving_Ceremony_Part_2_shake_hands_u_cm_np2_ba_med_3.avi*33
throw/prelinger_they_grow_up_so_fast_1_throw_f_nm_np1_fr_med_8.avi*47
walk/eddieizzardcircle_walk_f_nm_np1_le_med_0.avi*49
jump/TheBoondockSaints_jump_u_cm_np1_ri_bad_103.avi*19
sword/Baddest_Fight_Scenes_EVER!_-_Kill_Bill__Vol___1_-_vs__Crazy_88_s_sword_f_cm_np2_ri_med_4.avi*45
walk/AgriculturalAviation_walk_f_nm_np1_le_med_0.avi*49
shoot_bow/Shootingarecurve_shoot_bow_u_nm_np1_fr_med_3.avi*35
push/pushing_box_around_house_push_f_cm_np1_le_bad_3.avi*28
sword_exercise/Iaido_video_instruction_series_Wehrhahn_Sensei_sword_exercise_f_nm_np1_le_bad_3.avi*44
hit/Einde_van_Opel_Kadett_hit_u_cm_np1_fr_bad_0.avi*17
eat/IamLegend_eat_u_nm_np1_fr_med_15.avi*11
run/Hitch_Part_2_run_f_cm_np1_fr_med_8.avi*32
smile/Smile_smile_h_cm_np1_fr_goo_0.avi*39
golf/Adam_Scott_golf_f_cm_np1_le_goo_0.avi*15
clap/Clap_Hands_clap_u_nm_np1_fr_med_2.avi*4
run/likebeckam_run_f_cm_np1_ba_med_14.avi*32
walk/BIG_FISH_walk_u_cm_np1_fr_med_3.avi*49
hug/Crazy_Fan!_Michael_Jackson_in_M_nchen_hug_f_cm_np2_ba_bad_0.avi*18
ride_bike/1989_Tour_de_France_Final_Time_Trial_ride_bike_f_cm_np1_ri_med_5.avi*30
golf/Sergio_Garcia_at_Palacio_Estril_Golf_School_-_Portugal_golf_f_cm_np1_fr_bad_0.avi*15
golf/Paula_Creamer_golf_f_cm_np1_ri_med_0.avi*15
walk/TrumanShow_walk_f_nm_np1_fr_med_8.avi*49
somersault/Dive_Roll_Over_Concrete_Gap_somersault_f_cm_np1_le_bad_0.avi*41
punch/The_Fugitive_6_punch_u_cm_np1_ba_med_12.avi*27
throw/Faith_Rewarded_throw_u_cm_np1_fr_med_33.avi*47
turn/21_turn_h_nm_np1_fr_goo_14.avi*48
draw_sword/San-su_martial_arts_iaido_first_11_kata_draw_sword_f_cm_np1_le_med_7.avi*8
throw/Faith_Rewarded_throw_f_nm_np1_ri_bad_9.avi*47
push/Neil_pushing_wagon_push_f_cm_np1_fr_bad_5.avi*28
kiss/Best_kisses_kiss_h_cm_np2_le_goo_10.avi*22
sword_exercise/Krav_Maga_Self_Defense_Techniques_-_Forward_Stab_Defense_Move_for_Krav_Maga_sword_exercise_u_cm_np1_fr_bad_1.avi*44
smile/Re-_Show_your_Smile!_smile_h_nm_np1_fr_goo_0.avi*39
situp/How_To_Workout_On_Vacation_-_How_to_Do_Crunches_Exercises_on_Vacation_situp_f_nm_np1_le_goo_1.avi*38
ride_horse/darksideofhorseracing_ride_horse_f_cm_np1_fr_med_1.avi*31
walk/SweeneyTodd_walk_f_cm_np1_fr_bad_0.avi*49
walk/TheLastManOnearth_walk_f_nm_np1_ba_med_19.avi*49
run/RATRACE_run_f_cm_np1_ba_med_22.avi*32
walk/MeettheFockers_walk_u_nm_np1_fr_med_3.avi*49
flic_flac/Flic-Flac_-_Illya_Kun_flic_flac_f_cm_np1_le_med_0.avi*14
walk/Hitch_Part_1_walk_u_nm_np1_fr_med_7.avi*49
somersault/Liri_beim_Bodenturnen_somersault_f_cm_np1_le_bad_1.avi*41
pullup/Metaphysics_Pull_up_specialist_pullup_u_cm_np1_ba_med_1.avi*26
cartwheel/Cartwheel_Competition_cartwheel_f_cm_np1_le_med_0.avi*1
sword_exercise/Highlander_Sword_School_wmv_sword_exercise_f_cm_np1_fr_bad_6.avi*44
turn/SweeneyTodd_turn_h_nm_np1_fr_goo_35.avi*48
climb_stairs/Fellowship_6_climb_stairs_f_nm_np1_ba_bad_4.avi*5
flic_flac/JOAKIN_(air_tricks_extreme)_flic_flac_f_cm_np1_ba_bad_2.avi*14
hug/-_FREE_HUGS_-_Abrazos_Gratis_www_abrazosgratis_org_hug_u_cm_np2_ba_goo_2.avi*18
sit/BRIDGETOTERABITHIA_sit_f_nm_np1_fr_med_0.avi*37
smile/YouTube_smiles!_smile_h_nm_np1_fr_med_20.avi*39
kick/THE_PROTECTOR_kick_f_nm_np1_le_med_8.avi*21
run/Age13_1_run_f_nm_np1_fr_med_1.avi*32
pick/NH_gun_owners_react_to_detention_with_armed_litter_pickup_pick_f_cm_np3_ba_bad_1.avi*24
dribble/Basketball_Dribbling_Drills_-_The_Left_dribble_f_cm_np1_fr_med_2.avi*9
walk/21_walk_u_cm_np1_fr_med_15.avi*49
handstand/Philli_beim_Bodenturnen_handstand_f_cm_np1_ri_bad_4.avi*16
fencing/Zorro_(Funny_Fight_Scene)_fencing_u_cm_np2_fr_bad_1.avi*13
smoke/Raucher_Antiraucher_Werbung_smoke_h_cm_np1_fr_med_1.avi*40
clap/Boom_Snap_Clap_clap_u_nm_np1_fr_med_0.avi*4
punch/THE_PROTECTOR_punch_u_cm_np1_ba_med_82.avi*27
pour/How_to_Build_a_Cocktail_pour_u_nm_np1_fr_med_0.avi*25
catch/Frisbee_catch_f_cm_np1_ri_med_1.avi*2
brush_hair/brushing_hair_2_brush_hair_h_nm_np1_ba_med_0.avi*0
dribble/Basketball_Dribbling_Tips_dribble_f_cm_np1_fr_med_3.avi*9
dribble/Basketball_Dribbling_-_Basketball_Dribbling-_Finger_Pads_dribble_f_cm_np1_fr_med_0.avi*9
walk/The_Fugitive_2_walk_f_cm_np5_fr_med_21.avi*49
swing_baseball/BaseballSwingAnalysis_swing_baseball_u_nm_np1_ba_med_6.avi*43
climb/megan_roof_climbing_climb_f_cm_np1_ri_goo_0.avi*6
shoot_bow/Updatedvideoofmeshootingteamusaarchery_shoot_bow_f_nm_np1_ba_med_0.avi*35
dive/K_pfer_vom_10_meter_turm_im_Freibad_Schw_bisch_Hall_dive_f_cm_np1_le_bad_0.avi*7
walk/prideandprejudice1_walk_f_nm_np1_fr_med_2.avi*49
handstand/Handstand_Competition_3_handstand_f_cm_np1_le_med_3.avi*16
shoot_bow/JuanReneSerranoSemifinal_shoot_bow_u_cm_np1_fr_goo_0.avi*35
ride_bike/Radfahren_um_die_Aggertalsperre_06_09_2009_ride_bike_l_cm_np1_ba_med_8.avi*30
shake_hands/RailsConf_09-___Ruby_Heroes_Award_Ceremony__shake_hands_u_cm_np2_le_med_2.avi*33
drink/MeettheParents_drink_u_nm_np1_fr_goo_4.avi*10
walk/TheBoondockSaints_walk_h_cm_np2_ba_med_8.avi*49
turn/TheBoondockSaints_turn_u_cm_np1_ri_med_91.avi*48
smile/YouTube_smiles!_smile_h_cm_np1_fr_med_31.avi*39
dive/Bungee_Jumping_Europabr_cke_192m_dive_f_cm_np1_ri_bad_2.avi*7
walk/21_walk_u_cm_np1_fr_med_0.avi*49
walk/happy_go_lovely_walk_u_nm_np1_fr_med_4.avi*49
kick_ball/goal_2_part_1_kick_ball_f_cm_np1_fr_bad_1.avi*20
walk/CastAway2_walk_u_cm_np1_ri_med_7.avi*49
somersault/Dive_and_roll_compilation_(Parkour)_somersault_f_cm_np1_ri_bad_1.avi*41
ride_horse/Paula_sHorsebackRidingLesson!7_22_08_ride_horse_f_cm_np1_ri_med_7.avi*31
climb_stairs/Running_Up_Stairs_climb_stairs_l_nm_np1_ba_med_2.avi*5
fencing/Redrock_Fencing_Club_Stab_N_Grab_Week_9_fencing_f_cm_np2_le_bad_0.avi*13
push/Kommandant__muss_Auto_schieben_push_f_cm_np1_le_bad_6.avi*28
eat/RETURN_OF_THE_KING_eat_h_nm_np1_ri_goo_16.avi*11
kick/kick__bruce_lee_v_s_japanese_kick_f_cm_np1_le_bad_19.avi*21
handstand/Mini-Kelly_einfach_so_xD_handstand_f_cm_np1_ri_med_0.avi*16
wave/CharlieAndTheChocolateFactory_wave_u_nm_np1_fr_med_2.avi*50
kick/THE_PROTECTOR_kick_f_nm_np1_ba_med_9.avi*21
ride_horse/ChikiMovie_ride_horse_f_cm_np1_le_med_6.avi*31
dive/Bungee_Jumping_in_Switzerland_-__Compilation_Part_2_dive_f_cm_np1_fr_bad_0.avi*7
walk/TheLastManOnearth_walk_f_nm_np1_fr_med_38.avi*49
stand/HP_PRISONER_OF_AZKABAN_stand_f_cm_np1_le_bad_38.avi*42
hit/Opel_vs_Vorschlaghammer_hit_f_cm_np1_ba_bad_2.avi*17
smoke/smoking_2_smoke_h_cm_np1_ba_med_4.avi*40
walk/BATMAN_BEGINS_walk_f_cm_np1_fr_med_16.avi*49
dive/96_Meter_Bungy-Jump__Jauntal_03_dive_f_cm_np1_ri_bad_0.avi*7
shoot_gun/FirearmsTraining_shoot_gun_f_cm_np1_ri_med_1.avi*36
jump/Fellowship_5_jump_f_nm_np1_ri_bad_11.avi*19
push/box_pushing_1_push_u_cm_np1_fr_bad_0.avi*28
talk/Pirates_7_talk_u_nm_np1_fr_med_5.avi*46
flic_flac/Maikel_Flic_Flac_flic_flac_f_cm_np1_ri_med_2.avi*14
wave/Song_I_Can_Wave_My_Hands_-_Cullen_s_Abc_s_wave_u_cm_np1_fr_med_1.avi*50
turn/HP_PRISONER_OF_AZKABAN_turn_u_nm_np1_ba_med_34.avi*48
turn/TheBoondockSaints_turn_u_nm_np1_fr_med_28.avi*48
walk/TrumanShow_walk_f_nm_np1_fr_med_1.avi*49
handstand/Yoga_teachers_practice_handstand_and_backbend_variations_handstand_f_nm_np1_ri_med_0.avi*16
turn/310ToYuma_turn_u_nm_np1_ba_med_0.avi*48
shake_hands/music_idol3_v_zalata_vliza_boiko_borisov_shake_hands_f_cm_np2_ri_bad_0.avi*33
shoot_bow/Shootingarecurve_shoot_bow_u_nm_np1_fr_med_2.avi*35
catch/Seldin_Lipovic_-_Willi_Weber__Torwarttraining__catch_f_cm_np1_fr_bad_3.avi*2
shake_hands/Emma_2008_Eurofinals_-_prize_giving_ceremony_Team_Pioneer_members_divx_shake_hands_u_cm_np2_ri_med_8.avi*33
push/pushing_box_car_on_train_push_f_cm_np5_ba_bad_1.avi*28
push/Davos_-_Anschieben_von_Michis_Auto_push_f_cm_np4_ba_bad_2.avi*28
turn/The_Departed_-_Part_2_turn_h_cm_np1_ri_med_6.avi*48
talk/Prelinger_ActYourA1949_talk_h_nm_np1_fr_med_5.avi*46
jump/KUNG_FU_HUSTLE_jump_f_cm_np1_fr_bad_16.avi*19
run/BATMAN_BEGINS_run_f_nm_np1_fr_med_14.avi*32
push/Kommandant__muss_Auto_schieben_push_u_cm_np1_ba_bad_4.avi*28
ride_horse/BackBreakingFun_ride_horse_f_cm_np1_ba_med_1.avi*31
climb/Climbing_Wall_Adventure_climb_f_cm_np1_le_med_0.avi*6
pushup/YOUTUBE_PUSH_UP_CHALLENGE_pushup_f_cm_np1_fr_med_1.avi*29
catch/Torwarttraining_catch_u_cm_np1_fr_bad_4.avi*2
drink/AmericanGangster_drink_h_nm_np1_fr_goo_68.avi*10
climb_stairs/H_I_I_T__Swamis_stairs_with_Max_Wettstein_featuring_Donna_Wettstein_climb_stairs_f_cm_np1_ba_med_7.avi*5
talk/jonhs_netfreemovies_holygrail_talk_h_nm_np1_fr_med_7.avi*46
swing_baseball/Faith_Rewarded_swing_baseball_f_nm_np1_ba_bad_54.avi*43
dive/GoalKeeper_Training_2_dive_f_cm_np1_ba_bad_2.avi*7
draw_sword/Raito_Kata_from_Shindo_Munen_Ryu_Instructional_Video_draw_sword_f_nm_np1_le_med_3.avi*8
handstand/Handstand_Competition_3_handstand_f_cm_np1_le_med_6.avi*16
kick/THE_PROTECTOR_kick_f_cm_np1_ba_bad_37.avi*21
clap/Veoh_Alpha_Dog_1_clap_u_nm_np1_fr_goo_62.avi*4
shoot_ball/Finding_Forrester_3_shoot_ball_h_nm_np2_le_med_4.avi*34
turn/AReporttoHomeBuilders_turn_u_nm_np1_ba_med_1.avi*48
kick_ball/Ribery_Torwandschiessen_Sportstudio_kick_ball_f_nm_np1_ba_med_5.avi*20
throw/LittleChildren_throw_u_nm_np1_fr_med_8.avi*47
climb/Kletterwand_climb_f_cm_np1_ba_goo_1.avi*6
somersault/Bodenk_r_somersault_f_cm_np1_ri_med_1.avi*41
cartwheel/Cartwheel_Contest_cartwheel_f_cm_np2_fr_med_0.avi*1
laugh/laughing_out_her_brains_laugh_u_cm_np1_fr_med_1.avi*23
jump/Documentario_Le_Parkour_Londrina_jump_f_nm_np1_ri_bad_2.avi*19
shake_hands/Celebrated_Israeli_Author_Snubs_Olmert_at_Prize_Giving_Ceremony_shake_hands_u_cm_np2_ba_med_1.avi*33
shoot_bow/Shootingarecurve_shoot_bow_u_nm_np1_fr_med_4.avi*35
fall_floor/KUNG_FU_HUSTLE_fall_floor_f_cm_np1_ba_bad_20.avi*12
pour/Bar_Basics_-_How_to_Pour_Liquor_Accurately_by_Counting_pour_u_cm_np1_fr_med_1.avi*25
sit/prelinger_ControlY1950_sit_f_nm_np2_ri_med_4.avi*37
swing_baseball/Faith_Rewarded_swing_baseball_f_nm_np1_fr_bad_69.avi*43
climb_stairs/I_DO_NOT_Run_Up_Stairs_Like_A_GIRL_climb_stairs_l_cm_np1_ba_med_1.avi*5
somersault/Freie_Rolle-vw_Salto_somersault_f_cm_np1_ri_med_0.avi*41
chew/Kaugummiblase_1_chew_h_cm_np1_le_med_1.avi*3
pullup/A_HOT_Marine_Doing_Chinups_pullup_u_cm_np1_le_med_1.avi*26
sword/Fechten_mit_dem_langen_Schwert_sword_u_cm_np2_fr_med_4.avi*45
walk/SellingasaCareer_walk_f_cm_np1_ri_bad_1.avi*49
sword_exercise/samurai_sword_action_lesson_preview_sword_exercise_f_cm_np1_le_med_3.avi*44
dribble/Basketball_Training-_Amazing_3_ball_and_4_ball_dribbling_dribble_f_cm_np1_fr_med_0.avi*9
golf/Lorena_Ochoa_et_Paula_Creamer_golf_f_cm_np1_le_med_0.avi*15
walk/THE_PROTECTOR_walk_f_cm_np1_ba_med_27.avi*49
dive/Musical_Bungee_Jump_Compilation_-_Don_t_Stop_Me_Now_by_Queen_dive_f_cm_np1_ri_bad_1.avi*7
somersault/MWG_Bodenturnen_somersault_f_cm_np1_le_bad_2.avi*41
dive/Parkour_dive_u_cm_np1_fr_bad_0.avi*7
fall_floor/OldSchool_fall_floor_f_cm_np1_ri_med_17.avi*12
pour/Gaiwan_tea_ceremony_pour_u_cm_np1_fr_med_0.avi*25
drink/GoneBabyGone_drink_u_cm_np1_le_med_2.avi*10
fencing/Great_Movie_Lessons_-_The_First_Zorro_-_Mask_of_Zorro_fencing_u_cm_np2_le_med_0.avi*13
walk/Oceans12_walk_u_cm_np1_ri_med_1.avi*49
catch/Goal_Keeping_Tips_catch_f_cm_np1_fr_med_0.avi*2
catch/Ball_hochwerfen_-_Rolle_-_Ball_fangen_(Timo_3)_catch_f_cm_np1_ri_med_1.avi*2
drink/TheBoondockSaints_drink_u_nm_np1_fr_med_77.avi*10
shoot_ball/10YearOldYouthBasketballStarBaller_shoot_ball_f_nm_np1_ba_med_13.avi*34
flic_flac/Rondat-dubbel_flickflack_flic_flac_f_cm_np1_le_med_0.avi*14
clap/Hand_Clapping_Game__Bim_Bum__clap_f_nm_np2_fr_med_0.avi*4
pushup/Day_19__100_Pushups_a_Day_Challenge!_(_Break_Your_Rules_)_pushup_f_nm_np1_fr_goo_1.avi*29
eat/MeettheParents_eat_u_nm_np1_fr_med_2.avi*11
pullup/pull_ups_pullup_u_nm_np1_ba_med_0.avi*26
fencing/Rapier_vs_longsword_Mike_fencing_f_cm_np2_le_bad_1.avi*13
kick/The_Matrix_5_kick_f_cm_np1_fr_med_19.avi*21
brush_hair/Trannydude___Brushing_SyntheticHair___OhNOES!__those_fukin_knots!_brush_hair_u_nm_np1_fr_goo_2.avi*0
draw_sword/Kendo_draw_sword_f_nm_np1_fr_bad_8.avi*8
pick/Dollar_Prank_at_Wally_World_pick_f_nm_np1_fr_med_0.avi*24
sword/late_medieval_longsword_duel_sword_u_cm_np2_ri_med_1.avi*45
hit/Einde_van_Opel_Kadett_hit_f_cm_np1_ri_bad_9.avi*17
handstand/100_Second_Handstand_handstand_f_nm_np1_ba_bad_0.avi*16
catch/Goal_Keeping_Tips_catch_u_cm_np1_fr_med_3.avi*2
golf/Tiger_Woods_smokes_a_drive_golf_f_cm_np1_ri_med_0.avi*15
push/Neil_pushing_wagon_push_f_cm_np1_fr_bad_3.avi*28
ride_horse/Paula_sHorsebackRidingLesson!7_22_08_ride_horse_f_cm_np1_le_med_2.avi*31
walk/CastAway2_walk_f_cm_np1_ba_med_5.avi*49
fencing/Duel_(The_Sovereigns_Servant)_fencing_f_cm_np2_fr_med_2.avi*13
shoot_gun/Shootingattherange_shoot_gun_u_nm_np1_ri_med_1.avi*36
punch/BoxingTipsHowtoMakeKnucklesStronger_punch_u_cm_np1_ri_goo_1.avi*27
dive/Bungee_Jumping_Europabr_cke_192m_dive_f_cm_np1_ri_bad_1.avi*7
hug/Free_Hugs_-_Medellin_hug_f_cm_np2_ba_med_8.avi*18
dive/Fellowship_7_dive_f_cm_np1_ba_bad_0.avi*7
eat/AmericanGangster_eat_u_cm_np1_fr_bad_62.avi*11
kick/THE_PROTECTOR_kick_f_cm_np1_fr_med_48.avi*21
somersault/Turnk_r_somersault_f_cm_np4_fr_med_1.avi*41
catch/How_to_Play_Wide_Receiver_in_Football_-_How_to_Catch_a_High_Ball_in_Football_catch_f_nm_np1_ri_med_1.avi*2
throw/amazingballthrowingtricks_throw_f_cm_np1_ri_med_2.avi*47
walk/TheLastManOnearth_walk_f_nm_np1_fr_med_53.avi*49
fall_floor/KUNG_FU_HUSTLE_fall_floor_f_cm_np1_ba_med_50.avi*12
flic_flac/Simon_Bodenturnen_flic_flac_f_cm_np1_fr_med_3.avi*14
pushup/YOUTUBE_PUSH_UP_CHALLENGE_pushup_f_cm_np1_fr_med_0.avi*29
stand/AgentCodyBanks_stand_u_cm_np1_fr_med_5.avi*42
walk/The_Fugitive_6_walk_u_cm_np1_fr_med_6.avi*49
smile/YouTube_smiles!_smile_h_nm_np1_fr_goo_40.avi*39
climb_stairs/I_DO_NOT_Run_Up_Stairs_Like_A_GIRL_climb_stairs_l_cm_np1_ba_med_5.avi*5
dive/BASE_Jumping_Compilation_-_Brilliant_dive_u_cm_np1_ri_bad_6.avi*7
walk/TheLastManOnearth_walk_f_nm_np1_fr_bad_31.avi*49
dribble/Basketball_Dribbling_Drills_-_The_12_Inch_Dribble_Drill_in_Basketball_dribble_f_cm_np1_ri_med_0.avi*9
climb_stairs/Intense_Cardio_Session-_Stairs_climb_stairs_f_cm_np1_ba_med_2.avi*5
jump/ThePerfectScore_jump_u_cm_np1_fr_bad_4.avi*19
ride_bike/Fahrrad_fahren_mit_Albert_ride_bike_f_cm_np1_ba_med_3.avi*30
catch/Torwarttraining_3_(_sterreich)_catch_f_nm_np1_le_med_2.avi*2
smile/YouTube_smiles!_smile_h_cm_np1_fr_bad_3.avi*39
climb_stairs/Stadium_Plyometric_Workout_climb_stairs_l_cm_np1_ri_med_2.avi*5
kick_ball/Goal_1_&_2_kick_ball_l_cm_np2_le_bad_1.avi*20
stand/BeforeNightFalls_stand_f_nm_np1_fr_med_3.avi*42
shoot_gun/shooting_shoot_gun_u_nm_np1_le_med_0.avi*36
golf/Golf_Swing_#6Iron_golf_f_cm_np1_ri_med_4.avi*15
swing_baseball/Faith_Rewarded_swing_baseball_f_nm_np1_fr_bad_73.avi*43
pick/RushHour2_pick_u_nm_np1_le_med_7.avi*24
draw_sword/Master_Pena_Iaido_Katas_draw_sword_f_nm_np1_fr_med_2.avi*8
pick/americanthrift2_pick_u_cm_np1_ri_med_1.avi*24
sit/prelinger_LetsPlay1949_sit_u_cm_np1_le_med_9.avi*37
laugh/Weird_Laugh_laugh_h_nm_np1_fr_goo_0.avi*23
walk/RETURN_OF_THE_KING_walk_f_nm_np1_fr_med_41.avi*49
ride_horse/ChikiMovie_ride_horse_f_cm_np1_le_med_4.avi*31
walk/CastAway1_walk_f_cm_np1_ba_med_18.avi*49
dribble/Basketball_Dribbling_Tips_dribble_f_cm_np1_le_med_7.avi*9
chew/chewing_bubble_gum_chew_h_cm_np1_ri_bad_2.avi*3
cartwheel/Cartwheel_Contest_cartwheel_f_cm_np1_fr_med_3.avi*1
cartwheel/Cartwheel_Contest_cartwheel_f_cm_np1_fr_med_2.avi*1
dive/Bungee_Jumping_in_Switzerland_-_Compilation_Part_1_dive_f_cm_np1_fr_bad_1.avi*7
shoot_gun/shooting_shoot_gun_u_nm_np1_le_med_3.avi*36
pick/Prelinger_ActYourA1949_pick_u_nm_np1_ri_med_14.avi*24
dribble/How_to_Play_Professional_Basketball_-_The_Two_Dribble_Basketball_Drill_dribble_f_cm_np1_ba_bad_1.avi*9
kick_ball/Banned_Commercials_-_Nike_-_Soccer_vs_ninjas_kick_ball_f_cm_np1_ri_goo_5.avi*20
shoot_ball/Clay_sBasketballSkillz_shoot_ball_u_nm_np1_ba_med_17.avi*34
sword/Baddest_Fight_Scenes_EVER!_-_Kill_Bill__Vol___1_-_vs__Crazy_88_s_sword_f_nm_np6_ri_med_2.avi*45
kick/KUNG_FU_HUSTLE_kick_u_cm_np1_le_med_12.avi*21
ride_bike/Fahrrad_ride_bike_f_cm_np1_le_med_0.avi*30
kiss/Return_of_the_King_12_kiss_u_nm_np2_le_goo_5.avi*22
dribble/Sibu_Malaysia_Vacation_little_brother_dribbling_basketball_Sarawak_dribble_f_cm_np1_ri_med_7.avi*9
fall_floor/THE_PROTECTOR_fall_floor_f_nm_np1_fr_bad_93.avi*12
swing_baseball/practicingmybaseballswing2009_swing_baseball_f_cm_np1_fr_med_18.avi*43
ride_horse/Fellowship_2_ride_horse_u_cm_np1_fr_bad_1.avi*31
turn/likebeckam_turn_f_nm_np1_fr_med_42.avi*48
catch/Torwarttraining_3_(_sterreich)_catch_f_nm_np1_le_med_1.avi*2
ride_bike/1996_Tour_de_France_-_Indurain_Cracks_ride_bike_f_cm_np1_ri_med_2.avi*30
run/The_Fugitive_2_run_f_nm_np3_fr_med_15.avi*32
catch/Torwarttraining_catch_u_cm_np1_ri_med_2.avi*2
throw/amazingballthrowingtricks_throw_f_nm_np1_ri_med_0.avi*47
catch/Torwarttraining_catch_u_cm_np1_le_bad_7.avi*2
flic_flac/Flic_Flacs_flic_flac_f_cm_np1_ba_med_0.avi*14
smile/YouTube_smiles!_smile_h_nm_np1_fr_bad_21.avi*39
golf/Finding_the_fairway_under_pressure_golf_f_cm_np1_ri_med_0.avi*15
ride_bike/Kraftwerk_-_Tour_de_france_1983_Alternative_video_ride_bike_f_cm_np4_fr_med_0.avi*30
stand/EverythingisIlluminated_stand_f_nm_np1_le_med_2.avi*42
wave/A_Beautiful_Mind_2_wave_u_cm_np1_ri_med_3.avi*50
clap/The_Slow_Clap_clap_u_nm_np2_fr_med_9.avi*4
shoot_bow/11408ErikaRecurvefront_shoot_bow_u_nm_np1_fr_med_1.avi*35
drink/OldSchool_drink_u_nm_np1_fr_goo_12.avi*10
fencing/Hamlet_(1996)_Fencing_Scenes_fencing_u_cm_np2_fr_med_2.avi*13
drink/21_drink_u_nm_np1_fr_goo_9.avi*10
stand/EVOLUTION_stand_f_nm_np1_le_med_15.avi*42
handstand/Uni-Koblenz_Normfreies_Turnen__WS_05_06__Pr_fung_handstand_f_cm_np1_le_bad_3.avi*16
swing_baseball/BaseballSwingAnalysis_swing_baseball_u_nm_np1_ba_med_2.avi*43
draw_sword/Muso_Jikiden_Eishin_ryu_iaido_draw_sword_f_cm_np1_le_med_4.avi*8
ride_bike/Kraftwerk_-_Tour_de_france_1983_Alternative_video_ride_bike_f_cm_np4_fr_med_2.avi*30
jump/Parkour-_Diving_Kong_jump_u_cm_np1_ri_bad_0.avi*19
climb_stairs/H_I_I_T__Swamis_stairs_with_Max_Wettstein_featuring_Donna_Wettstein_climb_stairs_f_cm_np3_ba_med_3.avi*5
shake_hands/2008_Stockholm_Water_Prize_Award_Ceremony_shake_hands_u_nm_np2_le_med_0.avi*33
shoot_ball/KELVIN_shoot_ball_u_cm_np1_ba_med_1.avi*34
flic_flac/Acrobacias_de_un_fenomeno_flic_flac_f_cm_np1_ba_bad_6.avi*14
kiss/BestKisses_kiss_h_cm_np2_le_goo_8.avi*22
pushup/Luke_s_Push_Up_Challenge_pushup_f_cm_np1_fr_goo_1.avi*29
talk/Faith_Rewarded_talk_h_nm_np1_fr_goo_46.avi*46
drink/AmericanGangster_drink_u_nm_np1_fr_med_39.avi*10
situp/Body_Flex_-_How2_-_Sit-Up_situp_f_nm_np1_le_goo_2.avi*38
sword_exercise/Sensei_Mellone_en_Argentina__Mae__Iaido_kendo_sword_exercise_f_cm_np1_fr_bad_1.avi*44
wave/OldSchool_wave_u_nm_np1_fr_med_24.avi*50
brush_hair/Brunette_Foxyanya_ultra_silky_long_hair_brushing_hairjob_brush_hair_f_nm_np1_ri_goo_0.avi*0
run/Veoh_Alpha_Dog_2_run_f_nm_np1_fr_med_26.avi*32
smile/Glory_smile_h_nm_np1_le_goo_6.avi*39
clap/The_Slow_Clap_clap_u_nm_np1_fr_bad_29.avi*4
hit/When_It_s_Nice_Out_hit_f_cm_np1_fr_bad_4.avi*17
walk/The_House_on_Haunted_Hill_walk_f_cm_np1_fr_med_18.avi*49
chew/Blowing_Bubbles!_chew_h_nm_np1_fr_med_0.avi*3
hug/Calins_gratuits_a_Paris_-_Free_Hugs_France_-_version_longue_hug_f_cm_np2_le_med_1.avi*18
jump/50_FIRST_DATES_jump_f_nm_np1_fr_bad_3.avi*19
turn/IamLegend_turn_h_cm_np1_ba_goo_18.avi*48
kick_ball/Lattenknaller_-_M_nner_wie_wir_(Teil_11)_kick_ball_f_cm_np1_ri_med_2.avi*20
brush_hair/Ella_brushing_her_long_blonde_hair___again_brush_hair_u_cm_np1_ba_goo_0.avi*0
smoke/raucher_smoke_u_nm_np1_fr_med_2.avi*40
eat/BeforeNightFalls_eat_u_nm_np1_fr_med_0.avi*11
turn/Veoh_Alpha_Dog_1_turn_u_nm_np1_fr_med_60.avi*48
hug/Crazy_Fan!_Michael_Jackson_in_M_nchen_hug_f_cm_np2_ba_bad_2.avi*18
sword/Fechten_mit_dem_langen_Schwert_sword_f_cm_np2_le_med_3.avi*45
walk/Panic_in_the_Streets_walk_u_cm_np1_fr_med_6.avi*49
drink/AmericanGangster_drink_u_nm_np1_fr_goo_44.avi*10
kick_ball/Dhan_Dhana_Dhan_Goal_(2007)_w__Eng_Sub_-_Watch_Online_-_8_16_kick_ball_f_cm_np1_fr_goo_0.avi*20
dribble/Basketball_Dribbling_-_Basketball_Dribbling-_Practice_With_2_Balls_dribble_f_nm_np2_fr_med_4.avi*9
walk/BRIDGETOTERABITHIA_walk_f_nm_np1_le_med_2.avi*49
push/Cross_Pushing_Table_push_f_cm_np1_fr_bad_1.avi*28
turn/Pirates_5_turn_h_nm_np1_ba_goo_9.avi*48
punch/PracticingBoxingonaDoubleEndBag-LeadRightwithaHook_punch_u_nm_np1_fr_med_3.avi*27
wave/EVOLUTION_wave_u_nm_np1_fr_med_18.avi*50
shake_hands/d173_graveyard_call_price_giving_ceremony_shake_hands_f_cm_np2_fr_med_2.avi*33
climb_stairs/AgentCodyBanks_climb_stairs_f_cm_np1_fr_med_9.avi*5
walk/Prelinger_FamilyLi1949_walk_u_cm_np4_ri_med_26.avi*49
turn/Veoh_Alpha_Dog_1_turn_u_nm_np1_le_med_19.avi*48
punch/The_Fugitive_6_punch_u_cm_np1_fr_med_11.avi*27
walk/prelinger_LetsBeGo1953_walk_f_nm_np1_fr_med_0.avi*49
walk/prelinger_they_grow_up_so_fast_1_walk_f_nm_np1_fr_med_5.avi*49
stand/American_History_X_stand_u_nm_np1_fr_med_5.avi*42
hit/50_FIRST_DATES_hit_f_cm_np1_fr_med_18.avi*17
turn/The_Fugitive_2_turn_h_nm_np1_fr_goo_7.avi*48
dribble/Sibu_Malaysia_Vacation_little_brother_dribbling_basketball_Sarawak_dribble_f_cm_np1_fr_med_0.avi*9
dribble/Basketball_Dribbling_Drills_-_The_12_Inch_Dribble_Drill_in_Basketball_dribble_f_cm_np1_fr_med_2.avi*9
laugh/laughing_out_her_brains_laugh_f_cm_np1_fr_med_0.avi*23
climb/Climbing_the_World_s_Tallest_Tree_climb_f_cm_np1_ba_med_0.avi*6
climb_stairs/Bruno_Walks_up_Stairs_-_Chicago_Dog_Training_-_We_can_teach_ANYTHING_to_a_dog!!!!_climb_stairs_f_cm_np1_fr_med_2.avi*5
talk/Fellowship_2_talk_h_nm_np1_fr_bad_6.avi*46
talk/prelinger_ControlY1950_talk_h_nm_np1_ri_goo_16.avi*46
sit/The_House_on_Haunted_Hill_sit_u_cm_np1_fr_med_17.avi*37
walk/Veoh_Alpha_Dog_2_walk_f_nm_np4_fr_med_16.avi*49
handstand/Tiago_andando_com_as_maos_no_TG_handstand_f_cm_np1_fr_bad_0.avi*16
hug/Calins_gratuits_a_Paris_-_Free_Hugs_France_-_version_longue_hug_u_cm_np2_le_med_23.avi*18
fall_floor/TheBoondockSaints_fall_floor_h_cm_np1_ri_bad_117.avi*12
walk/American_History_X_walk_f_cm_np1_ri_med_12.avi*49
punch/BoxingTipsHowtoMakeKnucklesStronger_punch_u_nm_np1_ri_goo_0.avi*27
pour/Kamikaze_Martini_Coctail_pour_u_nm_np1_fr_med_0.avi*25
climb_stairs/Empire_State_Building_Run-Up_climb_stairs_f_cm_np1_fr_med_0.avi*5
golf/9_Iron_From_160_Yards_golf_f_cm_np1_ri_goo_0.avi*15
catch/Ballfangen_catch_u_cm_np1_fr_goo_1.avi*2
brush_hair/indianrapunzels_com---silky_long_hair_brushing_brush_hair_u_cm_np2_ri_goo_1.avi*0
shoot_bow/Fellowship_7_shoot_bow_h_nm_np1_fr_goo_10.avi*35
shake_hands/Obama_and_Chavez_shaking_hands_shake_hands_u_cm_np2_fr_med_0.avi*33
walk/Hitch_Part_2_walk_u_cm_np1_fr_med_10.avi*49
walk/AmericanGangster_walk_u_cm_np1_ri_med_24.avi*49
smile/YouTube_smiles!_smile_h_nm_np1_fr_goo_29.avi*39
fall_floor/THE_PROTECTOR_fall_floor_f_nm_np1_ba_bad_65.avi*12
run/The_Fugitive_5_run_f_cm_np2_ri_med_2.avi*32
sit/Crash_sit_u_cm_np1_ri_med_22.avi*37
smile/prelinger_LetsPlay1949_smile_u_nm_np1_fr_med_24.avi*39
smoke/After_work_smoke_in_the_garage_smoke_h_nm_np1_fr_med_2.avi*40
walk/SweeneyTodd_walk_f_cm_np1_fr_bad_25.avi*49
walk/TrumanShow_walk_f_cm_np1_fr_med_24.avi*49
walk/NOVA_ELEGANTUNIVERSE1_walk_u_nm_np1_ba_med_0.avi*49
dribble/Explosive_Guard_Dribbling_Basketball_Workout_(Jason_Otter)_dribble_f_cm_np1_ri_med_4.avi*9
run/TrumanShow_run_f_cm_np1_le_med_3.avi*32
pick/NH_open_carry_litter_pickup_spurs_stunning_encountrs__1_of_2_pick_f_cm_np1_fr_med_0.avi*24
wave/Newall_Green_High_Students_Waving_Goodbye_wave_u_cm_np1_fr_med_0.avi*50
run/TheLastManOnearth_run_f_cm_np1_ba_med_45.avi*32
fall_floor/The_Matrix_6_fall_floor_f_nm_np1_ba_bad_0.avi*12
cartwheel/Sabine_en_Lieke_Turnen_3_cartwheel_f_cm_np2_fr_med_0.avi*1
hug/d173_graveyard_call_price_giving_ceremony_hug_f_cm_np2_ba_med_1.avi*18
kick/American_History_X_kick_f_nm_np1_le_bad_37.avi*21
somersault/Learn_Freerunning_and_Parkour_-_Diving_Roll_somersault_f_nm_np1_fr_bad_3.avi*41
walk/LivefreeorDieHard_walk_u_cm_np1_ba_med_0.avi*49
pick/Derren_Brown_-_Abondoned_Wallet_Trick_pick_f_cm_np1_le_med_0.avi*24
climb/DM_Sportklettern_2006-_Video_Qualifikation_-_Julia_Winter_climb_f_cm_np1_ba_med_0.avi*6
hit/schrank_kaput_geschlagen_hit_u_cm_np1_ba_bad_1.avi*17
dribble/World_Record_Basketball_Dribbler_dribble_f_cm_np1_fr_med_0.avi*9
turn/TheBoondockSaints_turn_f_nm_np1_le_med_22.avi*48
turn/TheRoyalTenenbaums_turn_h_nm_np1_ba_goo_0.avi*48
eat/NoCountryForOldMen_eat_u_nm_np1_fr_med_2.avi*11
handstand/Handstand_Training_handstand_f_cm_np1_le_goo_2.avi*16
dribble/JordanWorld_sbest6yearoldBaller_dribble_f_cm_np1_fr_med_3.avi*9
pullup/Metaphysics_Pull_up_specialist_pullup_u_cm_np1_ba_med_0.avi*26
stand/Fellowship_3_stand_f_cm_np1_fr_bad_2.avi*42
smoke/smoking_smoking_-_tricks!_smoke_h_nm_np1_fr_goo_0.avi*40
pick/Wallet_Trick_pick_f_cm_np2_fr_bad_1.avi*24
flic_flac/Turnen_Training_flick_flack_salto_gymnastics_backhandspring_backtuck_flic_flac_f_cm_np1_fr_bad_2.avi*14
dive/Bungee_Jumping_in_Switzerland_-__Compilation_Part_2_dive_f_cm_np1_fr_bad_1.avi*7
draw_sword/Drawing_and_Resheathing_the_Japanese_Sword_draw_sword_u_nm_np1_le_med_0.avi*8
cartwheel/(Rad)Schlag_die_Bank!_cartwheel_f_cm_np1_le_med_0.avi*1
walk/CastAway2_walk_f_cm_np1_fr_med_3.avi*49
hit/When_It_s_Nice_Out_hit_f_cm_np1_fr_bad_3.avi*17
jump/NOVA_ELEGANTUNIVERSE1_jump_f_nm_np1_le_bad_4.avi*19
walk/50_FIRST_DATES_walk_f_cm_np1_le_med_33.avi*49
kick/THE_PROTECTOR_kick_f_cm_np1_fr_med_52.avi*21
climb/SafeInPort_climb_f_nm_np1_ba_med_0.avi*6
cartwheel/Cartwheel_Competition_cartwheel_f_cm_np1_ri_med_3.avi*1
run/AmericanGangster_run_f_cm_np1_le_med_18.avi*32
chew/AMADEUS_chew_h_nm_np1_fr_goo_7.avi*3
eat/MeettheParents_eat_h_nm_np1_fr_goo_3.avi*11
walk/TheBoondockSaints_walk_u_cm_np2_fr_bad_106.avi*49
stand/KUNG_FU_HUSTLE_stand_u_cm_np1_fr_med_34.avi*42
kick_ball/Dhan_Dhana_Dhan_Goal_(2007)_w__Eng_Sub_-_Watch_Online_-_4_16_kick_ball_f_cm_np1_ri_goo_0.avi*20
ride_bike/Bicycle_Tips_ride_bike_f_cm_np1_ba_med_1.avi*30
laugh/Can_t_stop_laughing_laugh_u_cm_np1_fr_goo_2.avi*23
stand/GoneBabyGone_stand_f_cm_np1_fr_med_0.avi*42
somersault/Bodenk_r_somersault_f_cm_np1_le_med_0.avi*41
fencing/Redrock_Fencing_Club_Stab_N_Grab_Week_9_fencing_f_cm_np2_ri_bad_5.avi*13
draw_sword/IAIDO_-_Training_TV-Bericht_10_2008_draw_sword_f_cm_np4_le_med_3.avi*8
wave/CharlieAndTheChocolateFactory_wave_u_nm_np1_fr_bad_1.avi*50
fencing/The_Scarlet_Pimpernel_-_duel_fencing_f_cm_np2_ba_goo_1.avi*13
situp/Army_situp_video_for_ROTC_cadets_situp_f_cm_np1_le_med_1.avi*38
eat/Return_of_the_King_1_eat_h_nm_np1_fr_goo_1.avi*11
kiss/TVs_Best_Kisses_Top_50-_(40_to_31)_kiss_h_nm_np2_le_med_4.avi*22
stand/Glory_stand_u_cm_np1_fr_bad_20.avi*42
smile/Re-_Re-_Show_your_Smile!_smile_h_nm_np1_fr_med_0.avi*39
walk/AMADEUS_walk_f_nm_np1_ba_med_9.avi*49
walk/TheBoondockSaints_walk_f_cm_np2_fr_med_52.avi*49
hit/Mac_Smashing_hit_f_cm_np1_ri_bad_0.avi*17
pour/Rum_Mixed_Drinks-_Part_4_-_How_to_Make_the_Cuba_Libre_Mixed_Drink_pour_u_nm_np1_fr_goo_1.avi*25
eat/WeddingCrashers_eat_h_nm_np1_fr_goo_12.avi*11
shake_hands/Hand_Shake_Guy_shake_hands_u_nm_np2_le_med_2.avi*33
pullup/10_Pull_Ups_pullup_f_nm_np1_fr_goo_2.avi*26
golf/Ben_Hogan_Swing_golf_f_nm_np1_ri_med_2.avi*15
hug/Calins_gratuits_a_Paris_-_Free_Hugs_France_-_version_longue_hug_f_cm_np2_le_med_20.avi*18
walk/preparationoffoods256kb_walk_f_cm_np1_ri_med_1.avi*49
shoot_bow/ParkKyungMo_shoot_bow_f_cm_np2_fr_med_0.avi*35
pick/Fishing_For_People_pick_f_cm_np2_le_med_4.avi*24
talk/jonhs_netfreemovies_holygrail_talk_h_cm_np1_ri_med_14.avi*46
kiss/BestKisses_kiss_h_nm_np2_le_med_3.avi*22
stand/Narcotic1967256kb_stand_f_cm_np1_le_med_1.avi*42
sword/Fechten_mit_dem_langen_Schwert_sword_f_cm_np2_le_med_6.avi*45
climb_stairs/Jerry_Lewis_Cinderfella_dance_climb_stairs_f_nm_np1_fr_med_2.avi*5
walk/AmericanGangster_walk_u_cm_np1_le_bad_48.avi*49
walk/Oceans12_walk_f_cm_np1_fr_med_12.avi*49
shoot_ball/ReggieMillerTakesonThreeAverageGuysinaShootout_shoot_ball_u_nm_np1_ba_med_18.avi*34
stand/EVOLUTION_stand_u_cm_np1_fr_med_6.avi*42
smile/YouTube_smiles!_smile_h_nm_np1_fr_bad_27.avi*39
hit/Mac_Smashing_hit_f_cm_np1_le_bad_2.avi*17
stand/TheBoondockSaints_stand_u_cm_np1_fr_med_19.avi*42
kick/kick__bruce_lee_v_s_japanese_kick_f_cm_np1_ba_bad_14.avi*21
walk/TheBoondockSaints_walk_f_cm_np2_ba_bad_18.avi*49
handstand/Zwei_hoffnungslose_Pflegef_lle_beim_Turnen(Part1)_handstand_f_cm_np1_ri_bad_0.avi*16
laugh/American_History_X_laugh_h_nm_np1_fr_med_14.avi*23
clap/NotAnotherTeenMovieslowclap_clap_u_cm_np5_fr_med_3.avi*4
chew/Wanda_Su_and_niece__T__blowing_bubbles_chew_u_nm_np2_le_med_3.avi*3
walk/The_Fugitive_3_walk_f_cm_np1_fr_med_8.avi*49
shake_hands/Hand_Shake_Guy_shake_hands_u_nm_np2_le_med_1.avi*33
ride_horse/CrossCountry_ride_horse_f_cm_np1_le_med_5.avi*31
sword_exercise/Eishin-Ryu_Iaido_sword_exercise_f_cm_np1_fr_bad_11.avi*44
climb/Return_of_the_King_4_climb_f_cm_np1_ba_med_3.avi*6
run/LittleChildren_run_f_cm_np1_ba_med_1.avi*32
cartwheel/Bodenturnen_cartwheel_f_cm_np1_le_med_3.avi*1
clap/#20_Rhythm_clap_u_nm_np1_fr_goo_1.avi*4
fall_floor/KUNG_FU_HUSTLE_fall_floor_f_nm_np1_le_med_13.avi*12
walk/jonhs_netfreemovies_holygrail_walk_f_nm_np2_fr_med_20.avi*49
cartwheel/anna_turnen_cartwheel_f_cm_np1_le_bad_0.avi*1
drink/Gattaca_drink_h_cm_np1_fr_goo_2.avi*10
cartwheel/Ein_guter_Radschlag_cartwheel_f_nm_np1_le_med_2.avi*1
walk/TheBoondockSaints_walk_f_cm_np2_fr_med_7.avi*49
catch/Finding_Forrester_3_catch_u_cm_np1_fr_goo_11.avi*2
flic_flac/Flick_Flack_Session__ber_den_Hauptmark_Trier_flic_flac_f_cm_np1_fr_bad_0.avi*14
situp/Sit_ups_and_crunch_situp_f_nm_np1_le_goo_2.avi*38
fencing/Scaramouche__1952_fencing_u_cm_np2_fr_goo_1.avi*13
climb_stairs/Empire_State_Building_Run-Up_climb_stairs_f_cm_np1_ba_med_1.avi*5
situp/How_to_Do_Proper_Situps_situp_f_cm_np1_le_goo_1.avi*38
sword/Blood_And_Bone_(sword_fight_Scene)_sword_f_nm_np2_ri_med_1.avi*45
draw_sword/Tatehiza_draw_sword_f_nm_np1_fr_med_2.avi*8
walk/likebeckam_walk_f_nm_np1_ba_med_9.avi*49
turn/eddieizzardcircle_turn_f_nm_np1_ri_med_6.avi*48
fall_floor/THE_PROTECTOR_fall_floor_f_cm_np1_fr_med_55.avi*12
climb/Sarah_und_die_Kletterwand_climb_f_cm_np1_ri_bad_0.avi*6
dribble/Basketball_Dribbling_-_Basketball_Dribbling-_Practice_With_Tennis_Balls_dribble_f_cm_np1_le_med_1.avi*9
smoke/Raucher_Antiraucher_Werbung_smoke_h_cm_np1_fr_goo_2.avi*40
fencing/AHF_Rapier_fencing_f_cm_np2_ri_bad_4.avi*13
dribble/Explosive_Guard_Dribbling_Basketball_Workout_(Jason_Otter)_dribble_f_cm_np1_ba_med_3.avi*9
walk/OldSchool_walk_f_cm_np1_le_med_1.avi*49
walk/CharlieAndTheChocolateFactory_walk_f_cm_np1_fr_med_9.avi*49
kiss/BestKisses_kiss_h_cm_np2_fr_goo_7.avi*22
talk/Prelinger_FamilyLi1949_talk_h_nm_np1_fr_med_1.avi*46
smile/prelinger_LetsPlay1949_smile_h_nm_np1_le_goo_25.avi*39
climb/Mexican_Climbing_Fence_climb_f_cm_np1_ba_med_2.avi*6
kiss/BestKisses_kiss_h_cm_np2_ri_goo_14.avi*22
kick_ball/Banned_Commercials_-_Nike_-_Soccer_vs_ninjas_kick_ball_f_nm_np1_fr_goo_1.avi*20
sword/Duncan_Macleod_&_Amanda_Soulmates_Part_2_sword_u_cm_np2_le_med_1.avi*45
dribble/Basketball_Dribbling_Tips_dribble_f_cm_np1_fr_med_0.avi*9
walk/happy_go_lovely_walk_f_cm_np1_fr_med_5.avi*49
run/HP_PRISONER_OF_AZKABAN_run_f_cm_np2_fr_med_26.avi*32
shoot_ball/ImprovingBasketballSkills-BasketballTeardropJumpShot_shoot_ball_f_nm_np1_ba_med_0.avi*34
walk/A_Beautiful_Mind_6_walk_u_cm_np2_fr_med_9.avi*49
turn/LittleChildren_turn_f_nm_np1_ri_med_0.avi*48
pick/Die_Pfandpiraten_Doku_pick_f_cm_np1_ba_med_2.avi*24
run/Wayne_Rooney_At_Home_Funny_Must_See_run_f_cm_np1_le_med_3.avi*32
laugh/Skype_Laughter_by_Hungary_laugh_h_nm_np2_fr_goo_1.avi*23
hug/Free_Hugs_-_Medellin_hug_f_cm_np2_le_med_2.avi*18
sit/Prelinger_HabitPat1954_sit_u_cm_np1_le_med_8.avi*37
draw_sword/Iaido_13_katas_draw_sword_f_nm_np1_fr_med_9.avi*8
sit/TheLastManOnearth_sit_u_nm_np1_ri_med_5.avi*37
drink/RETURN_OF_THE_KING_drink_u_cm_np2_fr_goo_2.avi*10
situp/Excercise_Demo_-_Proper_Sit-up_situp_f_nm_np1_ri_goo_1.avi*38
clap/The_Slow_Clap_clap_u_nm_np1_fr_med_13.avi*4
jump/THE_PROTECTOR_jump_f_nm_np1_fr_bad_95.avi*19
sword/Kendo_sword_f_nm_np1_fr_bad_4.avi*45
kick_ball/Mean_Machine_2001_(Part_10)_kick_ball_l_cm_np2_ri_med_0.avi*20
walk/A_Beautiful_Mind_2_walk_f_cm_np2_fr_bad_8.avi*49
walk/20060723sfjffbitemebaby_walk_u_nm_np1_fr_med_0.avi*49
chew/Gum_Chewing_Girl_chew_h_nm_np1_fr_med_1.avi*3
pullup/Proper_Way_to_Do_Pull_Ups_pullup_f_nm_np1_ri_goo_0.avi*26
shake_hands/Emma_2008_Eurofinals_-_prize_giving_ceremony_Team_Pioneer_members_divx_shake_hands_u_cm_np2_le_med_4.avi*33
swing_baseball/Hittingadouble(BXbaseball)_swing_baseball_f_nm_np1_ba_bad_3.avi*43
fencing/Duel_with_Rapiers_fencing_f_cm_np2_ri_bad_0.avi*13
ride_horse/ChampagneRunattheParkHT_ride_horse_f_cm_np1_ri_med_1.avi*31
ride_horse/CrossCountry_ride_horse_l_cm_np1_ri_med_7.avi*31
sword_exercise/Sword_and_Targe_Solo_Exercises_sword_exercise_f_cm_np1_ba_med_2.avi*44
shoot_ball/AdamandAlvonplayingbasketball1_shoot_ball_f_cm_np1_le_med_10.avi*34
walk/CasinoRoyale_walk_f_nm_np1_ba_bad_5.avi*49
clap/The_Slow_Clap_clap_u_cm_np2_fr_bad_18.avi*4
fall_floor/Prelinger_ActYourA1949_fall_floor_f_cm_np1_ri_med_11.avi*12
talk/Fellowship_6_talk_h_nm_np1_fr_goo_12.avi*46
handstand/Outdoor-Turnen_handstand_f_cm_np1_fr_med_0.avi*16
run/HP_PRISONER_OF_AZKABAN_run_f_cm_np1_ri_bad_32.avi*32
pullup/Arnold_Schwarzenegger_pull_ups_pullup_u_cm_np1_fr_bad_2.avi*26
shoot_ball/3PointJumpShotPractice-09_21_07_shoot_ball_f_nm_np1_ri_med_4.avi*34
kick_ball/Goal_1_&_2_kick_ball_f_cm_np3_ri_med_3.avi*20
walk/Two_Towers_5_walk_f_nm_np1_fr_bad_1.avi*49
shake_hands/Speech_Day_2009_(Part_9)_shake_hands_f_nm_np2_le_med_0.avi*33
push/Neil_pushing_wagon_push_f_cm_np1_le_bad_2.avi*28
punch/THE_PROTECTOR_punch_u_cm_np1_fr_med_7.avi*27
walk/CastAway1_walk_f_cm_np1_ri_med_13.avi*49
jump/DONNIE_DARKO_jump_f_nm_np1_ri_bad_6.avi*19
walk/RushHour2_walk_u_cm_np2_ri_med_5.avi*49
sword_exercise/Eishin-Ryu_Iaido_sword_exercise_f_cm_np1_ri_bad_3.avi*44
eat/BIG_FISH_eat_h_nm_np1_ri_goo_30.avi*11
handstand/SAFE_NO-WALL_HANDSTAND_ESCAPE_PLAN_handstand_f_nm_np1_ri_med_0.avi*16
throw/KUNG_FU_HUSTLE_throw_u_cm_np1_fr_med_1.avi*47
walk/CastAway1_walk_f_nm_np1_fr_med_12.avi*49
kick_ball/metacafe_coolsoccer_kick_ball_f_nm_np1_ba_bad_5.avi*20
shoot_gun/FirearmsTraining_shoot_gun_f_nm_np1_ri_med_7.avi*36
sit/Finding_Forrester_1_sit_u_cm_np1_le_med_9.avi*37
run/THE_PROTECTOR_run_f_cm_np1_ba_med_28.avi*32
walk/TheBoondockSaints_walk_u_cm_np1_ri_med_26.avi*49
sit/Panic_in_the_Streets_sit_f_nm_np1_le_med_7.avi*37
stand/happy_go_lovely_stand_u_nm_np1_ri_bad_8.avi*42
catch/Torwarttraining_catch_f_cm_np1_le_bad_5.avi*2
walk/prelinger_LetsBeGo1953_walk_f_nm_np1_ba_med_1.avi*49
kick_ball/The_Monk_Best_Bits_2_kick_ball_f_cm_np2_ri_med_2.avi*20
run/20060723sfjffangelina_run_f_nm_np1_ri_med_1.avi*32
laugh/Best_Of_Skype_Laughter_Chain_laugh_h_nm_np1_fr_med_11.avi*23
walk/CharlieAndTheChocolateFactory_walk_f_cm_np1_fr_med_13.avi*49
hit/TV_Recycling_hit_f_cm_np1_le_bad_3.avi*17
kiss/BestKisses_kiss_u_cm_np2_le_goo_18.avi*22
turn/Oceans13_turn_u_nm_np1_ba_med_8.avi*48
drink/20060723sfjffsomelikeitwarmed_drink_f_nm_np1_fr_med_5.avi*10
walk/AmericanGangster_walk_f_cm_np1_fr_med_58.avi*49
flic_flac/Acrobacias_de_un_fenomeno_flic_flac_f_cm_np1_fr_bad_2.avi*14
swing_baseball/The_Matrix_Revolutions_3_swing_baseball_u_nm_np1_fr_bad_0.avi*43
cartwheel/Bodenturnen_2004_cartwheel_f_cm_np1_ri_med_2.avi*1
drink/SocialSeminarChanging_drink_h_cm_np1_fr_med_0.avi*10
hug/Calins_gratuits_a_Paris_-_Free_Hugs_France_-_version_longue_hug_u_cm_np2_le_med_14.avi*18
throw/BaseballPitchingtarget_BaseballPitchingCage_throw_u_nm_np1_ba_med_0.avi*47
punch/The_Matrix_Revolutions_6_punch_u_nm_np1_le_med_5.avi*27
draw_sword/Fight_Science_-_Shinkendo_draw_sword_f_cm_np1_fr_med_1.avi*8
walk/OldSchool_walk_f_nm_np1_fr_med_2.avi*49
pick/Dollar_Prank_at_Wally_World_pick_f_nm_np1_le_med_2.avi*24
jump/Le_Parkour_TVCA_esporte_jump_f_cm_np1_fr_bad_1.avi*19
shoot_gun/TanyaShooting_shoot_gun_u_cm_np1_ri_med_2.avi*36
kick/THE_PROTECTOR_kick_f_nm_np1_ba_bad_22.avi*21
walk/AgentCodyBanks_walk_u_nm_np1_ba_med_0.avi*49
somersault/Philli_beim_Bodenturnen_somersault_f_cm_np1_ri_bad_3.avi*41
pour/Spectacular_tea_pouring_pour_u_cm_np1_ri_med_2.avi*25
somersault/Bodenk_r_somersault_f_cm_np1_le_med_3.avi*41
run/metacafe_coolsoccer_run_f_cm_np1_ba_med_1.avi*32
punch/PracticingBoxingonaDoubleEndBag-LeadRightwithaHook_punch_u_nm_np1_fr_med_8.avi*27
walk/Crash_walk_f_nm_np1_fr_med_29.avi*49
flic_flac/Bodenturnen_2004_flic_flac_f_cm_np1_ri_med_1.avi*14
shake_hands/qane_e_Boyko_Borisov_shake_hands_f_cm_np2_le_med_0.avi*33
dive/GoalKeeper_Training_2_dive_f_cm_np1_le_bad_8.avi*7
shoot_gun/FirearmsTraining_shoot_gun_u_cm_np1_ba_med_5.avi*36
situp/Abs__Situps__Crunches_situp_u_nm_np3_ri_goo_5.avi*38
jump/Le_Parkour_TVCA_esporte_jump_f_cm_np1_le_bad_2.avi*19
catch/Torwarttraining_catch_u_cm_np1_ri_med_0.avi*2
throw/Compilationknifethrowing_throw_u_nm_np1_ba_med_2.avi*47
shoot_bow/techniquefrontshot_shoot_bow_u_cm_np1_fr_med_0.avi*35
push/Cross_Pushing_Table_push_f_cm_np1_ri_bad_4.avi*28
drink/Juno_drink_h_nm_np1_fr_goo_0.avi*10
throw/Compilationknifethrowing_throw_u_nm_np1_ba_med_16.avi*47
eat/IamLegend_eat_u_nm_np1_ri_med_2.avi*11
pick/Flaschenrolf_auf_Tour_pick_f_cm_np1_ba_bad_0.avi*24
walk/IamLegend_walk_f_nm_np1_fr_med_10.avi*49
fall_floor/TheLittleShopofHorrors_fall_floor_u_cm_np1_ri_med_10.avi*12
talk/Prelinger_FamilyLi1949_talk_h_nm_np1_le_goo_22.avi*46
walk/50_FIRST_DATES_walk_f_cm_np1_le_med_28.avi*49
walk/Veoh_Alpha_Dog_2_walk_f_cm_np1_ri_med_25.avi*49
laugh/Best_Of_Skype_Laughter_Chain_laugh_h_nm_np4_fr_bad_28.avi*23
run/THE_PROTECTOR_run_f_cm_np1_ba_med_44.avi*32
walk/BIG_FISH_walk_f_nm_np1_ri_med_31.avi*49
brush_hair/Aussie_Brunette_Brushing_Hair_II_brush_hair_u_nm_np2_le_med_2.avi*0
wave/Maya_beim_Winken_wave_f_cm_np1_fr_med_2.avi*50
dribble/How_to_Play_Professional_Basketball_-_The_Two_Dribble_Basketball_Drill_dribble_f_cm_np1_le_med_8.avi*9
shoot_ball/ImprovingBasketballSkills-BasketballNBA3-PointShots_shoot_ball_f_nm_np1_ri_med_0.avi*34
walk/HP_PRISONER_OF_AZKABAN_walk_f_nm_np1_fr_med_7.avi*49
walk/Juno_walk_f_cm_np1_fr_med_8.avi*49
walk/TheBoondockSaints_walk_u_cm_np1_fr_bad_92.avi*49
walk/AgentCodyBanks_walk_f_nm_np1_ri_med_16.avi*49
handstand/So_turnt_man_richtig!!!_handstand_f_nm_np1_fr_med_3.avi*16
walk/TheLastManOnearth_walk_f_cm_np1_ri_med_15.avi*49
walk/Crash_walk_f_cm_np1_le_med_2.avi*49
push/Alexander_pushing_the_table_push_f_cm_np1_le_bad_0.avi*28
sword/Medieval_sword_fight_sword_f_cm_np2_ba_med_3.avi*45
fencing/The_Avengers__Ralph_Fiennes__fencing_scene_fencing_u_cm_np2_fr_med_1.avi*13
talk/prelinger_LetsPlay1949_talk_u_nm_np1_fr_med_20.avi*46
walk/TheLastManOnearth_walk_u_cm_np1_ri_med_10.avi*49
pullup/Perfect_Pull_Up_-_How_To_Do_Pull_Ups_pullup_u_cm_np1_fr_goo_0.avi*26
fall_floor/THE_PROTECTOR_fall_floor_f_nm_np1_le_bad_2.avi*12
climb/(HQ)_Rock_Climbing_-_Free_Solo_Speed_Climb_-_Dan_Osman_climb_f_cm_np1_ba_med_0.avi*6
walk/Two_Towers_6_walk_u_cm_np1_fr_med_0.avi*49
shoot_ball/Clay_sBasketballSkillz_shoot_ball_f_nm_np1_ba_med_15.avi*34
swing_baseball/VenomSwingIceman_swing_baseball_f_cm_np1_fr_bad_0.avi*43
handstand/Outdoor-Turnen_handstand_f_cm_np1_ba_med_1.avi*16
dribble/Sibu_Malaysia_Vacation_little_brother_dribbling_basketball_Sarawak_dribble_f_cm_np1_ba_med_6.avi*9
talk/Prelinger_FamilyLi1949_talk_u_nm_np1_le_med_4.avi*46
fencing/Stage_Combat_Rapier_and_Dagger_fencing_f_cm_np2_le_bad_1.avi*13
flic_flac/anna_turnen_flic_flac_f_cm_np1_ri_bad_1.avi*14
stand/HP_PRISONER_OF_AZKABAN_stand_f_cm_np1_fr_med_4.avi*42
dive/50_FIRST_DATES_dive_f_cm_np1_ri_bad_35.avi*7
throw/Faith_Rewarded_throw_f_nm_np1_ba_bad_79.avi*47
swing_baseball/Faith_Rewarded_swing_baseball_f_nm_np1_le_med_30.avi*43
sword_exercise/Sword_and_Targe_Solo_Exercises_sword_exercise_f_cm_np1_le_med_0.avi*44
stand/happy_go_lovely_stand_f_cm_np1_fr_med_19.avi*42
run/Two_Towers_1_run_f_cm_np3_ba_bad_2.avi*32
walk/Crash_walk_f_nm_np1_ba_med_14.avi*49
laugh/LAUGHiNG_GiRL_1_laugh_h_cm_np2_le_med_1.avi*23
kiss/Best_Kisses_in_TV_Movies_1_3_kiss_u_nm_np2_le_goo_3.avi*22
fall_floor/KUNG_FU_HUSTLE_fall_floor_u_cm_np1_fr_med_8.avi*12
kick_ball/FIFA_11_Gamescom-Trailer_kick_ball_f_cm_np1_ba_med_3.avi*20
walk/MeettheParents_walk_u_cm_np1_fr_med_9.avi*49
draw_sword/Master_Pena_Iaido_Katas_draw_sword_f_nm_np1_fr_med_0.avi*8
walk/IamLegend_walk_f_nm_np1_ba_med_4.avi*49
kiss/Best_Kisses_in_TV_Movies_1_3_kiss_h_nm_np2_le_goo_2.avi*22
wave/Maya_beim_Winken_wave_f_cm_np1_fr_med_1.avi*50
handstand/Rush_Hour_4_Turnk_r_handstand_f_cm_np2_le_med_2.avi*16
shake_hands/Emma_2008_Eurofinals_-_prize_giving_ceremony_Team_Pioneer_members_divx_shake_hands_f_cm_np2_le_med_9.avi*33
walk/TheLittleShopofHorrors_walk_f_cm_np1_fr_med_12.avi*49
smile/YouTube_smiles!_smile_h_nm_np1_fr_med_19.avi*39
climb_stairs/Intense_Cardio_Session-_Stairs_climb_stairs_f_cm_np1_ba_med_1.avi*5
ride_horse/HorseRiding_ride_horse_f_cm_np1_ri_med_3.avi*31
talk/Prelinger_HabitPat1954_talk_u_nm_np1_fr_med_22.avi*46
kick/THE_PROTECTOR_kick_f_cm_np1_ri_med_54.avi*21
drink/Return_of_the_King_2_drink_u_nm_np2_fr_goo_1.avi*10
laugh/Italian_Job_1_laugh_h_nm_np1_fr_bad_1.avi*23
drink/EasternPromises_drink_u_nm_np2_fr_goo_1.avi*10
fall_floor/Fellowship_7_fall_floor_f_cm_np1_ba_med_2.avi*12
cartwheel/Ein_guter_Radschlag_cartwheel_f_nm_np1_ba_med_3.avi*1
handstand/handstand_sandy_handstand_f_cm_np1_fr_med_1.avi*16
somersault/Sport_LK_Bodenturnk_r_somersault_f_cm_np3_ba_bad_0.avi*41
fall_floor/American_History_X_fall_floor_f_cm_np1_le_bad_1.avi*12
kick/kick__bruce_lee_v_s_japanese_kick_u_cm_np1_le_bad_16.avi*21
smoke/Sara_beim_Rauchen_-_Volume_3_smoke_h_cm_np1_fr_med_0.avi*40
situp/crazy_105_sit-ups_situp_f_cm_np2_le_med_2.avi*38
pour/How_To_Pour_Ice_Tea_pour_u_nm_np1_fr_med_2.avi*25
ride_horse/Glory_ride_horse_f_nm_np3_fr_bad_1.avi*31
pushup/65_year_old_iron_man_doing_1000_Push_ups_pushup_f_cm_np1_le_goo_0.avi*29
clap/Kurt_Kr_mer_-_Klatschen_im_Flugzeug_clap_u_cm_np1_ri_med_5.avi*4
situp/How_to_get_a_six_pack_in_3minutes_EXPLOSIVE_RESULTS_IN_YOUR_4_WEEKS_situp_f_nm_np1_ri_med_0.avi*38
shake_hands/Inter-forum_futsal_tournament__prize_giving_ceremony_shake_hands_u_cm_np2_le_med_1.avi*33
walk/TheLittleShopofHorrors_walk_u_cm_np1_fr_med_0.avi*49
wave/L_cheln_Und_Winken_wave_h_cm_np1_fr_med_0.avi*50
dive/BASE_Jumping_Compilation_-_Brilliant_dive_f_cm_np1_le_bad_1.avi*7
smoke/more_smoking_smoke_h_cm_np1_ri_med_1.avi*40
smile/YouTube_smiles!_smile_h_cm_np1_fr_bad_5.avi*39
pour/Cachaca_cocktails_pour_u_nm_np1_fr_med_0.avi*25
somersault/Dive_and_roll_compilation_(Parkour)_somersault_f_cm_np1_le_bad_7.avi*41
walk/TheLastManOnearth_walk_u_nm_np1_fr_med_55.avi*49
chew/Scott_Can_t_Make_His_Bubblegum_Pop_chew_h_nm_np1_fr_med_0.avi*3
turn/OldSchool_turn_f_cm_np1_ba_med_16.avi*48
shake_hands/Emma_2008_Eurofinals_-_prize_giving_ceremony_Team_Pioneer_members_divx_shake_hands_u_cm_np2_le_med_6.avi*33
dive/Dive_Roll_dive_f_cm_np1_le_bad_1.avi*7
talk/The_Fugitive_6_talk_h_nm_np1_fr_goo_3.avi*46
turn/The_Fugitive_2_turn_h_nm_np1_le_goo_3.avi*48
swing_baseball/practicingmybaseballswing2009_swing_baseball_f_cm_np1_fr_med_16.avi*43
kiss/TVs_Best_Kisses_Top_50-_(40_to_31)_kiss_u_nm_np2_le_goo_11.avi*22
ride_bike/Fahrrad_fahren_ride_bike_f_cm_np2_le_med_0.avi*30
dribble/AdamandAlvonplayingbasketball1_dribble_f_cm_np1_ba_med_12.avi*9
throw/Faith_Rewarded_throw_f_cm_np1_fr_bad_14.avi*47
draw_sword/Iaido_draw_sword_f_cm_np2_ri_med_0.avi*8
shoot_bow/TurkishBowDrOzveri_shoot_bow_u_cm_np1_fr_med_2.avi*35
talk/Pirates_1_talk_u_nm_np1_fr_med_6.avi*46
shake_hands/CSU_Cesar_Chavez_Day_Celebration_and_Award_Ceremony_2009_Part_7_shake_hands_f_nm_np2_le_med_1.avi*33
flic_flac/6_Flick_Flacks_flic_flac_f_cm_np1_ri_med_1.avi*14
swing_baseball/longhomerunhomerunswingslowmotion_swing_baseball_f_cm_np1_ba_bad_0.avi*43
walk/50_FIRST_DATES_walk_f_cm_np1_ri_med_31.avi*49
kick/50_FIRST_DATES_kick_f_cm_np1_ba_med_19.avi*21
pick/NH_gun_owners_react_to_detention_with_armed_litter_pickup_pick_u_cm_np1_ba_med_2.avi*24
walk/TheBigBangS01E02TheBigBranHypothesis_walk_f_nm_np1_le_med_3.avi*49
pour/Traditional_Chinese_Tea_Ceremony_(Chinese)_pour_u_cm_np1_fr_med_2.avi*25
climb/rope_climbing_climb_f_nm_np1_ba_med_1.avi*6
laugh/Charlie_Can_t_Stop_Laughing_laugh_u_cm_np1_fr_goo_1.avi*23
pushup/Chest_Muscle_Group_(for_sexy_arms__shoulders__back_and_abs!)_pushup_u_nm_np1_le_goo_0.avi*29
golf/rory_hie_high_school__now_USC_golf_f_nm_np1_ri_goo_0.avi*15
sword_exercise/samurai_training_sword_exercise_f_cm_np1_fr_med_12.avi*44
drink/RATRACE_drink_u_cm_np1_fr_goo_31.avi*10
walk/BIG_FISH_walk_f_nm_np1_fr_med_29.avi*49
turn/WeddingCrashers_turn_h_nm_np1_fr_goo_18.avi*48
punch/PracticingBoxingonaDoubleEndBag-LeadRightwithaHook_punch_u_nm_np1_fr_med_11.avi*27
laugh/Skype_Laughter_Chain_Reaction_laugh_h_cm_np1_fr_goo_2.avi*23
walk/Veoh_Alpha_Dog_1_walk_f_cm_np2_fr_med_56.avi*49
fencing/1899_Hamlet__the_Fencing_Scene_with_Laertes_fencing_f_cm_np2_le_med_0.avi*13
walk/CastAway1_walk_f_nm_np1_ba_med_21.avi*49
walk/The_House_on_Haunted_Hill_walk_f_nm_np1_fr_med_8.avi*49
shoot_ball/AdamandAlvonplayingbasketball1_shoot_ball_u_cm_np1_le_med_0.avi*34
walk/Oceans13_walk_f_cm_np1_fr_med_6.avi*49
kick/THE_PROTECTOR_kick_f_cm_np1_ri_bad_38.avi*21
dribble/Basketball_Dribbling_-_Basketball_Dribbling-_Having_a_Good_Base_dribble_f_nm_np2_le_med_1.avi*9
walk/Panic_in_the_Streets_walk_u_nm_np1_fr_bad_10.avi*49
walk/The_House_on_Haunted_Hill_walk_u_cm_np1_fr_med_14.avi*49
walk/RETURN_OF_THE_KING_walk_f_nm_np1_ba_med_14.avi*49
pullup/Konstantinovs_55_pullups_pullup_u_cm_np1_ri_med_2.avi*26
shoot_ball/LearnToShootFromTheMaster_shoot_ball_f_nm_np1_ba_med_1.avi*34
dribble/How_to_Play_Professional_Basketball_-_The_Two_Dribble_Basketball_Drill_dribble_u_cm_np1_ri_med_2.avi*9
flic_flac/Cati_Flic_Flac_flic_flac_f_cm_np1_ri_med_0.avi*14
walk/KUNG_FU_HUSTLE_walk_f_cm_np1_le_med_6.avi*49
turn/RATRACE_turn_u_nm_np1_ba_med_1.avi*48
dribble/AdamandAlvonplayingbasketball1_dribble_f_cm_np1_le_med_3.avi*9
shake_hands/Sonny_Rollins_Polar_Music__Prize_2007_Award_Ceremony_shake_hands_u_nm_np2_fr_med_1.avi*33
sword/jonhs_netfreemovies_holygrail_sword_u_nm_np2_ba_med_8.avi*45
shoot_ball/3PointJumpShotPractice-09_21_07_shoot_ball_f_nm_np1_ri_med_1.avi*34
pullup/22_Pull-ups_with_Speed_and_Perfect_Form_pullup_f_cm_np1_ba_med_0.avi*26
stand/BLACK_HAWK_DOWN_stand_u_cm_np1_fr_med_6.avi*42
situp/Army_situp_video_for_ROTC_cadets_situp_f_cm_np1_le_med_0.avi*38
dive/GoalKeeper_Training_2_dive_f_cm_np1_ri_bad_3.avi*7
pullup/pull_ups_pullup_u_nm_np1_fr_med_3.avi*26
shoot_gun/FirearmsTraining_shoot_gun_u_nm_np1_ri_med_4.avi*36
eat/HP_PRISONER_OF_AZKABAN_eat_u_cm_np1_fr_goo_9.avi*11
jump/le_parkour_kl_jump_f_nm_np1_le_bad_3.avi*19
cartwheel/jenny_~_rad_cartwheel_f_cm_np1_ri_med_0.avi*1
dive/Bungee_Jump_-_Shit_dive_u_cm_np1_ba_bad_0.avi*7
kiss/Pirates_7_kiss_h_nm_np2_le_med_4.avi*22
sit/Eurotrip_sit_u_nm_np1_fr_goo_2.avi*37
cartwheel/Acrobacias_de_un_fenomeno_cartwheel_f_cm_np1_fr_bad_4.avi*1
shake_hands/Hand_Shake_Guy_shake_hands_f_cm_np2_le_med_5.avi*33
clap/Faith_Rewarded_clap_u_cm_np1_ri_goo_1.avi*4
push/Cross_Pushing_Table_push_u_cm_np1_fr_bad_5.avi*28
chew/lol_im_so_weird___BLOWIN_BUBBLE_GUM__oops_i_burped_at_the_end_my_bad_lol_chew_h_nm_np1_fr_med_2.avi*3
ride_horse/BackBreakingFun_ride_horse_f_cm_np1_le_med_0.avi*31
jump/KUNG_FU_HUSTLE_jump_f_cm_np1_le_bad_56.avi*19
flic_flac/Flick_Flack_flic_flac_f_cm_np1_le_med_0.avi*14
shoot_ball/Finding_Forrester_3_shoot_ball_f_nm_np2_ba_med_9.avi*34
turn/Italian_Job_2_turn_u_nm_np1_ba_med_8.avi*48
shake_hands/bat_boiko_v_zabranena_ljubov_shake_hands_u_cm_np2_le_goo_0.avi*33
throw/Veoh_Alpha_Dog_1_throw_u_nm_np1_ri_med_25.avi*47
laugh/Best_Of_Skype_Laughter_Chain_laugh_h_nm_np1_fr_med_27.avi*23
flic_flac/6fach_Flick_Flack_flic_flac_f_cm_np1_le_med_2.avi*14
turn/Pirates_2_turn_h_cm_np1_fr_goo_2.avi*48
cartwheel/Mirco_turnt_die_5_2_LAD___Schraube_rw_cartwheel_f_cm_np1_ri_med_3.avi*1
eat/ChildrenOfMen_eat_u_cm_np1_fr_med_3.avi*11
dive/BASE_JUMPING_COMPILATION_PART_3_AMAZING!!!!!!!_dive_u_cm_np1_fr_bad_3.avi*7
turn/A_Beautiful_Mind_5_turn_h_cm_np1_fr_goo_9.avi*48
fall_floor/KUNG_FU_HUSTLE_fall_floor_f_cm_np1_ba_med_35.avi*12
turn/Oceans12_turn_u_nm_np1_fr_med_14.avi*48
punch/Glory_punch_u_cm_np1_fr_bad_43.avi*27
run/20060723sfjffinallseriousness_run_u_cm_np1_fr_med_1.avi*32
run/The_Fugitive_5_run_f_cm_np1_fr_med_1.avi*32
push/Trevor_pushing_cart_push_f_cm_np1_ri_bad_2.avi*28
hit/Schnaaper_Crew__Eisbaden_(2007)_hit_f_cm_np1_fr_bad_5.avi*17
smile/Re-_Show_your_Smile!_9_smile_h_nm_np1_fr_med_0.avi*39
walk/50_FIRST_DATES_walk_f_cm_np1_fr_med_26.avi*49
chew/WeddingCrashers_chew_h_nm_np1_fr_goo_6.avi*3
push/Baby_Push_Cart_push_f_cm_np1_ri_bad_2.avi*28
swing_baseball/Faith_Rewarded_swing_baseball_f_nm_np1_ba_bad_60.avi*43
kick/kick__bruce_lee_v_s_japanese_kick_u_cm_np1_ri_bad_8.avi*21
walk/TheLastManOnearth_walk_f_nm_np1_fr_med_21.avi*49
shake_hands/Pittsburgh_Penguins_Awards_Ceremony_2009_shake_hands_u_cm_np2_le_med_0.avi*33
run/MeettheFockers_run_u_nm_np1_fr_med_13.avi*32
clap/My_Lil__Man_clapping_his_Hands_clap_u_nm_np1_fr_goo_0.avi*4
draw_sword/Master_Pena_Iaido_Katas_draw_sword_f_nm_np1_fr_med_1.avi*8
climb/Dan_Osman_-_Speed_rock_climbing_climb_f_cm_np1_le_bad_4.avi*6
drink/BLACK_HAWK_DOWN_drink_u_nm_np1_fr_goo_38.avi*10
walk/IamLegend_walk_f_nm_np1_ri_med_7.avi*49
dribble/Basketball_Dribbling_Tips__2_dribble_f_cm_np1_fr_med_1.avi*9
punch/PracticingBoxingonaDoubleEndBag-LeadRightwithaHook_punch_u_nm_np1_fr_med_12.avi*27
somersault/gimnasia_somersault_f_cm_np1_le_med_2.avi*41
dive/Pirates_1_dive_f_nm_np1_fr_bad_3.avi*7
climb_stairs/I_DO_NOT_Run_Up_Stairs_Like_A_GIRL_climb_stairs_l_cm_np1_ba_med_3.avi*5
pullup/20_Pull_ups_at_160_15_1_2_inch_biceps_(_wide_grip_)_pullup_u_cm_np1_ba_med_0.avi*26
catch/Torwarttraining_catch_f_cm_np1_le_bad_11.avi*2
shoot_ball/WeTheKingsplaying_shoot_ball_u_cm_np1_ba_med_4.avi*34
kiss/BestKisses_kiss_u_cm_np2_le_med_11.avi*22
catch/Torwarttraining_Arminia_Bielefeld_catch_f_cm_np1_le_med_3.avi*2
punch/Two_Towers_6_punch_u_cm_np1_fr_bad_5.avi*27
ride_bike/Tour_de_France_2003_-_Armstrong_attacks_Ullrich_after_Fall_ride_bike_f_cm_np1_ba_med_4.avi*30
eat/preparationoffoods256kb_eat_h_cm_np1_le_goo_0.avi*11
shake_hands/Hand_Shake_Guy_shake_hands_u_nm_np2_le_med_0.avi*33
flic_flac/6fach_Flick_Flack_flic_flac_f_cm_np1_le_med_0.avi*14
kick/RushHour2_kick_l_cm_np1_le_med_2.avi*21
fall_floor/KUNG_FU_HUSTLE_fall_floor_f_cm_np1_ba_bad_21.avi*12
turn/KUNG_FU_HUSTLE_turn_u_cm_np1_ri_med_48.avi*48
throw/Two_Towers_6_throw_h_cm_np1_fr_bad_3.avi*47
fall_floor/KUNG_FU_HUSTLE_fall_floor_f_cm_np1_fr_bad_47.avi*12
shoot_bow/6arrowswithin30seconds_shoot_bow_f_nm_np1_fr_med_0.avi*35
dribble/Basketball_for_Beginners_-_How_to_Dribble_a_Basketball_dribble_f_nm_np1_fr_med_1.avi*9
walk/TheRoyalTenenbaums_walk_f_nm_np1_le_med_3.avi*49
brush_hair/brushing_hair_brush_hair_f_nm_np2_ba_goo_4.avi*0
flic_flac/mortero_rondo_flic_flac_flic_flac_f_cm_np1_ri_bad_0.avi*14
ride_horse/ChelseaLately-Chelsea_ride_horse_f_cm_np1_le_med_5.avi*31
fall_floor/THE_PROTECTOR_fall_floor_u_cm_np1_fr_med_56.avi*12
talk/The_Fugitive_6_talk_h_nm_np1_fr_goo_9.avi*46
pour/How_to_pour_beer__eh__pour_u_nm_np1_fr_goo_0.avi*25
pushup/Chest_Muscle_Group_(for_sexy_arms__shoulders__back_and_abs!)_pushup_u_nm_np1_ri_goo_4.avi*29
swing_baseball/Faith_Rewarded_swing_baseball_f_nm_np1_fr_bad_40.avi*43
hit/Einde_van_Opel_Kadett_hit_u_cm_np2_fr_bad_8.avi*17
cartwheel/Bodenturnen_2004_cartwheel_f_cm_np1_le_med_0.avi*1
cartwheel/Boden_bung_Spoho_Eignungspr_fung_cartwheel_f_cm_np1_ri_med_2.avi*1
somersault/Turnen_Lisa_en_Janine_op_de_Balk_somersault_f_cm_np1_le_bad_0.avi*41
hit/Drum_Beats_-_Drum_Beats-_Slow_Blues_hit_u_cm_np1_le_bad_1.avi*17
throw/Faith_Rewarded_throw_f_cm_np1_ba_med_74.avi*47
run/The_Matrix_6_run_f_nm_np1_fr_med_7.avi*32
drink/AmericanGangster_drink_h_nm_np1_fr_med_28.avi*10
somersault/Learn_Freerunning_and_Parkour_-_Diving_Roll_somersault_f_cm_np1_le_bad_0.avi*41
dive/Dive_Roll_dive_u_cm_np1_fr_bad_2.avi*7
laugh/Best_Of_Skype_Laughter_Chain_laugh_h_nm_np3_fr_med_24.avi*23
clap/Faith_Rewarded_clap_u_cm_np1_le_med_0.avi*4
pour/_Art_of_the_Drink__Flaming_Zombie_pour_u_nm_np2_fr_med_0.avi*25
walk/MeettheParents_walk_u_nm_np1_fr_med_6.avi*49
turn/OldSchool_turn_f_nm_np1_fr_med_22.avi*48
brush_hair/brushing_hair_brush_hair_f_nm_np2_ri_goo_3.avi*0
hit/TrumanShow_hit_u_cm_np1_ba_bad_32.avi*17
sword/Duncan_Macleod_&_Amanda_Soulmates_Part_2_sword_u_cm_np2_fr_med_0.avi*45
climb/Janini_an_der_Kletterwand_climb_f_cm_np1_ba_med_0.avi*6
push/pushing_cart_push_f_cm_np1_le_bad_2.avi*28
throw/Compilationknifethrowing_throw_u_nm_np1_ba_med_12.avi*47
shake_hands/RailsConf_09-___Ruby_Heroes_Award_Ceremony__shake_hands_u_cm_np2_le_med_5.avi*33
swing_baseball/BaseballSwingAnalysis_swing_baseball_f_nm_np1_fr_med_12.avi*43
shoot_bow/MegaPrecisionArchery_shoot_bow_u_nm_np1_fr_med_4.avi*35
walk/TheBoondockSaints_walk_u_cm_np1_fr_bad_118.avi*49
situp/Britney_Spears__Ab_Workout_Revealed_Video_situp_f_cm_np1_ri_goo_0.avi*38
pushup/Push_Ups_1_pushup_f_nm_np1_le_med_2.avi*29
handstand/gimnasia_handstand_f_cm_np1_le_med_1.avi*16
shoot_ball/Clay_sBasketballSkillz_shoot_ball_f_nm_np1_ba_med_3.avi*34
jump/likebeckam_jump_l_cm_np1_ri_bad_17.avi*19
run/RATRACE_run_f_cm_np1_le_bad_24.avi*32
laugh/Best_Of_Skype_Laughter_Chain_laugh_h_nm_np1_fr_goo_13.avi*23
fall_floor/KUNG_FU_HUSTLE_fall_floor_f_cm_np1_ba_bad_49.avi*12
run/20060723sfjffangelina_run_f_cm_np2_fr_med_3.avi*32
walk/AMADEUS_walk_u_nm_np1_ba_bad_3.avi*49
golf/Lorena_Ochoa_en_Acapulco_skins_golf_f_cm_np1_fr_med_0.avi*15
fencing/Duel_(The_Sovereigns_Servant)_fencing_u_cm_np2_le_med_3.avi*13
turn/Sixthsense_turn_u_cm_np1_ba_med_0.avi*48
brush_hair/Chanta!____THAT_IS_long_blonde_hair!_brush_hair_u_cm_np1_le_goo_1.avi*0
hit/xbox_360_massive_destruction_hit_f_cm_np1_ri_bad_1.avi*17
jump/Sam_Cooksey_Goalkeeper_Training_jump_f_cm_np1_ri_bad_0.avi*19
sword_exercise/Iaido_13_katas_sword_exercise_f_nm_np1_fr_bad_4.avi*44
shake_hands/American_History_X_shake_hands_u_nm_np2_fr_med_11.avi*33
turn/TheLastManOnearth_turn_f_nm_np1_le_med_32.avi*48
run/THE_PROTECTOR_run_f_cm_np1_ba_med_35.avi*32
run/Veoh_Alpha_Dog_1_run_f_cm_np1_ba_med_29.avi*32
fall_floor/Return_of_the_King_8_fall_floor_f_cm_np1_ba_med_2.avi*12
pushup/Luke_s_Push_Up_Challenge_pushup_f_cm_np1_fr_goo_3.avi*29
walk/NOVA_ELEGANTUNIVERSE3_walk_f_nm_np1_ba_med_1.avi*49
walk/americanthrift1_walk_u_cm_np1_le_med_0.avi*49
turn/Pirates_4_turn_h_nm_np1_ba_med_1.avi*48
pullup/12_Pull-ups_by_female_athlete_pullup_f_cm_np1_ba_med_1.avi*26
somersault/Hechtsprung_somersault_f_cm_np1_le_bad_1.avi*41
catch/Goal_Keeping_Tips_catch_f_cm_np1_fr_med_2.avi*2
drink/TheBoondockSaints_drink_u_cm_np1_fr_med_115.avi*10
climb/Klettern_by_Kurt_Hackner_climb_f_cm_np1_ba_med_0.avi*6
pick/NH_gun_owners_react_to_detention_with_armed_litter_pickup_pick_f_cm_np1_ba_med_0.avi*24
golf/Ernie_Els_Swing__Big_easy!_golf_f_cm_np1_fr_med_0.avi*15
jump/prelinger_ControlY1950_jump_f_nm_np1_fr_bad_6.avi*19
smile/YouTube_smiles!_smile_h_nm_np1_fr_goo_9.avi*39
shoot_bow/Shootingarecurve_shoot_bow_u_nm_np1_fr_med_1.avi*35
somersault/Juli_beim_Bodenturnen_MPG_somersault_f_cm_np1_le_bad_1.avi*41
sword_exercise/Ghost_Dog_Sword_Swinging_Scene_sword_exercise_f_cm_np1_le_med_0.avi*44
smoke/Rich_smoking_experience_smoke_h_nm_np1_fr_med_2.avi*40
somersault/Turnk_r_somersault_f_cm_np4_fr_med_0.avi*41
run/Crash_run_u_nm_np1_fr_med_20.avi*32
brush_hair/Brushing_Her_Hair__[_NEW_AUDIO_]_UPDATED!!!!_brush_hair_h_cm_np1_le_goo_3.avi*0
run/likebeckam_run_f_cm_np1_le_med_23.avi*32
turn/TheBoondockSaints_turn_u_nm_np1_ba_med_13.avi*48
kick/THE_PROTECTOR_kick_f_cm_np1_ba_med_63.avi*21
fall_floor/HP_PRISONER_OF_AZKABAN_fall_floor_f_cm_np1_ri_med_5.avi*12
stand/TheBoondockSaints_stand_u_nm_np1_fr_med_111.avi*42
clap/Kurt_Kr_mer_-_Klatschen_im_Flugzeug_clap_u_cm_np1_ri_bad_4.avi*4
turn/Veoh_Alpha_Dog_1_turn_u_nm_np1_fr_med_26.avi*48
kiss/TVs_Best_Kisses_Top_50-_(40_to_31)_kiss_h_nm_np2_le_med_1.avi*22
smoke/you_like_a_nice_long_white_cig_smoke_u_nm_np1_ri_goo_0.avi*40
chew/Duble_Bubble_Gum_chew_h_cm_np1_fr_bad_0.avi*3
sit/AmericanGangster_sit_f_cm_np2_fr_med_59.avi*37
walk/prelinger_LetsBeGo1953_walk_f_cm_np1_ri_med_9.avi*49
chew/Duble_Bubble_Gum_chew_h_cm_np1_fr_bad_2.avi*3
swing_baseball/HowtoswingaBaseballbat_swing_baseball_f_nm_np1_le_bad_1.avi*43
run/SweeneyTodd_run_f_nm_np1_ba_bad_32.avi*32
shoot_bow/OhKyoMoon_shoot_bow_u_cm_np1_fr_med_0.avi*35
shoot_bow/Return_of_the_King_7_shoot_bow_u_nm_np10_ba_med_2.avi*35
turn/WeddingCrashers_turn_h_nm_np1_fr_goo_10.avi*48
somersault/hechtsprung_3_somersault_f_cm_np1_le_bad_0.avi*41
shake_hands/Emma_2008_Eurofinals_-_prize_giving_ceremony_Team_Pioneer_members_divx_shake_hands_f_cm_np2_fr_med_7.avi*33
walk/IamLegend_walk_f_nm_np1_ba_med_9.avi*49
walk/Sixthsense_walk_u_nm_np1_fr_med_7.avi*49
sword/Fellowship_5_sword_u_nm_np1_ri_med_5.avi*45
wave/BLACK_HAWK_DOWN_wave_u_nm_np1_ba_goo_19.avi*50
ride_horse/Return_of_the_King_11_ride_horse_f_cm_np4_ba_med_4.avi*31
stand/RETURN_OF_THE_KING_stand_f_cm_np1_ri_med_0.avi*42
stand/Crash_stand_u_nm_np1_ri_med_23.avi*42
dive/Pirates_5_dive_f_cm_np1_ba_bad_0.avi*7
handstand/Parada_de_mao_handstand_f_cm_np1_ba_med_4.avi*16
walk/RETURN_OF_THE_KING_walk_f_cm_np1_ba_med_3.avi*49
sit/prelinger_LetsPlay1949_sit_f_nm_np1_fr_med_8.avi*37
handstand/Yoga_teachers_practice_handstand_and_backbend_variations_handstand_f_nm_np1_ri_med_1.avi*16
hug/Calins_gratuits_a_Paris_-_Free_Hugs_France_-_version_longue_hug_f_cm_np2_le_med_15.avi*18
sit/Juno_sit_f_cm_np1_fr_med_4.avi*37
shoot_ball/KELVIN_shoot_ball_u_cm_np1_ba_med_4.avi*34
climb_stairs/Stadium_Plyometric_Workout_climb_stairs_l_cm_np1_ri_med_1.avi*5
walk/The_Fugitive_5_walk_f_cm_np1_fr_med_4.avi*49
ride_bike/1989_Tour_de_France_Final_Time_Trial_ride_bike_f_cm_np1_ba_med_2.avi*30
pushup/push-up_or_shut_up_(MLE)_pushup_f_cm_np1_le_med_2.avi*29
jump/Documentario_Le_Parkour_Londrina_jump_f_nm_np1_ri_bad_4.avi*19
chew/lol_im_so_weird___BLOWIN_BUBBLE_GUM__oops_i_burped_at_the_end_my_bad_lol_chew_h_cm_np1_le_med_1.avi*3
shoot_bow/JuanReneSerranoSemifinal_shoot_bow_u_cm_np1_fr_med_3.avi*35
kiss/Hangingbyamomentfavoritekisses_kiss_h_nm_np2_ri_goo_4.avi*22
fencing/Harvey_Keitel_sabre_duel_fencing_f_cm_np2_ba_goo_0.avi*13
smile/Re-_Show_your_Smile!_10_smile_h_nm_np1_fr_goo_0.avi*39
cartwheel/Monikas_Staatsexamen__Turnen_cartwheel_f_cm_np1_le_med_3.avi*1
run/50_FIRST_DATES_run_f_cm_np1_ri_med_21.avi*32
pick/pick_up_trash_says_yeti_pick_f_cm_np1_ri_med_0.avi*24
hug/Calins_gratuits_a_Paris_-_Free_Hugs_France_-_version_longue_hug_u_cm_np2_ba_med_21.avi*18
walk/AmericanGangster_walk_u_nm_np1_ba_med_56.avi*49
stand/Crash_stand_u_cm_np1_le_med_16.avi*42
stand/TheBoondockSaints_stand_f_cm_np1_fr_med_59.avi*42
shake_hands/RailsConf_09-___Ruby_Heroes_Award_Ceremony__shake_hands_u_cm_np2_ri_med_3.avi*33
somersault/Turn_pr_fung_glaser_schule_somersault_f_cm_np1_le_med_1.avi*41
talk/veoh_harold_and_kumar_talk_h_nm_np1_fr_goo_12.avi*46
walk/The_House_on_Haunted_Hill_walk_u_nm_np1_ba_med_10.avi*49
fall_floor/BATMAN_BEGINS_fall_floor_h_cm_np1_fr_bad_2.avi*12
laugh/Best_laugh_ever_laugh_h_cm_np1_fr_goo_1.avi*23
run/prelinger_LetsPlay1949_run_f_nm_np1_fr_med_16.avi*32
flic_flac/Jessica_Heinz_-_Leverkusen_Cup_2006__floor_routine_flic_flac_f_cm_np1_ri_med_1.avi*14
drink/A_Beautiful_Mind_1_drink_u_cm_np1_fr_goo_4.avi*10
handstand/Yusuf_en_Aytac_handstand_in_-7_handstand_f_cm_np2_fr_med_0.avi*16
walk/KUNG_FU_HUSTLE_walk_f_cm_np1_fr_med_42.avi*49
eat/DONNIE_DARKO_eat_h_nm_np1_fr_med_1.avi*11
kick/kick__bruce_lee_v_s_japanese_kick_f_cm_np1_ba_bad_10.avi*21
pour/Bar_Basics_-_How_to_Pour_Liquor_Accurately_by_Counting_pour_u_cm_np1_fr_med_0.avi*25
sit/Oceans13_sit_u_nm_np1_fr_med_1.avi*37
turn/The_Fugitive_2_turn_u_nm_np1_ba_med_16.avi*48
kick/KUNG_FU_HUSTLE_kick_f_cm_np1_fr_med_45.avi*21
pullup/Proper_Way_to_Do_Pull_Ups_pullup_u_nm_np1_ri_goo_3.avi*26
handstand/Yoga_teachers_practice_handstand_and_backbend_variations_handstand_f_nm_np1_ba_med_5.avi*16
climb_stairs/How_to_Exercise_Outdoors_-_Outdoor_Step_Running_Exercises_climb_stairs_f_nm_np1_fr_med_0.avi*5
walk/Catch_Me_If_You_Can_walk_u_cm_np1_fr_med_1.avi*49
laugh/Best_Of_Skype_Laughter_Chain_laugh_h_nm_np1_fr_med_3.avi*23
drink/AllThePresidentMen_drink_f_nm_np1_ri_med_8.avi*10
ride_horse/Mylifehorseriding_ride_horse_f_cm_np1_le_med_4.avi*31
kick/THE_PROTECTOR_kick_f_nm_np1_fr_med_3.avi*21
drink/Finding_Forrester_4_drink_h_cm_np1_ri_med_4.avi*10
draw_sword/Kuroda_Sensei_Iai_do_draw_sword_f_cm_np1_le_med_2.avi*8
walk/AmericanGangster_walk_f_nm_np1_fr_med_5.avi*49
dribble/Basic_Basketball_Moves_dribble_f_cm_np1_ri_goo_8.avi*9
clap/Boom__Snap__Clap!_(Challenge)_clap_u_nm_np1_fr_med_0.avi*4
smoke/Veoh_Alpha_Dog_1_smoke_h_nm_np1_fr_med_54.avi*40
sword/jonhs_netfreemovies_holygrail_sword_f_nm_np2_le_med_2.avi*45
dive/Extreme_Cliffdiving_dive_f_cm_np1_le_bad_0.avi*7
throw/Compilationknifethrowing_throw_u_nm_np1_ba_med_9.avi*47
fall_floor/THE_PROTECTOR_fall_floor_f_nm_np1_le_bad_67.avi*12
run/EVOLUTION_run_f_nm_np2_fr_med_25.avi*32
smile/YouTube_smiles!_smile_h_nm_np1_fr_med_8.avi*39
sword_exercise/The_Last_Samurai_-_In_Your_Honor_sword_exercise_u_nm_np4_fr_bad_4.avi*44
ride_horse/ALeapToFreedom_ride_horse_f_cm_np1_ri_med_3.avi*31
swing_baseball/Faith_Rewarded_swing_baseball_f_nm_np1_fr_med_52.avi*43
ride_bike/CSC_and_the_2007__Sydney_to_the_Gong__bike_ride_ride_bike_f_cm_np1_ri_med_1.avi*30
handstand/Cidney_doing_her_Gymnastics!!_handstand_f_cm_np1_ri_goo_0.avi*16
hug/Calins_gratuits_a_Paris_-_Free_Hugs_France_-_version_longue_hug_u_cm_np2_le_med_9.avi*18
dive/Musical_Bungee_Jump_Compilation_-_Don_t_Stop_Me_Now_by_Queen_dive_f_cm_np1_ri_bad_0.avi*7
pullup/Girl_does_12_pull-ups_pullup_u_cm_np1_ba_med_2.avi*26
somersault/Jennis_Bodenk_r_somersault_f_cm_np1_le_med_1.avi*41
sword_exercise/Highlander_Sword_School_wmv_sword_exercise_f_cm_np2_ri_med_5.avi*44
flic_flac/Flic_Flacs_flic_flac_f_cm_np1_ri_med_4.avi*14
fencing/The_Scarlet_Pimpernel_-_duel_fencing_u_cm_np2_fr_med_0.avi*13
handstand/Philli_beim_Bodenturnen_handstand_f_cm_np1_ri_bad_1.avi*16
run/Fellowship_7_run_f_cm_np1_fr_med_4.avi*32
swing_baseball/BaseballSwingAnalysis_swing_baseball_u_nm_np1_ba_med_0.avi*43
clap/Deutscher_Klatsch_-_The_Clap_-_Lexy_clap_u_cm_np1_fr_med_1.avi*4
turn/21_turn_h_nm_np1_fr_goo_4.avi*48
dribble/PlayingBasketballGotWater_dribble_f_nm_np1_fr_med_5.avi*9
shoot_gun/The_Matrix_6_shoot_gun_u_nm_np3_fr_goo_5.avi*36
stand/OldSchool_stand_u_cm_np1_fr_med_18.avi*42
swing_baseball/practicingmybaseballswing2009_swing_baseball_f_cm_np1_fr_med_5.avi*43
shoot_ball/AdamandAlvonplayingbasketball1_shoot_ball_f_cm_np1_le_med_1.avi*34
punch/HP_PRISONER_OF_AZKABAN_punch_u_cm_np1_ba_med_24.avi*27
dribble/Basketball_Dribbling_-_Basketball_Dribbling-_Finger_Pads_dribble_f_cm_np2_le_med_2.avi*9
sword/Star_Wars_I_Light_Sabre_Battle_Re-cut_sword_f_cm_np2_ri_med_2.avi*45
clap/RE-_Boom_Snap_Clap_clap_u_nm_np1_fr_med_0.avi*4
sit/ThePerfectScore_sit_u_nm_np1_ri_med_10.avi*37
fencing/Zorro_(Funny_Fight_Scene)_fencing_f_cm_np2_le_goo_0.avi*13
wave/RATRACE_wave_u_nm_np1_fr_med_9.avi*50
pushup/push-up_or_shut_up_(IXK)_pushup_f_cm_np1_le_med_1.avi*29
smile/YouTube_smiles!_smile_h_nm_np1_fr_bad_18.avi*39
dribble/Basketball_Dribbling_-_Basketball_Dribbling-_Practice_With_2_Balls_dribble_f_nm_np1_fr_med_0.avi*9
dive/Pirates_5_dive_f_cm_np1_le_bad_5.avi*7
sit/A_Beautiful_Mind_3_sit_f_cm_np1_fr_med_6.avi*37
kick_ball/Banned_Commercials_-_Nike_-_Soccer_vs_ninjas_kick_ball_f_cm_np1_le_med_6.avi*20
shake_hands/Emma_2008_Eurofinals_-_prize_giving_ceremony_Team_Pioneer_members_divx_shake_hands_f_cm_np2_le_bad_2.avi*33
walk/TheBoondockSaints_walk_u_cm_np1_ri_bad_126.avi*49
throw/KnifeThrowingJackDaggerDemoReel_throw_f_nm_np1_le_med_4.avi*47
shoot_gun/The_Matrix_5_shoot_gun_f_nm_np4_le_med_3.avi*36
dribble/Explosive_Guard_Dribbling_Basketball_Workout_(Jason_Otter)_dribble_f_cm_np1_ri_med_6.avi*9
somersault/Handstandk_nig_somersault_f_cm_np1_le_med_2.avi*41
jump/A_Beautiful_Mind_1_jump_f_cm_np1_ba_bad_3.avi*19
wave/RATRACE_wave_f_nm_np1_fr_med_21.avi*50
climb/Climbing_roof_in_TCA_climb_f_cm_np1_ba_med_2.avi*6
throw/Faith_Rewarded_throw_u_nm_np1_fr_bad_34.avi*47
ride_bike/Tour_de_France_2003_-_Armstrong_attacks_Ullrich_after_Fall_ride_bike_f_cm_np2_fr_med_1.avi*30
eat/EVOLUTION_eat_u_cm_np1_fr_goo_16.avi*11
flic_flac/6fach_Flick_Flack_flic_flac_f_cm_np1_le_med_1.avi*14
chew/Big_League_Chew_chew_h_nm_np1_fr_goo_0.avi*3
drink/prideandprejudice1_drink_u_nm_np1_fr_goo_7.avi*10
somersault/Ger_teturnen_Pr_fung_-_G_S_somersault_f_cm_np1_le_med_0.avi*41
turn/SweeneyTodd_turn_h_nm_np1_fr_goo_30.avi*48
brush_hair/Ella_brushing_her_long_blonde_hair___again_brush_hair_u_cm_np1_le_goo_1.avi*0
kiss/Best_Kisses_in_TV_Movies_1_3_kiss_u_cm_np2_le_goo_8.avi*22
talk/Fellowship_5_talk_h_cm_np1_ri_goo_0.avi*46
turn/21_turn_h_cm_np1_fr_goo_13.avi*48
smoke/American_History_X_smoke_h_nm_np1_ri_med_45.avi*40
pushup/push-up_or_shut_up_(IXK)_pushup_f_cm_np1_le_med_2.avi*29
shoot_ball/8yroldBasketballhighlight2006_shoot_ball_f_cm_np1_le_med_0.avi*34
shoot_ball/AdamandAlvonplayingbasketball1_shoot_ball_f_cm_np1_le_med_4.avi*34
wave/_I_ll_Just_Wave_My_Hand__sung_by_Cornerstone_Male_Choir_wave_u_cm_np1_fr_med_1.avi*50
pullup/Super_Training_Pull_Ups_pullup_f_cm_np1_ba_med_0.avi*26
walk/TheBoondockSaints_walk_f_cm_np2_fr_med_53.avi*49
sit/ThePerfectScore_sit_u_cm_np1_fr_med_2.avi*37
chew/prideandprejudice1_chew_u_nm_np1_fr_goo_6.avi*3
turn/UNREPEATABLE_turn_f_nm_np1_le_med_2.avi*48
dribble/AdamandAlvonplayingbasketball1_dribble_f_cm_np1_fr_med_5.avi*9
shoot_gun/Aplacetoshoot_shoot_gun_u_cm_np1_le_med_2.avi*36
pour/How_to_pour_beer_pour_u_nm_np1_fr_goo_0.avi*25
clap/Clap_Hands_clap_u_nm_np1_fr_med_1.avi*4
shake_hands/Paramotor_Worlds_2009-_Prize_Giving_Ceremony_shake_hands_f_cm_np2_ri_med_0.avi*33
laugh/Laughing_for_Skype_laugh_f_cm_np1_fr_goo_1.avi*23
pullup/Proper_Way_to_Do_Pull_Ups_pullup_f_nm_np1_ri_goo_1.avi*26
fall_floor/TheBoondockSaints_fall_floor_u_cm_np1_fr_med_108.avi*12
handstand/hand_stand_handstand_f_cm_np1_ba_med_1.avi*16
hug/American_History_X_hug_u_nm_np2_ba_med_25.avi*18
