HighJump/v_HighJump_g12_c01.avi*40
Rowing/v_Rowing_g17_c03.avi*76
Biking/v_Biking_g21_c05.avi*11
HandstandWalking/v_HandstandWalking_g18_c04.avi*38
PommelHorse/v_PommelHorse_g12_c04.avi*69
TableTennisShot/v_TableTennisShot_g20_c04.avi*90
PlayingGuitar/v_PlayingGuitar_g12_c06.avi*63
Swing/v_Swing_g20_c03.avi*89
SumoWrestling/v_SumoWrestling_g12_c04.avi*87
CricketBowling/v_CricketBowling_g08_c02.avi*23
PlayingCello/v_PlayingCello_g23_c03.avi*59
BoxingPunchingBag/v_BoxingPunchingBag_g17_c04.avi*17
PlayingGuitar/v_PlayingGuitar_g16_c06.avi*63
MilitaryParade/v_MilitaryParade_g19_c05.avi*53
SkateBoarding/v_SkateBoarding_g08_c05.avi*80
Billiards/v_Billiards_g18_c06.avi*12
Bowling/v_Bowling_g18_c03.avi*16
BlowDryHair/v_BlowDryHair_g22_c02.avi*13
RopeClimbing/v_RopeClimbing_g18_c04.avi*75
VolleyballSpiking/v_VolleyballSpiking_g10_c02.avi*97
Drumming/v_Drumming_g12_c02.avi*27
LongJump/v_LongJump_g12_c05.avi*51
IceDancing/v_IceDancing_g11_c03.avi*44
Punch/v_Punch_g23_c07.avi*71
FloorGymnastics/v_FloorGymnastics_g21_c02.avi*30
HammerThrow/v_HammerThrow_g19_c07.avi*36
BoxingPunchingBag/v_BoxingPunchingBag_g22_c02.avi*17
ApplyEyeMakeup/v_ApplyEyeMakeup_g19_c01.avi*1
Swing/v_Swing_g23_c05.avi*89
Haircut/v_Haircut_g09_c05.avi*34
PlayingFlute/v_PlayingFlute_g11_c05.avi*62
Mixing/v_Mixing_g19_c01.avi*54
BoxingSpeedBag/v_BoxingSpeedBag_g12_c03.avi*18
HandstandPushups/v_HandStandPushups_g11_c02.avi*37
HorseRiding/v_HorseRiding_g23_c06.avi*42
HammerThrow/v_HammerThrow_g23_c03.avi*36
ShavingBeard/v_ShavingBeard_g09_c03.avi*78
ParallelBars/v_ParallelBars_g10_c01.avi*57
PullUps/v_PullUps_g19_c01.avi*70
ThrowDiscus/v_ThrowDiscus_g15_c03.avi*93
WritingOnBoard/v_WritingOnBoard_g16_c07.avi*100
Fencing/v_Fencing_g19_c04.avi*28
Swing/v_Swing_g12_c03.avi*89
Basketball/v_Basketball_g08_c03.avi*8
HeadMassage/v_HeadMassage_g22_c05.avi*39
HulaHoop/v_HulaHoop_g12_c04.avi*43
Typing/v_Typing_g23_c01.avi*95
SkateBoarding/v_SkateBoarding_g11_c05.avi*80
FloorGymnastics/v_FloorGymnastics_g19_c01.avi*30
JavelinThrow/v_JavelinThrow_g09_c01.avi*45
MilitaryParade/v_MilitaryParade_g14_c01.avi*53
RockClimbingIndoor/v_RockClimbingIndoor_g08_c04.avi*74
HammerThrow/v_HammerThrow_g11_c02.avi*36
Punch/v_Punch_g18_c06.avi*71
YoYo/v_YoYo_g22_c01.avi*101
LongJump/v_LongJump_g22_c04.avi*51
HandstandPushups/v_HandStandPushups_g21_c04.avi*37
WritingOnBoard/v_WritingOnBoard_g15_c04.avi*100
PommelHorse/v_PommelHorse_g24_c04.avi*69
HandstandPushups/v_HandStandPushups_g22_c03.avi*37
JavelinThrow/v_JavelinThrow_g23_c02.avi*45
Haircut/v_Haircut_g16_c02.avi*34
CuttingInKitchen/v_CuttingInKitchen_g25_c05.avi*25
SalsaSpin/v_SalsaSpin_g17_c01.avi*77
HammerThrow/v_HammerThrow_g11_c04.avi*36
HeadMassage/v_HeadMassage_g15_c03.avi*39
PlayingDhol/v_PlayingDhol_g22_c06.avi*61
Nunchucks/v_Nunchucks_g24_c05.avi*56
SkyDiving/v_SkyDiving_g24_c01.avi*83
Rowing/v_Rowing_g12_c05.avi*76
HeadMassage/v_HeadMassage_g18_c07.avi*39
PlayingTabla/v_PlayingTabla_g18_c05.avi*66
ParallelBars/v_ParallelBars_g11_c01.avi*57
Knitting/v_Knitting_g12_c04.avi*50
WritingOnBoard/v_WritingOnBoard_g18_c06.avi*100
YoYo/v_YoYo_g14_c01.avi*101
VolleyballSpiking/v_VolleyballSpiking_g18_c01.avi*97
Punch/v_Punch_g12_c01.avi*71
Rowing/v_Rowing_g23_c04.avi*76
BoxingSpeedBag/v_BoxingSpeedBag_g16_c05.avi*18
PlayingDaf/v_PlayingDaf_g12_c01.avi*60
SalsaSpin/v_SalsaSpin_g10_c03.avi*77
SkateBoarding/v_SkateBoarding_g09_c01.avi*80
PlayingDhol/v_PlayingDhol_g25_c04.avi*61
Billiards/v_Billiards_g13_c02.avi*12
Basketball/v_Basketball_g14_c04.avi*8
PlayingFlute/v_PlayingFlute_g23_c03.avi*62
CricketBowling/v_CricketBowling_g12_c02.avi*23
Rafting/v_Rafting_g21_c03.avi*73
FieldHockeyPenalty/v_FieldHockeyPenalty_g14_c07.avi*29
BreastStroke/v_BreastStroke_g25_c03.avi*19
CleanAndJerk/v_CleanAndJerk_g11_c02.avi*21
Biking/v_Biking_g09_c01.avi*11
TableTennisShot/v_TableTennisShot_g21_c04.avi*90
Kayaking/v_Kayaking_g23_c04.avi*49
CleanAndJerk/v_CleanAndJerk_g18_c03.avi*21
ThrowDiscus/v_ThrowDiscus_g23_c05.avi*93
HorseRiding/v_HorseRiding_g25_c03.avi*42
ApplyEyeMakeup/v_ApplyEyeMakeup_g13_c02.avi*1
HorseRiding/v_HorseRiding_g21_c03.avi*42
ParallelBars/v_ParallelBars_g24_c02.avi*57
YoYo/v_YoYo_g24_c04.avi*101
PushUps/v_PushUps_g15_c04.avi*72
Archery/v_Archery_g22_c01.avi*3
ApplyEyeMakeup/v_ApplyEyeMakeup_g19_c04.avi*1
BandMarching/v_BandMarching_g16_c07.avi*6
SumoWrestling/v_SumoWrestling_g12_c03.avi*87
HorseRiding/v_HorseRiding_g22_c02.avi*42
ThrowDiscus/v_ThrowDiscus_g24_c03.avi*93
SumoWrestling/v_SumoWrestling_g12_c02.avi*87
IceDancing/v_IceDancing_g16_c03.avi*44
PlayingDhol/v_PlayingDhol_g10_c02.avi*61
HeadMassage/v_HeadMassage_g21_c02.avi*39
Knitting/v_Knitting_g10_c06.avi*50
JumpRope/v_JumpRope_g24_c05.avi*48
VolleyballSpiking/v_VolleyballSpiking_g14_c03.avi*97
Haircut/v_Haircut_g21_c03.avi*34
FloorGymnastics/v_FloorGymnastics_g25_c04.avi*30
PommelHorse/v_PommelHorse_g19_c06.avi*69
TennisSwing/v_TennisSwing_g12_c03.avi*92
PlayingCello/v_PlayingCello_g13_c03.avi*59
MoppingFloor/v_MoppingFloor_g24_c02.avi*55
BoxingSpeedBag/v_BoxingSpeedBag_g15_c07.avi*18
WallPushups/v_WallPushups_g09_c01.avi*99
TennisSwing/v_TennisSwing_g09_c01.avi*92
JumpRope/v_JumpRope_g17_c05.avi*48
HandstandPushups/v_HandStandPushups_g08_c01.avi*37
UnevenBars/v_UnevenBars_g24_c01.avi*96
BreastStroke/v_BreastStroke_g20_c04.avi*19
TennisSwing/v_TennisSwing_g14_c06.avi*92
Kayaking/v_Kayaking_g22_c04.avi*49
Surfing/v_Surfing_g11_c04.avi*88
HorseRace/v_HorseRace_g20_c04.avi*41
SkateBoarding/v_SkateBoarding_g20_c05.avi*80
HorseRiding/v_HorseRiding_g09_c02.avi*42
BrushingTeeth/v_BrushingTeeth_g24_c05.avi*20
BandMarching/v_BandMarching_g14_c04.avi*6
Archery/v_Archery_g10_c03.avi*3
Archery/v_Archery_g10_c05.avi*3
CricketShot/v_CricketShot_g17_c03.avi*24
Basketball/v_Basketball_g09_c03.avi*8
SalsaSpin/v_SalsaSpin_g21_c05.avi*77
PlayingSitar/v_PlayingSitar_g17_c01.avi*65
ApplyEyeMakeup/v_ApplyEyeMakeup_g25_c05.avi*1
SumoWrestling/v_SumoWrestling_g22_c02.avi*87
UnevenBars/v_UnevenBars_g15_c05.avi*96
PlayingSitar/v_PlayingSitar_g20_c01.avi*65
StillRings/v_StillRings_g15_c04.avi*86
HorseRace/v_HorseRace_g08_c03.avi*41
BalanceBeam/v_BalanceBeam_g21_c04.avi*5
TrampolineJumping/v_TrampolineJumping_g08_c01.avi*94
HorseRiding/v_HorseRiding_g20_c07.avi*42
HorseRiding/v_HorseRiding_g18_c05.avi*42
Diving/v_Diving_g24_c04.avi*26
LongJump/v_LongJump_g08_c04.avi*51
CricketBowling/v_CricketBowling_g23_c03.avi*23
SkateBoarding/v_SkateBoarding_g12_c03.avi*80
BrushingTeeth/v_BrushingTeeth_g22_c04.avi*20
HorseRace/v_HorseRace_g21_c04.avi*41
ApplyEyeMakeup/v_ApplyEyeMakeup_g09_c03.avi*1
PlayingFlute/v_PlayingFlute_g10_c03.avi*62
FloorGymnastics/v_FloorGymnastics_g09_c05.avi*30
RopeClimbing/v_RopeClimbing_g18_c01.avi*75
Rowing/v_Rowing_g13_c07.avi*76
PlayingSitar/v_PlayingSitar_g24_c01.avi*65
YoYo/v_YoYo_g16_c03.avi*101
PoleVault/v_PoleVault_g12_c06.avi*68
PlayingPiano/v_PlayingPiano_g09_c01.avi*64
BabyCrawling/v_BabyCrawling_g20_c04.avi*4
SoccerPenalty/v_SoccerPenalty_g10_c04.avi*85
TennisSwing/v_TennisSwing_g13_c02.avi*92
StillRings/v_StillRings_g15_c03.avi*86
SalsaSpin/v_SalsaSpin_g14_c05.avi*77
JugglingBalls/v_JugglingBalls_g24_c02.avi*46
Mixing/v_Mixing_g13_c02.avi*54
PlayingPiano/v_PlayingPiano_g11_c02.avi*64
BaseballPitch/v_BaseballPitch_g25_c04.avi*7
PlayingDhol/v_PlayingDhol_g24_c03.avi*61
MoppingFloor/v_MoppingFloor_g12_c04.avi*55
Rowing/v_Rowing_g12_c03.avi*76
BaseballPitch/v_BaseballPitch_g16_c01.avi*7
MilitaryParade/v_MilitaryParade_g13_c03.avi*53
PlayingCello/v_PlayingCello_g23_c07.avi*59
YoYo/v_YoYo_g09_c03.avi*101
RockClimbingIndoor/v_RockClimbingIndoor_g16_c05.avi*74
CricketBowling/v_CricketBowling_g14_c03.avi*23
BlowDryHair/v_BlowDryHair_g22_c04.avi*13
Billiards/v_Billiards_g11_c05.avi*12
SumoWrestling/v_SumoWrestling_g20_c04.avi*87
ThrowDiscus/v_ThrowDiscus_g12_c04.avi*93
FrontCrawl/v_FrontCrawl_g14_c04.avi*32
CuttingInKitchen/v_CuttingInKitchen_g08_c03.avi*25
BoxingPunchingBag/v_BoxingPunchingBag_g19_c05.avi*17
CricketShot/v_CricketShot_g09_c03.avi*24
HammerThrow/v_HammerThrow_g18_c04.avi*36
WalkingWithDog/v_WalkingWithDog_g16_c05.avi*98
BalanceBeam/v_BalanceBeam_g17_c02.avi*5
BrushingTeeth/v_BrushingTeeth_g16_c03.avi*20
HeadMassage/v_HeadMassage_g12_c06.avi*39
Rowing/v_Rowing_g12_c06.avi*76
PlayingFlute/v_PlayingFlute_g16_c05.avi*62
Basketball/v_Basketball_g22_c04.avi*8
MoppingFloor/v_MoppingFloor_g14_c04.avi*55
Hammering/v_Hammering_g14_c05.avi*35
ThrowDiscus/v_ThrowDiscus_g09_c03.avi*93
CricketShot/v_CricketShot_g16_c04.avi*24
Skiing/v_Skiing_g10_c05.avi*81
Diving/v_Diving_g12_c01.avi*26
SalsaSpin/v_SalsaSpin_g12_c03.avi*77
TableTennisShot/v_TableTennisShot_g16_c07.avi*90
CricketBowling/v_CricketBowling_g14_c04.avi*23
HandstandWalking/v_HandstandWalking_g22_c01.avi*38
Haircut/v_Haircut_g22_c07.avi*34
Hammering/v_Hammering_g21_c06.avi*35
FrontCrawl/v_FrontCrawl_g09_c01.avi*32
Swing/v_Swing_g11_c06.avi*89
GolfSwing/v_GolfSwing_g23_c07.avi*33
FrontCrawl/v_FrontCrawl_g08_c03.avi*32
BodyWeightSquats/v_BodyWeightSquats_g24_c03.avi*15
BrushingTeeth/v_BrushingTeeth_g08_c04.avi*20
FieldHockeyPenalty/v_FieldHockeyPenalty_g24_c05.avi*29
HammerThrow/v_HammerThrow_g19_c05.avi*36
JumpRope/v_JumpRope_g08_c01.avi*48
PizzaTossing/v_PizzaTossing_g19_c02.avi*58
GolfSwing/v_GolfSwing_g14_c04.avi*33
JavelinThrow/v_JavelinThrow_g15_c02.avi*45
SkyDiving/v_SkyDiving_g22_c04.avi*83
FrontCrawl/v_FrontCrawl_g18_c05.avi*32
PoleVault/v_PoleVault_g11_c02.avi*68
WallPushups/v_WallPushups_g23_c03.avi*99
BrushingTeeth/v_BrushingTeeth_g20_c03.avi*20
CuttingInKitchen/v_CuttingInKitchen_g23_c01.avi*25
FrontCrawl/v_FrontCrawl_g11_c03.avi*32
HammerThrow/v_HammerThrow_g23_c04.avi*36
RopeClimbing/v_RopeClimbing_g19_c04.avi*75
PlayingPiano/v_PlayingPiano_g25_c02.avi*64
BaseballPitch/v_BaseballPitch_g24_c05.avi*7
HorseRiding/v_HorseRiding_g16_c06.avi*42
BalanceBeam/v_BalanceBeam_g14_c04.avi*5
PlayingDaf/v_PlayingDaf_g16_c02.avi*60
Haircut/v_Haircut_g12_c02.avi*34
SoccerJuggling/v_SoccerJuggling_g22_c07.avi*84
CuttingInKitchen/v_CuttingInKitchen_g09_c02.avi*25
BoxingSpeedBag/v_BoxingSpeedBag_g11_c02.avi*18
Lunges/v_Lunges_g18_c03.avi*52
HandstandPushups/v_HandStandPushups_g22_c01.avi*37
Nunchucks/v_Nunchucks_g14_c01.avi*56
BaseballPitch/v_BaseballPitch_g18_c03.avi*7
PlayingDaf/v_PlayingDaf_g08_c01.avi*60
Swing/v_Swing_g11_c04.avi*89
HulaHoop/v_HulaHoop_g16_c06.avi*43
FrisbeeCatch/v_FrisbeeCatch_g12_c04.avi*31
Punch/v_Punch_g10_c01.avi*71
HorseRiding/v_HorseRiding_g16_c04.avi*42
BoxingSpeedBag/v_BoxingSpeedBag_g19_c02.avi*18
StillRings/v_StillRings_g21_c04.avi*86
PlayingPiano/v_PlayingPiano_g17_c02.avi*64
UnevenBars/v_UnevenBars_g09_c03.avi*96
BoxingSpeedBag/v_BoxingSpeedBag_g15_c06.avi*18
SoccerJuggling/v_SoccerJuggling_g09_c05.avi*84
PlayingDhol/v_PlayingDhol_g12_c05.avi*61
TennisSwing/v_TennisSwing_g25_c02.avi*92
JavelinThrow/v_JavelinThrow_g23_c03.avi*45
CuttingInKitchen/v_CuttingInKitchen_g08_c01.avi*25
PlayingGuitar/v_PlayingGuitar_g20_c06.avi*63
ApplyEyeMakeup/v_ApplyEyeMakeup_g18_c02.avi*1
Biking/v_Biking_g10_c04.avi*11
BlowDryHair/v_BlowDryHair_g17_c04.avi*13
FrontCrawl/v_FrontCrawl_g14_c07.avi*32
Rowing/v_Rowing_g11_c02.avi*76
TaiChi/v_TaiChi_g08_c03.avi*91
PullUps/v_PullUps_g21_c04.avi*70
Shotput/v_Shotput_g24_c03.avi*79
RopeClimbing/v_RopeClimbing_g10_c05.avi*75
HandstandPushups/v_HandStandPushups_g15_c03.avi*37
ApplyLipstick/v_ApplyLipstick_g14_c04.avi*2
PlayingSitar/v_PlayingSitar_g09_c04.avi*65
Mixing/v_Mixing_g21_c01.avi*54
CricketBowling/v_CricketBowling_g21_c06.avi*23
SkateBoarding/v_SkateBoarding_g15_c06.avi*80
PlayingDaf/v_PlayingDaf_g24_c01.avi*60
BlowDryHair/v_BlowDryHair_g22_c03.avi*13
SoccerJuggling/v_SoccerJuggling_g24_c07.avi*84
FloorGymnastics/v_FloorGymnastics_g18_c06.avi*30
Punch/v_Punch_g23_c06.avi*71
BlowingCandles/v_BlowingCandles_g14_c03.avi*14
PlayingCello/v_PlayingCello_g22_c03.avi*59
SkyDiving/v_SkyDiving_g21_c04.avi*83
WallPushups/v_WallPushups_g10_c03.avi*99
RopeClimbing/v_RopeClimbing_g15_c05.avi*75
JavelinThrow/v_JavelinThrow_g18_c01.avi*45
Hammering/v_Hammering_g24_c02.avi*35
Billiards/v_Billiards_g08_c05.avi*12
BoxingSpeedBag/v_BoxingSpeedBag_g19_c05.avi*18
Archery/v_Archery_g11_c07.avi*3
WalkingWithDog/v_WalkingWithDog_g12_c01.avi*98
WallPushups/v_WallPushups_g16_c06.avi*99
PlayingFlute/v_PlayingFlute_g08_c05.avi*62
PommelHorse/v_PommelHorse_g08_c03.avi*69
TableTennisShot/v_TableTennisShot_g09_c02.avi*90
PlayingFlute/v_PlayingFlute_g17_c04.avi*62
HulaHoop/v_HulaHoop_g11_c01.avi*43
Skijet/v_Skijet_g11_c04.avi*82
ApplyEyeMakeup/v_ApplyEyeMakeup_g21_c05.avi*1
JumpingJack/v_JumpingJack_g24_c02.avi*47
Rowing/v_Rowing_g10_c02.avi*76
RockClimbingIndoor/v_RockClimbingIndoor_g09_c02.avi*74
HandstandPushups/v_HandStandPushups_g19_c02.avi*37
BabyCrawling/v_BabyCrawling_g24_c02.avi*4
PlayingCello/v_PlayingCello_g18_c03.avi*59
HammerThrow/v_HammerThrow_g21_c05.avi*36
SumoWrestling/v_SumoWrestling_g25_c01.avi*87
BalanceBeam/v_BalanceBeam_g12_c01.avi*5
BaseballPitch/v_BaseballPitch_g10_c02.avi*7
TennisSwing/v_TennisSwing_g16_c04.avi*92
WalkingWithDog/v_WalkingWithDog_g11_c05.avi*98
WritingOnBoard/v_WritingOnBoard_g23_c02.avi*100
Billiards/v_Billiards_g08_c02.avi*12
FrontCrawl/v_FrontCrawl_g23_c07.avi*32
BandMarching/v_BandMarching_g11_c07.avi*6
PlayingSitar/v_PlayingSitar_g23_c05.avi*65
BlowDryHair/v_BlowDryHair_g10_c03.avi*13
PlayingCello/v_PlayingCello_g17_c02.avi*59
PlayingDaf/v_PlayingDaf_g14_c03.avi*60
ShavingBeard/v_ShavingBeard_g10_c03.avi*78
Haircut/v_Haircut_g23_c04.avi*34
FloorGymnastics/v_FloorGymnastics_g10_c03.avi*30
FieldHockeyPenalty/v_FieldHockeyPenalty_g13_c03.avi*29
ParallelBars/v_ParallelBars_g25_c04.avi*57
PlayingDhol/v_PlayingDhol_g23_c05.avi*61
PlayingFlute/v_PlayingFlute_g09_c05.avi*62
ApplyLipstick/v_ApplyLipstick_g25_c01.avi*2
Typing/v_Typing_g17_c01.avi*95
PlayingSitar/v_PlayingSitar_g23_c01.avi*65
Hammering/v_Hammering_g17_c03.avi*35
MilitaryParade/v_MilitaryParade_g23_c04.avi*53
Punch/v_Punch_g15_c06.avi*71
PlayingDhol/v_PlayingDhol_g23_c04.avi*61
ApplyLipstick/v_ApplyLipstick_g22_c01.avi*2
Billiards/v_Billiards_g09_c06.avi*12
VolleyballSpiking/v_VolleyballSpiking_g11_c05.avi*97
FloorGymnastics/v_FloorGymnastics_g14_c05.avi*30
Basketball/v_Basketball_g18_c03.avi*8
PlayingTabla/v_PlayingTabla_g22_c01.avi*66
RopeClimbing/v_RopeClimbing_g12_c04.avi*75
CuttingInKitchen/v_CuttingInKitchen_g10_c06.avi*25
PlayingSitar/v_PlayingSitar_g23_c06.avi*65
TaiChi/v_TaiChi_g13_c03.avi*91
TennisSwing/v_TennisSwing_g08_c04.avi*92
Typing/v_Typing_g11_c06.avi*95
SalsaSpin/v_SalsaSpin_g23_c04.avi*77
BreastStroke/v_BreastStroke_g18_c05.avi*19
BandMarching/v_BandMarching_g21_c02.avi*6
TableTennisShot/v_TableTennisShot_g12_c03.avi*90
FieldHockeyPenalty/v_FieldHockeyPenalty_g14_c02.avi*29
Mixing/v_Mixing_g21_c04.avi*54
WalkingWithDog/v_WalkingWithDog_g11_c01.avi*98
BenchPress/v_BenchPress_g15_c02.avi*10
RockClimbingIndoor/v_RockClimbingIndoor_g21_c02.avi*74
BlowDryHair/v_BlowDryHair_g08_c05.avi*13
BlowDryHair/v_BlowDryHair_g19_c03.avi*13
TennisSwing/v_TennisSwing_g09_c06.avi*92
BaseballPitch/v_BaseballPitch_g25_c05.avi*7
HighJump/v_HighJump_g24_c04.avi*40
ShavingBeard/v_ShavingBeard_g15_c06.avi*78
BoxingPunchingBag/v_BoxingPunchingBag_g22_c03.avi*17
FieldHockeyPenalty/v_FieldHockeyPenalty_g19_c03.avi*29
WalkingWithDog/v_WalkingWithDog_g17_c01.avi*98
HighJump/v_HighJump_g09_c01.avi*40
Rafting/v_Rafting_g08_c04.avi*73
JavelinThrow/v_JavelinThrow_g15_c06.avi*45
SumoWrestling/v_SumoWrestling_g19_c03.avi*87
BlowDryHair/v_BlowDryHair_g11_c04.avi*13
YoYo/v_YoYo_g09_c02.avi*101
JumpRope/v_JumpRope_g19_c02.avi*48
BasketballDunk/v_BasketballDunk_g22_c01.avi*9
RockClimbingIndoor/v_RockClimbingIndoor_g13_c06.avi*74
BalanceBeam/v_BalanceBeam_g19_c04.avi*5
BasketballDunk/v_BasketballDunk_g15_c05.avi*9
BenchPress/v_BenchPress_g22_c05.avi*10
Diving/v_Diving_g12_c02.avi*26
PlayingViolin/v_PlayingViolin_g13_c03.avi*67
Surfing/v_Surfing_g15_c04.avi*88
BasketballDunk/v_BasketballDunk_g11_c04.avi*9
RopeClimbing/v_RopeClimbing_g23_c04.avi*75
WallPushups/v_WallPushups_g25_c05.avi*99
LongJump/v_LongJump_g08_c03.avi*51
BoxingPunchingBag/v_BoxingPunchingBag_g23_c06.avi*17
Punch/v_Punch_g10_c05.avi*71
PommelHorse/v_PommelHorse_g21_c04.avi*69
PlayingPiano/v_PlayingPiano_g14_c03.avi*64
BenchPress/v_BenchPress_g12_c03.avi*10
BaseballPitch/v_BaseballPitch_g22_c05.avi*7
Drumming/v_Drumming_g23_c07.avi*27
BrushingTeeth/v_BrushingTeeth_g20_c05.avi*20
PlayingFlute/v_PlayingFlute_g10_c02.avi*62
BabyCrawling/v_BabyCrawling_g15_c05.avi*4
PlayingGuitar/v_PlayingGuitar_g18_c02.avi*63
Kayaking/v_Kayaking_g12_c01.avi*49
IceDancing/v_IceDancing_g24_c03.avi*44
MoppingFloor/v_MoppingFloor_g18_c04.avi*55
PlayingTabla/v_PlayingTabla_g09_c05.avi*66
BoxingSpeedBag/v_BoxingSpeedBag_g11_c01.avi*18
JavelinThrow/v_JavelinThrow_g23_c01.avi*45
JumpingJack/v_JumpingJack_g15_c01.avi*47
IceDancing/v_IceDancing_g09_c02.avi*44
Hammering/v_Hammering_g23_c05.avi*35
PullUps/v_PullUps_g16_c04.avi*70
UnevenBars/v_UnevenBars_g12_c04.avi*96
FrisbeeCatch/v_FrisbeeCatch_g14_c04.avi*31
RockClimbingIndoor/v_RockClimbingIndoor_g20_c05.avi*74
CricketBowling/v_CricketBowling_g18_c04.avi*23
Rowing/v_Rowing_g17_c02.avi*76
Nunchucks/v_Nunchucks_g18_c06.avi*56
Punch/v_Punch_g12_c02.avi*71
HorseRiding/v_HorseRiding_g10_c05.avi*42
HandstandWalking/v_HandstandWalking_g10_c04.avi*38
PoleVault/v_PoleVault_g18_c02.avi*68
PlayingGuitar/v_PlayingGuitar_g19_c04.avi*63
RopeClimbing/v_RopeClimbing_g13_c02.avi*75
HighJump/v_HighJump_g13_c04.avi*40
BrushingTeeth/v_BrushingTeeth_g21_c04.avi*20
HammerThrow/v_HammerThrow_g25_c05.avi*36
BoxingSpeedBag/v_BoxingSpeedBag_g23_c03.avi*18
MilitaryParade/v_MilitaryParade_g10_c05.avi*53
JumpingJack/v_JumpingJack_g16_c04.avi*47
ApplyLipstick/v_ApplyLipstick_g23_c01.avi*2
MilitaryParade/v_MilitaryParade_g11_c04.avi*53
ShavingBeard/v_ShavingBeard_g17_c04.avi*78
BoxingSpeedBag/v_BoxingSpeedBag_g14_c03.avi*18
BalanceBeam/v_BalanceBeam_g17_c03.avi*5
JumpingJack/v_JumpingJack_g13_c07.avi*47
BasketballDunk/v_BasketballDunk_g17_c02.avi*9
BoxingPunchingBag/v_BoxingPunchingBag_g23_c03.avi*17
BabyCrawling/v_BabyCrawling_g13_c02.avi*4
PlayingGuitar/v_PlayingGuitar_g22_c03.avi*63
Fencing/v_Fencing_g10_c02.avi*28
Fencing/v_Fencing_g13_c04.avi*28
ApplyEyeMakeup/v_ApplyEyeMakeup_g24_c04.avi*1
FrontCrawl/v_FrontCrawl_g22_c01.avi*32
Surfing/v_Surfing_g16_c05.avi*88
CricketBowling/v_CricketBowling_g10_c03.avi*23
BaseballPitch/v_BaseballPitch_g14_c01.avi*7
PizzaTossing/v_PizzaTossing_g09_c02.avi*58
TaiChi/v_TaiChi_g23_c01.avi*91
TaiChi/v_TaiChi_g22_c03.avi*91
BalanceBeam/v_BalanceBeam_g24_c02.avi*5
HeadMassage/v_HeadMassage_g18_c01.avi*39
FrisbeeCatch/v_FrisbeeCatch_g10_c05.avi*31
JumpingJack/v_JumpingJack_g19_c05.avi*47
Biking/v_Biking_g16_c05.avi*11
PlayingPiano/v_PlayingPiano_g15_c04.avi*64
SoccerJuggling/v_SoccerJuggling_g09_c02.avi*84
Drumming/v_Drumming_g19_c01.avi*27
MoppingFloor/v_MoppingFloor_g13_c02.avi*55
Rafting/v_Rafting_g14_c05.avi*73
Haircut/v_Haircut_g21_c04.avi*34
BalanceBeam/v_BalanceBeam_g18_c01.avi*5
WallPushups/v_WallPushups_g20_c02.avi*99
Swing/v_Swing_g19_c02.avi*89
PlayingGuitar/v_PlayingGuitar_g19_c06.avi*63
RockClimbingIndoor/v_RockClimbingIndoor_g17_c04.avi*74
BrushingTeeth/v_BrushingTeeth_g21_c03.avi*20
GolfSwing/v_GolfSwing_g10_c02.avi*33
ParallelBars/v_ParallelBars_g21_c03.avi*57
MilitaryParade/v_MilitaryParade_g25_c01.avi*53
ThrowDiscus/v_ThrowDiscus_g23_c03.avi*93
PushUps/v_PushUps_g10_c04.avi*72
ApplyEyeMakeup/v_ApplyEyeMakeup_g08_c01.avi*1
BoxingSpeedBag/v_BoxingSpeedBag_g14_c01.avi*18
SumoWrestling/v_SumoWrestling_g21_c04.avi*87
UnevenBars/v_UnevenBars_g15_c02.avi*96
CricketShot/v_CricketShot_g10_c05.avi*24
MoppingFloor/v_MoppingFloor_g08_c01.avi*55
HulaHoop/v_HulaHoop_g14_c01.avi*43
Hammering/v_Hammering_g20_c01.avi*35
