Basketball/v_Basketball_g15_c01.avi*8
WallPushups/v_WallPushups_g12_c03.avi*99
Surfing/v_Surfing_g18_c01.avi*88
BoxingSpeedBag/v_BoxingSpeedBag_g20_c04.avi*18
BabyCrawling/v_BabyCrawling_g22_c06.avi*4
BodyWeightSquats/v_BodyWeightSquats_g19_c01.avi*15
Swing/v_Swing_g23_c02.avi*89
SoccerPenalty/v_SoccerPenalty_g23_c01.avi*85
SoccerJuggling/v_SoccerJuggling_g22_c04.avi*84
HandstandPushups/v_HandStandPushups_g12_c03.avi*37
HorseRiding/v_HorseRiding_g08_c01.avi*42
BlowDryHair/v_BlowDryHair_g18_c05.avi*13
Surfing/v_Surfing_g20_c04.avi*88
UnevenBars/v_UnevenBars_g21_c01.avi*96
ApplyEyeMakeup/v_ApplyEyeMakeup_g12_c06.avi*1
Shotput/v_Shotput_g15_c07.avi*79
RockClimbingIndoor/v_RockClimbingIndoor_g21_c06.avi*74
LongJump/v_LongJump_g23_c01.avi*51
UnevenBars/v_UnevenBars_g21_c04.avi*96
Nunchucks/v_Nunchucks_g12_c04.avi*56
RopeClimbing/v_RopeClimbing_g09_c03.avi*75
HeadMassage/v_HeadMassage_g18_c07.avi*39
BlowDryHair/v_BlowDryHair_g10_c05.avi*13
Diving/v_Diving_g08_c05.avi*26
CricketShot/v_CricketShot_g16_c04.avi*24
CricketShot/v_CricketShot_g15_c05.avi*24
BrushingTeeth/v_BrushingTeeth_g18_c07.avi*20
PizzaTossing/v_PizzaTossing_g11_c01.avi*58
HandstandWalking/v_HandstandWalking_g14_c02.avi*38
BalanceBeam/v_BalanceBeam_g23_c01.avi*5
IceDancing/v_IceDancing_g21_c02.avi*44
Mixing/v_Mixing_g09_c06.avi*54
BlowingCandles/v_BlowingCandles_g16_c03.avi*14
PlayingGuitar/v_PlayingGuitar_g22_c03.avi*63
BoxingPunchingBag/v_BoxingPunchingBag_g20_c05.avi*17
BlowingCandles/v_BlowingCandles_g12_c01.avi*14
Rowing/v_Rowing_g21_c02.avi*76
BreastStroke/v_BreastStroke_g23_c01.avi*19
PlayingSitar/v_PlayingSitar_g10_c02.avi*65
PlayingCello/v_PlayingCello_g16_c06.avi*59
Punch/v_Punch_g19_c06.avi*71
Rowing/v_Rowing_g08_c03.avi*76
PizzaTossing/v_PizzaTossing_g18_c04.avi*58
PlayingDaf/v_PlayingDaf_g09_c05.avi*60
PlayingGuitar/v_PlayingGuitar_g18_c03.avi*63
Mixing/v_Mixing_g14_c03.avi*54
PlayingViolin/v_PlayingViolin_g18_c04.avi*67
PlayingDaf/v_PlayingDaf_g21_c06.avi*60
BoxingPunchingBag/v_BoxingPunchingBag_g15_c07.avi*17
Rowing/v_Rowing_g18_c02.avi*76
PlayingViolin/v_PlayingViolin_g17_c02.avi*67
SoccerPenalty/v_SoccerPenalty_g08_c04.avi*85
Lunges/v_Lunges_g19_c01.avi*52
Rafting/v_Rafting_g15_c01.avi*73
SoccerJuggling/v_SoccerJuggling_g18_c07.avi*84
Basketball/v_Basketball_g15_c02.avi*8
Skiing/v_Skiing_g14_c03.avi*81
CuttingInKitchen/v_CuttingInKitchen_g25_c03.avi*25
GolfSwing/v_GolfSwing_g21_c01.avi*33
ParallelBars/v_ParallelBars_g19_c04.avi*57
Basketball/v_Basketball_g10_c01.avi*8
VolleyballSpiking/v_VolleyballSpiking_g16_c02.avi*97
SalsaSpin/v_SalsaSpin_g12_c05.avi*77
Nunchucks/v_Nunchucks_g17_c04.avi*56
PlayingGuitar/v_PlayingGuitar_g15_c06.avi*63
HandstandPushups/v_HandStandPushups_g24_c01.avi*37
BasketballDunk/v_BasketballDunk_g21_c03.avi*9
FrontCrawl/v_FrontCrawl_g24_c03.avi*32
BlowDryHair/v_BlowDryHair_g25_c01.avi*13
Billiards/v_Billiards_g12_c06.avi*12
Hammering/v_Hammering_g16_c03.avi*35
BaseballPitch/v_BaseballPitch_g22_c01.avi*7
PlayingPiano/v_PlayingPiano_g16_c06.avi*64
BoxingSpeedBag/v_BoxingSpeedBag_g13_c01.avi*18
BlowDryHair/v_BlowDryHair_g15_c05.avi*13
BenchPress/v_BenchPress_g23_c05.avi*10
SoccerJuggling/v_SoccerJuggling_g14_c07.avi*84
Fencing/v_Fencing_g25_c02.avi*28
JugglingBalls/v_JugglingBalls_g13_c02.avi*46
WalkingWithDog/v_WalkingWithDog_g15_c01.avi*98
LongJump/v_LongJump_g18_c04.avi*51
Archery/v_Archery_g25_c01.avi*3
RockClimbingIndoor/v_RockClimbingIndoor_g24_c01.avi*74
BlowDryHair/v_BlowDryHair_g17_c05.avi*13
BalanceBeam/v_BalanceBeam_g20_c01.avi*5
TaiChi/v_TaiChi_g12_c03.avi*91
Kayaking/v_Kayaking_g11_c01.avi*49
VolleyballSpiking/v_VolleyballSpiking_g14_c03.avi*97
FrisbeeCatch/v_FrisbeeCatch_g24_c02.avi*31
CliffDiving/v_CliffDiving_g08_c02.avi*22
PlayingSitar/v_PlayingSitar_g21_c05.avi*65
PlayingDhol/v_PlayingDhol_g10_c02.avi*61
BlowDryHair/v_BlowDryHair_g12_c03.avi*13
IceDancing/v_IceDancing_g23_c06.avi*44
JavelinThrow/v_JavelinThrow_g15_c02.avi*45
Kayaking/v_Kayaking_g22_c05.avi*49
Billiards/v_Billiards_g23_c01.avi*12
Knitting/v_Knitting_g23_c03.avi*50
HandstandPushups/v_HandStandPushups_g23_c03.avi*37
SkateBoarding/v_SkateBoarding_g15_c05.avi*80
FieldHockeyPenalty/v_FieldHockeyPenalty_g11_c01.avi*29
ApplyLipstick/v_ApplyLipstick_g10_c02.avi*2
PullUps/v_PullUps_g14_c01.avi*70
StillRings/v_StillRings_g21_c05.avi*86
HandstandWalking/v_HandstandWalking_g14_c03.avi*38
Punch/v_Punch_g18_c07.avi*71
PlayingDaf/v_PlayingDaf_g24_c01.avi*60
Skiing/v_Skiing_g10_c04.avi*81
Surfing/v_Surfing_g16_c05.avi*88
StillRings/v_StillRings_g19_c03.avi*86
PommelHorse/v_PommelHorse_g09_c01.avi*69
HighJump/v_HighJump_g13_c02.avi*40
VolleyballSpiking/v_VolleyballSpiking_g24_c04.avi*97
PushUps/v_PushUps_g24_c04.avi*72
PlayingFlute/v_PlayingFlute_g21_c04.avi*62
TennisSwing/v_TennisSwing_g22_c06.avi*92
CricketShot/v_CricketShot_g19_c03.avi*24
PlayingFlute/v_PlayingFlute_g22_c02.avi*62
Hammering/v_Hammering_g21_c07.avi*35
Skiing/v_Skiing_g13_c07.avi*81
Kayaking/v_Kayaking_g25_c04.avi*49
Rowing/v_Rowing_g19_c05.avi*76
SoccerJuggling/v_SoccerJuggling_g10_c04.avi*84
PlayingCello/v_PlayingCello_g10_c05.avi*59
GolfSwing/v_GolfSwing_g15_c01.avi*33
HandstandWalking/v_HandstandWalking_g09_c01.avi*38
Rowing/v_Rowing_g09_c01.avi*76
SoccerPenalty/v_SoccerPenalty_g11_c02.avi*85
SoccerJuggling/v_SoccerJuggling_g13_c01.avi*84
Drumming/v_Drumming_g17_c01.avi*27
JavelinThrow/v_JavelinThrow_g20_c03.avi*45
Surfing/v_Surfing_g18_c03.avi*88
Haircut/v_Haircut_g24_c01.avi*34
BodyWeightSquats/v_BodyWeightSquats_g21_c04.avi*15
UnevenBars/v_UnevenBars_g10_c03.avi*96
PlayingSitar/v_PlayingSitar_g24_c04.avi*65
BabyCrawling/v_BabyCrawling_g19_c02.avi*4
PlayingTabla/v_PlayingTabla_g24_c03.avi*66
JumpingJack/v_JumpingJack_g09_c06.avi*47
JavelinThrow/v_JavelinThrow_g12_c01.avi*45
Haircut/v_Haircut_g15_c04.avi*34
CricketBowling/v_CricketBowling_g14_c01.avi*23
SoccerPenalty/v_SoccerPenalty_g11_c04.avi*85
HandstandWalking/v_HandstandWalking_g18_c07.avi*38
MilitaryParade/v_MilitaryParade_g20_c01.avi*53
PlayingCello/v_PlayingCello_g24_c03.avi*59
CricketBowling/v_CricketBowling_g16_c01.avi*23
BoxingSpeedBag/v_BoxingSpeedBag_g23_c04.avi*18
PlayingDhol/v_PlayingDhol_g24_c04.avi*61
BenchPress/v_BenchPress_g19_c05.avi*10
MilitaryParade/v_MilitaryParade_g10_c04.avi*53
ThrowDiscus/v_ThrowDiscus_g25_c05.avi*93
PlayingDhol/v_PlayingDhol_g15_c02.avi*61
SumoWrestling/v_SumoWrestling_g16_c03.avi*87
JumpRope/v_JumpRope_g08_c07.avi*48
PizzaTossing/v_PizzaTossing_g21_c04.avi*58
SkyDiving/v_SkyDiving_g15_c05.avi*83
HorseRace/v_HorseRace_g12_c04.avi*41
BaseballPitch/v_BaseballPitch_g13_c03.avi*7
PlayingGuitar/v_PlayingGuitar_g12_c05.avi*63
SalsaSpin/v_SalsaSpin_g20_c03.avi*77
ParallelBars/v_ParallelBars_g09_c05.avi*57
ApplyEyeMakeup/v_ApplyEyeMakeup_g10_c04.avi*1
CleanAndJerk/v_CleanAndJerk_g09_c02.avi*21
JumpRope/v_JumpRope_g23_c04.avi*48
Surfing/v_Surfing_g24_c02.avi*88
SoccerPenalty/v_SoccerPenalty_g21_c05.avi*85
WritingOnBoard/v_WritingOnBoard_g18_c04.avi*100
CricketBowling/v_CricketBowling_g08_c03.avi*23
Rafting/v_Rafting_g23_c04.avi*73
PlayingGuitar/v_PlayingGuitar_g10_c04.avi*63
Fencing/v_Fencing_g21_c03.avi*28
HandstandPushups/v_HandStandPushups_g12_c05.avi*37
Nunchucks/v_Nunchucks_g24_c04.avi*56
CricketBowling/v_CricketBowling_g19_c05.avi*23
BalanceBeam/v_BalanceBeam_g13_c03.avi*5
HeadMassage/v_HeadMassage_g11_c03.avi*39
Drumming/v_Drumming_g17_c02.avi*27
YoYo/v_YoYo_g22_c06.avi*101
TableTennisShot/v_TableTennisShot_g15_c04.avi*90
BlowDryHair/v_BlowDryHair_g08_c04.avi*13
CricketBowling/v_CricketBowling_g18_c05.avi*23
CliffDiving/v_CliffDiving_g09_c04.avi*22
FrisbeeCatch/v_FrisbeeCatch_g17_c01.avi*31
PizzaTossing/v_PizzaTossing_g20_c01.avi*58
YoYo/v_YoYo_g21_c06.avi*101
SkateBoarding/v_SkateBoarding_g08_c02.avi*80
HammerThrow/v_HammerThrow_g20_c03.avi*36
HammerThrow/v_HammerThrow_g15_c02.avi*36
HandstandPushups/v_HandStandPushups_g15_c01.avi*37
Hammering/v_Hammering_g24_c04.avi*35
GolfSwing/v_GolfSwing_g09_c04.avi*33
MilitaryParade/v_MilitaryParade_g22_c04.avi*53
SoccerPenalty/v_SoccerPenalty_g08_c03.avi*85
PlayingDaf/v_PlayingDaf_g20_c01.avi*60
Punch/v_Punch_g12_c05.avi*71
MoppingFloor/v_MoppingFloor_g20_c04.avi*55
Bowling/v_Bowling_g24_c07.avi*16
VolleyballSpiking/v_VolleyballSpiking_g10_c02.avi*97
PoleVault/v_PoleVault_g16_c05.avi*68
BoxingPunchingBag/v_BoxingPunchingBag_g24_c01.avi*17
Shotput/v_Shotput_g19_c04.avi*79
FrontCrawl/v_FrontCrawl_g14_c01.avi*32
BoxingPunchingBag/v_BoxingPunchingBag_g24_c03.avi*17
HeadMassage/v_HeadMassage_g25_c04.avi*39
Biking/v_Biking_g21_c02.avi*11
PlayingDhol/v_PlayingDhol_g23_c04.avi*61
FloorGymnastics/v_FloorGymnastics_g14_c03.avi*30
PoleVault/v_PoleVault_g12_c07.avi*68
HandstandPushups/v_HandStandPushups_g16_c05.avi*37
PommelHorse/v_PommelHorse_g14_c02.avi*69
Drumming/v_Drumming_g19_c02.avi*27
Surfing/v_Surfing_g10_c05.avi*88
HorseRace/v_HorseRace_g09_c03.avi*41
BasketballDunk/v_BasketballDunk_g15_c04.avi*9
Biking/v_Biking_g22_c04.avi*11
UnevenBars/v_UnevenBars_g22_c04.avi*96
ApplyEyeMakeup/v_ApplyEyeMakeup_g09_c02.avi*1
Bowling/v_Bowling_g22_c05.avi*16
Diving/v_Diving_g08_c03.avi*26
HandstandPushups/v_HandStandPushups_g18_c05.avi*37
Lunges/v_Lunges_g18_c03.avi*52
HeadMassage/v_HeadMassage_g16_c01.avi*39
PommelHorse/v_PommelHorse_g11_c02.avi*69
RopeClimbing/v_RopeClimbing_g10_c03.avi*75
BenchPress/v_BenchPress_g25_c06.avi*10
PullUps/v_PullUps_g15_c01.avi*70
BlowingCandles/v_BlowingCandles_g19_c01.avi*14
VolleyballSpiking/v_VolleyballSpiking_g08_c03.avi*97
ApplyLipstick/v_ApplyLipstick_g19_c02.avi*2
FieldHockeyPenalty/v_FieldHockeyPenalty_g10_c05.avi*29
Mixing/v_Mixing_g21_c03.avi*54
ApplyLipstick/v_ApplyLipstick_g24_c03.avi*2
Lunges/v_Lunges_g16_c04.avi*52
Surfing/v_Surfing_g17_c03.avi*88
TrampolineJumping/v_TrampolineJumping_g16_c06.avi*94
JavelinThrow/v_JavelinThrow_g14_c01.avi*45
Billiards/v_Billiards_g08_c02.avi*12
PlayingPiano/v_PlayingPiano_g22_c03.avi*64
PlayingFlute/v_PlayingFlute_g08_c01.avi*62
ShavingBeard/v_ShavingBeard_g13_c05.avi*78
JumpRope/v_JumpRope_g11_c06.avi*48
BalanceBeam/v_BalanceBeam_g15_c02.avi*5
RopeClimbing/v_RopeClimbing_g25_c03.avi*75
MilitaryParade/v_MilitaryParade_g23_c01.avi*53
Kayaking/v_Kayaking_g17_c03.avi*49
CricketBowling/v_CricketBowling_g21_c01.avi*23
BlowingCandles/v_BlowingCandles_g12_c06.avi*14
WalkingWithDog/v_WalkingWithDog_g17_c01.avi*98
BoxingPunchingBag/v_BoxingPunchingBag_g25_c03.avi*17
Knitting/v_Knitting_g13_c01.avi*50
FrontCrawl/v_FrontCrawl_g17_c02.avi*32
JumpingJack/v_JumpingJack_g20_c04.avi*47
Rowing/v_Rowing_g09_c02.avi*76
BasketballDunk/v_BasketballDunk_g15_c07.avi*9
FloorGymnastics/v_FloorGymnastics_g20_c02.avi*30
SumoWrestling/v_SumoWrestling_g18_c04.avi*87
WallPushups/v_WallPushups_g08_c02.avi*99
GolfSwing/v_GolfSwing_g17_c06.avi*33
WallPushups/v_WallPushups_g08_c05.avi*99
FloorGymnastics/v_FloorGymnastics_g25_c02.avi*30
PlayingSitar/v_PlayingSitar_g19_c07.avi*65
BoxingSpeedBag/v_BoxingSpeedBag_g19_c01.avi*18
Rafting/v_Rafting_g17_c05.avi*73
YoYo/v_YoYo_g16_c06.avi*101
JumpingJack/v_JumpingJack_g11_c03.avi*47
HulaHoop/v_HulaHoop_g15_c01.avi*43
BasketballDunk/v_BasketballDunk_g25_c01.avi*9
SkateBoarding/v_SkateBoarding_g08_c03.avi*80
RockClimbingIndoor/v_RockClimbingIndoor_g15_c02.avi*74
PlayingTabla/v_PlayingTabla_g23_c02.avi*66
BenchPress/v_BenchPress_g22_c03.avi*10
VolleyballSpiking/v_VolleyballSpiking_g09_c01.avi*97
PlayingDaf/v_PlayingDaf_g22_c01.avi*60
Diving/v_Diving_g20_c03.avi*26
HorseRace/v_HorseRace_g11_c05.avi*41
Hammering/v_Hammering_g15_c04.avi*35
TableTennisShot/v_TableTennisShot_g24_c05.avi*90
PlayingSitar/v_PlayingSitar_g16_c06.avi*65
PommelHorse/v_PommelHorse_g18_c01.avi*69
CricketShot/v_CricketShot_g18_c02.avi*24
SoccerPenalty/v_SoccerPenalty_g13_c02.avi*85
BoxingPunchingBag/v_BoxingPunchingBag_g08_c06.avi*17
WallPushups/v_WallPushups_g20_c03.avi*99
ThrowDiscus/v_ThrowDiscus_g09_c04.avi*93
TennisSwing/v_TennisSwing_g09_c04.avi*92
JavelinThrow/v_JavelinThrow_g22_c03.avi*45
PullUps/v_PullUps_g20_c04.avi*70
SumoWrestling/v_SumoWrestling_g24_c03.avi*87
Punch/v_Punch_g15_c01.avi*71
Fencing/v_Fencing_g20_c03.avi*28
PlayingViolin/v_PlayingViolin_g13_c02.avi*67
Diving/v_Diving_g15_c06.avi*26
IceDancing/v_IceDancing_g16_c02.avi*44
Typing/v_Typing_g09_c04.avi*95
Swing/v_Swing_g14_c05.avi*89
BenchPress/v_BenchPress_g16_c03.avi*10
Nunchucks/v_Nunchucks_g10_c06.avi*56
TableTennisShot/v_TableTennisShot_g20_c07.avi*90
TennisSwing/v_TennisSwing_g19_c01.avi*92
Bowling/v_Bowling_g25_c04.avi*16
PlayingDhol/v_PlayingDhol_g24_c03.avi*61
MilitaryParade/v_MilitaryParade_g18_c04.avi*53
IceDancing/v_IceDancing_g21_c07.avi*44
PlayingPiano/v_PlayingPiano_g20_c03.avi*64
Hammering/v_Hammering_g24_c06.avi*35
PlayingDhol/v_PlayingDhol_g15_c01.avi*61
GolfSwing/v_GolfSwing_g21_c05.avi*33
Basketball/v_Basketball_g09_c04.avi*8
VolleyballSpiking/v_VolleyballSpiking_g16_c03.avi*97
CricketBowling/v_CricketBowling_g17_c02.avi*23
SumoWrestling/v_SumoWrestling_g13_c02.avi*87
Surfing/v_Surfing_g22_c02.avi*88
Punch/v_Punch_g16_c07.avi*71
HandstandWalking/v_HandstandWalking_g12_c02.avi*38
Swing/v_Swing_g22_c02.avi*89
PommelHorse/v_PommelHorse_g24_c04.avi*69
HulaHoop/v_HulaHoop_g09_c02.avi*43
Biking/v_Biking_g17_c03.avi*11
TrampolineJumping/v_TrampolineJumping_g20_c05.avi*94
PlayingPiano/v_PlayingPiano_g16_c04.avi*64
CricketShot/v_CricketShot_g20_c05.avi*24
BalanceBeam/v_BalanceBeam_g15_c04.avi*5
HorseRiding/v_HorseRiding_g09_c05.avi*42
JugglingBalls/v_JugglingBalls_g15_c03.avi*46
JumpRope/v_JumpRope_g24_c03.avi*48
SoccerJuggling/v_SoccerJuggling_g14_c06.avi*84
Surfing/v_Surfing_g20_c03.avi*88
BandMarching/v_BandMarching_g21_c06.avi*6
RockClimbingIndoor/v_RockClimbingIndoor_g22_c01.avi*74
UnevenBars/v_UnevenBars_g18_c02.avi*96
BenchPress/v_BenchPress_g20_c05.avi*10
Haircut/v_Haircut_g16_c02.avi*34
HighJump/v_HighJump_g13_c01.avi*40
PlayingDhol/v_PlayingDhol_g11_c07.avi*61
WallPushups/v_WallPushups_g14_c01.avi*99
PlayingDaf/v_PlayingDaf_g16_c02.avi*60
PlayingTabla/v_PlayingTabla_g08_c04.avi*66
HorseRiding/v_HorseRiding_g10_c07.avi*42
Hammering/v_Hammering_g23_c01.avi*35
SumoWrestling/v_SumoWrestling_g21_c01.avi*87
BoxingPunchingBag/v_BoxingPunchingBag_g08_c07.avi*17
BrushingTeeth/v_BrushingTeeth_g09_c04.avi*20
PlayingPiano/v_PlayingPiano_g19_c01.avi*64
PizzaTossing/v_PizzaTossing_g09_c01.avi*58
PlayingDaf/v_PlayingDaf_g12_c05.avi*60
Hammering/v_Hammering_g10_c02.avi*35
HammerThrow/v_HammerThrow_g22_c06.avi*36
FrontCrawl/v_FrontCrawl_g21_c03.avi*32
Billiards/v_Billiards_g11_c04.avi*12
ApplyEyeMakeup/v_ApplyEyeMakeup_g13_c01.avi*1
BlowDryHair/v_BlowDryHair_g11_c01.avi*13
JumpingJack/v_JumpingJack_g24_c04.avi*47
HulaHoop/v_HulaHoop_g24_c03.avi*43
BoxingPunchingBag/v_BoxingPunchingBag_g21_c06.avi*17
BrushingTeeth/v_BrushingTeeth_g25_c04.avi*20
FieldHockeyPenalty/v_FieldHockeyPenalty_g09_c03.avi*29
BlowDryHair/v_BlowDryHair_g23_c02.avi*13
Archery/v_Archery_g15_c03.avi*3
TaiChi/v_TaiChi_g14_c01.avi*91
TaiChi/v_TaiChi_g17_c03.avi*91
TableTennisShot/v_TableTennisShot_g08_c04.avi*90
PlayingSitar/v_PlayingSitar_g10_c04.avi*65
HandstandPushups/v_HandStandPushups_g14_c04.avi*37
Rafting/v_Rafting_g14_c04.avi*73
TennisSwing/v_TennisSwing_g16_c03.avi*92
BandMarching/v_BandMarching_g19_c06.avi*6
Drumming/v_Drumming_g24_c03.avi*27
PlayingPiano/v_PlayingPiano_g11_c03.avi*64
Basketball/v_Basketball_g18_c02.avi*8
PommelHorse/v_PommelHorse_g12_c01.avi*69
HammerThrow/v_HammerThrow_g10_c04.avi*36
BoxingSpeedBag/v_BoxingSpeedBag_g24_c04.avi*18
PoleVault/v_PoleVault_g08_c02.avi*68
Basketball/v_Basketball_g20_c06.avi*8
HandstandPushups/v_HandStandPushups_g18_c01.avi*37
HulaHoop/v_HulaHoop_g10_c02.avi*43
HammerThrow/v_HammerThrow_g16_c02.avi*36
YoYo/v_YoYo_g13_c03.avi*101
Archery/v_Archery_g24_c06.avi*3
CuttingInKitchen/v_CuttingInKitchen_g14_c01.avi*25
BreastStroke/v_BreastStroke_g14_c02.avi*19
HighJump/v_HighJump_g11_c07.avi*40
SkateBoarding/v_SkateBoarding_g11_c03.avi*80
SoccerPenalty/v_SoccerPenalty_g13_c01.avi*85
Bowling/v_Bowling_g14_c01.avi*16
PoleVault/v_PoleVault_g19_c01.avi*68
HulaHoop/v_HulaHoop_g22_c02.avi*43
FrisbeeCatch/v_FrisbeeCatch_g23_c04.avi*31
TableTennisShot/v_TableTennisShot_g21_c01.avi*90
PlayingPiano/v_PlayingPiano_g13_c03.avi*64
FieldHockeyPenalty/v_FieldHockeyPenalty_g24_c05.avi*29
BandMarching/v_BandMarching_g22_c01.avi*6
ThrowDiscus/v_ThrowDiscus_g21_c04.avi*93
PlayingFlute/v_PlayingFlute_g16_c03.avi*62
PlayingGuitar/v_PlayingGuitar_g20_c05.avi*63
IceDancing/v_IceDancing_g20_c07.avi*44
BenchPress/v_BenchPress_g10_c03.avi*10
JugglingBalls/v_JugglingBalls_g25_c03.avi*46
CliffDiving/v_CliffDiving_g12_c05.avi*22
PlayingGuitar/v_PlayingGuitar_g25_c05.avi*63
Typing/v_Typing_g24_c04.avi*95
HeadMassage/v_HeadMassage_g11_c01.avi*39
BreastStroke/v_BreastStroke_g09_c03.avi*19
Diving/v_Diving_g14_c01.avi*26
BandMarching/v_BandMarching_g21_c01.avi*6
BenchPress/v_BenchPress_g19_c06.avi*10
PullUps/v_PullUps_g10_c03.avi*70
Diving/v_Diving_g17_c04.avi*26
Skiing/v_Skiing_g09_c05.avi*81
Fencing/v_Fencing_g23_c02.avi*28
PlayingCello/v_PlayingCello_g21_c05.avi*59
Shotput/v_Shotput_g10_c01.avi*79
JugglingBalls/v_JugglingBalls_g16_c03.avi*46
CuttingInKitchen/v_CuttingInKitchen_g18_c04.avi*25
Hammering/v_Hammering_g15_c07.avi*35
BalanceBeam/v_BalanceBeam_g13_c01.avi*5
IceDancing/v_IceDancing_g23_c03.avi*44
RopeClimbing/v_RopeClimbing_g24_c03.avi*75
HandstandWalking/v_HandstandWalking_g11_c02.avi*38
RopeClimbing/v_RopeClimbing_g23_c03.avi*75
Mixing/v_Mixing_g17_c01.avi*54
Typing/v_Typing_g14_c01.avi*95
Punch/v_Punch_g17_c06.avi*71
Knitting/v_Knitting_g15_c03.avi*50
TableTennisShot/v_TableTennisShot_g13_c01.avi*90
Knitting/v_Knitting_g15_c02.avi*50
Mixing/v_Mixing_g12_c01.avi*54
GolfSwing/v_GolfSwing_g22_c02.avi*33
PoleVault/v_PoleVault_g10_c03.avi*68
SoccerJuggling/v_SoccerJuggling_g20_c06.avi*84
MoppingFloor/v_MoppingFloor_g21_c03.avi*55
BaseballPitch/v_BaseballPitch_g12_c04.avi*7
PlayingViolin/v_PlayingViolin_g12_c01.avi*67
HorseRiding/v_HorseRiding_g11_c07.avi*42
PlayingViolin/v_PlayingViolin_g24_c02.avi*67
WritingOnBoard/v_WritingOnBoard_g10_c04.avi*100
ShavingBeard/v_ShavingBeard_g18_c04.avi*78
PoleVault/v_PoleVault_g17_c07.avi*68
HorseRiding/v_HorseRiding_g15_c03.avi*42
ThrowDiscus/v_ThrowDiscus_g17_c04.avi*93
JumpRope/v_JumpRope_g08_c05.avi*48
HighJump/v_HighJump_g18_c03.avi*40
Rowing/v_Rowing_g14_c07.avi*76
BenchPress/v_BenchPress_g18_c01.avi*10
HandstandPushups/v_HandStandPushups_g17_c03.avi*37
Lunges/v_Lunges_g08_c04.avi*52
TennisSwing/v_TennisSwing_g25_c01.avi*92
Bowling/v_Bowling_g15_c01.avi*16
Mixing/v_Mixing_g20_c02.avi*54
Fencing/v_Fencing_g17_c01.avi*28
YoYo/v_YoYo_g14_c03.avi*101
StillRings/v_StillRings_g23_c02.avi*86
IceDancing/v_IceDancing_g25_c03.avi*44
Bowling/v_Bowling_g17_c03.avi*16
Diving/v_Diving_g08_c01.avi*26
Basketball/v_Basketball_g08_c03.avi*8
HighJump/v_HighJump_g23_c06.avi*40
VolleyballSpiking/v_VolleyballSpiking_g21_c02.avi*97
JumpingJack/v_JumpingJack_g18_c01.avi*47
SoccerPenalty/v_SoccerPenalty_g13_c03.avi*85
BreastStroke/v_BreastStroke_g25_c01.avi*19
BlowingCandles/v_BlowingCandles_g16_c01.avi*14
Bowling/v_Bowling_g13_c01.avi*16
Shotput/v_Shotput_g19_c02.avi*79
PlayingPiano/v_PlayingPiano_g09_c04.avi*64
Rafting/v_Rafting_g24_c02.avi*73
PlayingFlute/v_PlayingFlute_g08_c03.avi*62
Archery/v_Archery_g15_c06.avi*3
Basketball/v_Basketball_g18_c04.avi*8
Hammering/v_Hammering_g18_c04.avi*35
SumoWrestling/v_SumoWrestling_g09_c04.avi*87
Rafting/v_Rafting_g11_c03.avi*73
BlowDryHair/v_BlowDryHair_g09_c03.avi*13
HorseRace/v_HorseRace_g16_c05.avi*41
RockClimbingIndoor/v_RockClimbingIndoor_g17_c03.avi*74
PlayingSitar/v_PlayingSitar_g13_c01.avi*65
RopeClimbing/v_RopeClimbing_g09_c01.avi*75
SoccerPenalty/v_SoccerPenalty_g16_c02.avi*85
TrampolineJumping/v_TrampolineJumping_g12_c05.avi*94
BaseballPitch/v_BaseballPitch_g19_c02.avi*7
HulaHoop/v_HulaHoop_g15_c03.avi*43
HandstandPushups/v_HandStandPushups_g25_c07.avi*37
RopeClimbing/v_RopeClimbing_g19_c03.avi*75
Knitting/v_Knitting_g25_c05.avi*50
SkyDiving/v_SkyDiving_g15_c04.avi*83
HorseRiding/v_HorseRiding_g09_c04.avi*42
HammerThrow/v_HammerThrow_g19_c06.avi*36
Archery/v_Archery_g16_c02.avi*3
Billiards/v_Billiards_g13_c05.avi*12
RopeClimbing/v_RopeClimbing_g15_c03.avi*75
PlayingTabla/v_PlayingTabla_g09_c02.avi*66
Nunchucks/v_Nunchucks_g12_c05.avi*56
Knitting/v_Knitting_g25_c04.avi*50
CricketShot/v_CricketShot_g08_c02.avi*24
PoleVault/v_PoleVault_g16_c07.avi*68
YoYo/v_YoYo_g11_c02.avi*101
Typing/v_Typing_g18_c03.avi*95
Bowling/v_Bowling_g10_c06.avi*16
IceDancing/v_IceDancing_g23_c05.avi*44
Skijet/v_Skijet_g23_c03.avi*82
Haircut/v_Haircut_g22_c07.avi*34
Nunchucks/v_Nunchucks_g24_c01.avi*56
PizzaTossing/v_PizzaTossing_g19_c03.avi*58
UnevenBars/v_UnevenBars_g12_c02.avi*96
SoccerJuggling/v_SoccerJuggling_g10_c02.avi*84
PlayingDhol/v_PlayingDhol_g10_c03.avi*61
CricketShot/v_CricketShot_g22_c03.avi*24
MilitaryParade/v_MilitaryParade_g09_c03.avi*53
CleanAndJerk/v_CleanAndJerk_g14_c01.avi*21
HulaHoop/v_HulaHoop_g12_c03.avi*43
BabyCrawling/v_BabyCrawling_g10_c04.avi*4
Surfing/v_Surfing_g15_c07.avi*88
SoccerJuggling/v_SoccerJuggling_g19_c03.avi*84
WalkingWithDog/v_WalkingWithDog_g25_c02.avi*98
ShavingBeard/v_ShavingBeard_g15_c05.avi*78
BoxingPunchingBag/v_BoxingPunchingBag_g15_c03.avi*17
Biking/v_Biking_g16_c05.avi*11
Basketball/v_Basketball_g21_c01.avi*8
BoxingSpeedBag/v_BoxingSpeedBag_g08_c02.avi*18
Skiing/v_Skiing_g20_c02.avi*81
PlayingFlute/v_PlayingFlute_g25_c06.avi*62
CliffDiving/v_CliffDiving_g22_c02.avi*22
Bowling/v_Bowling_g11_c04.avi*16
SkateBoarding/v_SkateBoarding_g23_c04.avi*80
ApplyLipstick/v_ApplyLipstick_g08_c03.avi*2
Knitting/v_Knitting_g10_c03.avi*50
HorseRiding/v_HorseRiding_g24_c04.avi*42
PlayingFlute/v_PlayingFlute_g14_c06.avi*62
SoccerPenalty/v_SoccerPenalty_g11_c05.avi*85
Surfing/v_Surfing_g25_c01.avi*88
Billiards/v_Billiards_g08_c05.avi*12
BoxingPunchingBag/v_BoxingPunchingBag_g16_c01.avi*17
PlayingDaf/v_PlayingDaf_g22_c06.avi*60
SkateBoarding/v_SkateBoarding_g21_c02.avi*80
PullUps/v_PullUps_g16_c03.avi*70
IceDancing/v_IceDancing_g13_c02.avi*44
JugglingBalls/v_JugglingBalls_g16_c04.avi*46
BlowDryHair/v_BlowDryHair_g15_c01.avi*13
Nunchucks/v_Nunchucks_g13_c01.avi*56
PlayingGuitar/v_PlayingGuitar_g11_c07.avi*63
Punch/v_Punch_g18_c05.avi*71
IceDancing/v_IceDancing_g20_c05.avi*44
MoppingFloor/v_MoppingFloor_g24_c04.avi*55
Drumming/v_Drumming_g14_c02.avi*27
FloorGymnastics/v_FloorGymnastics_g24_c04.avi*30
Shotput/v_Shotput_g15_c05.avi*79
Drumming/v_Drumming_g12_c02.avi*27
FloorGymnastics/v_FloorGymnastics_g13_c01.avi*30
TennisSwing/v_TennisSwing_g16_c07.avi*92
Kayaking/v_Kayaking_g14_c04.avi*49
FloorGymnastics/v_FloorGymnastics_g11_c01.avi*30
HandstandWalking/v_HandstandWalking_g19_c02.avi*38
FloorGymnastics/v_FloorGymnastics_g23_c04.avi*30
SalsaSpin/v_SalsaSpin_g16_c04.avi*77
Drumming/v_Drumming_g17_c03.avi*27
Haircut/v_Haircut_g11_c01.avi*34
SkyDiving/v_SkyDiving_g16_c01.avi*83
TennisSwing/v_TennisSwing_g14_c07.avi*92
JugglingBalls/v_JugglingBalls_g17_c02.avi*46
Nunchucks/v_Nunchucks_g13_c04.avi*56
Billiards/v_Billiards_g08_c03.avi*12
HeadMassage/v_HeadMassage_g14_c07.avi*39
FieldHockeyPenalty/v_FieldHockeyPenalty_g17_c04.avi*29
HorseRiding/v_HorseRiding_g24_c03.avi*42
Fencing/v_Fencing_g14_c02.avi*28
TaiChi/v_TaiChi_g21_c02.avi*91
FrontCrawl/v_FrontCrawl_g10_c04.avi*32
TrampolineJumping/v_TrampolineJumping_g25_c03.avi*94
MilitaryParade/v_MilitaryParade_g11_c04.avi*53
HandstandWalking/v_HandstandWalking_g16_c02.avi*38
MoppingFloor/v_MoppingFloor_g22_c03.avi*55
MilitaryParade/v_MilitaryParade_g18_c02.avi*53
BenchPress/v_BenchPress_g17_c01.avi*10
Typing/v_Typing_g09_c01.avi*95
Drumming/v_Drumming_g21_c06.avi*27
Archery/v_Archery_g16_c01.avi*3
ParallelBars/v_ParallelBars_g11_c01.avi*57
ShavingBeard/v_ShavingBeard_g19_c05.avi*78
BenchPress/v_BenchPress_g22_c06.avi*10
UnevenBars/v_UnevenBars_g24_c03.avi*96
CricketBowling/v_CricketBowling_g15_c03.avi*23
PoleVault/v_PoleVault_g14_c07.avi*68
CuttingInKitchen/v_CuttingInKitchen_g25_c01.avi*25
WallPushups/v_WallPushups_g22_c02.avi*99
ParallelBars/v_ParallelBars_g24_c02.avi*57
FrisbeeCatch/v_FrisbeeCatch_g10_c06.avi*31
SalsaSpin/v_SalsaSpin_g20_c05.avi*77
MilitaryParade/v_MilitaryParade_g10_c05.avi*53
BreastStroke/v_BreastStroke_g22_c02.avi*19
HandstandWalking/v_HandstandWalking_g08_c02.avi*38
ApplyEyeMakeup/v_ApplyEyeMakeup_g10_c03.avi*1
RopeClimbing/v_RopeClimbing_g17_c04.avi*75
PlayingCello/v_PlayingCello_g17_c07.avi*59
PlayingDaf/v_PlayingDaf_g19_c04.avi*60
BrushingTeeth/v_BrushingTeeth_g12_c04.avi*20
BodyWeightSquats/v_BodyWeightSquats_g13_c02.avi*15
BrushingTeeth/v_BrushingTeeth_g18_c05.avi*20
HorseRace/v_HorseRace_g18_c02.avi*41
Punch/v_Punch_g22_c02.avi*71
BodyWeightSquats/v_BodyWeightSquats_g12_c01.avi*15
BenchPress/v_BenchPress_g18_c04.avi*10
Basketball/v_Basketball_g11_c02.avi*8
BandMarching/v_BandMarching_g14_c05.avi*6
Swing/v_Swing_g19_c04.avi*89
Billiards/v_Billiards_g18_c06.avi*12
Bowling/v_Bowling_g21_c06.avi*16
RopeClimbing/v_RopeClimbing_g08_c01.avi*75
PlayingSitar/v_PlayingSitar_g11_c01.avi*65
HorseRace/v_HorseRace_g13_c01.avi*41
BabyCrawling/v_BabyCrawling_g19_c04.avi*4
Skijet/v_Skijet_g10_c03.avi*82
PlayingSitar/v_PlayingSitar_g20_c03.avi*65
BaseballPitch/v_BaseballPitch_g08_c05.avi*7
HorseRiding/v_HorseRiding_g22_c03.avi*42
ApplyLipstick/v_ApplyLipstick_g12_c05.avi*2
PlayingSitar/v_PlayingSitar_g20_c01.avi*65
TableTennisShot/v_TableTennisShot_g17_c03.avi*90
RopeClimbing/v_RopeClimbing_g14_c01.avi*75
SumoWrestling/v_SumoWrestling_g08_c06.avi*87
Bowling/v_Bowling_g16_c02.avi*16
BasketballDunk/v_BasketballDunk_g24_c01.avi*9
YoYo/v_YoYo_g11_c01.avi*101
Shotput/v_Shotput_g16_c01.avi*79
Hammering/v_Hammering_g09_c03.avi*35
PommelHorse/v_PommelHorse_g16_c02.avi*69
IceDancing/v_IceDancing_g25_c07.avi*44
Rowing/v_Rowing_g11_c04.avi*76
CricketShot/v_CricketShot_g25_c05.avi*24
BlowingCandles/v_BlowingCandles_g16_c04.avi*14
SumoWrestling/v_SumoWrestling_g16_c02.avi*87
BrushingTeeth/v_BrushingTeeth_g10_c05.avi*20
BreastStroke/v_BreastStroke_g15_c04.avi*19
BabyCrawling/v_BabyCrawling_g24_c02.avi*4
Bowling/v_Bowling_g24_c05.avi*16
Biking/v_Biking_g14_c02.avi*11
RopeClimbing/v_RopeClimbing_g16_c01.avi*75
Billiards/v_Billiards_g25_c04.avi*12
ApplyLipstick/v_ApplyLipstick_g22_c07.avi*2
PlayingTabla/v_PlayingTabla_g24_c01.avi*66
ApplyEyeMakeup/v_ApplyEyeMakeup_g12_c05.avi*1
HandstandWalking/v_HandstandWalking_g23_c04.avi*38
Diving/v_Diving_g09_c05.avi*26
Archery/v_Archery_g11_c01.avi*3
BoxingPunchingBag/v_BoxingPunchingBag_g13_c03.avi*17
IceDancing/v_IceDancing_g19_c01.avi*44
CricketBowling/v_CricketBowling_g25_c02.avi*23
Skijet/v_Skijet_g24_c04.avi*82
PlayingViolin/v_PlayingViolin_g09_c02.avi*67
WallPushups/v_WallPushups_g12_c02.avi*99
CuttingInKitchen/v_CuttingInKitchen_g21_c03.avi*25
WallPushups/v_WallPushups_g17_c03.avi*99
Diving/v_Diving_g21_c06.avi*26
JumpRope/v_JumpRope_g22_c04.avi*48
SoccerJuggling/v_SoccerJuggling_g22_c03.avi*84
BenchPress/v_BenchPress_g13_c06.avi*10
Fencing/v_Fencing_g24_c02.avi*28
PlayingCello/v_PlayingCello_g15_c02.avi*59
HeadMassage/v_HeadMassage_g19_c02.avi*39
SoccerJuggling/v_SoccerJuggling_g24_c05.avi*84
PommelHorse/v_PommelHorse_g24_c03.avi*69
UnevenBars/v_UnevenBars_g24_c04.avi*96
Haircut/v_Haircut_g09_c01.avi*34
ApplyEyeMakeup/v_ApplyEyeMakeup_g16_c03.avi*1
BrushingTeeth/v_BrushingTeeth_g25_c03.avi*20
SoccerJuggling/v_SoccerJuggling_g11_c06.avi*84
RockClimbingIndoor/v_RockClimbingIndoor_g11_c01.avi*74
RockClimbingIndoor/v_RockClimbingIndoor_g25_c03.avi*74
CricketShot/v_CricketShot_g09_c06.avi*24
HorseRiding/v_HorseRiding_g24_c02.avi*42
HighJump/v_HighJump_g18_c02.avi*40
Rowing/v_Rowing_g19_c06.avi*76
Bowling/v_Bowling_g11_c06.avi*16
BrushingTeeth/v_BrushingTeeth_g11_c04.avi*20
HandstandPushups/v_HandStandPushups_g09_c02.avi*37
ShavingBeard/v_ShavingBeard_g21_c01.avi*78
CricketShot/v_CricketShot_g16_c06.avi*24
BandMarching/v_BandMarching_g25_c07.avi*6
CricketBowling/v_CricketBowling_g22_c01.avi*23
PlayingViolin/v_PlayingViolin_g08_c02.avi*67
Skijet/v_Skijet_g19_c04.avi*82
ShavingBeard/v_ShavingBeard_g10_c04.avi*78
JumpRope/v_JumpRope_g20_c05.avi*48
WallPushups/v_WallPushups_g16_c07.avi*99
CuttingInKitchen/v_CuttingInKitchen_g10_c07.avi*25
RopeClimbing/v_RopeClimbing_g10_c01.avi*75
SoccerJuggling/v_SoccerJuggling_g21_c01.avi*84
StillRings/v_StillRings_g16_c04.avi*86
BasketballDunk/v_BasketballDunk_g17_c06.avi*9
HighJump/v_HighJump_g22_c05.avi*40
CricketShot/v_CricketShot_g20_c01.avi*24
SkateBoarding/v_SkateBoarding_g12_c04.avi*80
Punch/v_Punch_g19_c04.avi*71
BenchPress/v_BenchPress_g10_c04.avi*10
HighJump/v_HighJump_g23_c01.avi*40
Hammering/v_Hammering_g17_c05.avi*35
SumoWrestling/v_SumoWrestling_g25_c03.avi*87
Billiards/v_Billiards_g17_c03.avi*12
GolfSwing/v_GolfSwing_g23_c06.avi*33
TrampolineJumping/v_TrampolineJumping_g14_c01.avi*94
WallPushups/v_WallPushups_g25_c05.avi*99
Fencing/v_Fencing_g10_c04.avi*28
Bowling/v_Bowling_g18_c05.avi*16
JumpingJack/v_JumpingJack_g19_c04.avi*47
BlowDryHair/v_BlowDryHair_g13_c02.avi*13
FloorGymnastics/v_FloorGymnastics_g15_c03.avi*30
Billiards/v_Billiards_g16_c01.avi*12
HammerThrow/v_HammerThrow_g20_c02.avi*36
FrontCrawl/v_FrontCrawl_g09_c02.avi*32
Mixing/v_Mixing_g21_c01.avi*54
PoleVault/v_PoleVault_g14_c01.avi*68
Haircut/v_Haircut_g22_c06.avi*34
FrisbeeCatch/v_FrisbeeCatch_g09_c02.avi*31
PlayingDaf/v_PlayingDaf_g10_c05.avi*60
Hammering/v_Hammering_g18_c06.avi*35
HammerThrow/v_HammerThrow_g25_c02.avi*36
Hammering/v_Hammering_g21_c03.avi*35
BasketballDunk/v_BasketballDunk_g23_c01.avi*9
PlayingGuitar/v_PlayingGuitar_g21_c02.avi*63
PlayingViolin/v_PlayingViolin_g15_c02.avi*67
PizzaTossing/v_PizzaTossing_g25_c02.avi*58
JumpRope/v_JumpRope_g12_c05.avi*48
BoxingPunchingBag/v_BoxingPunchingBag_g09_c03.avi*17
PlayingFlute/v_PlayingFlute_g08_c02.avi*62
TennisSwing/v_TennisSwing_g17_c04.avi*92
BasketballDunk/v_BasketballDunk_g15_c01.avi*9
JugglingBalls/v_JugglingBalls_g24_c03.avi*46
BabyCrawling/v_BabyCrawling_g25_c04.avi*4
PoleVault/v_PoleVault_g16_c06.avi*68
SalsaSpin/v_SalsaSpin_g18_c02.avi*77
PlayingDaf/v_PlayingDaf_g15_c04.avi*60
Hammering/v_Hammering_g17_c07.avi*35
Diving/v_Diving_g18_c03.avi*26
RockClimbingIndoor/v_RockClimbingIndoor_g19_c03.avi*74
WallPushups/v_WallPushups_g10_c03.avi*99
PlayingPiano/v_PlayingPiano_g19_c03.avi*64
IceDancing/v_IceDancing_g08_c01.avi*44
CricketBowling/v_CricketBowling_g09_c03.avi*23
WritingOnBoard/v_WritingOnBoard_g10_c07.avi*100
Archery/v_Archery_g17_c01.avi*3
FieldHockeyPenalty/v_FieldHockeyPenalty_g12_c06.avi*29
JavelinThrow/v_JavelinThrow_g15_c06.avi*45
PlayingTabla/v_PlayingTabla_g21_c02.avi*66
PlayingFlute/v_PlayingFlute_g17_c07.avi*62
RockClimbingIndoor/v_RockClimbingIndoor_g16_c01.avi*74
CricketShot/v_CricketShot_g19_c02.avi*24
BodyWeightSquats/v_BodyWeightSquats_g21_c03.avi*15
Hammering/v_Hammering_g14_c04.avi*35
HeadMassage/v_HeadMassage_g13_c03.avi*39
Typing/v_Typing_g12_c06.avi*95
HeadMassage/v_HeadMassage_g11_c05.avi*39
Knitting/v_Knitting_g23_c04.avi*50
Skiing/v_Skiing_g24_c02.avi*81
Skijet/v_Skijet_g11_c02.avi*82
MoppingFloor/v_MoppingFloor_g21_c02.avi*55
Billiards/v_Billiards_g14_c02.avi*12
ShavingBeard/v_ShavingBeard_g17_c04.avi*78
WalkingWithDog/v_WalkingWithDog_g18_c04.avi*98
Rowing/v_Rowing_g19_c01.avi*76
CricketBowling/v_CricketBowling_g16_c06.avi*23
PlayingPiano/v_PlayingPiano_g25_c03.avi*64
FloorGymnastics/v_FloorGymnastics_g16_c03.avi*30
SumoWrestling/v_SumoWrestling_g18_c05.avi*87
RopeClimbing/v_RopeClimbing_g10_c05.avi*75
UnevenBars/v_UnevenBars_g13_c04.avi*96
BlowingCandles/v_BlowingCandles_g09_c02.avi*14
Mixing/v_Mixing_g13_c01.avi*54
StillRings/v_StillRings_g13_c03.avi*86
Skiing/v_Skiing_g16_c02.avi*81
BenchPress/v_BenchPress_g16_c01.avi*10
BandMarching/v_BandMarching_g19_c05.avi*6
Billiards/v_Billiards_g16_c04.avi*12
RockClimbingIndoor/v_RockClimbingIndoor_g09_c04.avi*74
HeadMassage/v_HeadMassage_g25_c03.avi*39
Swing/v_Swing_g14_c04.avi*89
Archery/v_Archery_g23_c07.avi*3
PlayingDhol/v_PlayingDhol_g25_c05.avi*61
BaseballPitch/v_BaseballPitch_g21_c04.avi*7
BasketballDunk/v_BasketballDunk_g25_c04.avi*9
Mixing/v_Mixing_g12_c03.avi*54
LongJump/v_LongJump_g08_c06.avi*51
RockClimbingIndoor/v_RockClimbingIndoor_g16_c04.avi*74
PlayingPiano/v_PlayingPiano_g20_c02.avi*64
BodyWeightSquats/v_BodyWeightSquats_g24_c03.avi*15
HorseRace/v_HorseRace_g22_c03.avi*41
HorseRiding/v_HorseRiding_g14_c03.avi*42
PlayingDhol/v_PlayingDhol_g21_c07.avi*61
ApplyEyeMakeup/v_ApplyEyeMakeup_g11_c05.avi*1
TaiChi/v_TaiChi_g25_c04.avi*91
JumpRope/v_JumpRope_g18_c06.avi*48
Mixing/v_Mixing_g22_c04.avi*54
BoxingSpeedBag/v_BoxingSpeedBag_g25_c07.avi*18
BaseballPitch/v_BaseballPitch_g23_c03.avi*7
CleanAndJerk/v_CleanAndJerk_g17_c01.avi*21
BrushingTeeth/v_BrushingTeeth_g18_c01.avi*20
PlayingDhol/v_PlayingDhol_g23_c02.avi*61
FrontCrawl/v_FrontCrawl_g13_c04.avi*32
PlayingTabla/v_PlayingTabla_g23_c01.avi*66
PlayingPiano/v_PlayingPiano_g18_c04.avi*64
PlayingViolin/v_PlayingViolin_g24_c03.avi*67
BandMarching/v_BandMarching_g09_c01.avi*6
BaseballPitch/v_BaseballPitch_g18_c03.avi*7
Haircut/v_Haircut_g14_c02.avi*34
Drumming/v_Drumming_g11_c05.avi*27
PlayingCello/v_PlayingCello_g21_c01.avi*59
BenchPress/v_BenchPress_g25_c07.avi*10
StillRings/v_StillRings_g25_c04.avi*86
Mixing/v_Mixing_g16_c02.avi*54
Skijet/v_Skijet_g12_c02.avi*82
PommelHorse/v_PommelHorse_g12_c07.avi*69
ShavingBeard/v_ShavingBeard_g09_c01.avi*78
BenchPress/v_BenchPress_g11_c01.avi*10
BrushingTeeth/v_BrushingTeeth_g24_c07.avi*20
StillRings/v_StillRings_g17_c02.avi*86
Shotput/v_Shotput_g22_c05.avi*79
Skijet/v_Skijet_g09_c04.avi*82
BalanceBeam/v_BalanceBeam_g21_c05.avi*5
Hammering/v_Hammering_g17_c01.avi*35
BenchPress/v_BenchPress_g14_c05.avi*10
WallPushups/v_WallPushups_g22_c01.avi*99
Biking/v_Biking_g13_c05.avi*11
ApplyEyeMakeup/v_ApplyEyeMakeup_g22_c05.avi*1
BaseballPitch/v_BaseballPitch_g13_c01.avi*7
BoxingPunchingBag/v_BoxingPunchingBag_g14_c04.avi*17
WritingOnBoard/v_WritingOnBoard_g13_c06.avi*100
SoccerPenalty/v_SoccerPenalty_g24_c04.avi*85
Drumming/v_Drumming_g13_c02.avi*27
VolleyballSpiking/v_VolleyballSpiking_g09_c04.avi*97
Diving/v_Diving_g18_c02.avi*26
TaiChi/v_TaiChi_g24_c01.avi*91
PlayingFlute/v_PlayingFlute_g25_c02.avi*62
PlayingViolin/v_PlayingViolin_g25_c01.avi*67
SkyDiving/v_SkyDiving_g12_c03.avi*83
Skijet/v_Skijet_g20_c02.avi*82
BreastStroke/v_BreastStroke_g12_c04.avi*19
Billiards/v_Billiards_g09_c03.avi*12
MoppingFloor/v_MoppingFloor_g12_c03.avi*55
JavelinThrow/v_JavelinThrow_g09_c04.avi*45
RockClimbingIndoor/v_RockClimbingIndoor_g19_c02.avi*74
BandMarching/v_BandMarching_g20_c05.avi*6
RockClimbingIndoor/v_RockClimbingIndoor_g22_c06.avi*74
SalsaSpin/v_SalsaSpin_g09_c03.avi*77
ShavingBeard/v_ShavingBeard_g15_c03.avi*78
ParallelBars/v_ParallelBars_g22_c03.avi*57
JavelinThrow/v_JavelinThrow_g08_c04.avi*45
WallPushups/v_WallPushups_g19_c02.avi*99
Mixing/v_Mixing_g10_c04.avi*54
SoccerJuggling/v_SoccerJuggling_g15_c01.avi*84
SkateBoarding/v_SkateBoarding_g12_c02.avi*80
PlayingDaf/v_PlayingDaf_g17_c01.avi*60
PoleVault/v_PoleVault_g12_c06.avi*68
Rowing/v_Rowing_g18_c01.avi*76
ShavingBeard/v_ShavingBeard_g18_c03.avi*78
Basketball/v_Basketball_g11_c04.avi*8
PizzaTossing/v_PizzaTossing_g16_c02.avi*58
ThrowDiscus/v_ThrowDiscus_g21_c07.avi*93
HorseRiding/v_HorseRiding_g22_c06.avi*42
HorseRace/v_HorseRace_g12_c02.avi*41
VolleyballSpiking/v_VolleyballSpiking_g16_c04.avi*97
LongJump/v_LongJump_g09_c01.avi*51
TrampolineJumping/v_TrampolineJumping_g09_c02.avi*94
Bowling/v_Bowling_g10_c02.avi*16
PizzaTossing/v_PizzaTossing_g12_c02.avi*58
BabyCrawling/v_BabyCrawling_g22_c02.avi*4
BenchPress/v_BenchPress_g20_c01.avi*10
HeadMassage/v_HeadMassage_g08_c07.avi*39
Nunchucks/v_Nunchucks_g20_c03.avi*56
Archery/v_Archery_g09_c04.avi*3
IceDancing/v_IceDancing_g25_c02.avi*44
VolleyballSpiking/v_VolleyballSpiking_g10_c01.avi*97
TennisSwing/v_TennisSwing_g18_c05.avi*92
Billiards/v_Billiards_g21_c03.avi*12
IceDancing/v_IceDancing_g22_c03.avi*44
Mixing/v_Mixing_g15_c05.avi*54
HandstandWalking/v_HandstandWalking_g17_c01.avi*38
PizzaTossing/v_PizzaTossing_g13_c01.avi*58
SoccerPenalty/v_SoccerPenalty_g15_c05.avi*85
IceDancing/v_IceDancing_g08_c02.avi*44
Rowing/v_Rowing_g16_c02.avi*76
BabyCrawling/v_BabyCrawling_g13_c03.avi*4
IceDancing/v_IceDancing_g11_c04.avi*44
Biking/v_Biking_g15_c03.avi*11
Swing/v_Swing_g24_c01.avi*89
Rafting/v_Rafting_g17_c01.avi*73
Mixing/v_Mixing_g17_c02.avi*54
Skiing/v_Skiing_g25_c04.avi*81
CricketBowling/v_CricketBowling_g23_c01.avi*23
Lunges/v_Lunges_g12_c03.avi*52
Nunchucks/v_Nunchucks_g13_c02.avi*56
SoccerPenalty/v_SoccerPenalty_g20_c05.avi*85
PlayingFlute/v_PlayingFlute_g12_c02.avi*62
PlayingSitar/v_PlayingSitar_g09_c05.avi*65
PlayingViolin/v_PlayingViolin_g09_c04.avi*67
TrampolineJumping/v_TrampolineJumping_g08_c04.avi*94
FrontCrawl/v_FrontCrawl_g14_c03.avi*32
SumoWrestling/v_SumoWrestling_g22_c04.avi*87
FloorGymnastics/v_FloorGymnastics_g15_c05.avi*30
WalkingWithDog/v_WalkingWithDog_g24_c06.avi*98
SkateBoarding/v_SkateBoarding_g17_c04.avi*80
PlayingDaf/v_PlayingDaf_g11_c06.avi*60
Rafting/v_Rafting_g13_c05.avi*73
CricketShot/v_CricketShot_g10_c01.avi*24
MilitaryParade/v_MilitaryParade_g09_c04.avi*53
Bowling/v_Bowling_g08_c01.avi*16
BoxingSpeedBag/v_BoxingSpeedBag_g14_c05.avi*18
BenchPress/v_BenchPress_g20_c04.avi*10
WallPushups/v_WallPushups_g24_c04.avi*99
HeadMassage/v_HeadMassage_g18_c05.avi*39
Diving/v_Diving_g25_c01.avi*26
Swing/v_Swing_g11_c04.avi*89
UnevenBars/v_UnevenBars_g08_c01.avi*96
HorseRace/v_HorseRace_g24_c04.avi*41
WallPushups/v_WallPushups_g19_c01.avi*99
HandstandPushups/v_HandStandPushups_g25_c05.avi*37
Punch/v_Punch_g15_c03.avi*71
HighJump/v_HighJump_g23_c05.avi*40
Punch/v_Punch_g12_c06.avi*71
HandstandPushups/v_HandStandPushups_g23_c02.avi*37
Archery/v_Archery_g10_c06.avi*3
WalkingWithDog/v_WalkingWithDog_g12_c02.avi*98
PlayingSitar/v_PlayingSitar_g22_c03.avi*65
SalsaSpin/v_SalsaSpin_g12_c02.avi*77
HorseRace/v_HorseRace_g22_c02.avi*41
BenchPress/v_BenchPress_g09_c05.avi*10
Rafting/v_Rafting_g16_c06.avi*73
Knitting/v_Knitting_g13_c03.avi*50
ApplyLipstick/v_ApplyLipstick_g15_c01.avi*2
BoxingPunchingBag/v_BoxingPunchingBag_g20_c03.avi*17
PlayingGuitar/v_PlayingGuitar_g19_c04.avi*63
Lunges/v_Lunges_g14_c05.avi*52
WritingOnBoard/v_WritingOnBoard_g08_c01.avi*100
ApplyEyeMakeup/v_ApplyEyeMakeup_g09_c06.avi*1
Swing/v_Swing_g25_c03.avi*89
HeadMassage/v_HeadMassage_g21_c02.avi*39
Nunchucks/v_Nunchucks_g12_c02.avi*56
PlayingGuitar/v_PlayingGuitar_g14_c05.avi*63
ShavingBeard/v_ShavingBeard_g10_c07.avi*78
TaiChi/v_TaiChi_g16_c01.avi*91
PoleVault/v_PoleVault_g10_c05.avi*68
Skijet/v_Skijet_g21_c01.avi*82
Archery/v_Archery_g15_c05.avi*3
PizzaTossing/v_PizzaTossing_g24_c04.avi*58
Haircut/v_Haircut_g18_c04.avi*34
Lunges/v_Lunges_g20_c01.avi*52
HighJump/v_HighJump_g15_c02.avi*40
BodyWeightSquats/v_BodyWeightSquats_g17_c04.avi*15
SoccerJuggling/v_SoccerJuggling_g12_c02.avi*84
PlayingSitar/v_PlayingSitar_g08_c01.avi*65
Hammering/v_Hammering_g14_c01.avi*35
Typing/v_Typing_g23_c01.avi*95
BaseballPitch/v_BaseballPitch_g11_c04.avi*7
Archery/v_Archery_g09_c01.avi*3
HandstandPushups/v_HandStandPushups_g20_c07.avi*37
