SumoWrestling/v_SumoWrestling_g12_c04.avi*87
PlayingTabla/v_PlayingTabla_g08_c03.avi*66
BlowingCandles/v_BlowingCandles_g17_c03.avi*14
SalsaSpin/v_SalsaSpin_g20_c03.avi*77
Fencing/v_Fencing_g22_c02.avi*28
Mixing/v_Mixing_g25_c02.avi*54
PlayingGuitar/v_PlayingGuitar_g10_c02.avi*63
BalanceBeam/v_BalanceBeam_g18_c01.avi*5
Surfing/v_Surfing_g10_c02.avi*88
BodyWeightSquats/v_BodyWeightSquats_g09_c05.avi*15
WritingOnBoard/v_WritingOnBoard_g09_c04.avi*100
GolfSwing/v_GolfSwing_g24_c01.avi*33
ShavingBeard/v_ShavingBeard_g23_c06.avi*78
PushUps/v_PushUps_g15_c04.avi*72
Shotput/v_Shotput_g17_c01.avi*79
HeadMassage/v_HeadMassage_g16_c03.avi*39
BoxingPunchingBag/v_BoxingPunchingBag_g12_c02.avi*17
ShavingBeard/v_ShavingBeard_g09_c04.avi*78
BoxingPunchingBag/v_BoxingPunchingBag_g23_c06.avi*17
PlayingFlute/v_PlayingFlute_g15_c01.avi*62
ThrowDiscus/v_ThrowDiscus_g23_c01.avi*93
PlayingDhol/v_PlayingDhol_g14_c03.avi*61
WritingOnBoard/v_WritingOnBoard_g13_c01.avi*100
UnevenBars/v_UnevenBars_g21_c03.avi*96
FieldHockeyPenalty/v_FieldHockeyPenalty_g11_c02.avi*29
CleanAndJerk/v_CleanAndJerk_g24_c02.avi*21
BasketballDunk/v_BasketballDunk_g18_c06.avi*9
BlowingCandles/v_BlowingCandles_g21_c03.avi*14
HorseRiding/v_HorseRiding_g17_c06.avi*42
ApplyLipstick/v_ApplyLipstick_g23_c01.avi*2
BalanceBeam/v_BalanceBeam_g09_c01.avi*5
FrontCrawl/v_FrontCrawl_g20_c06.avi*32
Diving/v_Diving_g08_c03.avi*26
StillRings/v_StillRings_g25_c04.avi*86
BoxingPunchingBag/v_BoxingPunchingBag_g15_c05.avi*17
SoccerJuggling/v_SoccerJuggling_g20_c05.avi*84
Knitting/v_Knitting_g09_c03.avi*50
Hammering/v_Hammering_g18_c01.avi*35
SoccerPenalty/v_SoccerPenalty_g21_c05.avi*85
PlayingSitar/v_PlayingSitar_g14_c03.avi*65
FrontCrawl/v_FrontCrawl_g22_c02.avi*32
Shotput/v_Shotput_g10_c03.avi*79
IceDancing/v_IceDancing_g20_c07.avi*44
GolfSwing/v_GolfSwing_g15_c03.avi*33
PlayingTabla/v_PlayingTabla_g13_c01.avi*66
ShavingBeard/v_ShavingBeard_g22_c04.avi*78
PizzaTossing/v_PizzaTossing_g16_c01.avi*58
PlayingDhol/v_PlayingDhol_g21_c01.avi*61
WritingOnBoard/v_WritingOnBoard_g18_c03.avi*100
FieldHockeyPenalty/v_FieldHockeyPenalty_g19_c04.avi*29
YoYo/v_YoYo_g22_c02.avi*101
Fencing/v_Fencing_g21_c01.avi*28
LongJump/v_LongJump_g20_c03.avi*51
BlowDryHair/v_BlowDryHair_g23_c03.avi*13
PlayingTabla/v_PlayingTabla_g13_c02.avi*66
PoleVault/v_PoleVault_g10_c02.avi*68
Bowling/v_Bowling_g17_c05.avi*16
PommelHorse/v_PommelHorse_g13_c04.avi*69
Lunges/v_Lunges_g10_c05.avi*52
CricketShot/v_CricketShot_g21_c04.avi*24
TennisSwing/v_TennisSwing_g13_c01.avi*92
PizzaTossing/v_PizzaTossing_g17_c01.avi*58
HandstandWalking/v_HandstandWalking_g25_c04.avi*38
Haircut/v_Haircut_g20_c05.avi*34
BrushingTeeth/v_BrushingTeeth_g08_c04.avi*20
BasketballDunk/v_BasketballDunk_g19_c04.avi*9
LongJump/v_LongJump_g09_c03.avi*51
Archery/v_Archery_g08_c03.avi*3
SkateBoarding/v_SkateBoarding_g14_c04.avi*80
TennisSwing/v_TennisSwing_g24_c03.avi*92
PlayingDaf/v_PlayingDaf_g16_c01.avi*60
MilitaryParade/v_MilitaryParade_g24_c02.avi*53
UnevenBars/v_UnevenBars_g22_c02.avi*96
SumoWrestling/v_SumoWrestling_g12_c01.avi*87
ThrowDiscus/v_ThrowDiscus_g18_c02.avi*93
SoccerPenalty/v_SoccerPenalty_g16_c01.avi*85
Archery/v_Archery_g22_c05.avi*3
UnevenBars/v_UnevenBars_g20_c04.avi*96
Diving/v_Diving_g17_c01.avi*26
Fencing/v_Fencing_g13_c01.avi*28
Kayaking/v_Kayaking_g14_c03.avi*49
Archery/v_Archery_g13_c02.avi*3
ApplyLipstick/v_ApplyLipstick_g09_c01.avi*2
WalkingWithDog/v_WalkingWithDog_g13_c03.avi*98
BabyCrawling/v_BabyCrawling_g14_c01.avi*4
Punch/v_Punch_g11_c02.avi*71
SoccerJuggling/v_SoccerJuggling_g18_c02.avi*84
SkyDiving/v_SkyDiving_g09_c04.avi*83
UnevenBars/v_UnevenBars_g09_c02.avi*96
BoxingPunchingBag/v_BoxingPunchingBag_g21_c01.avi*17
HorseRace/v_HorseRace_g13_c02.avi*41
FieldHockeyPenalty/v_FieldHockeyPenalty_g15_c02.avi*29
MilitaryParade/v_MilitaryParade_g15_c05.avi*53
Billiards/v_Billiards_g15_c01.avi*12
PlayingDaf/v_PlayingDaf_g20_c06.avi*60
SkateBoarding/v_SkateBoarding_g23_c01.avi*80
Surfing/v_Surfing_g10_c06.avi*88
StillRings/v_StillRings_g21_c05.avi*86
BaseballPitch/v_BaseballPitch_g08_c07.avi*7
PushUps/v_PushUps_g19_c03.avi*72
JugglingBalls/v_JugglingBalls_g25_c05.avi*46
BodyWeightSquats/v_BodyWeightSquats_g12_c01.avi*15
ThrowDiscus/v_ThrowDiscus_g09_c02.avi*93
Haircut/v_Haircut_g11_c03.avi*34
ThrowDiscus/v_ThrowDiscus_g25_c05.avi*93
BaseballPitch/v_BaseballPitch_g24_c06.avi*7
PoleVault/v_PoleVault_g24_c05.avi*68
SoccerJuggling/v_SoccerJuggling_g25_c05.avi*84
Rafting/v_Rafting_g08_c04.avi*73
PullUps/v_PullUps_g15_c01.avi*70
Billiards/v_Billiards_g21_c01.avi*12
ApplyLipstick/v_ApplyLipstick_g17_c02.avi*2
BenchPress/v_BenchPress_g21_c02.avi*10
BoxingPunchingBag/v_BoxingPunchingBag_g18_c05.avi*17
FieldHockeyPenalty/v_FieldHockeyPenalty_g21_c03.avi*29
PlayingViolin/v_PlayingViolin_g12_c03.avi*67
HighJump/v_HighJump_g12_c04.avi*40
PlayingFlute/v_PlayingFlute_g14_c01.avi*62
PlayingDhol/v_PlayingDhol_g14_c05.avi*61
ApplyLipstick/v_ApplyLipstick_g24_c05.avi*2
RopeClimbing/v_RopeClimbing_g11_c03.avi*75
Lunges/v_Lunges_g12_c01.avi*52
FieldHockeyPenalty/v_FieldHockeyPenalty_g17_c04.avi*29
HeadMassage/v_HeadMassage_g21_c04.avi*39
BrushingTeeth/v_BrushingTeeth_g10_c03.avi*20
PlayingPiano/v_PlayingPiano_g09_c04.avi*64
TennisSwing/v_TennisSwing_g19_c04.avi*92
BoxingPunchingBag/v_BoxingPunchingBag_g11_c01.avi*17
Punch/v_Punch_g10_c04.avi*71
Kayaking/v_Kayaking_g21_c06.avi*49
PlayingDaf/v_PlayingDaf_g22_c01.avi*60
SoccerPenalty/v_SoccerPenalty_g25_c03.avi*85
BenchPress/v_BenchPress_g15_c06.avi*10
Billiards/v_Billiards_g25_c07.avi*12
Basketball/v_Basketball_g20_c03.avi*8
Surfing/v_Surfing_g18_c02.avi*88
ShavingBeard/v_ShavingBeard_g24_c05.avi*78
PizzaTossing/v_PizzaTossing_g15_c02.avi*58
BlowDryHair/v_BlowDryHair_g12_c03.avi*13
BenchPress/v_BenchPress_g12_c01.avi*10
RockClimbingIndoor/v_RockClimbingIndoor_g19_c03.avi*74
VolleyballSpiking/v_VolleyballSpiking_g12_c01.avi*97
WallPushups/v_WallPushups_g21_c05.avi*99
TableTennisShot/v_TableTennisShot_g24_c05.avi*90
PullUps/v_PullUps_g14_c02.avi*70
BasketballDunk/v_BasketballDunk_g18_c02.avi*9
UnevenBars/v_UnevenBars_g19_c03.avi*96
BreastStroke/v_BreastStroke_g09_c04.avi*19
Typing/v_Typing_g18_c03.avi*95
PlayingDhol/v_PlayingDhol_g17_c06.avi*61
Knitting/v_Knitting_g20_c02.avi*50
Basketball/v_Basketball_g12_c05.avi*8
FloorGymnastics/v_FloorGymnastics_g24_c03.avi*30
Skijet/v_Skijet_g11_c01.avi*82
WallPushups/v_WallPushups_g20_c04.avi*99
Archery/v_Archery_g17_c04.avi*3
BaseballPitch/v_BaseballPitch_g09_c02.avi*7
Swing/v_Swing_g23_c05.avi*89
HeadMassage/v_HeadMassage_g19_c05.avi*39
PlayingCello/v_PlayingCello_g19_c04.avi*59
TrampolineJumping/v_TrampolineJumping_g14_c04.avi*94
VolleyballSpiking/v_VolleyballSpiking_g17_c04.avi*97
PommelHorse/v_PommelHorse_g19_c04.avi*69
SkyDiving/v_SkyDiving_g21_c04.avi*83
Archery/v_Archery_g23_c05.avi*3
BenchPress/v_BenchPress_g19_c01.avi*10
PoleVault/v_PoleVault_g25_c05.avi*68
JavelinThrow/v_JavelinThrow_g17_c05.avi*45
Shotput/v_Shotput_g18_c01.avi*79
HorseRiding/v_HorseRiding_g18_c06.avi*42
FrisbeeCatch/v_FrisbeeCatch_g23_c01.avi*31
FrontCrawl/v_FrontCrawl_g21_c06.avi*32
JumpingJack/v_JumpingJack_g10_c04.avi*47
WallPushups/v_WallPushups_g22_c03.avi*99
Bowling/v_Bowling_g22_c01.avi*16
FrontCrawl/v_FrontCrawl_g17_c02.avi*32
HandstandPushups/v_HandStandPushups_g19_c02.avi*37
BodyWeightSquats/v_BodyWeightSquats_g19_c04.avi*15
JumpingJack/v_JumpingJack_g08_c04.avi*47
VolleyballSpiking/v_VolleyballSpiking_g15_c04.avi*97
IceDancing/v_IceDancing_g19_c01.avi*44
JavelinThrow/v_JavelinThrow_g09_c03.avi*45
PoleVault/v_PoleVault_g09_c03.avi*68
BabyCrawling/v_BabyCrawling_g24_c03.avi*4
BlowingCandles/v_BlowingCandles_g08_c04.avi*14
HandstandPushups/v_HandStandPushups_g20_c04.avi*37
SkyDiving/v_SkyDiving_g24_c02.avi*83
ThrowDiscus/v_ThrowDiscus_g17_c03.avi*93
Rafting/v_Rafting_g25_c04.avi*73
HeadMassage/v_HeadMassage_g23_c03.avi*39
BrushingTeeth/v_BrushingTeeth_g22_c06.avi*20
RockClimbingIndoor/v_RockClimbingIndoor_g18_c02.avi*74
BrushingTeeth/v_BrushingTeeth_g12_c04.avi*20
RopeClimbing/v_RopeClimbing_g24_c02.avi*75
TableTennisShot/v_TableTennisShot_g23_c04.avi*90
UnevenBars/v_UnevenBars_g21_c04.avi*96
YoYo/v_YoYo_g23_c05.avi*101
TaiChi/v_TaiChi_g11_c04.avi*91
BenchPress/v_BenchPress_g16_c03.avi*10
JugglingBalls/v_JugglingBalls_g10_c03.avi*46
HammerThrow/v_HammerThrow_g14_c06.avi*36
MoppingFloor/v_MoppingFloor_g17_c05.avi*55
SumoWrestling/v_SumoWrestling_g15_c02.avi*87
CleanAndJerk/v_CleanAndJerk_g20_c06.avi*21
RockClimbingIndoor/v_RockClimbingIndoor_g17_c04.avi*74
CuttingInKitchen/v_CuttingInKitchen_g14_c03.avi*25
PlayingGuitar/v_PlayingGuitar_g20_c06.avi*63
SoccerJuggling/v_SoccerJuggling_g20_c02.avi*84
CliffDiving/v_CliffDiving_g22_c01.avi*22
BalanceBeam/v_BalanceBeam_g17_c03.avi*5
CliffDiving/v_CliffDiving_g12_c02.avi*22
SalsaSpin/v_SalsaSpin_g08_c02.avi*77
ThrowDiscus/v_ThrowDiscus_g15_c02.avi*93
FieldHockeyPenalty/v_FieldHockeyPenalty_g21_c02.avi*29
Drumming/v_Drumming_g17_c01.avi*27
BrushingTeeth/v_BrushingTeeth_g18_c07.avi*20
FloorGymnastics/v_FloorGymnastics_g09_c04.avi*30
CricketShot/v_CricketShot_g25_c01.avi*24
PlayingDaf/v_PlayingDaf_g12_c03.avi*60
FrisbeeCatch/v_FrisbeeCatch_g25_c03.avi*31
SkateBoarding/v_SkateBoarding_g17_c03.avi*80
Skiing/v_Skiing_g22_c02.avi*81
Fencing/v_Fencing_g09_c06.avi*28
PushUps/v_PushUps_g14_c02.avi*72
Swing/v_Swing_g13_c01.avi*89
Haircut/v_Haircut_g09_c06.avi*34
CliffDiving/v_CliffDiving_g09_c04.avi*22
HandstandWalking/v_HandstandWalking_g09_c01.avi*38
PlayingSitar/v_PlayingSitar_g16_c07.avi*65
IceDancing/v_IceDancing_g21_c01.avi*44
PlayingGuitar/v_PlayingGuitar_g12_c05.avi*63
BoxingPunchingBag/v_BoxingPunchingBag_g08_c05.avi*17
StillRings/v_StillRings_g25_c02.avi*86
BlowDryHair/v_BlowDryHair_g13_c01.avi*13
PlayingSitar/v_PlayingSitar_g11_c03.avi*65
Surfing/v_Surfing_g23_c01.avi*88
Basketball/v_Basketball_g16_c05.avi*8
JumpingJack/v_JumpingJack_g20_c04.avi*47
HammerThrow/v_HammerThrow_g18_c01.avi*36
Lunges/v_Lunges_g10_c03.avi*52
FrisbeeCatch/v_FrisbeeCatch_g22_c03.avi*31
TennisSwing/v_TennisSwing_g17_c06.avi*92
Shotput/v_Shotput_g12_c03.avi*79
PlayingCello/v_PlayingCello_g11_c03.avi*59
SkyDiving/v_SkyDiving_g15_c01.avi*83
GolfSwing/v_GolfSwing_g09_c02.avi*33
HighJump/v_HighJump_g13_c04.avi*40
MilitaryParade/v_MilitaryParade_g09_c06.avi*53
BabyCrawling/v_BabyCrawling_g15_c06.avi*4
Knitting/v_Knitting_g22_c03.avi*50
ParallelBars/v_ParallelBars_g21_c02.avi*57
PlayingSitar/v_PlayingSitar_g18_c02.avi*65
BalanceBeam/v_BalanceBeam_g23_c05.avi*5
Drumming/v_Drumming_g15_c05.avi*27
Kayaking/v_Kayaking_g23_c03.avi*49
PlayingFlute/v_PlayingFlute_g22_c01.avi*62
BodyWeightSquats/v_BodyWeightSquats_g23_c04.avi*15
WritingOnBoard/v_WritingOnBoard_g12_c03.avi*100
PlayingCello/v_PlayingCello_g21_c03.avi*59
HandstandPushups/v_HandStandPushups_g14_c02.avi*37
JumpingJack/v_JumpingJack_g13_c01.avi*47
YoYo/v_YoYo_g19_c01.avi*101
HorseRace/v_HorseRace_g18_c03.avi*41
Kayaking/v_Kayaking_g11_c03.avi*49
ShavingBeard/v_ShavingBeard_g20_c05.avi*78
TennisSwing/v_TennisSwing_g24_c04.avi*92
RockClimbingIndoor/v_RockClimbingIndoor_g24_c06.avi*74
BrushingTeeth/v_BrushingTeeth_g11_c02.avi*20
TaiChi/v_TaiChi_g15_c04.avi*91
BandMarching/v_BandMarching_g23_c01.avi*6
IceDancing/v_IceDancing_g22_c02.avi*44
FloorGymnastics/v_FloorGymnastics_g13_c01.avi*30
PlayingCello/v_PlayingCello_g22_c03.avi*59
BabyCrawling/v_BabyCrawling_g25_c04.avi*4
RockClimbingIndoor/v_RockClimbingIndoor_g24_c03.avi*74
CricketBowling/v_CricketBowling_g17_c01.avi*23
PlayingTabla/v_PlayingTabla_g24_c04.avi*66
CuttingInKitchen/v_CuttingInKitchen_g21_c01.avi*25
FloorGymnastics/v_FloorGymnastics_g13_c03.avi*30
HeadMassage/v_HeadMassage_g14_c02.avi*39
BlowingCandles/v_BlowingCandles_g22_c04.avi*14
TrampolineJumping/v_TrampolineJumping_g11_c01.avi*94
Diving/v_Diving_g24_c07.avi*26
SkateBoarding/v_SkateBoarding_g23_c02.avi*80
WallPushups/v_WallPushups_g09_c03.avi*99
ParallelBars/v_ParallelBars_g24_c03.avi*57
SkyDiving/v_SkyDiving_g10_c05.avi*83
SkateBoarding/v_SkateBoarding_g19_c03.avi*80
HighJump/v_HighJump_g24_c01.avi*40
Shotput/v_Shotput_g17_c04.avi*79
Skijet/v_Skijet_g12_c02.avi*82
WalkingWithDog/v_WalkingWithDog_g25_c02.avi*98
JavelinThrow/v_JavelinThrow_g22_c04.avi*45
ApplyEyeMakeup/v_ApplyEyeMakeup_g25_c05.avi*1
Shotput/v_Shotput_g18_c03.avi*79
BreastStroke/v_BreastStroke_g23_c01.avi*19
Hammering/v_Hammering_g12_c02.avi*35
Skiing/v_Skiing_g22_c05.avi*81
PlayingViolin/v_PlayingViolin_g24_c03.avi*67
PlayingGuitar/v_PlayingGuitar_g11_c05.avi*63
PlayingViolin/v_PlayingViolin_g24_c04.avi*67
HulaHoop/v_HulaHoop_g08_c01.avi*43
HighJump/v_HighJump_g11_c02.avi*40
SoccerJuggling/v_SoccerJuggling_g14_c01.avi*84
WritingOnBoard/v_WritingOnBoard_g17_c02.avi*100
PlayingGuitar/v_PlayingGuitar_g24_c04.avi*63
Mixing/v_Mixing_g15_c03.avi*54
BabyCrawling/v_BabyCrawling_g25_c05.avi*4
WallPushups/v_WallPushups_g16_c05.avi*99
BoxingSpeedBag/v_BoxingSpeedBag_g13_c01.avi*18
FloorGymnastics/v_FloorGymnastics_g21_c04.avi*30
Typing/v_Typing_g20_c02.avi*95
FloorGymnastics/v_FloorGymnastics_g10_c04.avi*30
PushUps/v_PushUps_g19_c01.avi*72
CricketBowling/v_CricketBowling_g13_c03.avi*23
Drumming/v_Drumming_g20_c02.avi*27
CricketShot/v_CricketShot_g17_c02.avi*24
RopeClimbing/v_RopeClimbing_g09_c04.avi*75
CricketShot/v_CricketShot_g16_c04.avi*24
MilitaryParade/v_MilitaryParade_g15_c03.avi*53
PlayingDhol/v_PlayingDhol_g24_c02.avi*61
LongJump/v_LongJump_g19_c02.avi*51
HandstandPushups/v_HandStandPushups_g21_c06.avi*37
Billiards/v_Billiards_g13_c03.avi*12
BalanceBeam/v_BalanceBeam_g19_c02.avi*5
SoccerJuggling/v_SoccerJuggling_g13_c03.avi*84
BreastStroke/v_BreastStroke_g15_c01.avi*19
BandMarching/v_BandMarching_g16_c05.avi*6
FloorGymnastics/v_FloorGymnastics_g20_c01.avi*30
FloorGymnastics/v_FloorGymnastics_g20_c02.avi*30
Skiing/v_Skiing_g13_c04.avi*81
HighJump/v_HighJump_g15_c04.avi*40
IceDancing/v_IceDancing_g22_c04.avi*44
CricketShot/v_CricketShot_g08_c01.avi*24
Archery/v_Archery_g16_c04.avi*3
RopeClimbing/v_RopeClimbing_g13_c01.avi*75
SkyDiving/v_SkyDiving_g21_c01.avi*83
HorseRace/v_HorseRace_g25_c02.avi*41
HammerThrow/v_HammerThrow_g10_c03.avi*36
UnevenBars/v_UnevenBars_g21_c01.avi*96
ShavingBeard/v_ShavingBeard_g25_c01.avi*78
PlayingFlute/v_PlayingFlute_g16_c06.avi*62
PlayingPiano/v_PlayingPiano_g24_c02.avi*64
PlayingDhol/v_PlayingDhol_g09_c04.avi*61
HighJump/v_HighJump_g25_c04.avi*40
Billiards/v_Billiards_g19_c05.avi*12
JavelinThrow/v_JavelinThrow_g24_c05.avi*45
PlayingGuitar/v_PlayingGuitar_g16_c05.avi*63
CricketShot/v_CricketShot_g08_c07.avi*24
WalkingWithDog/v_WalkingWithDog_g22_c03.avi*98
CricketShot/v_CricketShot_g17_c03.avi*24
Hammering/v_Hammering_g22_c05.avi*35
CricketShot/v_CricketShot_g22_c07.avi*24
PommelHorse/v_PommelHorse_g22_c03.avi*69
Hammering/v_Hammering_g11_c03.avi*35
IceDancing/v_IceDancing_g25_c03.avi*44
CricketBowling/v_CricketBowling_g22_c05.avi*23
HorseRace/v_HorseRace_g23_c03.avi*41
BenchPress/v_BenchPress_g25_c02.avi*10
TennisSwing/v_TennisSwing_g09_c04.avi*92
IceDancing/v_IceDancing_g22_c01.avi*44
HighJump/v_HighJump_g23_c04.avi*40
Rowing/v_Rowing_g12_c07.avi*76
HandstandWalking/v_HandstandWalking_g15_c04.avi*38
PlayingFlute/v_PlayingFlute_g22_c02.avi*62
HorseRiding/v_HorseRiding_g17_c05.avi*42
Mixing/v_Mixing_g25_c04.avi*54
RopeClimbing/v_RopeClimbing_g19_c04.avi*75
CliffDiving/v_CliffDiving_g20_c01.avi*22
Nunchucks/v_Nunchucks_g16_c01.avi*56
VolleyballSpiking/v_VolleyballSpiking_g15_c02.avi*97
BabyCrawling/v_BabyCrawling_g24_c06.avi*4
PlayingFlute/v_PlayingFlute_g23_c05.avi*62
BlowDryHair/v_BlowDryHair_g12_c06.avi*13
VolleyballSpiking/v_VolleyballSpiking_g22_c03.avi*97
BaseballPitch/v_BaseballPitch_g23_c07.avi*7
BandMarching/v_BandMarching_g20_c04.avi*6
PommelHorse/v_PommelHorse_g09_c02.avi*69
BabyCrawling/v_BabyCrawling_g25_c06.avi*4
JavelinThrow/v_JavelinThrow_g15_c06.avi*45
BrushingTeeth/v_BrushingTeeth_g14_c02.avi*20
BandMarching/v_BandMarching_g24_c04.avi*6
Diving/v_Diving_g21_c04.avi*26
Hammering/v_Hammering_g19_c01.avi*35
YoYo/v_YoYo_g14_c01.avi*101
BoxingSpeedBag/v_BoxingSpeedBag_g20_c03.avi*18
BasketballDunk/v_BasketballDunk_g23_c05.avi*9
PlayingDhol/v_PlayingDhol_g13_c03.avi*61
SumoWrestling/v_SumoWrestling_g08_c05.avi*87
HighJump/v_HighJump_g18_c04.avi*40
PizzaTossing/v_PizzaTossing_g10_c02.avi*58
IceDancing/v_IceDancing_g10_c07.avi*44
BaseballPitch/v_BaseballPitch_g15_c06.avi*7
PullUps/v_PullUps_g24_c03.avi*70
PlayingCello/v_PlayingCello_g15_c03.avi*59
Nunchucks/v_Nunchucks_g11_c03.avi*56
PoleVault/v_PoleVault_g24_c03.avi*68
Billiards/v_Billiards_g23_c03.avi*12
TrampolineJumping/v_TrampolineJumping_g08_c01.avi*94
TrampolineJumping/v_TrampolineJumping_g19_c06.avi*94
BoxingPunchingBag/v_BoxingPunchingBag_g14_c03.avi*17
CleanAndJerk/v_CleanAndJerk_g21_c03.avi*21
HighJump/v_HighJump_g08_c05.avi*40
PlayingCello/v_PlayingCello_g08_c03.avi*59
PlayingFlute/v_PlayingFlute_g16_c04.avi*62
HandstandWalking/v_HandstandWalking_g17_c02.avi*38
Fencing/v_Fencing_g14_c01.avi*28
PommelHorse/v_PommelHorse_g22_c06.avi*69
Skijet/v_Skijet_g19_c04.avi*82
SalsaSpin/v_SalsaSpin_g19_c03.avi*77
PlayingGuitar/v_PlayingGuitar_g23_c05.avi*63
FieldHockeyPenalty/v_FieldHockeyPenalty_g17_c03.avi*29
SalsaSpin/v_SalsaSpin_g09_c01.avi*77
CliffDiving/v_CliffDiving_g15_c04.avi*22
Diving/v_Diving_g10_c06.avi*26
SoccerPenalty/v_SoccerPenalty_g21_c01.avi*85
CuttingInKitchen/v_CuttingInKitchen_g17_c02.avi*25
Basketball/v_Basketball_g11_c04.avi*8
SalsaSpin/v_SalsaSpin_g22_c02.avi*77
Nunchucks/v_Nunchucks_g21_c01.avi*56
Surfing/v_Surfing_g11_c04.avi*88
SkyDiving/v_SkyDiving_g16_c03.avi*83
PommelHorse/v_PommelHorse_g17_c06.avi*69
PlayingViolin/v_PlayingViolin_g11_c01.avi*67
SalsaSpin/v_SalsaSpin_g18_c02.avi*77
BasketballDunk/v_BasketballDunk_g15_c05.avi*9
WalkingWithDog/v_WalkingWithDog_g23_c02.avi*98
BreastStroke/v_BreastStroke_g17_c01.avi*19
BenchPress/v_BenchPress_g17_c06.avi*10
FrisbeeCatch/v_FrisbeeCatch_g14_c01.avi*31
PlayingFlute/v_PlayingFlute_g09_c06.avi*62
WalkingWithDog/v_WalkingWithDog_g24_c04.avi*98
WallPushups/v_WallPushups_g22_c04.avi*99
ThrowDiscus/v_ThrowDiscus_g24_c04.avi*93
RockClimbingIndoor/v_RockClimbingIndoor_g21_c02.avi*74
BenchPress/v_BenchPress_g10_c02.avi*10
Fencing/v_Fencing_g24_c04.avi*28
Rowing/v_Rowing_g15_c07.avi*76
BoxingPunchingBag/v_BoxingPunchingBag_g12_c03.avi*17
CliffDiving/v_CliffDiving_g09_c06.avi*22
MilitaryParade/v_MilitaryParade_g11_c01.avi*53
PlayingSitar/v_PlayingSitar_g21_c05.avi*65
Billiards/v_Billiards_g21_c06.avi*12
RockClimbingIndoor/v_RockClimbingIndoor_g17_c06.avi*74
HeadMassage/v_HeadMassage_g17_c06.avi*39
FrisbeeCatch/v_FrisbeeCatch_g22_c05.avi*31
PommelHorse/v_PommelHorse_g14_c02.avi*69
Shotput/v_Shotput_g20_c01.avi*79
PlayingGuitar/v_PlayingGuitar_g13_c02.avi*63
SoccerJuggling/v_SoccerJuggling_g24_c03.avi*84
Hammering/v_Hammering_g25_c01.avi*35
CliffDiving/v_CliffDiving_g14_c01.avi*22
HulaHoop/v_HulaHoop_g08_c03.avi*43
JumpingJack/v_JumpingJack_g21_c02.avi*47
PushUps/v_PushUps_g08_c03.avi*72
StillRings/v_StillRings_g21_c01.avi*86
HandstandPushups/v_HandStandPushups_g19_c01.avi*37
HighJump/v_HighJump_g20_c02.avi*40
BandMarching/v_BandMarching_g08_c06.avi*6
FloorGymnastics/v_FloorGymnastics_g15_c01.avi*30
BasketballDunk/v_BasketballDunk_g12_c03.avi*9
JumpingJack/v_JumpingJack_g17_c01.avi*47
Billiards/v_Billiards_g18_c01.avi*12
Billiards/v_Billiards_g24_c01.avi*12
SoccerJuggling/v_SoccerJuggling_g21_c01.avi*84
FrontCrawl/v_FrontCrawl_g24_c06.avi*32
Nunchucks/v_Nunchucks_g23_c01.avi*56
SoccerJuggling/v_SoccerJuggling_g16_c04.avi*84
SoccerPenalty/v_SoccerPenalty_g11_c01.avi*85
PoleVault/v_PoleVault_g16_c04.avi*68
Fencing/v_Fencing_g12_c01.avi*28
Biking/v_Biking_g23_c02.avi*11
PommelHorse/v_PommelHorse_g19_c05.avi*69
JumpRope/v_JumpRope_g24_c03.avi*48
Drumming/v_Drumming_g18_c06.avi*27
SkateBoarding/v_SkateBoarding_g15_c03.avi*80
Skijet/v_Skijet_g13_c04.avi*82
Hammering/v_Hammering_g10_c02.avi*35
StillRings/v_StillRings_g24_c04.avi*86
HorseRace/v_HorseRace_g11_c03.avi*41
Bowling/v_Bowling_g22_c07.avi*16
ApplyLipstick/v_ApplyLipstick_g09_c02.avi*2
Nunchucks/v_Nunchucks_g19_c01.avi*56
HammerThrow/v_HammerThrow_g15_c04.avi*36
RopeClimbing/v_RopeClimbing_g08_c01.avi*75
Basketball/v_Basketball_g19_c03.avi*8
JumpingJack/v_JumpingJack_g13_c05.avi*47
BasketballDunk/v_BasketballDunk_g10_c04.avi*9
PlayingPiano/v_PlayingPiano_g25_c03.avi*64
VolleyballSpiking/v_VolleyballSpiking_g22_c04.avi*97
ApplyLipstick/v_ApplyLipstick_g17_c04.avi*2
PlayingDhol/v_PlayingDhol_g23_c03.avi*61
PlayingPiano/v_PlayingPiano_g17_c05.avi*64
StillRings/v_StillRings_g23_c02.avi*86
IceDancing/v_IceDancing_g20_c01.avi*44
Shotput/v_Shotput_g17_c03.avi*79
PlayingTabla/v_PlayingTabla_g17_c02.avi*66
HulaHoop/v_HulaHoop_g10_c02.avi*43
MilitaryParade/v_MilitaryParade_g17_c03.avi*53
Knitting/v_Knitting_g10_c06.avi*50
TableTennisShot/v_TableTennisShot_g11_c01.avi*90
PullUps/v_PullUps_g09_c02.avi*70
ThrowDiscus/v_ThrowDiscus_g22_c02.avi*93
PlayingGuitar/v_PlayingGuitar_g15_c05.avi*63
Shotput/v_Shotput_g16_c05.avi*79
PlayingDaf/v_PlayingDaf_g12_c05.avi*60
BreastStroke/v_BreastStroke_g10_c04.avi*19
PlayingGuitar/v_PlayingGuitar_g25_c07.avi*63
Haircut/v_Haircut_g25_c03.avi*34
Lunges/v_Lunges_g23_c02.avi*52
PlayingCello/v_PlayingCello_g25_c07.avi*59
BoxingPunchingBag/v_BoxingPunchingBag_g22_c07.avi*17
JumpingJack/v_JumpingJack_g14_c01.avi*47
FieldHockeyPenalty/v_FieldHockeyPenalty_g10_c02.avi*29
CliffDiving/v_CliffDiving_g10_c01.avi*22
BaseballPitch/v_BaseballPitch_g19_c05.avi*7
CricketShot/v_CricketShot_g15_c06.avi*24
SumoWrestling/v_SumoWrestling_g15_c03.avi*87
BasketballDunk/v_BasketballDunk_g08_c04.avi*9
RopeClimbing/v_RopeClimbing_g25_c05.avi*75
TaiChi/v_TaiChi_g24_c01.avi*91
Fencing/v_Fencing_g23_c02.avi*28
CliffDiving/v_CliffDiving_g11_c05.avi*22
ThrowDiscus/v_ThrowDiscus_g12_c05.avi*93
PlayingCello/v_PlayingCello_g18_c02.avi*59
CliffDiving/v_CliffDiving_g15_c01.avi*22
PlayingDhol/v_PlayingDhol_g16_c03.avi*61
WritingOnBoard/v_WritingOnBoard_g18_c01.avi*100
PoleVault/v_PoleVault_g17_c07.avi*68
HandstandPushups/v_HandStandPushups_g23_c03.avi*37
TableTennisShot/v_TableTennisShot_g22_c04.avi*90
Swing/v_Swing_g24_c05.avi*89
HandstandPushups/v_HandStandPushups_g22_c05.avi*37
Haircut/v_Haircut_g12_c03.avi*34
JugglingBalls/v_JugglingBalls_g09_c06.avi*46
FrisbeeCatch/v_FrisbeeCatch_g19_c06.avi*31
PlayingSitar/v_PlayingSitar_g08_c02.avi*65
JumpRope/v_JumpRope_g17_c01.avi*48
VolleyballSpiking/v_VolleyballSpiking_g11_c04.avi*97
PoleVault/v_PoleVault_g12_c06.avi*68
WallPushups/v_WallPushups_g21_c03.avi*99
CricketBowling/v_CricketBowling_g09_c04.avi*23
TableTennisShot/v_TableTennisShot_g12_c03.avi*90
Knitting/v_Knitting_g20_c01.avi*50
BoxingSpeedBag/v_BoxingSpeedBag_g11_c05.avi*18
ApplyLipstick/v_ApplyLipstick_g15_c04.avi*2
BaseballPitch/v_BaseballPitch_g25_c05.avi*7
Nunchucks/v_Nunchucks_g25_c03.avi*56
Fencing/v_Fencing_g21_c03.avi*28
Skiing/v_Skiing_g25_c02.avi*81
Billiards/v_Billiards_g14_c06.avi*12
ShavingBeard/v_ShavingBeard_g22_c02.avi*78
Archery/v_Archery_g09_c04.avi*3
CuttingInKitchen/v_CuttingInKitchen_g09_c02.avi*25
Kayaking/v_Kayaking_g20_c01.avi*49
HammerThrow/v_HammerThrow_g21_c03.avi*36
TrampolineJumping/v_TrampolineJumping_g11_c03.avi*94
Diving/v_Diving_g11_c06.avi*26
Archery/v_Archery_g08_c02.avi*3
SalsaSpin/v_SalsaSpin_g09_c03.avi*77
ApplyLipstick/v_ApplyLipstick_g22_c07.avi*2
HandstandPushups/v_HandStandPushups_g20_c01.avi*37
TennisSwing/v_TennisSwing_g08_c05.avi*92
Lunges/v_Lunges_g17_c01.avi*52
Fencing/v_Fencing_g25_c03.avi*28
Rowing/v_Rowing_g17_c01.avi*76
Archery/v_Archery_g18_c02.avi*3
BlowDryHair/v_BlowDryHair_g22_c02.avi*13
TableTennisShot/v_TableTennisShot_g15_c04.avi*90
ShavingBeard/v_ShavingBeard_g18_c03.avi*78
Biking/v_Biking_g18_c02.avi*11
BasketballDunk/v_BasketballDunk_g17_c03.avi*9
BoxingSpeedBag/v_BoxingSpeedBag_g24_c03.avi*18
Knitting/v_Knitting_g08_c02.avi*50
TennisSwing/v_TennisSwing_g12_c03.avi*92
TennisSwing/v_TennisSwing_g09_c03.avi*92
PlayingCello/v_PlayingCello_g23_c04.avi*59
StillRings/v_StillRings_g18_c01.avi*86
Mixing/v_Mixing_g15_c07.avi*54
ApplyEyeMakeup/v_ApplyEyeMakeup_g23_c06.avi*1
TrampolineJumping/v_TrampolineJumping_g24_c02.avi*94
WalkingWithDog/v_WalkingWithDog_g24_c02.avi*98
Drumming/v_Drumming_g17_c07.avi*27
Billiards/v_Billiards_g08_c06.avi*12
WritingOnBoard/v_WritingOnBoard_g19_c04.avi*100
ThrowDiscus/v_ThrowDiscus_g21_c01.avi*93
PlayingDhol/v_PlayingDhol_g23_c05.avi*61
BrushingTeeth/v_BrushingTeeth_g24_c01.avi*20
PoleVault/v_PoleVault_g23_c04.avi*68
BabyCrawling/v_BabyCrawling_g13_c01.avi*4
RopeClimbing/v_RopeClimbing_g15_c04.avi*75
CricketShot/v_CricketShot_g10_c06.avi*24
JumpingJack/v_JumpingJack_g09_c02.avi*47
Skiing/v_Skiing_g08_c07.avi*81
BrushingTeeth/v_BrushingTeeth_g15_c01.avi*20
BasketballDunk/v_BasketballDunk_g14_c05.avi*9
PlayingTabla/v_PlayingTabla_g24_c03.avi*66
SalsaSpin/v_SalsaSpin_g24_c02.avi*77
JugglingBalls/v_JugglingBalls_g08_c01.avi*46
FieldHockeyPenalty/v_FieldHockeyPenalty_g15_c04.avi*29
CliffDiving/v_CliffDiving_g23_c01.avi*22
HorseRiding/v_HorseRiding_g25_c03.avi*42
PlayingDaf/v_PlayingDaf_g19_c07.avi*60
GolfSwing/v_GolfSwing_g12_c02.avi*33
PlayingViolin/v_PlayingViolin_g11_c04.avi*67
VolleyballSpiking/v_VolleyballSpiking_g24_c03.avi*97
YoYo/v_YoYo_g18_c04.avi*101
ThrowDiscus/v_ThrowDiscus_g15_c05.avi*93
Haircut/v_Haircut_g08_c06.avi*34
TrampolineJumping/v_TrampolineJumping_g12_c01.avi*94
CliffDiving/v_CliffDiving_g22_c04.avi*22
SumoWrestling/v_SumoWrestling_g12_c03.avi*87
Punch/v_Punch_g22_c06.avi*71
PommelHorse/v_PommelHorse_g18_c02.avi*69
Biking/v_Biking_g24_c01.avi*11
Rafting/v_Rafting_g08_c01.avi*73
HandstandWalking/v_HandstandWalking_g12_c03.avi*38
Drumming/v_Drumming_g17_c03.avi*27
JavelinThrow/v_JavelinThrow_g23_c03.avi*45
PlayingPiano/v_PlayingPiano_g16_c06.avi*64
RockClimbingIndoor/v_RockClimbingIndoor_g10_c07.avi*74
PlayingDaf/v_PlayingDaf_g22_c07.avi*60
BenchPress/v_BenchPress_g22_c07.avi*10
PlayingGuitar/v_PlayingGuitar_g21_c05.avi*63
Biking/v_Biking_g16_c05.avi*11
BodyWeightSquats/v_BodyWeightSquats_g24_c02.avi*15
PlayingPiano/v_PlayingPiano_g20_c03.avi*64
Basketball/v_Basketball_g25_c05.avi*8
Swing/v_Swing_g09_c01.avi*89
ShavingBeard/v_ShavingBeard_g11_c04.avi*78
Basketball/v_Basketball_g15_c06.avi*8
IceDancing/v_IceDancing_g20_c04.avi*44
PushUps/v_PushUps_g22_c04.avi*72
VolleyballSpiking/v_VolleyballSpiking_g14_c04.avi*97
PlayingCello/v_PlayingCello_g19_c03.avi*59
Typing/v_Typing_g20_c06.avi*95
BandMarching/v_BandMarching_g17_c01.avi*6
Haircut/v_Haircut_g16_c03.avi*34
PlayingDhol/v_PlayingDhol_g13_c06.avi*61
FrisbeeCatch/v_FrisbeeCatch_g20_c06.avi*31
Lunges/v_Lunges_g09_c03.avi*52
ShavingBeard/v_ShavingBeard_g09_c05.avi*78
Rafting/v_Rafting_g16_c01.avi*73
Drumming/v_Drumming_g14_c03.avi*27
Bowling/v_Bowling_g24_c02.avi*16
BlowDryHair/v_BlowDryHair_g25_c04.avi*13
HighJump/v_HighJump_g16_c05.avi*40
UnevenBars/v_UnevenBars_g19_c01.avi*96
SoccerJuggling/v_SoccerJuggling_g15_c02.avi*84
PlayingGuitar/v_PlayingGuitar_g19_c02.avi*63
Fencing/v_Fencing_g11_c03.avi*28
UnevenBars/v_UnevenBars_g11_c03.avi*96
JugglingBalls/v_JugglingBalls_g19_c02.avi*46
SoccerJuggling/v_SoccerJuggling_g16_c02.avi*84
HorseRiding/v_HorseRiding_g24_c04.avi*42
SoccerPenalty/v_SoccerPenalty_g09_c05.avi*85
HorseRiding/v_HorseRiding_g14_c01.avi*42
SkyDiving/v_SkyDiving_g17_c04.avi*83
Skiing/v_Skiing_g20_c06.avi*81
MoppingFloor/v_MoppingFloor_g23_c01.avi*55
IceDancing/v_IceDancing_g19_c06.avi*44
JavelinThrow/v_JavelinThrow_g17_c04.avi*45
ShavingBeard/v_ShavingBeard_g18_c04.avi*78
Typing/v_Typing_g20_c01.avi*95
Punch/v_Punch_g16_c07.avi*71
ApplyLipstick/v_ApplyLipstick_g08_c02.avi*2
TableTennisShot/v_TableTennisShot_g25_c06.avi*90
BrushingTeeth/v_BrushingTeeth_g10_c05.avi*20
HorseRiding/v_HorseRiding_g22_c02.avi*42
Swing/v_Swing_g09_c03.avi*89
ApplyEyeMakeup/v_ApplyEyeMakeup_g11_c03.avi*1
SoccerJuggling/v_SoccerJuggling_g13_c04.avi*84
BreastStroke/v_BreastStroke_g22_c03.avi*19
Basketball/v_Basketball_g24_c04.avi*8
PlayingGuitar/v_PlayingGuitar_g25_c02.avi*63
MilitaryParade/v_MilitaryParade_g15_c02.avi*53
CricketShot/v_CricketShot_g08_c02.avi*24
BasketballDunk/v_BasketballDunk_g10_c02.avi*9
BenchPress/v_BenchPress_g20_c02.avi*10
PlayingCello/v_PlayingCello_g16_c07.avi*59
Mixing/v_Mixing_g21_c04.avi*54
PlayingDaf/v_PlayingDaf_g21_c02.avi*60
ApplyEyeMakeup/v_ApplyEyeMakeup_g21_c02.avi*1
BalanceBeam/v_BalanceBeam_g08_c01.avi*5
PlayingCello/v_PlayingCello_g24_c07.avi*59
MilitaryParade/v_MilitaryParade_g09_c02.avi*53
Nunchucks/v_Nunchucks_g17_c01.avi*56
FieldHockeyPenalty/v_FieldHockeyPenalty_g19_c02.avi*29
Diving/v_Diving_g20_c06.avi*26
Diving/v_Diving_g13_c01.avi*26
BrushingTeeth/v_BrushingTeeth_g08_c01.avi*20
RopeClimbing/v_RopeClimbing_g08_c03.avi*75
PoleVault/v_PoleVault_g18_c02.avi*68
PlayingDhol/v_PlayingDhol_g16_c04.avi*61
BalanceBeam/v_BalanceBeam_g19_c04.avi*5
PlayingViolin/v_PlayingViolin_g22_c03.avi*67
JavelinThrow/v_JavelinThrow_g11_c03.avi*45
MilitaryParade/v_MilitaryParade_g21_c02.avi*53
Billiards/v_Billiards_g19_c01.avi*12
BoxingSpeedBag/v_BoxingSpeedBag_g12_c03.avi*18
JumpingJack/v_JumpingJack_g17_c02.avi*47
Kayaking/v_Kayaking_g11_c04.avi*49
PushUps/v_PushUps_g10_c01.avi*72
HammerThrow/v_HammerThrow_g20_c05.avi*36
PlayingFlute/v_PlayingFlute_g21_c05.avi*62
Billiards/v_Billiards_g25_c01.avi*12
Drumming/v_Drumming_g19_c01.avi*27
Archery/v_Archery_g25_c05.avi*3
BoxingSpeedBag/v_BoxingSpeedBag_g13_c03.avi*18
Kayaking/v_Kayaking_g23_c04.avi*49
FrontCrawl/v_FrontCrawl_g21_c03.avi*32
Rafting/v_Rafting_g10_c04.avi*73
Surfing/v_Surfing_g25_c01.avi*88
WritingOnBoard/v_WritingOnBoard_g21_c06.avi*100
HorseRiding/v_HorseRiding_g23_c01.avi*42
Lunges/v_Lunges_g09_c01.avi*52
Fencing/v_Fencing_g23_c01.avi*28
FieldHockeyPenalty/v_FieldHockeyPenalty_g15_c05.avi*29
SalsaSpin/v_SalsaSpin_g24_c05.avi*77
HandstandPushups/v_HandStandPushups_g09_c02.avi*37
HulaHoop/v_HulaHoop_g15_c01.avi*43
MoppingFloor/v_MoppingFloor_g10_c04.avi*55
Shotput/v_Shotput_g11_c02.avi*79
PushUps/v_PushUps_g13_c01.avi*72
ShavingBeard/v_ShavingBeard_g14_c03.avi*78
WalkingWithDog/v_WalkingWithDog_g19_c04.avi*98
Skiing/v_Skiing_g20_c03.avi*81
PizzaTossing/v_PizzaTossing_g21_c03.avi*58
TaiChi/v_TaiChi_g08_c03.avi*91
CliffDiving/v_CliffDiving_g22_c02.avi*22
Fencing/v_Fencing_g23_c04.avi*28
FloorGymnastics/v_FloorGymnastics_g14_c04.avi*30
VolleyballSpiking/v_VolleyballSpiking_g10_c03.avi*97
WritingOnBoard/v_WritingOnBoard_g21_c04.avi*100
CleanAndJerk/v_CleanAndJerk_g21_c04.avi*21
PlayingCello/v_PlayingCello_g14_c01.avi*59
JumpRope/v_JumpRope_g17_c03.avi*48
PlayingFlute/v_PlayingFlute_g19_c04.avi*62
BodyWeightSquats/v_BodyWeightSquats_g20_c04.avi*15
PlayingGuitar/v_PlayingGuitar_g12_c04.avi*63
GolfSwing/v_GolfSwing_g25_c06.avi*33
Bowling/v_Bowling_g23_c05.avi*16
BenchPress/v_BenchPress_g19_c06.avi*10
HorseRiding/v_HorseRiding_g10_c03.avi*42
Fencing/v_Fencing_g09_c05.avi*28
PullUps/v_PullUps_g21_c02.avi*70
HeadMassage/v_HeadMassage_g23_c05.avi*39
Rafting/v_Rafting_g22_c01.avi*73
BabyCrawling/v_BabyCrawling_g20_c04.avi*4
FloorGymnastics/v_FloorGymnastics_g14_c05.avi*30
CliffDiving/v_CliffDiving_g09_c03.avi*22
Typing/v_Typing_g10_c06.avi*95
JumpRope/v_JumpRope_g25_c05.avi*48
PlayingFlute/v_PlayingFlute_g25_c02.avi*62
Kayaking/v_Kayaking_g19_c04.avi*49
Hammering/v_Hammering_g21_c06.avi*35
PushUps/v_PushUps_g09_c01.avi*72
Rafting/v_Rafting_g24_c03.avi*73
HulaHoop/v_HulaHoop_g18_c02.avi*43
Bowling/v_Bowling_g25_c03.avi*16
HammerThrow/v_HammerThrow_g17_c04.avi*36
Diving/v_Diving_g23_c01.avi*26
PlayingDaf/v_PlayingDaf_g14_c05.avi*60
BaseballPitch/v_BaseballPitch_g11_c04.avi*7
FrontCrawl/v_FrontCrawl_g12_c01.avi*32
PlayingCello/v_PlayingCello_g23_c01.avi*59
PlayingTabla/v_PlayingTabla_g15_c01.avi*66
BasketballDunk/v_BasketballDunk_g12_c02.avi*9
SumoWrestling/v_SumoWrestling_g22_c01.avi*87
Swing/v_Swing_g21_c03.avi*89
TennisSwing/v_TennisSwing_g09_c07.avi*92
Biking/v_Biking_g20_c06.avi*11
PlayingSitar/v_PlayingSitar_g11_c01.avi*65
Drumming/v_Drumming_g25_c04.avi*27
BasketballDunk/v_BasketballDunk_g18_c01.avi*9
HandstandPushups/v_HandStandPushups_g25_c04.avi*37
Billiards/v_Billiards_g25_c04.avi*12
Rafting/v_Rafting_g13_c04.avi*73
PushUps/v_PushUps_g24_c02.avi*72
HighJump/v_HighJump_g09_c01.avi*40
LongJump/v_LongJump_g11_c03.avi*51
TableTennisShot/v_TableTennisShot_g22_c07.avi*90
PlayingPiano/v_PlayingPiano_g10_c01.avi*64
TrampolineJumping/v_TrampolineJumping_g09_c02.avi*94
CricketShot/v_CricketShot_g20_c02.avi*24
PushUps/v_PushUps_g18_c03.avi*72
BoxingPunchingBag/v_BoxingPunchingBag_g21_c02.avi*17
Mixing/v_Mixing_g24_c03.avi*54
JavelinThrow/v_JavelinThrow_g17_c01.avi*45
HulaHoop/v_HulaHoop_g16_c04.avi*43
SalsaSpin/v_SalsaSpin_g22_c01.avi*77
CricketBowling/v_CricketBowling_g15_c05.avi*23
FrisbeeCatch/v_FrisbeeCatch_g18_c04.avi*31
HeadMassage/v_HeadMassage_g19_c04.avi*39
HorseRiding/v_HorseRiding_g16_c05.avi*42
GolfSwing/v_GolfSwing_g10_c04.avi*33
Hammering/v_Hammering_g10_c01.avi*35
Nunchucks/v_Nunchucks_g15_c01.avi*56
BasketballDunk/v_BasketballDunk_g17_c05.avi*9
SkyDiving/v_SkyDiving_g17_c01.avi*83
Nunchucks/v_Nunchucks_g17_c03.avi*56
PlayingViolin/v_PlayingViolin_g19_c04.avi*67
BreastStroke/v_BreastStroke_g21_c04.avi*19
PlayingSitar/v_PlayingSitar_g12_c01.avi*65
Swing/v_Swing_g24_c04.avi*89
IceDancing/v_IceDancing_g13_c02.avi*44
CricketShot/v_CricketShot_g15_c05.avi*24
BoxingSpeedBag/v_BoxingSpeedBag_g09_c02.avi*18
HandstandPushups/v_HandStandPushups_g20_c06.avi*37
PlayingSitar/v_PlayingSitar_g08_c05.avi*65
Skiing/v_Skiing_g11_c01.avi*81
Hammering/v_Hammering_g13_c03.avi*35
Bowling/v_Bowling_g08_c03.avi*16
HorseRiding/v_HorseRiding_g22_c06.avi*42
MilitaryParade/v_MilitaryParade_g23_c02.avi*53
CricketBowling/v_CricketBowling_g12_c02.avi*23
Swing/v_Swing_g15_c01.avi*89
BasketballDunk/v_BasketballDunk_g14_c07.avi*9
CricketBowling/v_CricketBowling_g16_c02.avi*23
LongJump/v_LongJump_g10_c02.avi*51
RockClimbingIndoor/v_RockClimbingIndoor_g25_c03.avi*74
PlayingCello/v_PlayingCello_g17_c02.avi*59
HammerThrow/v_HammerThrow_g22_c07.avi*36
HeadMassage/v_HeadMassage_g18_c04.avi*39
SkateBoarding/v_SkateBoarding_g18_c05.avi*80
MoppingFloor/v_MoppingFloor_g13_c02.avi*55
Fencing/v_Fencing_g15_c04.avi*28
PommelHorse/v_PommelHorse_g24_c03.avi*69
Biking/v_Biking_g11_c03.avi*11
PlayingDhol/v_PlayingDhol_g12_c06.avi*61
Bowling/v_Bowling_g13_c03.avi*16
Nunchucks/v_Nunchucks_g12_c05.avi*56
PlayingDhol/v_PlayingDhol_g15_c03.avi*61
BrushingTeeth/v_BrushingTeeth_g09_c04.avi*20
TrampolineJumping/v_TrampolineJumping_g17_c03.avi*94
PlayingDaf/v_PlayingDaf_g21_c03.avi*60
BalanceBeam/v_BalanceBeam_g21_c04.avi*5
Bowling/v_Bowling_g09_c02.avi*16
JavelinThrow/v_JavelinThrow_g18_c01.avi*45
Billiards/v_Billiards_g25_c03.avi*12
PlayingTabla/v_PlayingTabla_g11_c04.avi*66
SumoWrestling/v_SumoWrestling_g20_c04.avi*87
CricketBowling/v_CricketBowling_g21_c03.avi*23
PommelHorse/v_PommelHorse_g21_c04.avi*69
Archery/v_Archery_g24_c05.avi*3
PoleVault/v_PoleVault_g25_c03.avi*68
BandMarching/v_BandMarching_g25_c04.avi*6
SumoWrestling/v_SumoWrestling_g12_c02.avi*87
JumpRope/v_JumpRope_g11_c01.avi*48
PlayingDhol/v_PlayingDhol_g09_c05.avi*61
PlayingDaf/v_PlayingDaf_g21_c04.avi*60
ApplyEyeMakeup/v_ApplyEyeMakeup_g17_c03.avi*1
Bowling/v_Bowling_g15_c07.avi*16
SalsaSpin/v_SalsaSpin_g10_c03.avi*77
HandstandPushups/v_HandStandPushups_g17_c03.avi*37
WalkingWithDog/v_WalkingWithDog_g11_c04.avi*98
Knitting/v_Knitting_g11_c01.avi*50
Basketball/v_Basketball_g24_c02.avi*8
BodyWeightSquats/v_BodyWeightSquats_g10_c04.avi*15
WalkingWithDog/v_WalkingWithDog_g11_c01.avi*98
PullUps/v_PullUps_g18_c03.avi*70
WritingOnBoard/v_WritingOnBoard_g24_c04.avi*100
CricketShot/v_CricketShot_g19_c01.avi*24
Shotput/v_Shotput_g15_c05.avi*79
WritingOnBoard/v_WritingOnBoard_g16_c02.avi*100
JugglingBalls/v_JugglingBalls_g18_c02.avi*46
Billiards/v_Billiards_g12_c05.avi*12
PlayingPiano/v_PlayingPiano_g22_c02.avi*64
Knitting/v_Knitting_g23_c02.avi*50
RockClimbingIndoor/v_RockClimbingIndoor_g18_c03.avi*74
Surfing/v_Surfing_g24_c04.avi*88
CliffDiving/v_CliffDiving_g20_c07.avi*22
Knitting/v_Knitting_g12_c02.avi*50
ApplyEyeMakeup/v_ApplyEyeMakeup_g22_c03.avi*1
TableTennisShot/v_TableTennisShot_g20_c02.avi*90
JumpingJack/v_JumpingJack_g20_c01.avi*47
SoccerPenalty/v_SoccerPenalty_g15_c02.avi*85
HeadMassage/v_HeadMassage_g08_c02.avi*39
BodyWeightSquats/v_BodyWeightSquats_g09_c02.avi*15
Mixing/v_Mixing_g09_c02.avi*54
HammerThrow/v_HammerThrow_g10_c01.avi*36
HammerThrow/v_HammerThrow_g11_c01.avi*36
RopeClimbing/v_RopeClimbing_g09_c03.avi*75
PoleVault/v_PoleVault_g11_c04.avi*68
Archery/v_Archery_g13_c06.avi*3
BodyWeightSquats/v_BodyWeightSquats_g22_c01.avi*15
TableTennisShot/v_TableTennisShot_g11_c02.avi*90
TaiChi/v_TaiChi_g08_c01.avi*91
Nunchucks/v_Nunchucks_g24_c05.avi*56
PlayingDaf/v_PlayingDaf_g21_c07.avi*60
PushUps/v_PushUps_g21_c03.avi*72
LongJump/v_LongJump_g25_c02.avi*51
JumpingJack/v_JumpingJack_g11_c04.avi*47
JumpingJack/v_JumpingJack_g09_c07.avi*47
PlayingCello/v_PlayingCello_g16_c06.avi*59
Knitting/v_Knitting_g25_c05.avi*50
PommelHorse/v_PommelHorse_g20_c07.avi*69
TableTennisShot/v_TableTennisShot_g22_c06.avi*90
BenchPress/v_BenchPress_g15_c01.avi*10
PlayingCello/v_PlayingCello_g22_c05.avi*59
BabyCrawling/v_BabyCrawling_g17_c03.avi*4
IceDancing/v_IceDancing_g17_c02.avi*44
ThrowDiscus/v_ThrowDiscus_g25_c04.avi*93
SoccerJuggling/v_SoccerJuggling_g24_c06.avi*84
Nunchucks/v_Nunchucks_g11_c04.avi*56
Archery/v_Archery_g11_c07.avi*3
MilitaryParade/v_MilitaryParade_g09_c05.avi*53
HeadMassage/v_HeadMassage_g10_c01.avi*39
CricketShot/v_CricketShot_g20_c01.avi*24
HeadMassage/v_HeadMassage_g18_c03.avi*39
Punch/v_Punch_g16_c04.avi*71
BenchPress/v_BenchPress_g13_c03.avi*10
TennisSwing/v_TennisSwing_g23_c03.avi*92
PlayingViolin/v_PlayingViolin_g19_c02.avi*67
Bowling/v_Bowling_g08_c04.avi*16
RockClimbingIndoor/v_RockClimbingIndoor_g17_c07.avi*74
VolleyballSpiking/v_VolleyballSpiking_g13_c05.avi*97
HulaHoop/v_HulaHoop_g18_c04.avi*43
TennisSwing/v_TennisSwing_g11_c04.avi*92
PlayingViolin/v_PlayingViolin_g16_c02.avi*67
PlayingCello/v_PlayingCello_g09_c02.avi*59
CliffDiving/v_CliffDiving_g16_c01.avi*22
SkateBoarding/v_SkateBoarding_g17_c01.avi*80
FrontCrawl/v_FrontCrawl_g14_c03.avi*32
SumoWrestling/v_SumoWrestling_g23_c02.avi*87
SalsaSpin/v_SalsaSpin_g12_c02.avi*77
Rowing/v_Rowing_g20_c02.avi*76
SumoWrestling/v_SumoWrestling_g20_c02.avi*87
YoYo/v_YoYo_g22_c01.avi*101
PlayingCello/v_PlayingCello_g10_c06.avi*59
RockClimbingIndoor/v_RockClimbingIndoor_g09_c04.avi*74
HorseRiding/v_HorseRiding_g18_c04.avi*42
JugglingBalls/v_JugglingBalls_g22_c01.avi*46
ParallelBars/v_ParallelBars_g13_c02.avi*57
ApplyLipstick/v_ApplyLipstick_g19_c02.avi*2
ShavingBeard/v_ShavingBeard_g09_c01.avi*78
Mixing/v_Mixing_g17_c02.avi*54
SkyDiving/v_SkyDiving_g08_c01.avi*83
CricketShot/v_CricketShot_g13_c06.avi*24
Kayaking/v_Kayaking_g10_c01.avi*49
BreastStroke/v_BreastStroke_g24_c01.avi*19
Skijet/v_Skijet_g10_c01.avi*82
Drumming/v_Drumming_g23_c01.avi*27
WritingOnBoard/v_WritingOnBoard_g24_c06.avi*100
BaseballPitch/v_BaseballPitch_g22_c07.avi*7
Haircut/v_Haircut_g21_c04.avi*34
CricketBowling/v_CricketBowling_g15_c06.avi*23
ShavingBeard/v_ShavingBeard_g15_c06.avi*78
Basketball/v_Basketball_g15_c03.avi*8
WallPushups/v_WallPushups_g24_c02.avi*99
YoYo/v_YoYo_g13_c03.avi*101
PlayingTabla/v_PlayingTabla_g17_c03.avi*66
HulaHoop/v_HulaHoop_g17_c02.avi*43
BabyCrawling/v_BabyCrawling_g12_c01.avi*4
SkateBoarding/v_SkateBoarding_g12_c03.avi*80
RopeClimbing/v_RopeClimbing_g20_c04.avi*75
BasketballDunk/v_BasketballDunk_g24_c01.avi*9
BabyCrawling/v_BabyCrawling_g15_c01.avi*4
ShavingBeard/v_ShavingBeard_g18_c07.avi*78
HeadMassage/v_HeadMassage_g24_c03.avi*39
PlayingViolin/v_PlayingViolin_g08_c01.avi*67
HandstandPushups/v_HandStandPushups_g09_c01.avi*37
SkateBoarding/v_SkateBoarding_g10_c06.avi*80
GolfSwing/v_GolfSwing_g09_c04.avi*33
HighJump/v_HighJump_g24_c03.avi*40
BoxingSpeedBag/v_BoxingSpeedBag_g25_c06.avi*18
BasketballDunk/v_BasketballDunk_g16_c05.avi*9
JumpRope/v_JumpRope_g12_c05.avi*48
JavelinThrow/v_JavelinThrow_g15_c01.avi*45
Nunchucks/v_Nunchucks_g10_c03.avi*56
BaseballPitch/v_BaseballPitch_g24_c05.avi*7
HorseRiding/v_HorseRiding_g21_c05.avi*42
JugglingBalls/v_JugglingBalls_g08_c05.avi*46
BenchPress/v_BenchPress_g10_c01.avi*10
CricketBowling/v_CricketBowling_g08_c04.avi*23
SkyDiving/v_SkyDiving_g13_c04.avi*83
WalkingWithDog/v_WalkingWithDog_g20_c06.avi*98
PizzaTossing/v_PizzaTossing_g25_c05.avi*58
Rowing/v_Rowing_g17_c04.avi*76
Diving/v_Diving_g14_c03.avi*26
Surfing/v_Surfing_g20_c01.avi*88
TaiChi/v_TaiChi_g10_c01.avi*91
PoleVault/v_PoleVault_g22_c04.avi*68
ApplyEyeMakeup/v_ApplyEyeMakeup_g12_c06.avi*1
JumpingJack/v_JumpingJack_g08_c01.avi*47
BrushingTeeth/v_BrushingTeeth_g15_c04.avi*20
HorseRace/v_HorseRace_g22_c03.avi*41
WallPushups/v_WallPushups_g16_c02.avi*99
JumpRope/v_JumpRope_g12_c03.avi*48
CleanAndJerk/v_CleanAndJerk_g16_c04.avi*21
PlayingDhol/v_PlayingDhol_g22_c05.avi*61
BabyCrawling/v_BabyCrawling_g10_c05.avi*4
HandstandPushups/v_HandStandPushups_g19_c04.avi*37
ApplyLipstick/v_ApplyLipstick_g15_c03.avi*2
YoYo/v_YoYo_g15_c04.avi*101
ParallelBars/v_ParallelBars_g14_c04.avi*57
CliffDiving/v_CliffDiving_g14_c06.avi*22
PushUps/v_PushUps_g24_c03.avi*72
PlayingFlute/v_PlayingFlute_g12_c05.avi*62
HeadMassage/v_HeadMassage_g22_c07.avi*39
Rafting/v_Rafting_g17_c04.avi*73
PlayingTabla/v_PlayingTabla_g11_c02.avi*66
PlayingDhol/v_PlayingDhol_g17_c07.avi*61
PlayingCello/v_PlayingCello_g10_c07.avi*59
Swing/v_Swing_g22_c05.avi*89
Punch/v_Punch_g17_c02.avi*71
BasketballDunk/v_BasketballDunk_g15_c07.avi*9
VolleyballSpiking/v_VolleyballSpiking_g11_c06.avi*97
TableTennisShot/v_TableTennisShot_g19_c02.avi*90
PlayingPiano/v_PlayingPiano_g08_c03.avi*64
Skijet/v_Skijet_g16_c01.avi*82
FrontCrawl/v_FrontCrawl_g09_c04.avi*32
PushUps/v_PushUps_g23_c02.avi*72
BoxingSpeedBag/v_BoxingSpeedBag_g13_c06.avi*18
Swing/v_Swing_g11_c05.avi*89
BenchPress/v_BenchPress_g11_c02.avi*10
CricketShot/v_CricketShot_g13_c02.avi*24
MilitaryParade/v_MilitaryParade_g24_c03.avi*53
RopeClimbing/v_RopeClimbing_g17_c03.avi*75
HulaHoop/v_HulaHoop_g15_c05.avi*43
BaseballPitch/v_BaseballPitch_g15_c03.avi*7
BenchPress/v_BenchPress_g13_c04.avi*10
TennisSwing/v_TennisSwing_g20_c05.avi*92
BabyCrawling/v_BabyCrawling_g18_c03.avi*4
SoccerPenalty/v_SoccerPenalty_g12_c04.avi*85
GolfSwing/v_GolfSwing_g22_c01.avi*33
Rafting/v_Rafting_g18_c04.avi*73
ShavingBeard/v_ShavingBeard_g23_c02.avi*78
SoccerJuggling/v_SoccerJuggling_g15_c03.avi*84
Hammering/v_Hammering_g18_c06.avi*35
Surfing/v_Surfing_g14_c02.avi*88
JumpRope/v_JumpRope_g10_c03.avi*48
JugglingBalls/v_JugglingBalls_g18_c04.avi*46
Lunges/v_Lunges_g12_c04.avi*52
SkateBoarding/v_SkateBoarding_g24_c05.avi*80
HammerThrow/v_HammerThrow_g17_c03.avi*36
PoleVault/v_PoleVault_g17_c01.avi*68
Nunchucks/v_Nunchucks_g12_c01.avi*56
HandstandWalking/v_HandstandWalking_g15_c01.avi*38
PlayingViolin/v_PlayingViolin_g08_c03.avi*67
ParallelBars/v_ParallelBars_g23_c04.avi*57
BodyWeightSquats/v_BodyWeightSquats_g21_c04.avi*15
MilitaryParade/v_MilitaryParade_g08_c02.avi*53
PlayingSitar/v_PlayingSitar_g19_c01.avi*65
CricketShot/v_CricketShot_g20_c03.avi*24
Archery/v_Archery_g24_c02.avi*3
GolfSwing/v_GolfSwing_g17_c04.avi*33
UnevenBars/v_UnevenBars_g10_c04.avi*96
WallPushups/v_WallPushups_g10_c01.avi*99
YoYo/v_YoYo_g12_c01.avi*101
IceDancing/v_IceDancing_g23_c01.avi*44
Archery/v_Archery_g15_c07.avi*3
Billiards/v_Billiards_g09_c01.avi*12
HulaHoop/v_HulaHoop_g24_c03.avi*43
Rowing/v_Rowing_g22_c01.avi*76
Lunges/v_Lunges_g19_c02.avi*52
Rowing/v_Rowing_g08_c02.avi*76
PlayingGuitar/v_PlayingGuitar_g08_c06.avi*63
Skijet/v_Skijet_g12_c04.avi*82
JumpRope/v_JumpRope_g21_c03.avi*48
MilitaryParade/v_MilitaryParade_g14_c01.avi*53
BoxingSpeedBag/v_BoxingSpeedBag_g24_c01.avi*18
Surfing/v_Surfing_g09_c01.avi*88
SkateBoarding/v_SkateBoarding_g13_c02.avi*80
SoccerJuggling/v_SoccerJuggling_g19_c03.avi*84
ApplyEyeMakeup/v_ApplyEyeMakeup_g24_c07.avi*1
JumpingJack/v_JumpingJack_g22_c04.avi*47
FieldHockeyPenalty/v_FieldHockeyPenalty_g17_c02.avi*29
BabyCrawling/v_BabyCrawling_g11_c03.avi*4
CricketShot/v_CricketShot_g18_c01.avi*24
Drumming/v_Drumming_g25_c01.avi*27
JumpRope/v_JumpRope_g23_c01.avi*48
HandstandPushups/v_HandStandPushups_g21_c04.avi*37
WalkingWithDog/v_WalkingWithDog_g22_c01.avi*98
JavelinThrow/v_JavelinThrow_g20_c04.avi*45
JumpRope/v_JumpRope_g24_c07.avi*48
RopeClimbing/v_RopeClimbing_g15_c03.avi*75
Swing/v_Swing_g21_c02.avi*89
JumpRope/v_JumpRope_g16_c02.avi*48
SoccerJuggling/v_SoccerJuggling_g14_c05.avi*84
PlayingTabla/v_PlayingTabla_g23_c01.avi*66
BlowDryHair/v_BlowDryHair_g17_c01.avi*13
SkateBoarding/v_SkateBoarding_g20_c05.avi*80
StillRings/v_StillRings_g11_c03.avi*86
LongJump/v_LongJump_g14_c05.avi*51
FloorGymnastics/v_FloorGymnastics_g09_c03.avi*30
BenchPress/v_BenchPress_g08_c05.avi*10
Haircut/v_Haircut_g10_c07.avi*34
ApplyEyeMakeup/v_ApplyEyeMakeup_g19_c04.avi*1
CleanAndJerk/v_CleanAndJerk_g10_c02.avi*21
Drumming/v_Drumming_g08_c05.avi*27
Shotput/v_Shotput_g11_c05.avi*79
FieldHockeyPenalty/v_FieldHockeyPenalty_g24_c04.avi*29
SoccerPenalty/v_SoccerPenalty_g22_c02.avi*85
Lunges/v_Lunges_g24_c02.avi*52
TrampolineJumping/v_TrampolineJumping_g18_c03.avi*94
HorseRiding/v_HorseRiding_g23_c03.avi*42
HorseRiding/v_HorseRiding_g08_c04.avi*42
Biking/v_Biking_g12_c04.avi*11
HorseRiding/v_HorseRiding_g11_c01.avi*42
PommelHorse/v_PommelHorse_g08_c04.avi*69
Drumming/v_Drumming_g12_c07.avi*27
BoxingSpeedBag/v_BoxingSpeedBag_g14_c01.avi*18
TableTennisShot/v_TableTennisShot_g25_c02.avi*90
Punch/v_Punch_g18_c07.avi*71
BreastStroke/v_BreastStroke_g18_c04.avi*19
BoxingSpeedBag/v_BoxingSpeedBag_g23_c01.avi*18
HulaHoop/v_HulaHoop_g14_c01.avi*43
RockClimbingIndoor/v_RockClimbingIndoor_g21_c03.avi*74
HandstandPushups/v_HandStandPushups_g24_c03.avi*37
SalsaSpin/v_SalsaSpin_g25_c04.avi*77
Bowling/v_Bowling_g10_c04.avi*16
UnevenBars/v_UnevenBars_g12_c03.avi*96
BandMarching/v_BandMarching_g10_c04.avi*6
YoYo/v_YoYo_g10_c04.avi*101
PizzaTossing/v_PizzaTossing_g22_c04.avi*58
HorseRiding/v_HorseRiding_g12_c04.avi*42
Rafting/v_Rafting_g11_c03.avi*73
PommelHorse/v_PommelHorse_g23_c02.avi*69
JugglingBalls/v_JugglingBalls_g13_c03.avi*46
ApplyLipstick/v_ApplyLipstick_g14_c01.avi*2
BrushingTeeth/v_BrushingTeeth_g19_c04.avi*20
Punch/v_Punch_g23_c01.avi*71
PlayingPiano/v_PlayingPiano_g12_c04.avi*64
Surfing/v_Surfing_g13_c04.avi*88
FrisbeeCatch/v_FrisbeeCatch_g19_c05.avi*31
Rowing/v_Rowing_g19_c06.avi*76
ParallelBars/v_ParallelBars_g13_c04.avi*57
Bowling/v_Bowling_g10_c01.avi*16
Mixing/v_Mixing_g12_c03.avi*54
HeadMassage/v_HeadMassage_g17_c05.avi*39
RockClimbingIndoor/v_RockClimbingIndoor_g10_c05.avi*74
BlowDryHair/v_BlowDryHair_g15_c03.avi*13
HandstandWalking/v_HandstandWalking_g12_c04.avi*38
Hammering/v_Hammering_g17_c03.avi*35
CricketBowling/v_CricketBowling_g11_c05.avi*23
Nunchucks/v_Nunchucks_g15_c05.avi*56
PlayingPiano/v_PlayingPiano_g14_c04.avi*64
PoleVault/v_PoleVault_g13_c04.avi*68
JavelinThrow/v_JavelinThrow_g08_c02.avi*45
Mixing/v_Mixing_g13_c03.avi*54
Surfing/v_Surfing_g16_c03.avi*88
PushUps/v_PushUps_g22_c02.avi*72
CricketShot/v_CricketShot_g11_c07.avi*24
ShavingBeard/v_ShavingBeard_g17_c02.avi*78
HulaHoop/v_HulaHoop_g19_c01.avi*43
CricketBowling/v_CricketBowling_g09_c05.avi*23
BenchPress/v_BenchPress_g17_c03.avi*10
PlayingTabla/v_PlayingTabla_g09_c03.avi*66
ApplyEyeMakeup/v_ApplyEyeMakeup_g13_c02.avi*1
WallPushups/v_WallPushups_g17_c06.avi*99
Lunges/v_Lunges_g13_c02.avi*52
Hammering/v_Hammering_g23_c03.avi*35
BenchPress/v_BenchPress_g22_c05.avi*10
FloorGymnastics/v_FloorGymnastics_g10_c03.avi*30
FrontCrawl/v_FrontCrawl_g17_c07.avi*32
TrampolineJumping/v_TrampolineJumping_g14_c02.avi*94
Surfing/v_Surfing_g23_c04.avi*88
HandstandWalking/v_HandstandWalking_g21_c04.avi*38
HandstandWalking/v_HandstandWalking_g14_c02.avi*38
PullUps/v_PullUps_g11_c04.avi*70
PlayingFlute/v_PlayingFlute_g14_c03.avi*62
ShavingBeard/v_ShavingBeard_g18_c05.avi*78
Knitting/v_Knitting_g15_c01.avi*50
Punch/v_Punch_g08_c02.avi*71
PlayingDaf/v_PlayingDaf_g13_c02.avi*60
Knitting/v_Knitting_g13_c04.avi*50
Diving/v_Diving_g20_c02.avi*26
PlayingGuitar/v_PlayingGuitar_g21_c06.avi*63
WritingOnBoard/v_WritingOnBoard_g22_c03.avi*100
HeadMassage/v_HeadMassage_g21_c01.avi*39
ApplyLipstick/v_ApplyLipstick_g19_c01.avi*2
IceDancing/v_IceDancing_g25_c02.avi*44
Lunges/v_Lunges_g09_c02.avi*52
Diving/v_Diving_g10_c05.avi*26
Basketball/v_Basketball_g09_c02.avi*8
PushUps/v_PushUps_g20_c03.avi*72
PlayingFlute/v_PlayingFlute_g11_c01.avi*62
WritingOnBoard/v_WritingOnBoard_g20_c07.avi*100
HammerThrow/v_HammerThrow_g21_c05.avi*36
FrontCrawl/v_FrontCrawl_g20_c07.avi*32
ThrowDiscus/v_ThrowDiscus_g12_c06.avi*93
SumoWrestling/v_SumoWrestling_g14_c04.avi*87
GolfSwing/v_GolfSwing_g19_c01.avi*33
Mixing/v_Mixing_g08_c05.avi*54
LongJump/v_LongJump_g11_c04.avi*51
Basketball/v_Basketball_g15_c02.avi*8
WalkingWithDog/v_WalkingWithDog_g13_c02.avi*98
Haircut/v_Haircut_g08_c03.avi*34
MoppingFloor/v_MoppingFloor_g09_c04.avi*55
ThrowDiscus/v_ThrowDiscus_g18_c04.avi*93
CliffDiving/v_CliffDiving_g10_c06.avi*22
Basketball/v_Basketball_g24_c03.avi*8
Nunchucks/v_Nunchucks_g13_c02.avi*56
ParallelBars/v_ParallelBars_g11_c02.avi*57
WallPushups/v_WallPushups_g11_c01.avi*99
BreastStroke/v_BreastStroke_g14_c03.avi*19
ShavingBeard/v_ShavingBeard_g18_c01.avi*78
HammerThrow/v_HammerThrow_g08_c02.avi*36
HammerThrow/v_HammerThrow_g23_c07.avi*36
FieldHockeyPenalty/v_FieldHockeyPenalty_g14_c03.avi*29
HorseRace/v_HorseRace_g21_c01.avi*41
PlayingViolin/v_PlayingViolin_g25_c03.avi*67
Rafting/v_Rafting_g13_c03.avi*73
YoYo/v_YoYo_g19_c03.avi*101
FrontCrawl/v_FrontCrawl_g21_c04.avi*32
RockClimbingIndoor/v_RockClimbingIndoor_g08_c05.avi*74
BrushingTeeth/v_BrushingTeeth_g13_c03.avi*20
SkyDiving/v_SkyDiving_g10_c01.avi*83
Swing/v_Swing_g15_c04.avi*89
BoxingPunchingBag/v_BoxingPunchingBag_g22_c04.avi*17
CuttingInKitchen/v_CuttingInKitchen_g13_c01.avi*25
FloorGymnastics/v_FloorGymnastics_g17_c06.avi*30
Surfing/v_Surfing_g21_c03.avi*88
PlayingDhol/v_PlayingDhol_g11_c01.avi*61
SalsaSpin/v_SalsaSpin_g08_c04.avi*77
BoxingSpeedBag/v_BoxingSpeedBag_g11_c04.avi*18
JumpRope/v_JumpRope_g18_c01.avi*48
MoppingFloor/v_MoppingFloor_g24_c02.avi*55
HorseRiding/v_HorseRiding_g24_c05.avi*42
BenchPress/v_BenchPress_g11_c04.avi*10
ParallelBars/v_ParallelBars_g16_c02.avi*57
Nunchucks/v_Nunchucks_g15_c03.avi*56
PlayingPiano/v_PlayingPiano_g08_c02.avi*64
VolleyballSpiking/v_VolleyballSpiking_g17_c01.avi*97
MilitaryParade/v_MilitaryParade_g18_c04.avi*53
Hammering/v_Hammering_g21_c01.avi*35
CricketBowling/v_CricketBowling_g13_c01.avi*23
PlayingSitar/v_PlayingSitar_g20_c05.avi*65
SumoWrestling/v_SumoWrestling_g22_c02.avi*87
Nunchucks/v_Nunchucks_g24_c02.avi*56
PlayingDaf/v_PlayingDaf_g16_c03.avi*60
TableTennisShot/v_TableTennisShot_g16_c01.avi*90
WalkingWithDog/v_WalkingWithDog_g08_c03.avi*98
Shotput/v_Shotput_g15_c04.avi*79
CleanAndJerk/v_CleanAndJerk_g08_c03.avi*21
HandstandWalking/v_HandstandWalking_g24_c01.avi*38
Diving/v_Diving_g12_c02.avi*26
BabyCrawling/v_BabyCrawling_g10_c02.avi*4
BoxingPunchingBag/v_BoxingPunchingBag_g10_c03.avi*17
SoccerJuggling/v_SoccerJuggling_g16_c07.avi*84
MilitaryParade/v_MilitaryParade_g25_c06.avi*53
Skiing/v_Skiing_g25_c01.avi*81
HorseRace/v_HorseRace_g20_c05.avi*41
PlayingFlute/v_PlayingFlute_g21_c01.avi*62
Drumming/v_Drumming_g16_c05.avi*27
PlayingTabla/v_PlayingTabla_g19_c03.avi*66
BandMarching/v_BandMarching_g20_c01.avi*6
HammerThrow/v_HammerThrow_g12_c02.avi*36
BlowDryHair/v_BlowDryHair_g18_c04.avi*13
PlayingFlute/v_PlayingFlute_g10_c03.avi*62
Haircut/v_Haircut_g21_c03.avi*34
BandMarching/v_BandMarching_g17_c03.avi*6
Billiards/v_Billiards_g25_c05.avi*12
JavelinThrow/v_JavelinThrow_g14_c01.avi*45
BoxingPunchingBag/v_BoxingPunchingBag_g16_c05.avi*17
BlowingCandles/v_BlowingCandles_g16_c04.avi*14
PlayingCello/v_PlayingCello_g23_c05.avi*59
HulaHoop/v_HulaHoop_g12_c02.avi*43
CleanAndJerk/v_CleanAndJerk_g12_c03.avi*21
Surfing/v_Surfing_g16_c02.avi*88
PlayingCello/v_PlayingCello_g20_c01.avi*59
Mixing/v_Mixing_g18_c03.avi*54
PlayingDhol/v_PlayingDhol_g18_c02.avi*61
BodyWeightSquats/v_BodyWeightSquats_g21_c03.avi*15
TrampolineJumping/v_TrampolineJumping_g25_c04.avi*94
PoleVault/v_PoleVault_g20_c06.avi*68
Swing/v_Swing_g09_c02.avi*89
PlayingPiano/v_PlayingPiano_g14_c02.avi*64
SkyDiving/v_SkyDiving_g14_c02.avi*83
HandstandWalking/v_HandstandWalking_g10_c01.avi*38
BrushingTeeth/v_BrushingTeeth_g24_c03.avi*20
Mixing/v_Mixing_g11_c05.avi*54
BreastStroke/v_BreastStroke_g11_c03.avi*19
PlayingCello/v_PlayingCello_g14_c02.avi*59
FrisbeeCatch/v_FrisbeeCatch_g13_c02.avi*31
JumpRope/v_JumpRope_g17_c05.avi*48
BoxingSpeedBag/v_BoxingSpeedBag_g18_c01.avi*18
Fencing/v_Fencing_g17_c04.avi*28
PlayingDaf/v_PlayingDaf_g17_c04.avi*60
CleanAndJerk/v_CleanAndJerk_g08_c04.avi*21
BoxingPunchingBag/v_BoxingPunchingBag_g09_c03.avi*17
Bowling/v_Bowling_g18_c03.avi*16
PullUps/v_PullUps_g20_c03.avi*70
Hammering/v_Hammering_g13_c02.avi*35
BasketballDunk/v_BasketballDunk_g20_c05.avi*9
Skiing/v_Skiing_g19_c01.avi*81
FieldHockeyPenalty/v_FieldHockeyPenalty_g21_c04.avi*29
HorseRiding/v_HorseRiding_g14_c03.avi*42
ApplyEyeMakeup/v_ApplyEyeMakeup_g24_c02.avi*1
MoppingFloor/v_MoppingFloor_g25_c03.avi*55
Hammering/v_Hammering_g15_c06.avi*35
BoxingPunchingBag/v_BoxingPunchingBag_g20_c01.avi*17
PlayingViolin/v_PlayingViolin_g15_c04.avi*67
PoleVault/v_PoleVault_g23_c07.avi*68
Basketball/v_Basketball_g23_c02.avi*8
WallPushups/v_WallPushups_g21_c06.avi*99
HorseRiding/v_HorseRiding_g24_c02.avi*42
BodyWeightSquats/v_BodyWeightSquats_g11_c01.avi*15
Shotput/v_Shotput_g09_c01.avi*79
HeadMassage/v_HeadMassage_g21_c03.avi*39
JumpRope/v_JumpRope_g18_c03.avi*48
PommelHorse/v_PommelHorse_g22_c05.avi*69
PlayingGuitar/v_PlayingGuitar_g08_c02.avi*63
CricketShot/v_CricketShot_g14_c06.avi*24
CleanAndJerk/v_CleanAndJerk_g14_c01.avi*21
IceDancing/v_IceDancing_g17_c03.avi*44
BlowingCandles/v_BlowingCandles_g14_c01.avi*14
BandMarching/v_BandMarching_g19_c07.avi*6
BrushingTeeth/v_BrushingTeeth_g17_c02.avi*20
ShavingBeard/v_ShavingBeard_g10_c04.avi*78
MoppingFloor/v_MoppingFloor_g25_c01.avi*55
CricketBowling/v_CricketBowling_g16_c07.avi*23
PlayingSitar/v_PlayingSitar_g19_c02.avi*65
BasketballDunk/v_BasketballDunk_g17_c06.avi*9
PoleVault/v_PoleVault_g13_c05.avi*68
Mixing/v_Mixing_g23_c03.avi*54
SoccerJuggling/v_SoccerJuggling_g25_c04.avi*84
CricketBowling/v_CricketBowling_g15_c01.avi*23
Knitting/v_Knitting_g09_c02.avi*50
TennisSwing/v_TennisSwing_g15_c06.avi*92
HulaHoop/v_HulaHoop_g12_c01.avi*43
PoleVault/v_PoleVault_g14_c03.avi*68
BabyCrawling/v_BabyCrawling_g22_c05.avi*4
Drumming/v_Drumming_g12_c02.avi*27
PlayingCello/v_PlayingCello_g22_c07.avi*59
Biking/v_Biking_g17_c05.avi*11
GolfSwing/v_GolfSwing_g19_c06.avi*33
BabyCrawling/v_BabyCrawling_g11_c02.avi*4
Kayaking/v_Kayaking_g20_c04.avi*49
FieldHockeyPenalty/v_FieldHockeyPenalty_g23_c02.avi*29
Mixing/v_Mixing_g19_c01.avi*54
Archery/v_Archery_g15_c05.avi*3
Surfing/v_Surfing_g12_c05.avi*88
JumpingJack/v_JumpingJack_g10_c06.avi*47
PlayingDaf/v_PlayingDaf_g25_c07.avi*60
Punch/v_Punch_g17_c04.avi*71
Typing/v_Typing_g14_c07.avi*95
HorseRiding/v_HorseRiding_g19_c04.avi*42
HorseRiding/v_HorseRiding_g16_c04.avi*42
HandstandPushups/v_HandStandPushups_g11_c06.avi*37
Nunchucks/v_Nunchucks_g18_c06.avi*56
Mixing/v_Mixing_g08_c02.avi*54
FrisbeeCatch/v_FrisbeeCatch_g17_c01.avi*31
HammerThrow/v_HammerThrow_g12_c04.avi*36
Archery/v_Archery_g16_c03.avi*3
IceDancing/v_IceDancing_g25_c04.avi*44
Basketball/v_Basketball_g23_c06.avi*8
WallPushups/v_WallPushups_g11_c06.avi*99
BreastStroke/v_BreastStroke_g14_c01.avi*19
BrushingTeeth/v_BrushingTeeth_g22_c05.avi*20
Knitting/v_Knitting_g18_c04.avi*50
JugglingBalls/v_JugglingBalls_g24_c03.avi*46
SkateBoarding/v_SkateBoarding_g23_c03.avi*80
Skiing/v_Skiing_g16_c04.avi*81
BalanceBeam/v_BalanceBeam_g23_c02.avi*5
Fencing/v_Fencing_g22_c01.avi*28
BoxingSpeedBag/v_BoxingSpeedBag_g10_c02.avi*18
ApplyLipstick/v_ApplyLipstick_g25_c04.avi*2
HandstandPushups/v_HandStandPushups_g08_c02.avi*37
YoYo/v_YoYo_g18_c01.avi*101
FrisbeeCatch/v_FrisbeeCatch_g12_c04.avi*31
Punch/v_Punch_g13_c02.avi*71
PlayingGuitar/v_PlayingGuitar_g17_c04.avi*63
HorseRiding/v_HorseRiding_g20_c05.avi*42
ShavingBeard/v_ShavingBeard_g25_c04.avi*78
JumpingJack/v_JumpingJack_g12_c02.avi*47
HandstandWalking/v_HandstandWalking_g25_c03.avi*38
Diving/v_Diving_g18_c02.avi*26
WallPushups/v_WallPushups_g21_c02.avi*99
ShavingBeard/v_ShavingBeard_g12_c02.avi*78
HeadMassage/v_HeadMassage_g19_c01.avi*39
BoxingPunchingBag/v_BoxingPunchingBag_g21_c03.avi*17
HighJump/v_HighJump_g20_c03.avi*40
SoccerJuggling/v_SoccerJuggling_g24_c04.avi*84
BreastStroke/v_BreastStroke_g08_c02.avi*19
FloorGymnastics/v_FloorGymnastics_g11_c02.avi*30
HandstandPushups/v_HandStandPushups_g16_c07.avi*37
BandMarching/v_BandMarching_g20_c03.avi*6
JumpRope/v_JumpRope_g16_c04.avi*48
HammerThrow/v_HammerThrow_g13_c03.avi*36
MoppingFloor/v_MoppingFloor_g15_c04.avi*55
Basketball/v_Basketball_g18_c02.avi*8
HighJump/v_HighJump_g11_c07.avi*40
HorseRace/v_HorseRace_g11_c06.avi*41
VolleyballSpiking/v_VolleyballSpiking_g09_c06.avi*97
PizzaTossing/v_PizzaTossing_g25_c02.avi*58
Bowling/v_Bowling_g13_c01.avi*16
JumpingJack/v_JumpingJack_g18_c03.avi*47
Billiards/v_Billiards_g14_c05.avi*12
BaseballPitch/v_BaseballPitch_g12_c04.avi*7
WritingOnBoard/v_WritingOnBoard_g22_c04.avi*100
CricketShot/v_CricketShot_g16_c01.avi*24
GolfSwing/v_GolfSwing_g12_c04.avi*33
FloorGymnastics/v_FloorGymnastics_g11_c04.avi*30
PlayingGuitar/v_PlayingGuitar_g16_c06.avi*63
Hammering/v_Hammering_g18_c07.avi*35
SkateBoarding/v_SkateBoarding_g11_c01.avi*80
JumpingJack/v_JumpingJack_g13_c03.avi*47
BandMarching/v_BandMarching_g22_c01.avi*6
MilitaryParade/v_MilitaryParade_g10_c03.avi*53
PlayingCello/v_PlayingCello_g24_c02.avi*59
Lunges/v_Lunges_g17_c02.avi*52
CleanAndJerk/v_CleanAndJerk_g20_c03.avi*21
ApplyLipstick/v_ApplyLipstick_g09_c04.avi*2
Fencing/v_Fencing_g18_c04.avi*28
StillRings/v_StillRings_g18_c02.avi*86
Punch/v_Punch_g15_c01.avi*71
ParallelBars/v_ParallelBars_g09_c03.avi*57
PlayingGuitar/v_PlayingGuitar_g18_c02.avi*63
Skijet/v_Skijet_g21_c03.avi*82
BoxingSpeedBag/v_BoxingSpeedBag_g09_c07.avi*18
Billiards/v_Billiards_g16_c01.avi*12
SumoWrestling/v_SumoWrestling_g23_c01.avi*87
Biking/v_Biking_g13_c02.avi*11
JavelinThrow/v_JavelinThrow_g08_c03.avi*45
PizzaTossing/v_PizzaTossing_g24_c06.avi*58
Shotput/v_Shotput_g23_c02.avi*79
PlayingCello/v_PlayingCello_g11_c02.avi*59
Biking/v_Biking_g12_c01.avi*11
Billiards/v_Billiards_g24_c03.avi*12
Hammering/v_Hammering_g08_c04.avi*35
Archery/v_Archery_g19_c01.avi*3
Basketball/v_Basketball_g08_c02.avi*8
Diving/v_Diving_g12_c05.avi*26
BreastStroke/v_BreastStroke_g18_c03.avi*19
SkyDiving/v_SkyDiving_g23_c04.avi*83
SkateBoarding/v_SkateBoarding_g18_c06.avi*80
BlowDryHair/v_BlowDryHair_g09_c02.avi*13
Kayaking/v_Kayaking_g20_c05.avi*49
SkyDiving/v_SkyDiving_g12_c03.avi*83
PullUps/v_PullUps_g10_c02.avi*70
ParallelBars/v_ParallelBars_g10_c01.avi*57
BabyCrawling/v_BabyCrawling_g16_c01.avi*4
WalkingWithDog/v_WalkingWithDog_g09_c06.avi*98
RopeClimbing/v_RopeClimbing_g18_c03.avi*75
ApplyEyeMakeup/v_ApplyEyeMakeup_g09_c06.avi*1
Skijet/v_Skijet_g15_c04.avi*82
PlayingFlute/v_PlayingFlute_g18_c05.avi*62
ParallelBars/v_ParallelBars_g09_c04.avi*57
BabyCrawling/v_BabyCrawling_g13_c03.avi*4
PommelHorse/v_PommelHorse_g20_c03.avi*69
ApplyLipstick/v_ApplyLipstick_g22_c05.avi*2
BaseballPitch/v_BaseballPitch_g15_c02.avi*7
BandMarching/v_BandMarching_g11_c06.avi*6
MilitaryParade/v_MilitaryParade_g22_c03.avi*53
TableTennisShot/v_TableTennisShot_g14_c05.avi*90
HulaHoop/v_HulaHoop_g23_c03.avi*43
ThrowDiscus/v_ThrowDiscus_g13_c05.avi*93
PushUps/v_PushUps_g10_c03.avi*72
PullUps/v_PullUps_g20_c01.avi*70
VolleyballSpiking/v_VolleyballSpiking_g12_c02.avi*97
Lunges/v_Lunges_g11_c03.avi*52
HulaHoop/v_HulaHoop_g09_c04.avi*43
HorseRace/v_HorseRace_g24_c04.avi*41
TennisSwing/v_TennisSwing_g12_c05.avi*92
JavelinThrow/v_JavelinThrow_g11_c01.avi*45
TableTennisShot/v_TableTennisShot_g24_c06.avi*90
Drumming/v_Drumming_g13_c02.avi*27
BlowDryHair/v_BlowDryHair_g09_c03.avi*13
Swing/v_Swing_g25_c04.avi*89
BaseballPitch/v_BaseballPitch_g22_c03.avi*7
Diving/v_Diving_g09_c05.avi*26
PlayingDhol/v_PlayingDhol_g11_c04.avi*61
CliffDiving/v_CliffDiving_g11_c04.avi*22
PommelHorse/v_PommelHorse_g14_c01.avi*69
FieldHockeyPenalty/v_FieldHockeyPenalty_g25_c05.avi*29
Rowing/v_Rowing_g11_c01.avi*76
TaiChi/v_TaiChi_g16_c02.avi*91
Kayaking/v_Kayaking_g23_c02.avi*49
PlayingDhol/v_PlayingDhol_g19_c05.avi*61
Haircut/v_Haircut_g18_c04.avi*34
BlowingCandles/v_BlowingCandles_g23_c01.avi*14
PlayingCello/v_PlayingCello_g08_c02.avi*59
BaseballPitch/v_BaseballPitch_g16_c03.avi*7
Hammering/v_Hammering_g23_c02.avi*35
PlayingTabla/v_PlayingTabla_g23_c02.avi*66
PommelHorse/v_PommelHorse_g19_c06.avi*69
YoYo/v_YoYo_g12_c02.avi*101
BenchPress/v_BenchPress_g25_c05.avi*10
Diving/v_Diving_g22_c04.avi*26
HorseRace/v_HorseRace_g21_c02.avi*41
UnevenBars/v_UnevenBars_g19_c04.avi*96
Skiing/v_Skiing_g20_c01.avi*81
Bowling/v_Bowling_g16_c01.avi*16
PlayingGuitar/v_PlayingGuitar_g08_c07.avi*63
BreastStroke/v_BreastStroke_g16_c03.avi*19
CuttingInKitchen/v_CuttingInKitchen_g10_c07.avi*25
HandstandWalking/v_HandstandWalking_g13_c02.avi*38
PlayingViolin/v_PlayingViolin_g20_c03.avi*67
Kayaking/v_Kayaking_g21_c03.avi*49
PlayingDaf/v_PlayingDaf_g22_c03.avi*60
Lunges/v_Lunges_g14_c01.avi*52
Hammering/v_Hammering_g11_c01.avi*35
Diving/v_Diving_g24_c05.avi*26
UnevenBars/v_UnevenBars_g15_c03.avi*96
HeadMassage/v_HeadMassage_g16_c04.avi*39
JumpingJack/v_JumpingJack_g19_c04.avi*47
PlayingFlute/v_PlayingFlute_g25_c04.avi*62
SumoWrestling/v_SumoWrestling_g13_c02.avi*87
Knitting/v_Knitting_g18_c01.avi*50
PlayingDaf/v_PlayingDaf_g14_c04.avi*60
HorseRace/v_HorseRace_g22_c02.avi*41
ApplyLipstick/v_ApplyLipstick_g11_c04.avi*2
HorseRace/v_HorseRace_g12_c01.avi*41
CliffDiving/v_CliffDiving_g17_c03.avi*22
SkateBoarding/v_SkateBoarding_g24_c02.avi*80
HighJump/v_HighJump_g10_c04.avi*40
TableTennisShot/v_TableTennisShot_g18_c01.avi*90
BandMarching/v_BandMarching_g08_c03.avi*6
WallPushups/v_WallPushups_g13_c03.avi*99
HorseRace/v_HorseRace_g13_c03.avi*41
TrampolineJumping/v_TrampolineJumping_g23_c03.avi*94
Basketball/v_Basketball_g10_c02.avi*8
Basketball/v_Basketball_g09_c01.avi*8
Bowling/v_Bowling_g17_c01.avi*16
MilitaryParade/v_MilitaryParade_g17_c02.avi*53
PoleVault/v_PoleVault_g21_c01.avi*68
Drumming/v_Drumming_g12_c06.avi*27
PlayingCello/v_PlayingCello_g18_c03.avi*59
BaseballPitch/v_BaseballPitch_g18_c02.avi*7
PlayingViolin/v_PlayingViolin_g12_c02.avi*67
MilitaryParade/v_MilitaryParade_g12_c01.avi*53
BenchPress/v_BenchPress_g12_c03.avi*10
Billiards/v_Billiards_g24_c05.avi*12
Bowling/v_Bowling_g13_c05.avi*16
PlayingCello/v_PlayingCello_g19_c06.avi*59
Billiards/v_Billiards_g20_c04.avi*12
PullUps/v_PullUps_g13_c04.avi*70
PlayingTabla/v_PlayingTabla_g12_c05.avi*66
TrampolineJumping/v_TrampolineJumping_g08_c04.avi*94
BlowingCandles/v_BlowingCandles_g10_c03.avi*14
MoppingFloor/v_MoppingFloor_g16_c04.avi*55
PlayingTabla/v_PlayingTabla_g16_c03.avi*66
BenchPress/v_BenchPress_g25_c01.avi*10
FrontCrawl/v_FrontCrawl_g14_c06.avi*32
BodyWeightSquats/v_BodyWeightSquats_g08_c03.avi*15
BoxingPunchingBag/v_BoxingPunchingBag_g11_c05.avi*17
Skijet/v_Skijet_g18_c01.avi*82
Punch/v_Punch_g12_c06.avi*71
HorseRiding/v_HorseRiding_g25_c02.avi*42
HorseRiding/v_HorseRiding_g09_c04.avi*42
RockClimbingIndoor/v_RockClimbingIndoor_g14_c05.avi*74
Billiards/v_Billiards_g21_c07.avi*12
SalsaSpin/v_SalsaSpin_g23_c04.avi*77
SkyDiving/v_SkyDiving_g24_c01.avi*83
BreastStroke/v_BreastStroke_g10_c03.avi*19
HorseRiding/v_HorseRiding_g14_c05.avi*42
SumoWrestling/v_SumoWrestling_g08_c07.avi*87
BlowingCandles/v_BlowingCandles_g14_c04.avi*14
Hammering/v_Hammering_g15_c01.avi*35
Billiards/v_Billiards_g20_c02.avi*12
MilitaryParade/v_MilitaryParade_g20_c01.avi*53
PlayingTabla/v_PlayingTabla_g17_c04.avi*66
PlayingDhol/v_PlayingDhol_g23_c02.avi*61
ShavingBeard/v_ShavingBeard_g19_c07.avi*78
CricketShot/v_CricketShot_g23_c05.avi*24
MilitaryParade/v_MilitaryParade_g15_c07.avi*53
Shotput/v_Shotput_g19_c03.avi*79
FrisbeeCatch/v_FrisbeeCatch_g17_c02.avi*31
Rowing/v_Rowing_g14_c04.avi*76
SkyDiving/v_SkyDiving_g10_c03.avi*83
CuttingInKitchen/v_CuttingInKitchen_g12_c02.avi*25
PlayingCello/v_PlayingCello_g15_c07.avi*59
BenchPress/v_BenchPress_g25_c07.avi*10
SkateBoarding/v_SkateBoarding_g22_c04.avi*80
BabyCrawling/v_BabyCrawling_g19_c04.avi*4
Rafting/v_Rafting_g19_c01.avi*73
SoccerJuggling/v_SoccerJuggling_g12_c03.avi*84
Haircut/v_Haircut_g10_c03.avi*34
HighJump/v_HighJump_g18_c01.avi*40
Swing/v_Swing_g20_c03.avi*89
TennisSwing/v_TennisSwing_g17_c03.avi*92
TableTennisShot/v_TableTennisShot_g22_c02.avi*90
PlayingDhol/v_PlayingDhol_g17_c05.avi*61
YoYo/v_YoYo_g11_c05.avi*101
Rafting/v_Rafting_g18_c01.avi*73
CliffDiving/v_CliffDiving_g15_c02.avi*22
SoccerJuggling/v_SoccerJuggling_g18_c04.avi*84
PlayingDhol/v_PlayingDhol_g16_c06.avi*61
Punch/v_Punch_g17_c07.avi*71
Skijet/v_Skijet_g12_c03.avi*82
BasketballDunk/v_BasketballDunk_g09_c02.avi*9
BrushingTeeth/v_BrushingTeeth_g08_c06.avi*20
JugglingBalls/v_JugglingBalls_g14_c01.avi*46
UnevenBars/v_UnevenBars_g20_c02.avi*96
ApplyLipstick/v_ApplyLipstick_g13_c01.avi*2
PizzaTossing/v_PizzaTossing_g15_c03.avi*58
TennisSwing/v_TennisSwing_g20_c06.avi*92
WalkingWithDog/v_WalkingWithDog_g08_c01.avi*98
Biking/v_Biking_g13_c05.avi*11
ApplyEyeMakeup/v_ApplyEyeMakeup_g16_c05.avi*1
PlayingViolin/v_PlayingViolin_g08_c04.avi*67
GolfSwing/v_GolfSwing_g24_c03.avi*33
VolleyballSpiking/v_VolleyballSpiking_g15_c01.avi*97
PizzaTossing/v_PizzaTossing_g08_c04.avi*58
SalsaSpin/v_SalsaSpin_g14_c05.avi*77
JumpRope/v_JumpRope_g23_c03.avi*48
BalanceBeam/v_BalanceBeam_g22_c01.avi*5
PizzaTossing/v_PizzaTossing_g09_c01.avi*58
Swing/v_Swing_g08_c03.avi*89
CricketBowling/v_CricketBowling_g14_c04.avi*23
BandMarching/v_BandMarching_g12_c03.avi*6
Punch/v_Punch_g12_c01.avi*71
Bowling/v_Bowling_g14_c02.avi*16
BalanceBeam/v_BalanceBeam_g14_c02.avi*5
StillRings/v_StillRings_g10_c01.avi*86
SalsaSpin/v_SalsaSpin_g20_c01.avi*77
JugglingBalls/v_JugglingBalls_g11_c04.avi*46
TaiChi/v_TaiChi_g25_c03.avi*91
Drumming/v_Drumming_g22_c04.avi*27
HandstandWalking/v_HandstandWalking_g15_c02.avi*38
MoppingFloor/v_MoppingFloor_g24_c03.avi*55
ThrowDiscus/v_ThrowDiscus_g21_c06.avi*93
GolfSwing/v_GolfSwing_g21_c03.avi*33
PlayingPiano/v_PlayingPiano_g19_c04.avi*64
CricketBowling/v_CricketBowling_g16_c01.avi*23
Basketball/v_Basketball_g11_c05.avi*8
StillRings/v_StillRings_g22_c04.avi*86
PlayingPiano/v_PlayingPiano_g17_c02.avi*64
BabyCrawling/v_BabyCrawling_g20_c06.avi*4
PlayingFlute/v_PlayingFlute_g23_c04.avi*62
HulaHoop/v_HulaHoop_g21_c02.avi*43
CuttingInKitchen/v_CuttingInKitchen_g19_c02.avi*25
WritingOnBoard/v_WritingOnBoard_g20_c04.avi*100
Haircut/v_Haircut_g08_c04.avi*34
Basketball/v_Basketball_g12_c03.avi*8
RockClimbingIndoor/v_RockClimbingIndoor_g17_c02.avi*74
PoleVault/v_PoleVault_g13_c03.avi*68
UnevenBars/v_UnevenBars_g14_c03.avi*96
JumpRope/v_JumpRope_g09_c02.avi*48
Typing/v_Typing_g18_c04.avi*95
PlayingDhol/v_PlayingDhol_g25_c04.avi*61
Drumming/v_Drumming_g19_c05.avi*27
Knitting/v_Knitting_g15_c07.avi*50
TrampolineJumping/v_TrampolineJumping_g16_c06.avi*94
PlayingCello/v_PlayingCello_g20_c02.avi*59
Knitting/v_Knitting_g21_c04.avi*50
PlayingDaf/v_PlayingDaf_g10_c07.avi*60
BlowingCandles/v_BlowingCandles_g15_c01.avi*14
HandstandWalking/v_HandstandWalking_g18_c02.avi*38
ShavingBeard/v_ShavingBeard_g21_c06.avi*78
ApplyEyeMakeup/v_ApplyEyeMakeup_g10_c02.avi*1
SumoWrestling/v_SumoWrestling_g17_c02.avi*87
ParallelBars/v_ParallelBars_g22_c02.avi*57
JavelinThrow/v_JavelinThrow_g19_c04.avi*45
BaseballPitch/v_BaseballPitch_g24_c04.avi*7
Typing/v_Typing_g12_c07.avi*95
BlowingCandles/v_BlowingCandles_g15_c04.avi*14
Drumming/v_Drumming_g20_c06.avi*27
ParallelBars/v_ParallelBars_g13_c01.avi*57
HandstandPushups/v_HandStandPushups_g13_c02.avi*37
Nunchucks/v_Nunchucks_g20_c04.avi*56
BasketballDunk/v_BasketballDunk_g16_c03.avi*9
HeadMassage/v_HeadMassage_g08_c03.avi*39
PlayingDaf/v_PlayingDaf_g19_c04.avi*60
Archery/v_Archery_g20_c01.avi*3
JavelinThrow/v_JavelinThrow_g24_c06.avi*45
Swing/v_Swing_g21_c06.avi*89
MoppingFloor/v_MoppingFloor_g13_c04.avi*55
Kayaking/v_Kayaking_g22_c05.avi*49
BasketballDunk/v_BasketballDunk_g18_c03.avi*9
SkateBoarding/v_SkateBoarding_g20_c02.avi*80
BalanceBeam/v_BalanceBeam_g23_c01.avi*5
FrontCrawl/v_FrontCrawl_g16_c04.avi*32
GolfSwing/v_GolfSwing_g21_c01.avi*33
Skiing/v_Skiing_g09_c03.avi*81
JavelinThrow/v_JavelinThrow_g16_c02.avi*45
TableTennisShot/v_TableTennisShot_g20_c06.avi*90
BasketballDunk/v_BasketballDunk_g13_c02.avi*9
CricketBowling/v_CricketBowling_g18_c05.avi*23
TaiChi/v_TaiChi_g19_c01.avi*91
Haircut/v_Haircut_g09_c07.avi*34
BandMarching/v_BandMarching_g23_c02.avi*6
PushUps/v_PushUps_g18_c02.avi*72
BlowingCandles/v_BlowingCandles_g24_c03.avi*14
RockClimbingIndoor/v_RockClimbingIndoor_g14_c01.avi*74
PlayingFlute/v_PlayingFlute_g17_c07.avi*62
ThrowDiscus/v_ThrowDiscus_g20_c01.avi*93
HorseRace/v_HorseRace_g17_c04.avi*41
JugglingBalls/v_JugglingBalls_g20_c04.avi*46
Bowling/v_Bowling_g10_c03.avi*16
ApplyLipstick/v_ApplyLipstick_g16_c04.avi*2
Diving/v_Diving_g19_c02.avi*26
WallPushups/v_WallPushups_g17_c07.avi*99
PlayingFlute/v_PlayingFlute_g18_c01.avi*62
PlayingDaf/v_PlayingDaf_g10_c03.avi*60
PushUps/v_PushUps_g12_c02.avi*72
JavelinThrow/v_JavelinThrow_g23_c02.avi*45
BabyCrawling/v_BabyCrawling_g23_c03.avi*4
SkyDiving/v_SkyDiving_g09_c01.avi*83
Swing/v_Swing_g23_c04.avi*89
BaseballPitch/v_BaseballPitch_g22_c01.avi*7
StillRings/v_StillRings_g19_c02.avi*86
BrushingTeeth/v_BrushingTeeth_g25_c02.avi*20
PlayingCello/v_PlayingCello_g12_c03.avi*59
IceDancing/v_IceDancing_g24_c01.avi*44
SoccerJuggling/v_SoccerJuggling_g12_c01.avi*84
Hammering/v_Hammering_g16_c03.avi*35
CricketBowling/v_CricketBowling_g22_c07.avi*23
ThrowDiscus/v_ThrowDiscus_g18_c01.avi*93
Billiards/v_Billiards_g25_c06.avi*12
Archery/v_Archery_g20_c05.avi*3
Lunges/v_Lunges_g13_c03.avi*52
WalkingWithDog/v_WalkingWithDog_g24_c01.avi*98
TableTennisShot/v_TableTennisShot_g17_c01.avi*90
IceDancing/v_IceDancing_g21_c06.avi*44
HighJump/v_HighJump_g08_c04.avi*40
TennisSwing/v_TennisSwing_g18_c01.avi*92
TennisSwing/v_TennisSwing_g13_c05.avi*92
VolleyballSpiking/v_VolleyballSpiking_g21_c02.avi*97
Shotput/v_Shotput_g22_c04.avi*79
MilitaryParade/v_MilitaryParade_g15_c01.avi*53
Knitting/v_Knitting_g13_c02.avi*50
BoxingPunchingBag/v_BoxingPunchingBag_g25_c01.avi*17
Skijet/v_Skijet_g25_c01.avi*82
RockClimbingIndoor/v_RockClimbingIndoor_g25_c04.avi*74
IceDancing/v_IceDancing_g21_c05.avi*44
StillRings/v_StillRings_g09_c01.avi*86
LongJump/v_LongJump_g24_c04.avi*51
BoxingSpeedBag/v_BoxingSpeedBag_g20_c01.avi*18
FieldHockeyPenalty/v_FieldHockeyPenalty_g20_c01.avi*29
Punch/v_Punch_g23_c04.avi*71
IceDancing/v_IceDancing_g16_c03.avi*44
BandMarching/v_BandMarching_g14_c06.avi*6
HandstandWalking/v_HandstandWalking_g13_c03.avi*38
PommelHorse/v_PommelHorse_g13_c07.avi*69
Surfing/v_Surfing_g12_c03.avi*88
ApplyEyeMakeup/v_ApplyEyeMakeup_g22_c05.avi*1
Skijet/v_Skijet_g12_c01.avi*82
HorseRace/v_HorseRace_g23_c02.avi*41
Basketball/v_Basketball_g22_c04.avi*8
WritingOnBoard/v_WritingOnBoard_g11_c05.avi*100
FrontCrawl/v_FrontCrawl_g17_c05.avi*32
Diving/v_Diving_g21_c02.avi*26
Nunchucks/v_Nunchucks_g15_c02.avi*56
Surfing/v_Surfing_g08_c07.avi*88
Surfing/v_Surfing_g16_c01.avi*88
Rafting/v_Rafting_g12_c03.avi*73
Drumming/v_Drumming_g24_c06.avi*27
Basketball/v_Basketball_g14_c02.avi*8
TennisSwing/v_TennisSwing_g21_c01.avi*92
PlayingFlute/v_PlayingFlute_g19_c02.avi*62
Haircut/v_Haircut_g12_c02.avi*34
WritingOnBoard/v_WritingOnBoard_g17_c01.avi*100
PlayingSitar/v_PlayingSitar_g24_c06.avi*65
PlayingViolin/v_PlayingViolin_g20_c04.avi*67
IceDancing/v_IceDancing_g13_c04.avi*44
SoccerJuggling/v_SoccerJuggling_g11_c02.avi*84
Rafting/v_Rafting_g09_c02.avi*73
CleanAndJerk/v_CleanAndJerk_g14_c06.avi*21
HorseRace/v_HorseRace_g21_c03.avi*41
Archery/v_Archery_g10_c01.avi*3
BoxingSpeedBag/v_BoxingSpeedBag_g13_c07.avi*18
ParallelBars/v_ParallelBars_g20_c02.avi*57
TaiChi/v_TaiChi_g14_c03.avi*91
Mixing/v_Mixing_g13_c01.avi*54
JavelinThrow/v_JavelinThrow_g10_c02.avi*45
PlayingDhol/v_PlayingDhol_g24_c01.avi*61
PlayingSitar/v_PlayingSitar_g13_c03.avi*65
PommelHorse/v_PommelHorse_g21_c03.avi*69
FloorGymnastics/v_FloorGymnastics_g11_c01.avi*30
BlowingCandles/v_BlowingCandles_g13_c02.avi*14
HandstandPushups/v_HandStandPushups_g13_c03.avi*37
BlowingCandles/v_BlowingCandles_g23_c04.avi*14
PlayingSitar/v_PlayingSitar_g22_c06.avi*65
Knitting/v_Knitting_g10_c04.avi*50
PlayingTabla/v_PlayingTabla_g14_c04.avi*66
HulaHoop/v_HulaHoop_g13_c06.avi*43
BaseballPitch/v_BaseballPitch_g18_c01.avi*7
TableTennisShot/v_TableTennisShot_g13_c01.avi*90
BrushingTeeth/v_BrushingTeeth_g12_c05.avi*20
FieldHockeyPenalty/v_FieldHockeyPenalty_g25_c02.avi*29
BandMarching/v_BandMarching_g17_c02.avi*6
PizzaTossing/v_PizzaTossing_g23_c02.avi*58
PlayingCello/v_PlayingCello_g22_c02.avi*59
GolfSwing/v_GolfSwing_g25_c07.avi*33
Haircut/v_Haircut_g24_c05.avi*34
Mixing/v_Mixing_g08_c03.avi*54
PlayingGuitar/v_PlayingGuitar_g12_c02.avi*63
RopeClimbing/v_RopeClimbing_g25_c03.avi*75
Rowing/v_Rowing_g10_c07.avi*76
LongJump/v_LongJump_g17_c04.avi*51
Basketball/v_Basketball_g22_c05.avi*8
BandMarching/v_BandMarching_g16_c03.avi*6
Billiards/v_Billiards_g11_c07.avi*12
Typing/v_Typing_g09_c06.avi*95
PlayingSitar/v_PlayingSitar_g20_c02.avi*65
Typing/v_Typing_g25_c03.avi*95
Mixing/v_Mixing_g15_c05.avi*54
VolleyballSpiking/v_VolleyballSpiking_g08_c04.avi*97
BandMarching/v_BandMarching_g14_c03.avi*6
HulaHoop/v_HulaHoop_g15_c02.avi*43
FrisbeeCatch/v_FrisbeeCatch_g09_c02.avi*31
PoleVault/v_PoleVault_g12_c07.avi*68
Drumming/v_Drumming_g11_c07.avi*27
HandstandWalking/v_HandstandWalking_g24_c04.avi*38
PlayingViolin/v_PlayingViolin_g08_c02.avi*67
FrontCrawl/v_FrontCrawl_g24_c04.avi*32
BandMarching/v_BandMarching_g18_c05.avi*6
Kayaking/v_Kayaking_g18_c03.avi*49
BlowDryHair/v_BlowDryHair_g13_c02.avi*13
Lunges/v_Lunges_g25_c02.avi*52
Biking/v_Biking_g21_c07.avi*11
HammerThrow/v_HammerThrow_g22_c02.avi*36
PlayingGuitar/v_PlayingGuitar_g19_c06.avi*63
HandstandWalking/v_HandstandWalking_g19_c02.avi*38
BreastStroke/v_BreastStroke_g13_c04.avi*19
BoxingSpeedBag/v_BoxingSpeedBag_g17_c07.avi*18
SalsaSpin/v_SalsaSpin_g09_c02.avi*77
CricketShot/v_CricketShot_g13_c04.avi*24
TaiChi/v_TaiChi_g13_c03.avi*91
PlayingSitar/v_PlayingSitar_g22_c03.avi*65
HammerThrow/v_HammerThrow_g22_c05.avi*36
ShavingBeard/v_ShavingBeard_g16_c01.avi*78
HighJump/v_HighJump_g23_c03.avi*40
FloorGymnastics/v_FloorGymnastics_g10_c02.avi*30
TennisSwing/v_TennisSwing_g18_c04.avi*92
HeadMassage/v_HeadMassage_g15_c04.avi*39
RockClimbingIndoor/v_RockClimbingIndoor_g22_c07.avi*74
BalanceBeam/v_BalanceBeam_g12_c02.avi*5
SkyDiving/v_SkyDiving_g11_c03.avi*83
HorseRace/v_HorseRace_g08_c04.avi*41
PlayingSitar/v_PlayingSitar_g10_c04.avi*65
ShavingBeard/v_ShavingBeard_g19_c02.avi*78
BoxingPunchingBag/v_BoxingPunchingBag_g13_c02.avi*17
BoxingPunchingBag/v_BoxingPunchingBag_g19_c01.avi*17
PlayingCello/v_PlayingCello_g10_c05.avi*59
HighJump/v_HighJump_g22_c03.avi*40
JumpingJack/v_JumpingJack_g25_c05.avi*47
Kayaking/v_Kayaking_g15_c03.avi*49
YoYo/v_YoYo_g15_c03.avi*101
PlayingSitar/v_PlayingSitar_g10_c01.avi*65
Skijet/v_Skijet_g25_c02.avi*82
Hammering/v_Hammering_g09_c05.avi*35
PlayingViolin/v_PlayingViolin_g20_c02.avi*67
TableTennisShot/v_TableTennisShot_g21_c03.avi*90
PlayingGuitar/v_PlayingGuitar_g17_c07.avi*63
BlowingCandles/v_BlowingCandles_g09_c03.avi*14
BrushingTeeth/v_BrushingTeeth_g09_c01.avi*20
HeadMassage/v_HeadMassage_g23_c01.avi*39
Surfing/v_Surfing_g16_c07.avi*88
Punch/v_Punch_g09_c03.avi*71
PlayingDaf/v_PlayingDaf_g18_c04.avi*60
BenchPress/v_BenchPress_g14_c06.avi*10
PlayingFlute/v_PlayingFlute_g09_c04.avi*62
PlayingDaf/v_PlayingDaf_g11_c02.avi*60
FrontCrawl/v_FrontCrawl_g10_c04.avi*32
BrushingTeeth/v_BrushingTeeth_g22_c01.avi*20
TennisSwing/v_TennisSwing_g21_c05.avi*92
JugglingBalls/v_JugglingBalls_g22_c04.avi*46
LongJump/v_LongJump_g09_c01.avi*51
PlayingPiano/v_PlayingPiano_g14_c01.avi*64
TaiChi/v_TaiChi_g24_c04.avi*91
CricketShot/v_CricketShot_g14_c02.avi*24
Rowing/v_Rowing_g13_c02.avi*76
CliffDiving/v_CliffDiving_g24_c01.avi*22
BoxingPunchingBag/v_BoxingPunchingBag_g09_c06.avi*17
FrontCrawl/v_FrontCrawl_g14_c04.avi*32
VolleyballSpiking/v_VolleyballSpiking_g18_c01.avi*97
WalkingWithDog/v_WalkingWithDog_g20_c04.avi*98
BreastStroke/v_BreastStroke_g15_c03.avi*19
PlayingPiano/v_PlayingPiano_g18_c04.avi*64
WallPushups/v_WallPushups_g19_c04.avi*99
HeadMassage/v_HeadMassage_g11_c02.avi*39
WalkingWithDog/v_WalkingWithDog_g18_c04.avi*98
BlowingCandles/v_BlowingCandles_g21_c04.avi*14
SkateBoarding/v_SkateBoarding_g08_c04.avi*80
BoxingPunchingBag/v_BoxingPunchingBag_g13_c03.avi*17
HighJump/v_HighJump_g20_c04.avi*40
WalkingWithDog/v_WalkingWithDog_g24_c06.avi*98
SalsaSpin/v_SalsaSpin_g12_c04.avi*77
JavelinThrow/v_JavelinThrow_g10_c03.avi*45
BlowingCandles/v_BlowingCandles_g24_c04.avi*14
PlayingViolin/v_PlayingViolin_g13_c01.avi*67
SoccerPenalty/v_SoccerPenalty_g17_c01.avi*85
CleanAndJerk/v_CleanAndJerk_g22_c02.avi*21
Fencing/v_Fencing_g15_c01.avi*28
JugglingBalls/v_JugglingBalls_g17_c04.avi*46
GolfSwing/v_GolfSwing_g14_c03.avi*33
Kayaking/v_Kayaking_g15_c07.avi*49
WritingOnBoard/v_WritingOnBoard_g13_c06.avi*100
RockClimbingIndoor/v_RockClimbingIndoor_g12_c06.avi*74
JumpingJack/v_JumpingJack_g08_c03.avi*47
HorseRace/v_HorseRace_g24_c01.avi*41
PizzaTossing/v_PizzaTossing_g19_c02.avi*58
RockClimbingIndoor/v_RockClimbingIndoor_g19_c01.avi*74
UnevenBars/v_UnevenBars_g16_c02.avi*96
GolfSwing/v_GolfSwing_g09_c03.avi*33
Rowing/v_Rowing_g21_c02.avi*76
HammerThrow/v_HammerThrow_g08_c04.avi*36
Basketball/v_Basketball_g19_c07.avi*8
BaseballPitch/v_BaseballPitch_g22_c05.avi*7
BaseballPitch/v_BaseballPitch_g24_c07.avi*7
BaseballPitch/v_BaseballPitch_g18_c05.avi*7
TaiChi/v_TaiChi_g18_c01.avi*91
PommelHorse/v_PommelHorse_g20_c04.avi*69
PlayingTabla/v_PlayingTabla_g20_c02.avi*66
Swing/v_Swing_g20_c04.avi*89
HorseRace/v_HorseRace_g17_c05.avi*41
HammerThrow/v_HammerThrow_g24_c01.avi*36
SalsaSpin/v_SalsaSpin_g20_c04.avi*77
BodyWeightSquats/v_BodyWeightSquats_g16_c01.avi*15
Surfing/v_Surfing_g15_c02.avi*88
JumpingJack/v_JumpingJack_g08_c02.avi*47
MoppingFloor/v_MoppingFloor_g22_c01.avi*55
BaseballPitch/v_BaseballPitch_g09_c07.avi*7
