Train/abseiling/e1GyUkehbPY_000011_000021.mp4*0
Train/abseiling/BB-ZXk9wUA0_000004_000014.mp4*0
Train/abseiling/e_Q667WGYr0_000134_000144.mp4*0
Train/abseiling/0s2mvbfzzyc_000014_000024.mp4*0
Train/abseiling/oz_VI0C7GMk_000024_000034.mp4*0
Train/abseiling/035LtPeUFTE_000085_000095.mp4*0
Train/abseiling/lqciwm6gDrk_000659_000669.mp4*0
Train/abseiling/GCzM_sZZvIA_000066_000076.mp4*0
Train/abseiling/7vdqMe7ijZk_000075_000085.mp4*0
Train/abseiling/7dJXS-QdVFc_000316_000326.mp4*0
Train/abseiling/TqwNJJhe53A_000040_000050.mp4*0
Train/abseiling/ef_3RhTWETQ_000129_000139.mp4*0
Train/abseiling/RcGClFc1Z7M_000004_000014.mp4*0
Train/abseiling/m3sstoH62y4_000014_000024.mp4*0
Train/abseiling/4Lt8S9uip0A_000016_000026.mp4*0
Train/abseiling/LoODvfyqfFg_000064_000074.mp4*0
Train/abseiling/IFrFOmnamHw_000042_000052.mp4*0
Train/abseiling/3piYTVCzh98_000030_000040.mp4*0
Train/abseiling/0RuOAabG2-M_000061_000071.mp4*0
Train/air drumming/X60nmQngzkE_000007_000017.mp4*1
Train/air drumming/jXUeajJZ6MI_000098_000108.mp4*1
Train/air drumming/o0fedZQ3--c_000065_000075.mp4*1
Train/air drumming/VBsIUVLBU84_000002_000012.mp4*1
Train/air drumming/IX4p4HBAqhk_000131_000141.mp4*1
Train/air drumming/uBO8nxp-ZcQ_000106_000116.mp4*1
Train/air drumming/uOS0iyCQxdo_000062_000072.mp4*1
Train/air drumming/ufGDpk_V0B0_000002_000012.mp4*1
Train/air drumming/TMhk3esT0Hs_000035_000045.mp4*1
Train/air drumming/r43AJXLXqjI_000003_000013.mp4*1
Train/air drumming/dlBFlVRlSqQ_000079_000089.mp4*1
Train/air drumming/WERpJPGVpwk_000025_000035.mp4*1
Train/air drumming/-7QDJQU657I_000001_000011.mp4*1
Train/air drumming/VATMlkrB5oE_000007_000017.mp4*1
Train/air drumming/ezFZQRiwHhI_000019_000029.mp4*1
Train/air drumming/vqQeX0IrzSE_000002_000012.mp4*1
Train/air drumming/ebduwpFg3Y4_000003_000013.mp4*1
Train/air drumming/NxT7YOBs1gE_000195_000205.mp4*1
Train/archery/c9VMmskSH6Y_000094_000104.mp4*2
Train/archery/c4lqxbIl2PM_000145_000155.mp4*2
Train/archery/Y4FnyIOo6f4_000066_000076.mp4*2
Train/archery/4oC2QwGHoiU_000021_000031.mp4*2
Train/archery/J8RWU27nU1s_000042_000052.mp4*2
Train/archery/0iiZhWzZ9O8_000693_000703.mp4*2
Train/archery/VRnNeYOw9yw_000021_000031.mp4*2
Train/archery/-U1ym96B9l4_000010_000020.mp4*2
Train/archery/r6BWelgc--8_000046_000056.mp4*2
Train/archery/gyG_NiGU1bg_000008_000018.mp4*2
Train/archery/VSVxxbjoFQE_000035_000045.mp4*2
Train/archery/gpBRAnOQyks_000078_000088.mp4*2
Train/archery/WC4MAkaCwww_000050_000060.mp4*2
Train/archery/cincKoJp1Fk_000027_000037.mp4*2
Train/archery/gr2qTG1TTyg_000000_000010.mp4*2
Train/archery/9oHyyg-HmwQ_000020_000030.mp4*2
Train/archery/bxXUTIz-UiQ_000082_000092.mp4*2
Train/archery/nuEVwwqUiuc_000018_000028.mp4*2
Train/arm wrestling/Fv1hkK4efvo_000009_000019.mp4*3
Train/arm wrestling/KQrRUdseZ9I_000002_000012.mp4*3
Train/arm wrestling/D2Rsnv3RxWY_000000_000010.mp4*3
Train/arm wrestling/oedFVIbwR6o_000035_000045.mp4*3
Train/arm wrestling/VkGfgDP1FuM_000003_000013.mp4*3
Train/arm wrestling/DXitHx8EQ28_000178_000188.mp4*3
Train/arm wrestling/u6bzRSNOYuU_000005_000015.mp4*3
Train/arm wrestling/rQoCzumqTTs_000013_000023.mp4*3
Train/arm wrestling/zppw66TjI04_000038_000048.mp4*3
Train/arm wrestling/q9maulxK5g8_000181_000191.mp4*3
Train/arm wrestling/wo7jUOGRVyc_000004_000014.mp4*3
Train/arm wrestling/JzgdnODgZHU_000025_000035.mp4*3
Train/arm wrestling/CjsPrJsLIw4_000001_000011.mp4*3
Train/arm wrestling/JjTpMXk4PD0_000073_000083.mp4*3
Train/arm wrestling/f62n_vHP1sw_000039_000049.mp4*3
Train/arm wrestling/-l3JzIIJZsE_000000_000010.mp4*3
Train/arm wrestling/CFsqH5OD048_000001_000011.mp4*3
Train/barbequing/jY55aMQIlSU_000102_000112.mp4*4
Train/barbequing/sgM9jB0cjG4_000060_000070.mp4*4
Train/barbequing/l_lwFBeTnbE_000031_000041.mp4*4
Train/barbequing/n8LbY_4oGx0_000003_000013.mp4*4
Train/barbequing/19ZQ1IG5r_k_000000_000010.mp4*4
Train/barbequing/ApcrByL-GY4_000132_000142.mp4*4
Train/barbequing/knDGIgHtdfg_000496_000506.mp4*4
Train/barbequing/lCSC-lRV4vo_000057_000067.mp4*4
Train/barbequing/qYzjBGl8lcg_000037_000047.mp4*4
Train/barbequing/9s9YaQ_39KQ_000604_000614.mp4*4
Train/barbequing/eA-A9K-2yWM_000068_000078.mp4*4
Train/barbequing/Cx4bUQc6bXU_000010_000020.mp4*4
Train/barbequing/3lvfeqqvSXw_000098_000108.mp4*4
Train/barbequing/GZL2YZL-5P4_000152_000162.mp4*4
Train/barbequing/SZdC0A5Q_5M_000024_000034.mp4*4
Train/barbequing/A-ZMZiL6gg8_000003_000013.mp4*4
Train/barbequing/_-Ojp36QkrI_000005_000015.mp4*4
Train/belly dancing/cB4z-UozvZA_000000_000010.mp4*5
Train/belly dancing/n8OjlDQ8bAg_000076_000086.mp4*5
Train/belly dancing/y0Bn4Vlatr0_000018_000028.mp4*5
Train/belly dancing/5lEH8NrKKso_000008_000018.mp4*5
Train/belly dancing/JxuDXgesf_E_000230_000240.mp4*5
Train/belly dancing/7fNMWYK0YAs_000037_000047.mp4*5
Train/belly dancing/jcULPZtuWds_000075_000085.mp4*5
Train/belly dancing/JRakF5_0BwA_000153_000163.mp4*5
Train/belly dancing/N5S8W8ELT6w_000014_000024.mp4*5
Train/belly dancing/-q0Wpf0WThk_000317_000327.mp4*5
Train/belly dancing/8vxrRE_XnQw_000224_000234.mp4*5
Train/belly dancing/dMKCYXzgHrE_000004_000014.mp4*5
Train/belly dancing/efeatWlLB1g_000088_000098.mp4*5
Train/belly dancing/Fd8A6KMum_U_000122_000132.mp4*5
Train/belly dancing/o4qgfFI9EUQ_000007_000017.mp4*5
Train/bench pressing/BrzmbQhmW1M_000016_000026.mp4*6
Train/bench pressing/LlhMJGUP2W8_000000_000010.mp4*6
Train/bench pressing/ipG6qRX2Qno_000028_000038.mp4*6
Train/bench pressing/f_-lwtYZmrk_000021_000031.mp4*6
Train/bench pressing/0gAqV7aUnsA_000007_000017.mp4*6
Train/bench pressing/ZXD9fS9JFP0_000015_000025.mp4*6
Train/bench pressing/4k7TUyemDA8_000002_000012.mp4*6
Train/bench pressing/Nwa9OV0P7Y8_000007_000017.mp4*6
Train/bench pressing/TtcEU6_Yd0A_000005_000015.mp4*6
Train/bench pressing/9bW0y4GxeOw_000060_000070.mp4*6
Train/bench pressing/w8AdTNed6AU_000000_000010.mp4*6
Train/bench pressing/1HehS1WugAk_000004_000014.mp4*6
Train/bench pressing/O9ZxgxxsfCA_000010_000020.mp4*6
Train/bench pressing/LSZVUPkSswo_000008_000018.mp4*6
Train/bench pressing/S99Zpm3-YWQ_000002_000012.mp4*6
Train/bench pressing/t99HGh595PA_000013_000023.mp4*6
Train/bench pressing/Q8hAgtaL-5s_000002_000012.mp4*6
Train/bench pressing/LpGCzxOj05o_000001_000011.mp4*6
Train/biking through snow/cTlm9AXDDew_000356_000366.mp4*7
Train/biking through snow/8Px_yiGSjlE_000002_000012.mp4*7
Train/biking through snow/n4WBK-XyGBk_000018_000028.mp4*7
Train/biking through snow/hbM0oTlXF_0_000023_000033.mp4*7
Train/biking through snow/DdG7KaV7Nrg_000029_000039.mp4*7
Train/biking through snow/rHjbx_7LhRI_000189_000199.mp4*7
Train/biking through snow/0ve9o1w-9VM_000013_000023.mp4*7
Train/biking through snow/EXrN8Km-eKo_000040_000050.mp4*7
Train/biking through snow/Jb8wychiS00_000003_000013.mp4*7
Train/biking through snow/W21QT_eqfe4_000019_000029.mp4*7
Train/biking through snow/C1YIl89vGHo_000000_000010.mp4*7
Train/biking through snow/9GSdkk0XbJ8_000008_000018.mp4*7
Train/biking through snow/-gyxhuDFffs_000019_000029.mp4*7
Train/biking through snow/gIaFnEVfaic_000054_000064.mp4*7
Train/biking through snow/aQ1dtcCcasY_000058_000068.mp4*7
Train/biking through snow/AA-vL9UsRIQ_000065_000075.mp4*7
Train/blowing glass/ZVOIbCXSLbo_000395_000405.mp4*8
Train/blowing glass/GTyi71gDQd4_000167_000177.mp4*8
Train/blowing glass/SdOlxPfJr8Q_000007_000017.mp4*8
Train/blowing glass/yLKB4qdHRQs_000033_000043.mp4*8
Train/blowing glass/S5Qs8E-JDSI_000007_000017.mp4*8
Train/blowing glass/5q6KbYHP3aU_000456_000466.mp4*8
Train/blowing glass/M0Qu5Ny1Tf4_000010_000020.mp4*8
Train/blowing glass/9FM3IbTb7bQ_000018_000028.mp4*8
Train/blowing glass/J-cgU1rFtTk_000161_000171.mp4*8
Train/blowing glass/xesBaQAWpis_000055_000065.mp4*8
Train/blowing glass/2MGdwMImkeU_000031_000041.mp4*8
Train/blowing glass/x9VXYMqkgxc_000083_000093.mp4*8
Train/blowing glass/7DhY0FDkANc_000134_000144.mp4*8
Train/blowing glass/98BmtA5WS_g_000021_000031.mp4*8
Train/blowing glass/l1G6UL3_znE_000304_000314.mp4*8
Train/blowing glass/-htW2doHVEE_000128_000138.mp4*8
Train/blowing glass/LVBhB7t2ADM_000225_000235.mp4*8
Train/blowing glass/9FGu1n0ijlM_000091_000101.mp4*8
Train/blowing out candles/Z0RR8j-YCZc_000050_000060.mp4*9
Train/blowing out candles/kSbYOcvBXHk_000003_000013.mp4*9
Train/blowing out candles/VqomkWs4FOM_000001_000011.mp4*9
Train/blowing out candles/o_7L6971zTs_000011_000021.mp4*9
Train/blowing out candles/EzRrL_vUDfg_000029_000039.mp4*9
Train/blowing out candles/U_g4LigEjCk_000074_000084.mp4*9
Train/blowing out candles/RTmADz0MeLQ_000027_000037.mp4*9
Train/blowing out candles/lSARWeAUloM_000000_000010.mp4*9
Train/blowing out candles/ExWVLZfkzMY_000002_000012.mp4*9
Train/blowing out candles/bdLok9YLeMs_000029_000039.mp4*9
Train/blowing out candles/0dl1tKbEjYU_000031_000041.mp4*9
Train/blowing out candles/L8HLYDltTH4_000034_000044.mp4*9
Train/blowing out candles/9u6iriKgmC4_000043_000053.mp4*9
Train/blowing out candles/I0RCX590CwA_000014_000024.mp4*9
Train/blowing out candles/3Q08rMBbc5U_000034_000044.mp4*9
Train/blowing out candles/pexwGQS7C2o_000017_000027.mp4*9
Train/blowing out candles/fE7dFhrjf6A_000032_000042.mp4*9
Train/blowing out candles/508IslKkbgg_000005_000015.mp4*9
Train/blowing out candles/slq-z_QHHB4_000020_000030.mp4*9
Train/bowling/tjufs9sLd28_000003_000013.mp4*10
Train/bowling/O6oxvYwJPJE_000004_000014.mp4*10
Train/bowling/9UI23X46-w8_000013_000023.mp4*10
Train/bowling/U6PKtRFtFME_000012_000022.mp4*10
Train/bowling/Mj07TcKTEEQ_000000_000010.mp4*10
Train/bowling/kaY1DxrAQwQ_000003_000013.mp4*10
Train/bowling/4k35YMMTbzA_000003_000013.mp4*10
Train/bowling/ZWk6JsoR5M0_000069_000079.mp4*10
Train/bowling/-N4G4FQ2s3U_000169_000179.mp4*10
Train/bowling/4Mz2UpEFLWY_000168_000178.mp4*10
Train/bowling/rQGKcH7HlVQ_000152_000162.mp4*10
Train/bowling/XeicOgLk84k_000103_000113.mp4*10
Train/bowling/25xTnwGw8IU_000116_000126.mp4*10
Train/bowling/pPPO4H84TpA_000080_000090.mp4*10
Train/bowling/71lm_uFmRnc_000109_000119.mp4*10
Train/bowling/EqLQ8wt7MjQ_000041_000051.mp4*10
Train/bowling/gPlS-CwHRig_000307_000317.mp4*10
Train/brushing teeth/qPQuEs8q-YQ_000016_000026.mp4*11
Train/brushing teeth/2Wa5zVeJHgE_000001_000011.mp4*11
Train/brushing teeth/ooHhA5WF0RI_000008_000018.mp4*11
Train/brushing teeth/eFNiqeCI1bk_000009_000019.mp4*11
Train/brushing teeth/ZWsbr0DYBTg_000012_000022.mp4*11
Train/brushing teeth/eftd3KP17JU_000099_000109.mp4*11
Train/brushing teeth/tEG1Qm8_TiQ_000105_000115.mp4*11
Train/brushing teeth/uO4pnTKPsyQ_000052_000062.mp4*11
Train/brushing teeth/W1EBo1vsGZo_000006_000016.mp4*11
Train/brushing teeth/QMbqxRuVltE_000006_000016.mp4*11
Train/brushing teeth/87_lKUoIWOw_000000_000010.mp4*11
Train/brushing teeth/btP5HoxwUck_000047_000057.mp4*11
Train/brushing teeth/UgSCjR1LCk4_000039_000049.mp4*11
Train/brushing teeth/fezmHmCBXLA_000004_000014.mp4*11
Train/brushing teeth/-XlAgUZiTS8_000128_000138.mp4*11
Train/brushing teeth/YuefG6BPH1k_000002_000012.mp4*11
Train/brushing teeth/a6Wt4vYVfzQ_000000_000010.mp4*11
Train/brushing teeth/3b14QugRfjU_000013_000023.mp4*11
Train/bungee jumping/kfYl7da3iNI_000138_000148.mp4*12
Train/bungee jumping/CzOfPAO_4C8_000030_000040.mp4*12
Train/bungee jumping/HxWiu5U6NNU_000057_000067.mp4*12
Train/bungee jumping/ynCEd9uxMTA_000020_000030.mp4*12
Train/bungee jumping/BXleb_xQ8fI_000010_000020.mp4*12
Train/bungee jumping/04ab6rh2Mrs_000104_000114.mp4*12
Train/bungee jumping/PBQF0hDONOU_000026_000036.mp4*12
Train/bungee jumping/b_oSF-ZHZtU_000000_000010.mp4*12
Train/bungee jumping/lobZCYUrE5E_000088_000098.mp4*12
Train/bungee jumping/hq88fyiPaxo_000154_000164.mp4*12
Train/bungee jumping/yvJRJZomxVw_000166_000176.mp4*12
Train/bungee jumping/N0CA-xCSOIQ_000001_000011.mp4*12
Train/bungee jumping/tw0diY_jTMA_000005_000015.mp4*12
Train/bungee jumping/WT-WDjwt-qQ_000046_000056.mp4*12
Train/bungee jumping/EsrN5ENACes_000027_000037.mp4*12
Train/bungee jumping/-Fbo11RhW8w_000012_000022.mp4*12
Train/bungee jumping/VHh9IDBoumI_000149_000159.mp4*12
Train/canoeing or kayaking/pWPE3g-pUtA_000345_000355.mp4*13
Train/canoeing or kayaking/amqajbjKa9c_000045_000055.mp4*13
Train/canoeing or kayaking/Xv-IyuSji0g_000034_000044.mp4*13
Train/canoeing or kayaking/50fnfIHxFBY_000101_000111.mp4*13
Train/canoeing or kayaking/fz7WyTJ9NtU_000032_000042.mp4*13
Train/canoeing or kayaking/3KYmeb3NvoY_000034_000044.mp4*13
Train/canoeing or kayaking/rv63ebQO3Rk_000062_000072.mp4*13
Train/canoeing or kayaking/Q8Ym8TMqMNs_000015_000025.mp4*13
Train/canoeing or kayaking/yqbSWsdJF68_000018_000028.mp4*13
Train/canoeing or kayaking/4aMqO3a_T14_000112_000122.mp4*13
Train/canoeing or kayaking/aAJxGyiEEHU_000062_000072.mp4*13
Train/canoeing or kayaking/SK9nwg1jP1Y_000125_000135.mp4*13
Train/canoeing or kayaking/wmqlE7Mfa8k_000120_000130.mp4*13
Train/canoeing or kayaking/T_6M2LDtKWA_000001_000011.mp4*13
Train/canoeing or kayaking/uHfBis4LvKA_000001_000011.mp4*13
Train/canoeing or kayaking/fMXQEDiwyYc_000219_000229.mp4*13
Train/canoeing or kayaking/HHV1xawRPJg_000645_000655.mp4*13
Train/canoeing or kayaking/XR5VODnVK-c_000077_000087.mp4*13
Train/canoeing or kayaking/49OEhS7Vjms_000063_000073.mp4*13
Train/capoeira/__u8N7jWPsY_000387_000397.mp4*14
Train/capoeira/_6SwynXL7a0_000025_000035.mp4*14
Train/capoeira/HBe36WFAcus_000174_000184.mp4*14
Train/capoeira/HW-zdtI_s38_000299_000309.mp4*14
Train/capoeira/I5JskCRYsVg_000152_000162.mp4*14
Train/capoeira/Ad6BbA0Ask8_000191_000201.mp4*14
Train/capoeira/L3TvnITicSk_000058_000068.mp4*14
Train/capoeira/sgk45reA6nc_000120_000130.mp4*14
Train/capoeira/yKeRyhbCRA0_000030_000040.mp4*14
Train/capoeira/UuO78ilkUIg_000096_000106.mp4*14
Train/capoeira/3dWenaRak0I_000139_000149.mp4*14
Train/capoeira/CFBvPMiQn1s_000032_000042.mp4*14
Train/capoeira/s7Q95G0-lxM_000120_000130.mp4*14
Train/capoeira/iGiykbQSy9g_000026_000036.mp4*14
Train/capoeira/5_ueFdZ0k7s_000005_000015.mp4*14
Train/capoeira/TMfzVtmLBjM_001257_001267.mp4*14
Train/capoeira/_2ICMjv0PVE_000043_000053.mp4*14
Train/capoeira/QkqU0Jcycws_000003_000013.mp4*14
Train/catching or throwing frisbee/0OoCb3J-ids_000000_000010.mp4*15
Train/catching or throwing frisbee/kOcFFacdKTw_000002_000012.mp4*15
Train/catching or throwing frisbee/3sozY8wghYA_000181_000191.mp4*15
Train/catching or throwing frisbee/FNX7CeuIvIQ_000038_000048.mp4*15
Train/catching or throwing frisbee/ddxzAZnzrrM_000326_000336.mp4*15
Train/catching or throwing frisbee/N5b29DD4Y6k_000002_000012.mp4*15
Train/catching or throwing frisbee/S3NHpI4BQFs_000135_000145.mp4*15
Train/catching or throwing frisbee/NvqUvAm34qY_000182_000192.mp4*15
Train/catching or throwing frisbee/ZXBXYfQ2Ajk_000000_000010.mp4*15
Train/catching or throwing frisbee/j9tGQMUnfpc_000003_000013.mp4*15
Train/catching or throwing frisbee/i5HvHbxAyqQ_000012_000022.mp4*15
Train/catching or throwing frisbee/iceH415aPk8_000007_000017.mp4*15
Train/catching or throwing frisbee/u_myXss9eEI_000002_000012.mp4*15
Train/catching or throwing frisbee/yDvCpNUedbM_000000_000010.mp4*15
Train/catching or throwing frisbee/yDYeZKTlc1U_000004_000014.mp4*15
Train/catching or throwing frisbee/aZDSAjjCJFU_000004_000014.mp4*15
Train/cheerleading/1t_NaQ6Z17E_000119_000129.mp4*16
Train/cheerleading/BE-ZxXz17V0_000128_000138.mp4*16
Train/cheerleading/CC66Y1C4nMo_000166_000176.mp4*16
Train/cheerleading/PQ06DWx3-RU_000020_000030.mp4*16
Train/cheerleading/YwrY17DyWH4_000150_000160.mp4*16
Train/cheerleading/8uJ51_M5kc8_000004_000014.mp4*16
Train/cheerleading/aHTQOBBG4J4_000563_000573.mp4*16
Train/cheerleading/e87jliroQnY_000004_000014.mp4*16
Train/cheerleading/9iWUthbjP0U_000078_000088.mp4*16
Train/cheerleading/0RchAwMIfK8_000024_000034.mp4*16
Train/cheerleading/0TQs-yUlwQE_000039_000049.mp4*16
Train/cheerleading/X9ZlOjzqPFg_000000_000010.mp4*16
Train/cheerleading/NZn3eHSc89w_000113_000123.mp4*16
Train/cheerleading/LmD90ss4hsM_000005_000015.mp4*16
Train/cheerleading/qtsFLjveCdI_000267_000277.mp4*16
Train/cheerleading/vqj3n99k074_000000_000010.mp4*16
Train/cheerleading/2fWbIIuv5XE_000011_000021.mp4*16
Train/cheerleading/i1ymXG1irt4_000201_000211.mp4*16
Train/climbing tree/q6dF0HVHuog_000211_000221.mp4*17
Train/climbing tree/ol4QwRFAsqg_000279_000289.mp4*17
Train/climbing tree/4LP0HGX7QRQ_000004_000014.mp4*17
Train/climbing tree/-aCJZ8d_z3E_000098_000108.mp4*17
Train/climbing tree/KHm24XN4cWY_000013_000023.mp4*17
Train/climbing tree/vML7EYHKsYg_000019_000029.mp4*17
Train/climbing tree/y0LAQv-7Zbc_000000_000010.mp4*17
Train/climbing tree/vEkzMk30ojc_000004_000014.mp4*17
Train/climbing tree/X6jp0c_R_6o_000009_000019.mp4*17
Train/climbing tree/uq1EJamuMCo_000020_000030.mp4*17
Train/climbing tree/VcelWQfo8go_000000_000010.mp4*17
Train/climbing tree/T6iwi-e20Sw_000016_000026.mp4*17
Train/climbing tree/jbDOI8v0Ft8_000002_000012.mp4*17
Train/climbing tree/YiucEwFlGv0_000016_000026.mp4*17
Train/climbing tree/s5YcOLKee1Y_000014_000024.mp4*17
Train/climbing tree/akQBBoFFNYg_000038_000048.mp4*17
Train/climbing tree/T6_eQld-MkQ_000155_000165.mp4*17
Train/contact juggling/JO5YdSrnHEQ_000022_000032.mp4*18
Train/contact juggling/YHRlGB1oQy4_000033_000043.mp4*18
Train/contact juggling/wuHUb_NbyQQ_000040_000050.mp4*18
Train/contact juggling/jzS7uoNTykA_000039_000049.mp4*18
Train/contact juggling/YseFFxmtQic_000269_000279.mp4*18
Train/contact juggling/T6M_mSNY9N0_000275_000285.mp4*18
Train/contact juggling/XkQYWXkZ7sk_000246_000256.mp4*18
Train/contact juggling/XSdnL7ywuyI_000031_000041.mp4*18
Train/contact juggling/5AkCZrhqUOo_000040_000050.mp4*18
Train/contact juggling/jVnnpRUSkT0_000153_000163.mp4*18
Train/contact juggling/GzX8X6nrPVQ_000050_000060.mp4*18
Train/contact juggling/iU9BY5d7T3w_000016_000026.mp4*18
Train/contact juggling/QXUbJbmZe9I_000057_000067.mp4*18
Train/contact juggling/eJIGotruycY_000103_000113.mp4*18
Train/contact juggling/x99QE_4Y6KA_000001_000011.mp4*18
Train/contact juggling/rZGbZ6NcXeo_000026_000036.mp4*18
Train/contact juggling/4GBlvwsqHXM_000003_000013.mp4*18
Train/contact juggling/dQNDFjzeI3k_000274_000284.mp4*18
Train/country line dancing/aWWFXWofJa0_000074_000084.mp4*19
Train/country line dancing/fdrD-LB5pvY_000186_000196.mp4*19
Train/country line dancing/B8bji_6jn0o_000155_000165.mp4*19
Train/country line dancing/kPcU2Fiq5sM_000063_000073.mp4*19
Train/country line dancing/atorpiB2-1Y_000107_000117.mp4*19
Train/country line dancing/n_GF3IUDGYU_000002_000012.mp4*19
Train/country line dancing/FUCuJVsVNgo_000104_000114.mp4*19
Train/country line dancing/T6gOaH0oSEo_000125_000135.mp4*19
Train/country line dancing/fXT-M0D9w8o_000181_000191.mp4*19
Train/country line dancing/g2dQkfkS-Nc_000002_000012.mp4*19
Train/country line dancing/bLd4lncS4xA_000172_000182.mp4*19
Train/country line dancing/i3KdVKT7za8_000148_000158.mp4*19
Train/country line dancing/3HR-Z5xiatg_000133_000143.mp4*19
Train/country line dancing/MOEk1wBC5Vk_000082_000092.mp4*19
Train/country line dancing/KRsEF4k6YLQ_000003_000013.mp4*19
Train/country line dancing/3kt5hPMLdPk_000023_000033.mp4*19
Train/crawling baby/2sjQLczRhew_000012_000022.mp4*20
Train/crawling baby/Z2-26WyMLbE_000012_000022.mp4*20
Train/crawling baby/fUVtH2fC_lk_000003_000013.mp4*20
Train/crawling baby/sIUA-ci5Wj0_000024_000034.mp4*20
Train/crawling baby/hjW3lZHIRYo_000044_000054.mp4*20
Train/crawling baby/QdJliwXC2SM_000113_000123.mp4*20
Train/crawling baby/T1Bj--4PIvU_000001_000011.mp4*20
Train/crawling baby/leO87KG1QnI_000030_000040.mp4*20
Train/crawling baby/oAhMsk2I4gk_000001_000011.mp4*20
Train/crawling baby/08kcsS290S4_000001_000011.mp4*20
Train/crawling baby/DsloCRNWeZs_000005_000015.mp4*20
Train/crawling baby/YX5rU0Lj8Lo_000007_000017.mp4*20
Train/crawling baby/I6N2akjwY-k_000035_000045.mp4*20
Train/crawling baby/cfV3uk36l9k_000018_000028.mp4*20
Train/crawling baby/EgoqpnzlhTQ_000002_000012.mp4*20
Train/crawling baby/OkICyQpLTW4_000017_000027.mp4*20
Train/crawling baby/JDxmcAFoyQU_000015_000025.mp4*20
Train/crawling baby/OVJyMn7Iuy4_000162_000172.mp4*20
Train/crawling baby/E6LV34Ks7Zk_000012_000022.mp4*20
Train/crying/kK9dRv7uGzs_000009_000019.mp4*21
Train/crying/ESW8V8yckJc_000050_000060.mp4*21
Train/crying/mEbpg8wQ510_000007_000017.mp4*21
Train/crying/jHhLRnLJWQ0_000006_000016.mp4*21
Train/crying/Zq1_en3_ByM_000002_000012.mp4*21
Train/crying/ChQ6hgpmIzE_000050_000060.mp4*21
Train/crying/O9OiCtL9IYI_000017_000027.mp4*21
Train/crying/rLzYXP2dXTQ_000000_000010.mp4*21
Train/crying/hjexpFm1Ojw_000104_000114.mp4*21
Train/crying/hPI4FbyOO4k_000005_000015.mp4*21
Train/crying/6THxFXFklR4_000011_000021.mp4*21
Train/crying/m2iB-XxCjZM_000000_000010.mp4*21
Train/crying/8sLz1O0wGKc_000007_000017.mp4*21
Train/crying/gCyV8QgcnaQ_000140_000150.mp4*21
Train/crying/_ceBK5pQTrs_000033_000043.mp4*21
Train/dancing ballet/vq_cD9YWXF8_000415_000425.mp4*22
Train/dancing ballet/-2KEkl93snA_000096_000106.mp4*22
Train/dancing ballet/efxZlla7lUY_000202_000212.mp4*22
Train/dancing ballet/-tSZd3jKHpg_000073_000083.mp4*22
Train/dancing ballet/klz5Ky3ClUk_000011_000021.mp4*22
Train/dancing ballet/vcu1_qOqH3E_000000_000010.mp4*22
Train/dancing ballet/7eyDYBH1tI4_000084_000094.mp4*22
Train/dancing ballet/RjgURezY8NI_000085_000095.mp4*22
Train/dancing ballet/YTReC1v0U2w_000182_000192.mp4*22
Train/dancing ballet/20pdbIj0ErA_000076_000086.mp4*22
Train/dancing ballet/T2wwvyJMocM_000063_000073.mp4*22
Train/dancing ballet/XkMdzjt_OGw_000063_000073.mp4*22
Train/dancing ballet/DJnpntFSMY4_000083_000093.mp4*22
Train/dancing ballet/CkYuqWSyQiU_000017_000027.mp4*22
Train/dancing ballet/KLxpuj85mRA_000028_000038.mp4*22
Train/dancing ballet/TrNxKm4ilyg_000597_000607.mp4*22
Train/dancing ballet/-LSZk-kC-Nk_000104_000114.mp4*22
Train/dancing ballet/S8zkwO5sO6g_000058_000068.mp4*22
Train/dancing macarena/RGTEzy9Csm8_000036_000046.mp4*23
Train/dancing macarena/X_qua6b3V1E_000003_000013.mp4*23
Train/dancing macarena/FpmYeOinjCk_000040_000050.mp4*23
Train/dancing macarena/YrIbA9bT9Ck_000055_000065.mp4*23
Train/dancing macarena/ZxilmtGmI-U_000000_000010.mp4*23
Train/dancing macarena/AGsxb9Hgww8_000209_000219.mp4*23
Train/dancing macarena/bKXbFOWTASU_000016_000026.mp4*23
Train/dancing macarena/8zVEvnUgxu0_000186_000196.mp4*23
Train/dancing macarena/qy4aAADG3Cc_000004_000014.mp4*23
Train/dancing macarena/EkvP0SrnT-s_000053_000063.mp4*23
Train/dancing macarena/Mf5D8hrTyys_000003_000013.mp4*23
Train/dancing macarena/_gdD-2TkCoI_000001_000011.mp4*23
Train/dancing macarena/UDciZ0UmhNM_000018_000028.mp4*23
Train/dancing macarena/1XanTenxBNM_000147_000157.mp4*23
Train/dancing macarena/JDR_qzuP3h0_000012_000022.mp4*23
Train/diving cliff/eMgAylhyROA_000042_000052.mp4*24
Train/diving cliff/5WNe4bQ11OM_000005_000015.mp4*24
Train/diving cliff/PnoEz8eIUeM_000006_000016.mp4*24
Train/diving cliff/W-vp426DoB4_000084_000094.mp4*24
Train/diving cliff/LfKUT3FTgwo_000002_000012.mp4*24
Train/diving cliff/xB1Lztjy240_000006_000016.mp4*24
Train/diving cliff/L0HaxsKYpv4_000000_000010.mp4*24
Train/diving cliff/UeljWMMy5Wo_000073_000083.mp4*24
Train/diving cliff/Ddxfxcyhvl0_000014_000024.mp4*24
Train/diving cliff/tBnA_dsM6bU_000000_000010.mp4*24
Train/diving cliff/cF-SSomcsyY_000009_000019.mp4*24
Train/diving cliff/EDVw2Tbs6Wc_000050_000060.mp4*24
Train/diving cliff/bSxpzLy7RwU_000023_000033.mp4*24
Train/diving cliff/qddhIztyql8_000005_000015.mp4*24
Train/diving cliff/McaDSCIJAKE_000281_000291.mp4*24
Train/diving cliff/x_x4v3_FQ4w_000000_000010.mp4*24
Train/diving cliff/wz4sKVB6GHs_000071_000081.mp4*24
Train/driving car/EWErhcIbvpQ_000265_000275.mp4*25
Train/driving car/Gw4wweX0i4E_000003_000013.mp4*25
Train/driving car/NuVdcUSlp0w_000004_000014.mp4*25
Train/driving car/6PXH1Mkp7BM_000596_000606.mp4*25
Train/driving car/ZA3CMARs9Iw_001129_001139.mp4*25
Train/driving car/fnvztZVoGX0_000196_000206.mp4*25
Train/driving car/txpXMkEzjU0_000091_000101.mp4*25
Train/driving car/HbNHGi_yLok_000002_000012.mp4*25
Train/driving car/lMhB3me0vjw_000007_000017.mp4*25
Train/driving car/pTCtuwzEFCc_000083_000093.mp4*25
Train/driving car/q03TDZ5UfuM_000089_000099.mp4*25
Train/driving car/lDfJ4qJGk3o_000032_000042.mp4*25
Train/driving car/-qzjWXpmWoI_000003_000013.mp4*25
Train/driving car/wNEJojxMLto_000037_000047.mp4*25
Train/driving car/ooGmoCrrKEI_000331_000341.mp4*25
Train/driving car/dIjVZjBpwaM_000004_000014.mp4*25
Train/dunking basketball/oyBZJZdiCQk_000007_000017.mp4*26
Train/dunking basketball/5Q9-eqLdh_c_000047_000057.mp4*26
Train/dunking basketball/8WXEtezTTQc_000004_000014.mp4*26
Train/dunking basketball/QZ6b-ZzwvTE_000000_000010.mp4*26
Train/dunking basketball/lcYpompdmqs_000003_000013.mp4*26
Train/dunking basketball/E3GUrpohq7c_000002_000012.mp4*26
Train/dunking basketball/o_wJFjW78No_000001_000011.mp4*26
Train/dunking basketball/ARKMcWfHJoE_000118_000128.mp4*26
Train/dunking basketball/7DDYsTveuyo_000010_000020.mp4*26
Train/dunking basketball/GnSkJBiRla4_000057_000067.mp4*26
Train/dunking basketball/cLEStK6Yhl4_000004_000014.mp4*26
Train/dunking basketball/YNaiJfZ6lEk_000218_000228.mp4*26
Train/dunking basketball/9OZOrFfqutE_000005_000015.mp4*26
Train/dunking basketball/TkPqW-rZEKI_000058_000068.mp4*26
Train/dunking basketball/Pi23GNEuc7I_000001_000011.mp4*26
Train/dunking basketball/7ZcVNy-hBxk_000009_000019.mp4*26
Train/dunking basketball/83uDFU4Ys4c_000019_000029.mp4*26
Train/dying hair/0W-Xv2JGGes_000349_000359.mp4*27
Train/dying hair/4_7I84wfRYE_000182_000192.mp4*27
Train/dying hair/xLsqDN65jlg_000104_000114.mp4*27
Train/dying hair/Q88BZjXmBww_000401_000411.mp4*27
Train/dying hair/x6-CTXRWYGc_000187_000197.mp4*27
Train/dying hair/nZ9CatKZLSA_000166_000176.mp4*27
Train/dying hair/A1y4hT1NZec_000004_000014.mp4*27
Train/dying hair/PFPrjVxV6KE_000016_000026.mp4*27
Train/dying hair/MXjGsJttDkg_000167_000177.mp4*27
Train/dying hair/Ny7KUzLpSF8_000063_000073.mp4*27
Train/dying hair/aU9iGON_w04_000079_000089.mp4*27
Train/dying hair/alH9HSU3wWQ_000330_000340.mp4*27
Train/dying hair/AYicWQwBHTs_000196_000206.mp4*27
Train/dying hair/HihCnelpjU4_000000_000010.mp4*27
Train/dying hair/72yKcXjQNuk_000274_000284.mp4*27
Train/eating spaghetti/12WWbRUbOms_000072_000082.mp4*28
Train/eating spaghetti/Fc_VFWIPOzI_000067_000077.mp4*28
Train/eating spaghetti/KRAzD05J3j4_000002_000012.mp4*28
Train/eating spaghetti/zFCX3JQot6E_000004_000014.mp4*28
Train/eating spaghetti/KvXpuD4_aNw_000026_000036.mp4*28
Train/eating spaghetti/o6wk4gp-efQ_000033_000043.mp4*28
Train/eating spaghetti/idzPLgAK_7Q_000011_000021.mp4*28
Train/eating spaghetti/L56dJQL3i7w_000011_000021.mp4*28
Train/eating spaghetti/l6_VnsunTd8_000001_000011.mp4*28
Train/eating spaghetti/u_alnaJUHdc_000023_000033.mp4*28
Train/eating spaghetti/Zh2d-zg7o4Y_000004_000014.mp4*28
Train/eating spaghetti/hLPd3VWyAus_000007_000017.mp4*28
Train/eating spaghetti/Fnw26jtgYEg_000403_000413.mp4*28
Train/eating spaghetti/bOWg1ptaaAQ_000001_000011.mp4*28
Train/eating spaghetti/x8cNh7mzxAU_000030_000040.mp4*28
Train/eating spaghetti/6d7N6BAoT9M_000067_000077.mp4*28
Train/eating spaghetti/sq7nCYlztd4_000011_000021.mp4*28
Train/eating spaghetti/HY5nLZXalfQ_000052_000062.mp4*28
Train/eating spaghetti/N964nwoHqLc_000053_000063.mp4*28
Train/feeding birds/iLoeFqNs-jo_000092_000102.mp4*29
Train/feeding birds/9vXy4WeSXMk_000056_000066.mp4*29
Train/feeding birds/U3NA10eA3OE_000006_000016.mp4*29
Train/feeding birds/wQkp2SzloCM_000039_000049.mp4*29
Train/feeding birds/bFdJCiTl3eA_000179_000189.mp4*29
Train/feeding birds/bYSMaK-2kO0_000068_000078.mp4*29
Train/feeding birds/Vt218QPfL5I_000004_000014.mp4*29
Train/feeding birds/4-9PARnQ4LM_000030_000040.mp4*29
Train/feeding birds/43N9ASNW_cU_000043_000053.mp4*29
Train/feeding birds/Y4bK2ofyhiM_000163_000173.mp4*29
Train/feeding birds/bKgvZ2L0iFE_000010_000020.mp4*29
Train/feeding birds/uuU-t5CfvhA_000002_000012.mp4*29
Train/feeding birds/9kyzNkN3Tdg_000032_000042.mp4*29
Train/feeding birds/JcLAPj5yxYo_000009_000019.mp4*29
Train/feeding birds/zW1v1dDJ3og_000015_000025.mp4*29
Train/feeding birds/vfEIXlvAxH4_000016_000026.mp4*29
Train/feeding birds/FQvDThBLLa0_000126_000136.mp4*29
Train/feeding birds/EcRs0Ko8L08_000000_000010.mp4*29
Train/feeding fish/EUaTcGpTkKU_000003_000013.mp4*30
Train/feeding fish/9YDRD92V6Rc_000030_000040.mp4*30
Train/feeding fish/_h3tXKhr4gk_000032_000042.mp4*30
Train/feeding fish/pZfDlrmNJ64_000001_000011.mp4*30
Train/feeding fish/PUXK73QpOMc_000028_000038.mp4*30
Train/feeding fish/F-kNJUGGZ80_000036_000046.mp4*30
Train/feeding fish/i76UOkI04ME_000185_000195.mp4*30
Train/feeding fish/9h4HWMGKk_I_000004_000014.mp4*30
Train/feeding fish/L5KTVjPxwl0_000015_000025.mp4*30
Train/feeding fish/FemCBdOY9iQ_000042_000052.mp4*30
Train/feeding fish/ZZMVBoSG2rQ_000156_000166.mp4*30
Train/feeding fish/zIQSQXGU--Q_000032_000042.mp4*30
Train/feeding fish/b1wJ-WjH6O4_000043_000053.mp4*30
Train/feeding fish/No4QgOBh764_000004_000014.mp4*30
Train/feeding fish/He8W5pZJ2cs_000139_000149.mp4*30
Train/feeding goats/dCArWpH_8Tg_000028_000038.mp4*31
Train/feeding goats/1idEAyJoa-k_000036_000046.mp4*31
Train/feeding goats/kaJ6hq28KOE_000020_000030.mp4*31
Train/feeding goats/COR-FW_PcRA_000013_000023.mp4*31
Train/feeding goats/qsBfZGyBc9w_000009_000019.mp4*31
Train/feeding goats/p7j4kholQoQ_000034_000044.mp4*31
Train/feeding goats/fQbWNj2Q9J4_000201_000211.mp4*31
Train/feeding goats/ihu_DbvbtAQ_000083_000093.mp4*31
Train/feeding goats/SbJVdk8ov0A_000025_000035.mp4*31
Train/feeding goats/T369W-8g5b0_000000_000010.mp4*31
Train/feeding goats/XhE0to1QZN8_000002_000012.mp4*31
Train/feeding goats/M8igSryG4AM_000001_000011.mp4*31
Train/feeding goats/LHNJi0y0LC8_000009_000019.mp4*31
Train/feeding goats/Xbp0O5e5juo_000027_000037.mp4*31
Train/feeding goats/QHF-D0MTADQ_000045_000055.mp4*31
Train/feeding goats/4aXhu1mDilQ_000003_000013.mp4*31
Train/filling eyebrows/3w_h7YkXElg_000334_000344.mp4*32
Train/filling eyebrows/nxqDjSCafmk_000072_000082.mp4*32
Train/filling eyebrows/1hk8-Pz1h9s_000046_000056.mp4*32
Train/filling eyebrows/i7pJRagzuhg_000153_000163.mp4*32
Train/filling eyebrows/TtvF8b0VHAc_000229_000239.mp4*32
Train/filling eyebrows/c590nTqlMHo_000038_000048.mp4*32
Train/filling eyebrows/odPuCZzv1hg_000273_000283.mp4*32
Train/filling eyebrows/c5RUnJqB7ds_000020_000030.mp4*32
Train/filling eyebrows/xoYML4BtU3U_000261_000271.mp4*32
Train/filling eyebrows/cignGBKyBh0_000087_000097.mp4*32
Train/filling eyebrows/uC6siI84J9k_000446_000456.mp4*32
Train/filling eyebrows/Gpjapx6i7wU_000007_000017.mp4*32
Train/filling eyebrows/adQa9tUkjww_000567_000577.mp4*32
Train/filling eyebrows/VwEjvwKniFo_000060_000070.mp4*32
Train/filling eyebrows/a_BOajt0eBc_000288_000298.mp4*32
Train/flying kite/Luuwbt1olAQ_000000_000010.mp4*33
Train/flying kite/ltzxYo_eG54_000038_000048.mp4*33
Train/flying kite/QYTE177-lS0_000037_000047.mp4*33
Train/flying kite/vCs8WhhIVG4_000005_000015.mp4*33
Train/flying kite/8izQ2_lMRc0_000027_000037.mp4*33
Train/flying kite/t_ykJG2D8rM_000063_000073.mp4*33
Train/flying kite/AfVutB_lJmc_000007_000017.mp4*33
Train/flying kite/0VFodBG7EcY_000219_000229.mp4*33
Train/flying kite/OHwTyG3hKqI_000185_000195.mp4*33
Train/flying kite/FTS27ZCbB08_000025_000035.mp4*33
Train/flying kite/Ok-OE0RMQOg_000031_000041.mp4*33
Train/flying kite/13eGyFYlhsU_000010_000020.mp4*33
Train/flying kite/ooJX1dRJz5I_000007_000017.mp4*33
Train/flying kite/gPBMR9uiWb8_000006_000016.mp4*33
Train/flying kite/65npE33xwE8_000466_000476.mp4*33
Train/flying kite/tv5SKLngC5E_000096_000106.mp4*33
Train/flying kite/fL1FF_nx6pA_000002_000012.mp4*33
Train/golf putting/TVP9dpnX5p4_000061_000071.mp4*34
Train/golf putting/9rRUUEsjAXo_000011_000021.mp4*34
Train/golf putting/80WkDhudjNU_000000_000010.mp4*34
Train/golf putting/DEiA1sexMdM_000029_000039.mp4*34
Train/golf putting/MH3iDKNJrps_000187_000197.mp4*34
Train/golf putting/w9Us6xs5MZQ_000000_000010.mp4*34
Train/golf putting/Hwe1WlpEm14_000011_000021.mp4*34
Train/golf putting/K6DxaeZwlt0_000122_000132.mp4*34
Train/golf putting/TRFJEG2Xlp0_000007_000017.mp4*34
Train/golf putting/YJNkPei9IPY_000029_000039.mp4*34
Train/golf putting/AvPRYPuMNJo_000185_000195.mp4*34
Train/golf putting/OgHb_OSUHFc_000096_000106.mp4*34
Train/golf putting/R9zl2vKau4U_000043_000053.mp4*34
Train/golf putting/n0W62jUDyVw_000002_000012.mp4*34
Train/golf putting/3XTOcSjHGPs_000032_000042.mp4*34
Train/golf putting/voOC_CjsB08_000032_000042.mp4*34
Train/golf putting/KwcZnaM0RCY_000059_000069.mp4*34
Train/gymnastics tumbling/wO3adA0URyY_000001_000011.mp4*35
Train/gymnastics tumbling/tqSkcvaXA9g_000034_000044.mp4*35
Train/gymnastics tumbling/k6YKUiRAOPY_000005_000015.mp4*35
Train/gymnastics tumbling/D06JYMRaSgU_000003_000013.mp4*35
Train/gymnastics tumbling/f24AfW5rWEM_000258_000268.mp4*35
Train/gymnastics tumbling/mop7S5boNbA_000086_000096.mp4*35
Train/gymnastics tumbling/RuXXgYHzklc_000000_000010.mp4*35
Train/gymnastics tumbling/D3F2JFv1IwA_000071_000081.mp4*35
Train/gymnastics tumbling/QYL9Pflqy6w_000063_000073.mp4*35
Train/gymnastics tumbling/hnshvF9A1RU_000343_000353.mp4*35
Train/gymnastics tumbling/_E6n0tM3fFE_000012_000022.mp4*35
Train/gymnastics tumbling/WlTR02SobrE_000002_000012.mp4*35
Train/gymnastics tumbling/aIt5mk75K1w_000002_000012.mp4*35
Train/gymnastics tumbling/9bnnq79FRXk_000004_000014.mp4*35
Train/gymnastics tumbling/zCJahdRwgYQ_000000_000010.mp4*35
Train/gymnastics tumbling/eH_6RF0C7yI_000117_000127.mp4*35
Train/gymnastics tumbling/x1bY86QqeeQ_000001_000011.mp4*35
Train/gymnastics tumbling/HnYj-uwq7RE_000008_000018.mp4*35
Train/hammer throw/RKT3_I7OIC4_000002_000012.mp4*36
Train/hammer throw/OXOXzy6gdS0_000001_000011.mp4*36
Train/hammer throw/aOwYXuvao7k_000002_000012.mp4*36
Train/hammer throw/xVTTTK-fUhU_000002_000012.mp4*36
Train/hammer throw/YSVgz9FLfrM_000002_000012.mp4*36
Train/hammer throw/9skFnyfWjdc_000044_000054.mp4*36
Train/hammer throw/Ol_p4gjEgqg_000006_000016.mp4*36
Train/hammer throw/gUW_qGmYza0_000049_000059.mp4*36
Train/hammer throw/PMB3Wezl7k8_000001_000011.mp4*36
Train/hammer throw/EAyq6kcl4P8_000001_000011.mp4*36
Train/hammer throw/egcWF_4jp3c_000003_000013.mp4*36
Train/hammer throw/pmf_jj6UtJ8_000001_000011.mp4*36
Train/hammer throw/wvDoVZ0PosY_000075_000085.mp4*36
Train/hammer throw/g-6VBsHarac_000001_000011.mp4*36
Train/hammer throw/SxKaDPQmvQk_001093_001103.mp4*36
Train/hammer throw/D5qeQon3Kpk_000000_000010.mp4*36
Train/hammer throw/Zef572p7Shg_000004_000014.mp4*36
Train/hammer throw/ZrHWIj4Vtms_000233_000243.mp4*36
Train/hammer throw/EVEN-XBWOsg_000006_000016.mp4*36
Train/headbanging/xBTOz8xijUc_000001_000011.mp4*37
Train/headbanging/UeWtrGjRAMU_000004_000014.mp4*37
Train/headbanging/PEA-bItbb-8_000006_000016.mp4*37
Train/headbanging/6uXmeiDjvhM_000021_000031.mp4*37
Train/headbanging/Ek0Y4k8y_KQ_000028_000038.mp4*37
Train/headbanging/CPcJ3sUQUlk_000005_000015.mp4*37
Train/headbanging/yknGIs4MtzQ_000003_000013.mp4*37
Train/headbanging/WMXnv10gZpc_000028_000038.mp4*37
Train/headbanging/ocs9PbO-hI4_000071_000081.mp4*37
Train/headbanging/4x5E9AY3oIw_000005_000015.mp4*37
Train/headbanging/naohbb0Rlm0_000000_000010.mp4*37
Train/headbanging/k0bgbLnVlas_000008_000018.mp4*37
Train/headbanging/WYTA9Uxy2NA_000008_000018.mp4*37
Train/headbanging/o88uEg2_D9c_000001_000011.mp4*37
Train/headbanging/bGejZEs3LaI_000003_000013.mp4*37
Train/headbanging/QsGOiqoK_74_000006_000016.mp4*37
Train/headbanging/xFQ1xfIlK4Q_000043_000053.mp4*37
Train/headbanging/3IIdDddVerc_000004_000014.mp4*37
Train/high jump/ZqPN5WXdJrM_000001_000011.mp4*38
Train/high jump/4akAc8TgLcI_000001_000011.mp4*38
Train/high jump/MPm7DQYEITM_000002_000012.mp4*38
Train/high jump/JxuvM-ai1kE_000001_000011.mp4*38
Train/high jump/32uS4Fqv2mg_000009_000019.mp4*38
Train/high jump/OVLyDFn7Iu8_000001_000011.mp4*38
Train/high jump/u9Qg80_ChUk_000015_000025.mp4*38
Train/high jump/HXK78Sm3mHs_000032_000042.mp4*38
Train/high jump/ieyozYPqFQA_000004_000014.mp4*38
Train/high jump/joJD4l6NaCM_000002_000012.mp4*38
Train/high jump/hmUU84L4EhM_000011_000021.mp4*38
Train/high jump/iYOBjYmZaZQ_000006_000016.mp4*38
Train/high jump/bN5qMZCLegc_000010_000020.mp4*38
Train/high jump/HLoZrUui3ts_000002_000012.mp4*38
Train/high jump/devjce4isW4_000000_000010.mp4*38
Train/hitting baseball/P6RzE2sCfDg_000068_000078.mp4*39
Train/hitting baseball/xmAKiNAhoO0_000159_000169.mp4*39
Train/hitting baseball/JV4adjhZA18_000024_000034.mp4*39
Train/hitting baseball/ztpzIup7Y7o_000000_000010.mp4*39
Train/hitting baseball/qSpgsT837EM_000003_000013.mp4*39
Train/hitting baseball/WjN3vt4MYZQ_000159_000169.mp4*39
Train/hitting baseball/BORj3AnlEus_000006_000016.mp4*39
Train/hitting baseball/tLG2pMMjxW8_000000_000010.mp4*39
Train/hitting baseball/-C31RA1mTNM_000051_000061.mp4*39
Train/hitting baseball/mjmVbAcUeVU_000057_000067.mp4*39
Train/hitting baseball/MuodLEC3TRY_000000_000010.mp4*39
Train/hitting baseball/23VD6ITi7E0_000025_000035.mp4*39
Train/hitting baseball/IduClXnZ9r4_000006_000016.mp4*39
Train/hitting baseball/vvFb5on6LxY_000148_000158.mp4*39
Train/hitting baseball/KRUSNOCP1bI_000050_000060.mp4*39
Train/hitting baseball/DQotAG58csI_000368_000378.mp4*39
Train/hitting baseball/Re0coPbz55M_000054_000064.mp4*39
Train/hula hooping/tRBOaPwnDA0_000015_000025.mp4*40
Train/hula hooping/hrK3Wp5gP50_000020_000030.mp4*40
Train/hula hooping/ojSpFfM_MRM_000001_000011.mp4*40
Train/hula hooping/5qARC2sgP-U_000007_000017.mp4*40
Train/hula hooping/6R3HJJNfjp4_000009_000019.mp4*40
Train/hula hooping/OuuiGNeue-M_000000_000010.mp4*40
Train/hula hooping/9PYIcT3pJEE_000001_000011.mp4*40
Train/hula hooping/miGJEiGK5-0_000033_000043.mp4*40
Train/hula hooping/lFDT-pSqO-0_000000_000010.mp4*40
Train/hula hooping/hdPNWoyCHCE_000004_000014.mp4*40
Train/hula hooping/HehccVCi5IY_000003_000013.mp4*40
Train/hula hooping/YJUA931gg-Q_000273_000283.mp4*40
Train/hula hooping/BhercAiTj1E_000041_000051.mp4*40
Train/hula hooping/HL1uWKgkHog_000000_000010.mp4*40
Train/hula hooping/iMx_QNSY0xI_000012_000022.mp4*40
Train/hula hooping/j5UIigPTQNc_000044_000054.mp4*40
Train/hula hooping/18-KUHKtCsI_000183_000193.mp4*40
Train/hula hooping/RyoZZUihTHE_000015_000025.mp4*40
Train/ice skating/YZ9J_nbxRZA_000033_000043.mp4*41
Train/ice skating/TpfFfU8IEFk_000050_000060.mp4*41
Train/ice skating/JlpWVzeZXog_000030_000040.mp4*41
Train/ice skating/__mMkGS_IMw_000026_000036.mp4*41
Train/ice skating/KKyQ7P8-P8Q_000000_000010.mp4*41
Train/ice skating/zkt73EXIS-w_000005_000015.mp4*41
Train/ice skating/H26A5LTZRI0_000019_000029.mp4*41
Train/ice skating/S43z7dJa99M_000003_000013.mp4*41
Train/ice skating/LM_B1apypVc_000021_000031.mp4*41
Train/ice skating/3ykA6icGDaY_000000_000010.mp4*41
Train/ice skating/qRUX2fVAeXw_000068_000078.mp4*41
Train/ice skating/PAD-Yu-pnaw_000012_000022.mp4*41
Train/ice skating/GNTh5_U5wys_000203_000213.mp4*41
Train/ice skating/zxWTqeXkh-A_000000_000010.mp4*41
Train/ice skating/E80XWFrcgpA_000019_000029.mp4*41
Train/ice skating/EFwEqYG2624_000005_000015.mp4*41
Train/ice skating/FVi4AXwEhy0_000001_000011.mp4*41
Train/ice skating/QmgyTlqng1o_000000_000010.mp4*41
Train/jetskiing/TpTIhLBhBTg_000016_000026.mp4*42
Train/jetskiing/gqjiYjh-j4E_000190_000200.mp4*42
Train/jetskiing/nZl4W1GOtY4_000027_000037.mp4*42
Train/jetskiing/t-BMJoQMors_000090_000100.mp4*42
Train/jetskiing/lJcEMVE2wSA_000095_000105.mp4*42
Train/jetskiing/FS6_CHS72EU_000202_000212.mp4*42
Train/jetskiing/W4B3lt_ZCU4_000051_000061.mp4*42
Train/jetskiing/ZnLR-ljkt5M_000429_000439.mp4*42
Train/jetskiing/-hZHS_UsHHQ_000027_000037.mp4*42
Train/jetskiing/ZMEtjU7F2Xo_000152_000162.mp4*42
Train/jetskiing/MkngxxLknG0_000546_000556.mp4*42
Train/jetskiing/MTrYkYcmRtg_000143_000153.mp4*42
Train/jetskiing/0gOVamo-4Fc_000050_000060.mp4*42
Train/jetskiing/qb88dJPR8X0_000356_000366.mp4*42
Train/jetskiing/T5r8lL9Y_t4_000202_000212.mp4*42
Train/jetskiing/8ceZxG5QLRY_000010_000020.mp4*42
Train/jetskiing/If6CiJOLOMY_000147_000157.mp4*42
Train/jetskiing/7RAZHQ4-ppw_000003_000013.mp4*42
Train/jumping into pool/FSCFggYGa2M_000008_000018.mp4*43
Train/jumping into pool/SPAY6WN9y-I_000012_000022.mp4*43
Train/jumping into pool/E25SumQ3i8Y_000006_000016.mp4*43
Train/jumping into pool/ugOYNfcm6UI_000012_000022.mp4*43
Train/jumping into pool/esi3anl4KEI_000008_000018.mp4*43
Train/jumping into pool/Kx3AZXLpCVM_000004_000014.mp4*43
Train/jumping into pool/RftGFLHOrss_000000_000010.mp4*43
Train/jumping into pool/4KG_hr-j968_000012_000022.mp4*43
Train/jumping into pool/3cUMLlSU7fo_000014_000024.mp4*43
Train/jumping into pool/VwVSGyb5tfw_000014_000024.mp4*43
Train/jumping into pool/cC_D0iEuS2M_000002_000012.mp4*43
Train/jumping into pool/6oxymlT4EU8_000000_000010.mp4*43
Train/jumping into pool/2UI9tPNuYDE_000029_000039.mp4*43
Train/jumping into pool/AnDLZsMKd3E_000000_000010.mp4*43
Train/jumping into pool/VVBgUzkN_jA_000000_000010.mp4*43
Train/jumping into pool/rlMN8qACQAw_000005_000015.mp4*43
Train/jumping into pool/-xmRv0lqC28_000052_000062.mp4*43
Train/jumping into pool/_tNaMQeCFN0_000040_000050.mp4*43
Train/making pizza/FFcDMD699Vg_000270_000280.mp4*44
Train/making pizza/fhpd3bqbbK4_000004_000014.mp4*44
Train/making pizza/YNiYsO6GL3s_000022_000032.mp4*44
Train/making pizza/yCOnKmMzLzk_000024_000034.mp4*44
Train/making pizza/qbrPp8BCsew_000169_000179.mp4*44
Train/making pizza/9-SDO88T2Ik_000312_000322.mp4*44
Train/making pizza/0b30eRmVdXg_000007_000017.mp4*44
Train/making pizza/Hz-G_fPMQFE_000008_000018.mp4*44
Train/making pizza/Gqli-pubeWw_000072_000082.mp4*44
Train/making pizza/HTv0bFdg3tQ_000001_000011.mp4*44
Train/making pizza/zBDEPQhSnF0_000042_000052.mp4*44
Train/making pizza/oRJt0aaG_8M_000035_000045.mp4*44
Train/making pizza/O9EVQKJysWM_000164_000174.mp4*44
Train/making pizza/cBAf6_SRkHk_000002_000012.mp4*44
Train/making pizza/GYhLi-VkFzc_000051_000061.mp4*44
Train/making pizza/kdpaokK2yNA_000269_000279.mp4*44
Train/making pizza/MHKIcV18_PU_000077_000087.mp4*44
Train/making pizza/0kP-26H_9uI_000051_000061.mp4*44
Train/marching/J-0vCPQIb4E_000013_000023.mp4*45
Train/marching/0VFrmiwwb8Y_000581_000591.mp4*45
Train/marching/AanHvA9O4_I_000367_000377.mp4*45
Train/marching/dU3sAUTxIIE_000198_000208.mp4*45
Train/marching/WCfKIVaEqXc_000031_000041.mp4*45
Train/marching/b-ZxEeTjnpM_000227_000237.mp4*45
Train/marching/0k9UFgSbPM4_000004_000014.mp4*45
Train/marching/QH-sizZhjXY_000111_000121.mp4*45
Train/marching/t8ak9FQ-bGo_000338_000348.mp4*45
Train/marching/PzcMw1XaMlw_000046_000056.mp4*45
Train/marching/vrBdc571S7A_000027_000037.mp4*45
Train/marching/n1tEo4kbj-Y_000000_000010.mp4*45
Train/marching/Zi1TohKLHdA_000058_000068.mp4*45
Train/marching/IbCsmBj8xi0_000256_000266.mp4*45
Train/marching/CkYowLGE3uc_000009_000019.mp4*45
Train/marching/s5FWca_H69g_000088_000098.mp4*45
Train/marching/ItT2L1UAoec_000556_000566.mp4*45
Train/marching/bVciSk3_ZxA_000152_000162.mp4*45
Train/milking cow/DYvaXNLV-Fg_000036_000046.mp4*46
Train/milking cow/UAZDIzUrZcU_000006_000016.mp4*46
Train/milking cow/IxIb5Dn7dts_000017_000027.mp4*46
Train/milking cow/JIAGnF6U1Uc_000000_000010.mp4*46
Train/milking cow/Hl5U98craoU_000022_000032.mp4*46
Train/milking cow/xASuBqXiNCc_000090_000100.mp4*46
Train/milking cow/5k3IUavPA9A_000007_000017.mp4*46
Train/milking cow/vrG0OlCARLw_000008_000018.mp4*46
Train/milking cow/KcXH8sqfOus_000001_000011.mp4*46
Train/milking cow/7bySW4za7TE_000005_000015.mp4*46
Train/milking cow/1LPmnkU9KB4_000058_000068.mp4*46
Train/milking cow/PDR94jKIxOU_000022_000032.mp4*46
Train/milking cow/-gQJhQsWFXA_000038_000048.mp4*46
Train/milking cow/WYIUeAIzbOM_000039_000049.mp4*46
Train/milking cow/s3tVqEgwS6g_000000_000010.mp4*46
Train/motorcycling/xpcm_fKZ4Jw_000191_000201.mp4*47
Train/motorcycling/YZ8-36g-E9c_000106_000116.mp4*47
Train/motorcycling/ZR8BGkxGrNA_000020_000030.mp4*47
Train/motorcycling/klHp_wREsls_000323_000333.mp4*47
Train/motorcycling/6n5Y2I0qn-o_000177_000187.mp4*47
Train/motorcycling/3k-IkznZqBk_000291_000301.mp4*47
Train/motorcycling/gkj7kYVzMXY_000037_000047.mp4*47
Train/motorcycling/9-bFxH9zTvc_000185_000195.mp4*47
Train/motorcycling/7WI_AqfP-2c_000092_000102.mp4*47
Train/motorcycling/FXBhVfwTl_U_000068_000078.mp4*47
Train/motorcycling/2frNJs65Odc_000100_000110.mp4*47
Train/motorcycling/x_LuHtlux9s_000007_000017.mp4*47
Train/motorcycling/5O9yIQqaxwE_000243_000253.mp4*47
Train/motorcycling/oSia_Wk9Om0_000041_000051.mp4*47
Train/motorcycling/a0faHHYWYUU_000663_000673.mp4*47
Train/motorcycling/bPo5cHlNvBU_000284_000294.mp4*47
Train/mowing lawn/Z86Rimfq5qE_000000_000010.mp4*48
Train/mowing lawn/YkjEPyVhxaA_000146_000156.mp4*48
Train/mowing lawn/PR61NLkMZkk_000096_000106.mp4*48
Train/mowing lawn/T6l9wNrV_tc_000146_000156.mp4*48
Train/mowing lawn/ASucK5Flxsk_000012_000022.mp4*48
Train/mowing lawn/elcz-ZUoJUA_000039_000049.mp4*48
Train/mowing lawn/tjf72SDZ0S4_000019_000029.mp4*48
Train/mowing lawn/EJnp-D-4axE_000109_000119.mp4*48
Train/mowing lawn/I-UVD8abK2U_000008_000018.mp4*48
Train/mowing lawn/pAivnj2Ceaw_000198_000208.mp4*48
Train/mowing lawn/txwSie_3I_c_000004_000014.mp4*48
Train/mowing lawn/Uij7QYjlW0E_000247_000257.mp4*48
Train/mowing lawn/LrJEzt-ytsM_000003_000013.mp4*48
Train/mowing lawn/ZEe9M8pm-GY_000062_000072.mp4*48
Train/mowing lawn/IuNgVzNsREw_000016_000026.mp4*48
Train/mowing lawn/KRl5fqvC7cg_000030_000040.mp4*48
Train/mowing lawn/kE3PTk3gJMA_000182_000192.mp4*48
Train/mowing lawn/dggeADG-yrA_000032_000042.mp4*48
Train/passing American football (not in game)/HAEX4pbmAic_000007_000017.mp4*49
Train/passing American football (not in game)/q1dZwGjt-bQ_000001_000011.mp4*49
Train/passing American football (not in game)/Y-Q9ExRdNaU_000091_000101.mp4*49
Train/passing American football (not in game)/7SHj-6HhOJU_000001_000011.mp4*49
Train/passing American football (not in game)/TA_dTPY8X-Y_000049_000059.mp4*49
Train/passing American football (not in game)/KyEx3sSJ4tg_000002_000012.mp4*49
Train/passing American football (not in game)/bclalyDTP9U_000002_000012.mp4*49
Train/passing American football (not in game)/LWBQqCxyZyU_000001_000011.mp4*49
Train/passing American football (not in game)/caNg5wMswBI_000004_000014.mp4*49
Train/passing American football (not in game)/7FSeoL4xnIQ_000220_000230.mp4*49
Train/passing American football (not in game)/vhovA1d6eHI_000033_000043.mp4*49
Train/passing American football (not in game)/FdM_uq0yX2o_000002_000012.mp4*49
Train/passing American football (not in game)/EG8FQtI24oc_000041_000051.mp4*49
Train/passing American football (not in game)/9Acq6aIewzA_000000_000010.mp4*49
Train/passing American football (not in game)/5gjEZfXnz5o_000012_000022.mp4*49
Train/playing basketball/jdQuFizGEYQ_000093_000103.mp4*50
Train/playing basketball/LGe7P2t2mcA_000007_000017.mp4*50
Train/playing basketball/jmB2KhCH2FQ_000387_000397.mp4*50
Train/playing basketball/DF41p8w8XSo_000124_000134.mp4*50
Train/playing basketball/IzyMn1BkmXA_000003_000013.mp4*50
Train/playing basketball/sjPfV1CrdE0_000467_000477.mp4*50
Train/playing basketball/FzESi8US9SQ_000047_000057.mp4*50
Train/playing basketball/_OF46kPc5fc_000003_000013.mp4*50
Train/playing basketball/wOZ2AUejsiQ_000025_000035.mp4*50
Train/playing basketball/R-36BEDGDLg_000075_000085.mp4*50
Train/playing basketball/kHQ8L-JWq7k_000065_000075.mp4*50
Train/playing basketball/SrnH_XH35vY_000137_000147.mp4*50
Train/playing basketball/QkVVk3cQ8OE_000012_000022.mp4*50
Train/playing basketball/knaWc7ylbdw_000025_000035.mp4*50
Train/playing basketball/7v8XkRDkHBU_000025_000035.mp4*50
Train/playing basketball/mEcCUXc8j0s_000102_000112.mp4*50
Train/playing basketball/FsaBXI62yaQ_000014_000024.mp4*50
Train/playing basketball/iIlVa2SpuiM_000130_000140.mp4*50
Train/playing bass guitar/y0VN-ti7AR8_000003_000013.mp4*51
Train/playing bass guitar/T_Ws_yTqhBk_000169_000179.mp4*51
Train/playing bass guitar/8MVQ56xpJpQ_000219_000229.mp4*51
Train/playing bass guitar/1z8tM16oTr0_000360_000370.mp4*51
Train/playing bass guitar/zViEIX8c-tY_000232_000242.mp4*51
Train/playing bass guitar/UYqlvrYUUFc_000018_000028.mp4*51
Train/playing bass guitar/6zaSMAGX_U4_000627_000637.mp4*51
Train/playing bass guitar/3Wl0jwbRfbw_000198_000208.mp4*51
Train/playing bass guitar/snk14rYo0Xo_000120_000130.mp4*51
Train/playing bass guitar/4lg_lRjwACY_000043_000053.mp4*51
Train/playing bass guitar/KCqh36Xhjk0_000705_000715.mp4*51
Train/playing bass guitar/KZmQAzaBS5I_000085_000095.mp4*51
Train/playing bass guitar/uz-SyMAsd4I_000147_000157.mp4*51
Train/playing bass guitar/DHrpLc2BdnU_000214_000224.mp4*51
Train/playing bass guitar/CtqHV_ulybw_000121_000131.mp4*51
Train/playing bass guitar/mkeD4MZhXco_000122_000132.mp4*51
Train/playing bass guitar/HWaTICjUda4_000141_000151.mp4*51
Train/playing bass guitar/zn4BQy-lzmI_000110_000120.mp4*51
Train/playing cello/HNEeqlEgFWU_000028_000038.mp4*52
Train/playing cello/Xiv94gwyC8M_000004_000014.mp4*52
Train/playing cello/Eu47F4-frRo_000046_000056.mp4*52
Train/playing cello/V8Xfy-ruFpg_000018_000028.mp4*52
Train/playing cello/As9zkz1uiQY_000435_000445.mp4*52
Train/playing cello/87O3WwnAbro_000001_000011.mp4*52
Train/playing cello/Oqa0drX2nWs_000029_000039.mp4*52
Train/playing cello/ly6nhZ9pb3Y_000048_000058.mp4*52
Train/playing cello/TlHuQ6MmIqM_000096_000106.mp4*52
Train/playing cello/jpwyfRstRIk_000075_000085.mp4*52
Train/playing cello/wnSDZ6LSwp4_000000_000010.mp4*52
Train/playing cello/xgiKZV5dveQ_000031_000041.mp4*52
Train/playing cello/Xb964tbJVtk_000000_000010.mp4*52
Train/playing cello/bvLIMyzk4Ow_000156_000166.mp4*52
Train/playing cello/lzWx9xJ8SCM_000051_000061.mp4*52
Train/playing cello/HqrnFoRo9Cs_000119_000129.mp4*52
Train/playing cello/uHI_8Nqqs74_000129_000139.mp4*52
Train/playing clarinet/Q63xem744EQ_000306_000316.mp4*53
Train/playing clarinet/jgF1488t0L0_000042_000052.mp4*53
Train/playing clarinet/2W0uj90TZbk_000127_000137.mp4*53
Train/playing clarinet/mcdLVarBEyI_000160_000170.mp4*53
Train/playing clarinet/Hsxz9uCo1l4_000006_000016.mp4*53
Train/playing clarinet/8NAJGtltNLY_000307_000317.mp4*53
Train/playing clarinet/tR5Kyazxn8I_000227_000237.mp4*53
Train/playing clarinet/7tcF2Hfr4bY_000086_000096.mp4*53
Train/playing clarinet/bW_otxPfBmE_000070_000080.mp4*53
Train/playing clarinet/cdt6XZCCKOQ_000205_000215.mp4*53
Train/playing clarinet/f3M_XWw1_BY_000559_000569.mp4*53
Train/playing clarinet/LAv24TPQgQw_000028_000038.mp4*53
Train/playing clarinet/laxpsX8aY6U_000035_000045.mp4*53
Train/playing clarinet/DceiQXigZFo_000036_000046.mp4*53
Train/playing clarinet/zkS4KHWmwHo_000434_000444.mp4*53
Train/playing clarinet/20poXO0NG74_000007_000017.mp4*53
Train/playing guitar/7btr5zSVfak_000020_000030.mp4*54
Train/playing guitar/Z5b1vwBX7MM_000036_000046.mp4*54
Train/playing guitar/CAavlELXLOg_000090_000100.mp4*54
Train/playing guitar/RnsCDM_uIW8_000402_000412.mp4*54
Train/playing guitar/Y8FDiTfn8Jk_000077_000087.mp4*54
Train/playing guitar/bIxQNv-T8oQ_000026_000036.mp4*54
Train/playing guitar/6DHUEuSsdh4_000028_000038.mp4*54
Train/playing guitar/eFg8f5es83U_000015_000025.mp4*54
Train/playing guitar/JLa6iLgXBMA_000023_000033.mp4*54
Train/playing guitar/YddiM3dvCk4_000218_000228.mp4*54
Train/playing guitar/gKbhu9YnBCM_000101_000111.mp4*54
Train/playing guitar/V7ear-l3sLo_000074_000084.mp4*54
Train/playing guitar/lcHuSt-OiiY_000138_000148.mp4*54
Train/playing guitar/bCypxZTibyc_000070_000080.mp4*54
Train/playing guitar/0V91RZRZPt8_000051_000061.mp4*54
Train/playing guitar/I0NwZ0sNPew_003498_003508.mp4*54
Train/playing guitar/Db9NssZFRxk_000024_000034.mp4*54
Train/playing harmonica/oj4TuvRvpeA_000087_000097.mp4*55
Train/playing harmonica/WKD51qLzfCk_000016_000026.mp4*55
Train/playing harmonica/0MVU9SG3nZc_000018_000028.mp4*55
Train/playing harmonica/JCiiUuxpclA_000050_000060.mp4*55
Train/playing harmonica/-YfAShxhiGg_000003_000013.mp4*55
Train/playing harmonica/alif8O459Ig_000014_000024.mp4*55
Train/playing harmonica/HS8heJTkqbo_000032_000042.mp4*55
Train/playing harmonica/0k0mUCgpItw_000017_000027.mp4*55
Train/playing harmonica/cnbbOIFULRI_000012_000022.mp4*55
Train/playing harmonica/0pG3n-gbK-8_000035_000045.mp4*55
Train/playing harmonica/f5NqJ5Mctf4_000019_000029.mp4*55
Train/playing harmonica/KWu5aO7yyzA_000338_000348.mp4*55
Train/playing harmonica/zUwdtvzKOYc_000011_000021.mp4*55
Train/playing harmonica/dJS87Axqth4_000009_000019.mp4*55
Train/playing harmonica/tk18D_6j3Ho_000029_000039.mp4*55
Train/playing harmonica/OdEcwTX4DlQ_000003_000013.mp4*55
Train/playing harp/7mfKRF1N8sw_000001_000011.mp4*56
Train/playing harp/7-gLRz0G1RM_000157_000167.mp4*56
Train/playing harp/CvOHGjnAUE8_000036_000046.mp4*56
Train/playing harp/b9nVO6CnDiw_000003_000013.mp4*56
Train/playing harp/eFrWzJVqcWE_000002_000012.mp4*56
Train/playing harp/8Gv9RbT44LE_000051_000061.mp4*56
Train/playing harp/rGSLQU5k96s_000001_000011.mp4*56
Train/playing harp/_tN2RQ-QChk_000045_000055.mp4*56
Train/playing harp/6MyvTEANVZM_000078_000088.mp4*56
Train/playing harp/KIsuO9I4kE0_000039_000049.mp4*56
Train/playing harp/buaumHig9wY_000004_000014.mp4*56
Train/playing harp/Vsso8IgdEU0_000095_000105.mp4*56
Train/playing harp/hjMZHQbyqhk_000001_000011.mp4*56
Train/playing harp/3FjRZmsCCkg_000028_000038.mp4*56
Train/playing harp/0vYTIJ30UhM_000051_000061.mp4*56
Train/playing harp/uSEzqgeCEhw_000117_000127.mp4*56
Train/playing harp/Y6vjX35I1lE_000005_000015.mp4*56
Train/playing harp/4dRI0Fe8J1Q_000004_000014.mp4*56
Train/playing harp/pfpPFMKh6Qw_000056_000066.mp4*56
Train/playing paintball/Vj8DU4pwTVw_000065_000075.mp4*57
Train/playing paintball/jRnUL1aYHaQ_000000_000010.mp4*57
Train/playing paintball/f-KjBsEa678_000138_000148.mp4*57
Train/playing paintball/4aHn-N0F2n4_000033_000043.mp4*57
Train/playing paintball/F14c0tsXhmE_000023_000033.mp4*57
Train/playing paintball/B3yZH_mZIx4_000392_000402.mp4*57
Train/playing paintball/gKJeR8X93SM_000463_000473.mp4*57
Train/playing paintball/jigcC1soOrY_000040_000050.mp4*57
Train/playing paintball/mESAYnfDgig_000009_000019.mp4*57
Train/playing paintball/A1xBNLtF2BE_000600_000610.mp4*57
Train/playing paintball/t-zixvyclcw_000025_000035.mp4*57
Train/playing paintball/o6r4iBp3G1Y_000015_000025.mp4*57
Train/playing paintball/Np-pqyx22RU_000003_000013.mp4*57
Train/playing paintball/wTSlZpHwF4k_000017_000027.mp4*57
Train/playing paintball/hLrAM5TGu-k_000018_000028.mp4*57
Train/playing paintball/i_C1qQTvjeQ_000031_000041.mp4*57
Train/playing paintball/yxnrGkfFtNY_000065_000075.mp4*57
Train/playing paintball/F6cpntCGHd0_000124_000134.mp4*57
Train/playing paintball/5IAjIMwsC98_000140_000150.mp4*57
Train/playing recorder/lqGRiIj4Z_0_000073_000083.mp4*58
Train/playing recorder/DuMLEaOeg6I_000192_000202.mp4*58
Train/playing recorder/YO34KoKdipQ_000193_000203.mp4*58
Train/playing recorder/bARbhczjTi8_000028_000038.mp4*58
Train/playing recorder/cPf8LqvoL6g_000029_000039.mp4*58
Train/playing recorder/fEeojPlLhBM_000031_000041.mp4*58
Train/playing recorder/oZxvX51US6A_000001_000011.mp4*58
Train/playing recorder/IucqBt9sZr0_000020_000030.mp4*58
Train/playing recorder/Zqa3NCPkDo8_000039_000049.mp4*58
Train/playing recorder/ET9k10btZ0Y_000039_000049.mp4*58
Train/playing recorder/qOll4ITXz8I_000089_000099.mp4*58
Train/playing recorder/kKBhDQfDV2I_000012_000022.mp4*58
Train/playing recorder/Ehw37j4JklM_000020_000030.mp4*58
Train/playing recorder/MfWa47-ffD0_001043_001053.mp4*58
Train/playing recorder/N6M8kXU1SNs_000077_000087.mp4*58
Train/playing recorder/2VtgKKsl-do_000006_000016.mp4*58
Train/playing recorder/hC1nUIql7h8_000035_000045.mp4*58
Train/playing squash or racquetball/a9y_t2bfBUE_000011_000021.mp4*59
Train/playing squash or racquetball/kPhVroLkESo_000100_000110.mp4*59
Train/playing squash or racquetball/5B6vkEvjS7k_000399_000409.mp4*59
Train/playing squash or racquetball/UrPX6t81CoE_000010_000020.mp4*59
Train/playing squash or racquetball/TdOHbzKwY90_000038_000048.mp4*59
Train/playing squash or racquetball/s7VcaB0WqEM_000046_000056.mp4*59
Train/playing squash or racquetball/7h098KYKw3Y_000000_000010.mp4*59
Train/playing squash or racquetball/HdgVytIzu4s_000086_000096.mp4*59
Train/playing squash or racquetball/uY0ngQlbIZc_000048_000058.mp4*59
Train/playing squash or racquetball/tf1OGYNd4sM_000000_000010.mp4*59
Train/playing squash or racquetball/zlZGmXwFAis_000132_000142.mp4*59
Train/playing squash or racquetball/EWz7AuMQeHo_000015_000025.mp4*59
Train/playing squash or racquetball/IX24yeRbxis_000054_000064.mp4*59
Train/playing squash or racquetball/2GKvVv5VPq4_000008_000018.mp4*59
Train/playing squash or racquetball/8urgi_D5OIc_000001_000011.mp4*59
Train/playing tennis/xnwgy4EXsrc_000287_000297.mp4*60
Train/playing tennis/wg3WlosEBw0_000033_000043.mp4*60
Train/playing tennis/r2U7133O7CM_000000_000010.mp4*60
Train/playing tennis/tVwYG4sUvRQ_000037_000047.mp4*60
Train/playing tennis/IG7YkDBGrsM_000264_000274.mp4*60
Train/playing tennis/Ew_3OvVLOi8_000009_000019.mp4*60
Train/playing tennis/DODjelDOPJQ_000187_000197.mp4*60
Train/playing tennis/MCa2IKVrv7Q_000013_000023.mp4*60
Train/playing tennis/Bk0UsqpyRHo_000093_000103.mp4*60
Train/playing tennis/XdWQqEPPCaI_000053_000063.mp4*60
Train/playing tennis/8ZAvEN5rGb8_000021_000031.mp4*60
Train/playing tennis/s9JdTUjDwow_000008_000018.mp4*60
Train/playing tennis/jkI53-7Yfuk_000049_000059.mp4*60
Train/playing tennis/2KTUIDfADP8_000009_000019.mp4*60
Train/playing tennis/wrH6E-vCdPM_000016_000026.mp4*60
Train/playing tennis/4mO55MhmjTw_000081_000091.mp4*60
Train/playing tennis/opMeDK8MQ7c_000023_000033.mp4*60
Train/playing tennis/mHiLNwLJUf0_000029_000039.mp4*60
Train/playing trombone/FE69MBNe6d4_000019_000029.mp4*61
Train/playing trombone/WvlG7V427jk_000005_000015.mp4*61
Train/playing trombone/eC6rPDeTcRk_000039_000049.mp4*61
Train/playing trombone/hQ6F0qTNKC4_000032_000042.mp4*61
Train/playing trombone/5Dt4a1EcROw_000002_000012.mp4*61
Train/playing trombone/VFlzakbndtI_000052_000062.mp4*61
Train/playing trombone/FjsurDuYqc4_000051_000061.mp4*61
Train/playing trombone/xZu94vmVLUY_000006_000016.mp4*61
Train/playing trombone/Y9t2qrL9Q7I_000093_000103.mp4*61
Train/playing trombone/47QpN-Ph-to_000035_000045.mp4*61
Train/playing trombone/aDhumk0UlsI_000165_000175.mp4*61
Train/playing trombone/NINm1IZ-wFU_000149_000159.mp4*61
Train/playing trombone/efGxUAkM_VI_000003_000013.mp4*61
Train/playing trombone/NcDPhp62GJs_000015_000025.mp4*61
Train/playing trombone/1DxEe5nw630_000036_000046.mp4*61
Train/playing trombone/sYnoogkfsr8_000054_000064.mp4*61
Train/playing trombone/s-h-pjKjhKo_000324_000334.mp4*61
Train/playing trombone/rrWsWt-rDrQ_000096_000106.mp4*61
Train/playing trumpet/YnyYGoOtOuc_000045_000055.mp4*62
Train/playing trumpet/BS5RzjHdH1E_000040_000050.mp4*62
Train/playing trumpet/TND-p8XeqTY_000093_000103.mp4*62
Train/playing trumpet/Nc6PyWV0ZK4_000001_000011.mp4*62
Train/playing trumpet/7J03aHAZU3o_000122_000132.mp4*62
Train/playing trumpet/aC7jCfmXbE4_000004_000014.mp4*62
Train/playing trumpet/u2itVDVJpeE_000039_000049.mp4*62
Train/playing trumpet/BS9B5xhE9F0_000003_000013.mp4*62
Train/playing trumpet/ia9RILHu9R0_000013_000023.mp4*62
Train/playing trumpet/N94p_FB-UCk_000003_000013.mp4*62
Train/playing trumpet/4Eq-6AiXYuY_000305_000315.mp4*62
Train/playing trumpet/HtoGzmT5-us_000002_000012.mp4*62
Train/playing trumpet/4TvMmZU_Exc_000022_000032.mp4*62
Train/playing trumpet/T6uuKvjv2x0_000040_000050.mp4*62
Train/playing trumpet/mRCXhU44kOg_000033_000043.mp4*62
Train/playing ukulele/rpvJNNoLth8_000197_000207.mp4*63
Train/playing ukulele/Ix-Le6ngZes_000043_000053.mp4*63
Train/playing ukulele/RJtHcWZ23dA_000049_000059.mp4*63
Train/playing ukulele/99co4wJBwQ4_000021_000031.mp4*63
Train/playing ukulele/e7FSNK3eznE_000005_000015.mp4*63
Train/playing ukulele/bbdZTAU6530_000052_000062.mp4*63
Train/playing ukulele/57VUWY-nShs_000000_000010.mp4*63
Train/playing ukulele/Is2DyJ8dzYE_000031_000041.mp4*63
Train/playing ukulele/9Eqo1jHska4_000001_000011.mp4*63
Train/playing ukulele/2F2FQ3R4vak_000102_000112.mp4*63
Train/playing ukulele/vdJSdZMmWZc_000129_000139.mp4*63
Train/playing ukulele/pT-ejMpAILU_000109_000119.mp4*63
Train/playing ukulele/6rZU52kSMtE_000090_000100.mp4*63
Train/playing ukulele/ED6PGnm6rQ0_000001_000011.mp4*63
Train/playing ukulele/HQGyZ3A7ZBg_000090_000100.mp4*63
Train/playing ukulele/XsE0Hn5F0mY_000357_000367.mp4*63
Train/playing ukulele/vYGmqeErD7I_000214_000224.mp4*63
Train/playing ukulele/J5swPkHq-7U_000013_000023.mp4*63
Train/playing violin/RLMQsVQyo3U_000021_000031.mp4*64
Train/playing violin/in6GdbTO_ac_000017_000027.mp4*64
Train/playing violin/6UR8dbr9pT4_000100_000110.mp4*64
Train/playing violin/81XPbFeBKrE_000031_000041.mp4*64
Train/playing violin/K0fpBJzjF84_000015_000025.mp4*64
Train/playing violin/S6-Ak7fk9l8_000017_000027.mp4*64
Train/playing violin/MT6tYNdlgA0_000018_000028.mp4*64
Train/playing violin/EcrdSx4hgt0_000000_000010.mp4*64
Train/playing violin/Wv0a33TrrjA_000038_000048.mp4*64
Train/playing violin/0fAb5R7HPmg_000003_000013.mp4*64
Train/playing violin/JbBn2o-w4-s_000025_000035.mp4*64
Train/playing violin/rhbe8IbR_AQ_000156_000166.mp4*64
Train/playing violin/Sxlw0kItHJY_000084_000094.mp4*64
Train/playing violin/kRneiPw0w9E_000000_000010.mp4*64
Train/playing violin/Qo870g_FU1g_000000_000010.mp4*64
Train/playing violin/ew0xE2THMY0_000004_000014.mp4*64
Train/playing violin/88G0O5unNuQ_000561_000571.mp4*64
Train/playing violin/F1YnPQoKMP8_000150_000160.mp4*64
Train/pole vault/wONveaNM-Ns_000004_000014.mp4*65
Train/pole vault/Dd6_n4cKpgU_000073_000083.mp4*65
Train/pole vault/rrfkH-yvyRU_000011_000021.mp4*65
Train/pole vault/q_uhnL4sYok_000071_000081.mp4*65
Train/pole vault/9khfPOQrBE0_000140_000150.mp4*65
Train/pole vault/lNK7Ez2w5FE_000003_000013.mp4*65
Train/pole vault/95yoHQsalL8_000002_000012.mp4*65
Train/pole vault/f28MrNNDtdo_000029_000039.mp4*65
Train/pole vault/PnPBowNY-Bw_000043_000053.mp4*65
Train/pole vault/AY8fXW8BykY_000002_000012.mp4*65
Train/pole vault/wrlzc8MiaLM_000000_000010.mp4*65
Train/pole vault/huF698IMUoE_000001_000011.mp4*65
Train/pole vault/J-dWi4XaqEg_000002_000012.mp4*65
Train/pole vault/OD7KAiZXDYI_000000_000010.mp4*65
Train/pole vault/mHBa845wliI_000002_000012.mp4*65
Train/presenting weather forecast/XvMzrEhIWgs_000102_000112.mp4*66
Train/presenting weather forecast/o-svEpR7dOA_000105_000115.mp4*66
Train/presenting weather forecast/kBGHwocOx3Q_000096_000106.mp4*66
Train/presenting weather forecast/XNAB7UVzsvY_000050_000060.mp4*66
Train/presenting weather forecast/mTaLPZb6PO8_000010_000020.mp4*66
Train/presenting weather forecast/ri1wM9yXIDA_000084_000094.mp4*66
Train/presenting weather forecast/wOUdyXy51uE_000004_000014.mp4*66
Train/presenting weather forecast/83Ny5ChF_pA_000067_000077.mp4*66
Train/presenting weather forecast/RSaPBZOlFCc_000033_000043.mp4*66
Train/presenting weather forecast/lJEpvhuMnWs_000084_000094.mp4*66
Train/presenting weather forecast/a8t5shP15Gg_000047_000057.mp4*66
Train/presenting weather forecast/ZRP4FilGrGI_000242_000252.mp4*66
Train/presenting weather forecast/GJqaVG7jIbE_000057_000067.mp4*66
Train/presenting weather forecast/GpNgZn0xKvg_000046_000056.mp4*66
Train/presenting weather forecast/T7LvPkqwhk8_000036_000046.mp4*66
Train/presenting weather forecast/Kf6hYGJompE_000101_000111.mp4*66
Train/pull ups/WdajLofbxOM_000013_000023.mp4*67
Train/pull ups/4AgNq78epe8_000001_000011.mp4*67
Train/pull ups/egEQ0OulZ8A_000013_000023.mp4*67
Train/pull ups/YCTfdYOPAM0_000013_000023.mp4*67
Train/pull ups/oZCmVZ2wtpc_000000_000010.mp4*67
Train/pull ups/NPSjLLyjzuA_000037_000047.mp4*67
Train/pull ups/SXOOaN4bDag_000000_000010.mp4*67
Train/pull ups/_NvlngmQTQk_000049_000059.mp4*67
Train/pull ups/vH8bQkOEjuo_000029_000039.mp4*67
Train/pull ups/3qBjpUCSmZY_000013_000023.mp4*67
Train/pull ups/_ceh4f86aBc_000002_000012.mp4*67
Train/pull ups/t8aZrAbJY8w_000026_000036.mp4*67
Train/pull ups/uygZMTrO5J0_000000_000010.mp4*67
Train/pull ups/hVSz9HGAXgs_000198_000208.mp4*67
Train/pull ups/CiXcmPe-wXM_000120_000130.mp4*67
Train/pull ups/efJW1jGYYQ8_000065_000075.mp4*67
Train/pull ups/YopSd75yI64_000000_000010.mp4*67
Train/pumping fist/z_RaG3Hg720_000096_000106.mp4*68
Train/pumping fist/h7uuCKbXdxE_000000_000010.mp4*68
Train/pumping fist/kTpAzeay_10_000006_000016.mp4*68
Train/pumping fist/b7O7_iv33Dw_000008_000018.mp4*68
Train/pumping fist/rnhJ4mgII-o_000000_000010.mp4*68
Train/pumping fist/S5FgTlbToMU_000000_000010.mp4*68
Train/pumping fist/1Icc2-uIth4_000004_000014.mp4*68
Train/pumping fist/GVEyM1Q9kwk_000002_000012.mp4*68
Train/pumping fist/qob-c_0WJ2Q_000030_000040.mp4*68
Train/pumping fist/DL4NVyfIcao_000016_000026.mp4*68
Train/pumping fist/FUuQkyB9hdI_000001_000011.mp4*68
Train/pumping fist/sPNR3Glo2U0_000000_000010.mp4*68
Train/pumping fist/hfwKmZkB2XQ_000009_000019.mp4*68
Train/pumping fist/Vg-zYNOoA-4_000017_000027.mp4*68
Train/pumping fist/zCEjxcJ02Do_000004_000014.mp4*68
Train/pumping fist/RuFngWHEYPE_000040_000050.mp4*68
Train/punching bag/KefisneiR-Y_000000_000010.mp4*69
Train/punching bag/HpBuDLlsFVo_000004_000014.mp4*69
Train/punching bag/Aw9dheDNbUU_000061_000071.mp4*69
Train/punching bag/sssnlu5ZQCo_000000_000010.mp4*69
Train/punching bag/TW79P4Vbzk0_000011_000021.mp4*69
Train/punching bag/7fXtV69kNXI_000258_000268.mp4*69
Train/punching bag/esdeHGiVwoI_000015_000025.mp4*69
Train/punching bag/DvurCr9jrhg_000014_000024.mp4*69
Train/punching bag/O8UjTeIzXN8_000025_000035.mp4*69
Train/punching bag/h_imExPbUz4_000004_000014.mp4*69
Train/punching bag/3HbC0ETqQgM_000004_000014.mp4*69
Train/punching bag/CjQJjBmeawo_000024_000034.mp4*69
Train/punching bag/Zi-UQD-7efQ_000128_000138.mp4*69
Train/punching bag/IfXbxM56iPg_000002_000012.mp4*69
Train/punching bag/De0z66mba7w_000000_000010.mp4*69
Train/punching bag/O2pd89yN8xU_000036_000046.mp4*69
Train/punching bag/fk7OPAoADEo_000048_000058.mp4*69
Train/punching bag/wJpU7JNd3-E_000031_000041.mp4*69
Train/pushing car/ylhZLNci6_Y_000000_000010.mp4*70
Train/pushing car/nEMzD6ZGa7Q_000019_000029.mp4*70
Train/pushing car/uXDyvrm0Tw0_000030_000040.mp4*70
Train/pushing car/ybkqcfoXAg8_000000_000010.mp4*70
Train/pushing car/_-lccK5wvfk_000015_000025.mp4*70
Train/pushing car/XAak2RJJhdE_000004_000014.mp4*70
Train/pushing car/7lleH3WP-Ok_000001_000011.mp4*70
Train/pushing car/s6Wexcqu5KM_000005_000015.mp4*70
Train/pushing car/F5KoZ3g5pmg_000003_000013.mp4*70
Train/pushing car/gU7wtb1zXBw_000000_000010.mp4*70
Train/pushing car/6C22Ehg44EU_000002_000012.mp4*70
Train/pushing car/gmDNCHDF8oo_000150_000160.mp4*70
Train/pushing car/UVdCZX8EVDM_000000_000010.mp4*70
Train/pushing car/gqOslGa0PdI_000004_000014.mp4*70
Train/pushing car/jae0N4XFDW8_000098_000108.mp4*70
Train/pushing car/ao84ZHE9vHI_000004_000014.mp4*70
Train/pushing car/eMLoVKvveFI_000019_000029.mp4*70
Train/pushing cart/rI35IszHWN8_000000_000010.mp4*71
Train/pushing cart/JOZ-0wuvKSQ_000001_000011.mp4*71
Train/pushing cart/4hAvAE4y3_A_000008_000018.mp4*71
Train/pushing cart/FVqBjG1PRa8_000010_000020.mp4*71
Train/pushing cart/mSjprXkp_jY_000116_000126.mp4*71
Train/pushing cart/_xl5QwSHIY8_000013_000023.mp4*71
Train/pushing cart/9j_4xqWANRI_000015_000025.mp4*71
Train/pushing cart/Lc5B_3PsgQM_000007_000017.mp4*71
Train/pushing cart/tGPaCwtxQ0o_000000_000010.mp4*71
Train/pushing cart/NxYdD-6gdUY_000035_000045.mp4*71
Train/pushing cart/RH3GxdI6B2Q_000030_000040.mp4*71
Train/pushing cart/08FkSEAtXwM_000002_000012.mp4*71
Train/pushing cart/6MRd9NJ8IpI_000009_000019.mp4*71
Train/pushing cart/01WKY1mn5FI_000000_000010.mp4*71
Train/pushing cart/nco97Z5eC3U_000019_000029.mp4*71
Train/pushing cart/rEjSQFehqqs_000050_000060.mp4*71
Train/pushing cart/rVD_3dm9HoE_000007_000017.mp4*71
Train/pushing cart/SxhG7ZfA85E_000027_000037.mp4*71
Train/pushing cart/0c7pxo2qSDw_000001_000011.mp4*71
Train/reading book/Sv4IaYy6KB4_000055_000065.mp4*72
Train/reading book/mM1uErILCms_000126_000136.mp4*72
Train/reading book/cGuxUVfBZ20_000050_000060.mp4*72
Train/reading book/T-fwO132mvM_000053_000063.mp4*72
Train/reading book/j8cDpCPGBJA_000242_000252.mp4*72
Train/reading book/1MvYfgPOAzI_000020_000030.mp4*72
Train/reading book/2tCvkd14P2g_000009_000019.mp4*72
Train/reading book/ZWrrOLq9jik_000036_000046.mp4*72
Train/reading book/6jNWwTNF6-A_000024_000034.mp4*72
Train/reading book/SF98KYCYtEs_000040_000050.mp4*72
Train/reading book/XuJJVbC2Ht8_000004_000014.mp4*72
Train/reading book/KGrQCYfKrYk_000043_000053.mp4*72
Train/reading book/KtE05e9Y_FY_000014_000024.mp4*72
Train/reading book/0CCkipT9C-k_000009_000019.mp4*72
Train/reading book/RQEKtDFFgtM_000006_000016.mp4*72
Train/reading book/86OyE6gaf9c_000000_000010.mp4*72
Train/reading book/3sqasMy4czY_000014_000024.mp4*72
Train/reading book/lbkt3QGXE1c_000009_000019.mp4*72
Train/riding elephant/FSAucprzSYg_000036_000046.mp4*73
Train/riding elephant/407mS2QWiyM_000005_000015.mp4*73
Train/riding elephant/xi7qLtPMqRw_000014_000024.mp4*73
Train/riding elephant/zv1lBJu41yM_000028_000038.mp4*73
Train/riding elephant/pBF3gv0u4jg_000002_000012.mp4*73
Train/riding elephant/bNuR2OOaDew_000003_000013.mp4*73
Train/riding elephant/rBXMZkkQtFU_000004_000014.mp4*73
Train/riding elephant/e51rKxYYJok_000228_000238.mp4*73
Train/riding elephant/45L2H_9Bm7Q_000001_000011.mp4*73
Train/riding elephant/SqbCb9fiiOw_000023_000033.mp4*73
Train/riding elephant/S5EOG86tt0E_000049_000059.mp4*73
Train/riding elephant/Nfv5hqj4TXk_000003_000013.mp4*73
Train/riding elephant/AHqarcyYlYg_000005_000015.mp4*73
Train/riding elephant/jCjUT0NqbgI_000016_000026.mp4*73
Train/riding elephant/ObHlJqNrQiQ_000000_000010.mp4*73
Train/riding elephant/msoZ45xm9Bc_000315_000325.mp4*73
Train/riding elephant/FrfdhNQkilI_000004_000014.mp4*73
Train/riding elephant/KcHmnqYLTLg_000026_000036.mp4*73
Train/riding or walking with horse/5aBu5Qm9k_Q_000281_000291.mp4*74
Train/riding or walking with horse/LTiXyAznJss_000027_000037.mp4*74
Train/riding or walking with horse/DpOMoT3rAu0_000007_000017.mp4*74
Train/riding or walking with horse/p50vU8oAqjQ_000122_000132.mp4*74
Train/riding or walking with horse/ZRH4vIwch24_000343_000353.mp4*74
Train/riding or walking with horse/j0DOm6CvZAQ_000000_000010.mp4*74
Train/riding or walking with horse/5o4MAFABi2E_000270_000280.mp4*74
Train/riding or walking with horse/M1peWDKOzLY_000030_000040.mp4*74
Train/riding or walking with horse/PpKapqbFFFQ_000114_000124.mp4*74
Train/riding or walking with horse/NoT5r7Jn4BE_000114_000124.mp4*74
Train/riding or walking with horse/vgQABUElOGw_000129_000139.mp4*74
Train/riding or walking with horse/MrkfbY1cuPI_000101_000111.mp4*74
Train/riding or walking with horse/tPmPm0VbkR8_000205_000215.mp4*74
Train/riding or walking with horse/eNG6rhyYKTA_000003_000013.mp4*74
Train/riding or walking with horse/932TjlQ86Rg_000273_000283.mp4*74
Train/riding or walking with horse/JjLHMEBWqzY_000027_000037.mp4*74
Train/riding or walking with horse/WW5JDjMZBWo_000005_000015.mp4*74
Train/riding or walking with horse/LV85USP-KMc_000006_000016.mp4*74
Train/rock climbing/rslgzryFIGk_000052_000062.mp4*75
Train/rock climbing/gMsUIsUx0nk_000003_000013.mp4*75
Train/rock climbing/PaE6I9nMBCs_000173_000183.mp4*75
Train/rock climbing/04bgnPyXAuw_000062_000072.mp4*75
Train/rock climbing/ys4cEpcwdBg_000011_000021.mp4*75
Train/rock climbing/6Q3-UI9JKko_000001_000011.mp4*75
Train/rock climbing/bEBL60BAyac_000055_000065.mp4*75
Train/rock climbing/nfOnftJ-37k_000036_000046.mp4*75
Train/rock climbing/uIY4jFTb8cs_000059_000069.mp4*75
Train/rock climbing/eNMkFg-qyVs_000238_000248.mp4*75
Train/rock climbing/ei6vbB5FG-M_000037_000047.mp4*75
Train/rock climbing/DeZ_Myq7qKo_000005_000015.mp4*75
Train/rock climbing/qd6uKRys4Lg_000502_000512.mp4*75
Train/rock climbing/Z8Dy0-JawpU_000002_000012.mp4*75
Train/rock climbing/TYU5kdUHFgc_000043_000053.mp4*75
Train/rock climbing/OG1lSESiBz0_000037_000047.mp4*75
Train/rock climbing/mgM1mpDaEZg_000136_000146.mp4*75
Train/rock climbing/bPi5aFyoKYM_000024_000034.mp4*75
Train/salsa dancing/zYHSyJm5eq0_000058_000068.mp4*76
Train/salsa dancing/TLMrPhTS4GU_000052_000062.mp4*76
Train/salsa dancing/UZ4XIDdIRoU_000168_000178.mp4*76
Train/salsa dancing/Nc7O3Kv3dSw_000065_000075.mp4*76
Train/salsa dancing/qzeu4uxu3IQ_000123_000133.mp4*76
Train/salsa dancing/aV8dS2m9Adc_002247_002257.mp4*76
Train/salsa dancing/L7P4n_vkIPI_000079_000089.mp4*76
Train/salsa dancing/zB2J8maaPpU_000042_000052.mp4*76
Train/salsa dancing/WPifcpZ7oFQ_000071_000081.mp4*76
Train/salsa dancing/fGtepVFNALY_000027_000037.mp4*76
Train/salsa dancing/m56jCUtKVi0_000000_000010.mp4*76
Train/salsa dancing/q7DwDnYvnj4_000236_000246.mp4*76
Train/salsa dancing/ySNzvRoeg38_000001_000011.mp4*76
Train/salsa dancing/YNZgiWScLnQ_000190_000200.mp4*76
Train/salsa dancing/HnzHLs44EmY_000071_000081.mp4*76
Train/salsa dancing/TeAiYMOC1dk_000000_000010.mp4*76
Train/salsa dancing/HaK5gDH9GwQ_000166_000176.mp4*76
Train/salsa dancing/g9gKIZbxaOQ_000052_000062.mp4*76
Train/salsa dancing/T70KmQyI_wE_000005_000015.mp4*76
Train/scuba diving/6l7Dqui5Dyk_000329_000339.mp4*77
Train/scuba diving/H6GGycd0Vdw_000004_000014.mp4*77
Train/scuba diving/S8zTE5BQRTk_001172_001182.mp4*77
Train/scuba diving/335jVHNCes8_000331_000341.mp4*77
Train/scuba diving/fAFpneQqn-A_000216_000226.mp4*77
Train/scuba diving/ggQhIwoMbxw_000072_000082.mp4*77
Train/scuba diving/zji8mCxWLTE_000160_000170.mp4*77
Train/scuba diving/i6zgeZ93Jdc_000180_000190.mp4*77
Train/scuba diving/OFn-c_XvIhU_000029_000039.mp4*77
Train/scuba diving/oq9ykGD_nMA_000240_000250.mp4*77
Train/scuba diving/Duv14C7xtJs_000403_000413.mp4*77
Train/scuba diving/xJ-Et5HZE-A_000315_000325.mp4*77
Train/scuba diving/rYY8w5oePCA_000071_000081.mp4*77
Train/scuba diving/q4v6VucKaEI_000252_000262.mp4*77
Train/scuba diving/2F_z-ATlk10_000092_000102.mp4*77
Train/shearing sheep/VptRUV4NMXA_000068_000078.mp4*78
Train/shearing sheep/5m46fxtlHg8_000020_000030.mp4*78
Train/shearing sheep/iT_ZiaPbY8Y_000000_000010.mp4*78
Train/shearing sheep/D712zVBcjJs_000020_000030.mp4*78
Train/shearing sheep/4lbvDrV-Jkg_000114_000124.mp4*78
Train/shearing sheep/h2Y4uagy2Z0_000087_000097.mp4*78
Train/shearing sheep/C1tpQEYL2jY_000516_000526.mp4*78
Train/shearing sheep/4nVmSd7ZceQ_000275_000285.mp4*78
Train/shearing sheep/xlQCRO2-Hsw_000001_000011.mp4*78
Train/shearing sheep/7kUcB9oDVtM_000016_000026.mp4*78
Train/shearing sheep/3I1KinDHx9E_000013_000023.mp4*78
Train/shearing sheep/eBGHRbVKRrc_000027_000037.mp4*78
Train/shearing sheep/SbFWYG_W_pQ_000367_000377.mp4*78
Train/shearing sheep/Weawe9MBaLQ_000048_000058.mp4*78
Train/shearing sheep/1CxwjQCPzNA_000060_000070.mp4*78
Train/shearing sheep/0WT9sICw61A_000114_000124.mp4*78
Train/shot put/dkK4z_oPKuQ_000000_000010.mp4*79
Train/shot put/3zK8kxVsdQ0_000001_000011.mp4*79
Train/shot put/UI0eUwy6DsI_000039_000049.mp4*79
Train/shot put/6Q0tTmQTY0g_000004_000014.mp4*79
Train/shot put/BfbQOv8zckc_000012_000022.mp4*79
Train/shot put/6j8pn3HxMv0_000019_000029.mp4*79
Train/shot put/L3jEYGz_IV4_000002_000012.mp4*79
Train/shot put/UZy4HJdj6Hw_000009_000019.mp4*79
Train/shot put/iyYMKTmzWe0_000002_000012.mp4*79
Train/shot put/dr-NbC8_Vwk_000003_000013.mp4*79
Train/shot put/E2K2qlkvq0o_000000_000010.mp4*79
Train/shot put/NZoszxu10L4_000003_000013.mp4*79
Train/shot put/XElOtC4NM4Q_000004_000014.mp4*79
Train/shot put/G11OUBEdYxg_000003_000013.mp4*79
Train/shot put/8OkRVI4Tpw0_000058_000068.mp4*79
Train/shot put/oJNmouw3rvg_000200_000210.mp4*79
Train/side kick/q2-TOzHqzDg_000004_000014.mp4*80
Train/side kick/3vuYX30oUJ4_000016_000026.mp4*80
Train/side kick/nUSZDL4G8Kg_000002_000012.mp4*80
Train/side kick/26ZrdnKGk2Q_000000_000010.mp4*80
Train/side kick/CNWI3IXsaC0_000001_000011.mp4*80
Train/side kick/O0rgVR46UOg_000164_000174.mp4*80
Train/side kick/UArQtzv-vgA_000004_000014.mp4*80
Train/side kick/ip1Aq5Xk2fY_000005_000015.mp4*80
Train/side kick/Xhp_PLuJlgo_000005_000015.mp4*80
Train/side kick/U_RnfExLZ14_000000_000010.mp4*80
Train/side kick/q9BNmBLsQ9g_000001_000011.mp4*80
Train/side kick/d8qS5nz9Ydo_000007_000017.mp4*80
Train/side kick/PmvB7ZVAt1E_000015_000025.mp4*80
Train/side kick/m6WlFmZS9pg_000002_000012.mp4*80
Train/side kick/WlmQbLDTr9M_000004_000014.mp4*80
Train/skateboarding/RERYK7IQCCk_000424_000434.mp4*81
Train/skateboarding/qBIlTnKYOwY_000028_000038.mp4*81
Train/skateboarding/Sp5BFU5lYfg_000012_000022.mp4*81
Train/skateboarding/OWQJJC2H3_M_000033_000043.mp4*81
Train/skateboarding/yr9gbZe0dRg_000124_000134.mp4*81
Train/skateboarding/DbA86yq6Cok_000107_000117.mp4*81
Train/skateboarding/Oc7_LV6jIIM_000705_000715.mp4*81
Train/skateboarding/iqmdG3t73JY_000152_000162.mp4*81
Train/skateboarding/75_KzkO44fk_000012_000022.mp4*81
Train/skateboarding/wI03IXb3snw_000140_000150.mp4*81
Train/skateboarding/KD-TMsXclNE_000101_000111.mp4*81
Train/skateboarding/PKmixUexXRM_000280_000290.mp4*81
Train/skateboarding/-G07ptKbKaM_000001_000011.mp4*81
Train/skateboarding/sUxxlu16J9U_000005_000015.mp4*81
Train/skateboarding/4TPtvHuggwg_000071_000081.mp4*81
Train/skateboarding/4GfVzxBqhwQ_000240_000250.mp4*81
Train/skateboarding/wTRWjJrZdTE_000195_000205.mp4*81
Train/skiing (not slalom or crosscountry)/Zhzptq9ItRo_000306_000316.mp4*82
Train/skiing (not slalom or crosscountry)/Zed6BUVBHOQ_000172_000182.mp4*82
Train/skiing (not slalom or crosscountry)/UUUCRbhFE0k_000304_000314.mp4*82
Train/skiing (not slalom or crosscountry)/xQnDRsxlCqc_000033_000043.mp4*82
Train/skiing (not slalom or crosscountry)/pCmrxmICxbo_000111_000121.mp4*82
Train/skiing (not slalom or crosscountry)/i7VsTaHyOag_000008_000018.mp4*82
Train/skiing (not slalom or crosscountry)/UnGaAQ8M9RE_000024_000034.mp4*82
Train/skiing (not slalom or crosscountry)/NOTe6LWv6ik_000107_000117.mp4*82
Train/skiing (not slalom or crosscountry)/8JKYr8qoIjQ_000021_000031.mp4*82
Train/skiing (not slalom or crosscountry)/Xr1QG1FI_Jw_000091_000101.mp4*82
Train/skiing (not slalom or crosscountry)/yvodHxsPHB8_000168_000178.mp4*82
Train/skiing (not slalom or crosscountry)/TNQp0B2Iptg_000032_000042.mp4*82
Train/skiing (not slalom or crosscountry)/Qzy_5r1Pbzc_000097_000107.mp4*82
Train/skiing (not slalom or crosscountry)/67mpI6LzNs0_000027_000037.mp4*82
Train/skiing (not slalom or crosscountry)/xjVDtKmatXs_000040_000050.mp4*82
Train/skiing (not slalom or crosscountry)/Ao624d21iGY_000134_000144.mp4*82
Train/skiing (not slalom or crosscountry)/ckHtSVzCbF4_000087_000097.mp4*82
Train/skiing (not slalom or crosscountry)/1HHkE9IULCc_000001_000011.mp4*82
Train/ski jumping/tY-LyQ80jaI_000008_000018.mp4*83
Train/ski jumping/PLSzWbzupqs_000006_000016.mp4*83
Train/ski jumping/Qncqa3Zgyeo_000003_000013.mp4*83
Train/ski jumping/LOzxugQy8yU_000004_000014.mp4*83
Train/ski jumping/118x5Id6fac_000004_000014.mp4*83
Train/ski jumping/SbnhgFqVaZ4_000005_000015.mp4*83
Train/ski jumping/RocVwnEelR0_000000_000010.mp4*83
Train/ski jumping/EoEBxKpH0Og_000000_000010.mp4*83
Train/ski jumping/aAJtmHqtq_k_000002_000012.mp4*83
Train/ski jumping/OgnzHg5JAkQ_000048_000058.mp4*83
Train/ski jumping/T3HuP1QDKDg_000010_000020.mp4*83
Train/ski jumping/e1JmED1WXWU_000012_000022.mp4*83
Train/ski jumping/SGiXnCwH7Lc_000065_000075.mp4*83
Train/ski jumping/IJur63gssNo_000002_000012.mp4*83
Train/ski jumping/wEd_KsvWEbw_000028_000038.mp4*83
Train/ski jumping/GwAjm8Cv2Vk_000001_000011.mp4*83
Train/ski jumping/i4StCocIsEo_000003_000013.mp4*83
Train/snatch weight lifting/WbywkvyWLLY_000014_000024.mp4*84
Train/snatch weight lifting/nVvFSdiBZME_000000_000010.mp4*84
Train/snatch weight lifting/8Cp1Fo-KcAw_000044_000054.mp4*84
Train/snatch weight lifting/BY0J_Kv8iRA_000002_000012.mp4*84
Train/snatch weight lifting/zZMr4m0ZSAY_000009_000019.mp4*84
Train/snatch weight lifting/DlSsyELPGTc_000004_000014.mp4*84
Train/snatch weight lifting/uOeauqG9FXA_000000_000010.mp4*84
Train/snatch weight lifting/GkG8wo5b4nY_000008_000018.mp4*84
Train/snatch weight lifting/5pOvrXIckUQ_000004_000014.mp4*84
Train/snatch weight lifting/s4fnCYf748c_000001_000011.mp4*84
Train/snatch weight lifting/7HUWhvd1DAc_000023_000033.mp4*84
Train/snatch weight lifting/qxTf_3XB6-g_000001_000011.mp4*84
Train/snatch weight lifting/yP_U-PczGGU_000005_000015.mp4*84
Train/snatch weight lifting/Wb_ESFwclTA_000011_000021.mp4*84
Train/snatch weight lifting/brPQtpA2foU_000000_000010.mp4*84
Train/snorkeling/PGUqfdDFlqk_000025_000035.mp4*85
Train/snorkeling/HqBGTf5GyFE_000017_000027.mp4*85
Train/snorkeling/AJqKuQ-OJKw_000177_000187.mp4*85
Train/snorkeling/_FKwQ9_Db3g_000318_000328.mp4*85
Train/snorkeling/2MnhRAp-hM8_000016_000026.mp4*85
Train/snorkeling/f5Z09xwQMGI_000004_000014.mp4*85
Train/snorkeling/EiNqWKuJIO0_000001_000011.mp4*85
Train/snorkeling/D01Ct0QGVa0_000002_000012.mp4*85
Train/snorkeling/d98WWsoYsFw_000001_000011.mp4*85
Train/snorkeling/Xz6-6FbwxdM_000098_000108.mp4*85
Train/snorkeling/MlfQ26YhhZk_000015_000025.mp4*85
Train/snorkeling/2PO0ueedftQ_000103_000113.mp4*85
Train/snorkeling/EyqiqUGzwHU_000147_000157.mp4*85
Train/snorkeling/fKQCUKFqfU0_000072_000082.mp4*85
Train/snorkeling/iZxFNWGwd7g_000116_000126.mp4*85
Train/snorkeling/HetLcfyZr7k_000045_000055.mp4*85
Train/snowkiting/0pU0fWbn48o_000013_000023.mp4*86
Train/snowkiting/LqbqMmP1bzU_000089_000099.mp4*86
Train/snowkiting/rlr4znhgFIY_000037_000047.mp4*86
Train/snowkiting/OBU0gZ4Fp3A_000144_000154.mp4*86
Train/snowkiting/DkqwGBbk-Qw_000002_000012.mp4*86
Train/snowkiting/4dfVOF6Vj9M_000042_000052.mp4*86
Train/snowkiting/OdVfDWDMbX4_000100_000110.mp4*86
Train/snowkiting/XVJclO1dvOQ_000000_000010.mp4*86
Train/snowkiting/kYcn-r_5kFM_000013_000023.mp4*86
Train/snowkiting/qjyoZC2-T7g_000007_000017.mp4*86
Train/snowkiting/okJQ6XD5W0c_000016_000026.mp4*86
Train/snowkiting/Vv2860Ir6SM_000335_000345.mp4*86
Train/snowkiting/73ls-bF3cVU_000002_000012.mp4*86
Train/snowkiting/gs11hwNM6P4_000000_000010.mp4*86
Train/snowkiting/SGcUVqbaQZ8_000004_000014.mp4*86
Train/snowkiting/IphqR6shwgE_000053_000063.mp4*86
Train/snowkiting/8Fqv7smQ6Lc_000003_000013.mp4*86
Train/snowkiting/ZqGTGx684ms_000019_000029.mp4*86
Train/snowkiting/29bzfPRTsT8_000014_000024.mp4*86
Train/somersaulting/uNN-xFgkWh8_000010_000020.mp4*87
Train/somersaulting/wDx9SaMgP2Y_000010_000020.mp4*87
Train/somersaulting/F_7Vi1HNdi8_000007_000017.mp4*87
Train/somersaulting/bgWGosXhIKI_000004_000014.mp4*87
Train/somersaulting/54Y5NBh3pbc_000000_000010.mp4*87
Train/somersaulting/k3T2let9haI_000000_000010.mp4*87
Train/somersaulting/fgEKuNBmbmo_000006_000016.mp4*87
Train/somersaulting/d5UmGmqC2gY_000005_000015.mp4*87
Train/somersaulting/E-d3FBpDtNs_000002_000012.mp4*87
Train/somersaulting/_dQz-QlTGAM_000018_000028.mp4*87
Train/somersaulting/F9hay9fuFyE_000000_000010.mp4*87
Train/somersaulting/EknisF59G2A_000000_000010.mp4*87
Train/somersaulting/6jU8pZeq0VE_000026_000036.mp4*87
Train/somersaulting/lDuG8fiNSPs_000000_000010.mp4*87
Train/somersaulting/XWMHC6vCQDA_000001_000011.mp4*87
Train/spinning poi/JRYKy_K4J2A_000038_000048.mp4*88
Train/spinning poi/3Vl7i3lM0f4_000003_000013.mp4*88
Train/spinning poi/55WMYjL7fTI_000003_000013.mp4*88
Train/spinning poi/1pXScl1zkN4_000124_000134.mp4*88
Train/spinning poi/EO39AfgJjjM_000019_000029.mp4*88
Train/spinning poi/3NyjKie5aSU_000000_000010.mp4*88
Train/spinning poi/ONFASOiNjks_000026_000036.mp4*88
Train/spinning poi/yPuy-mHIP5w_000101_000111.mp4*88
Train/spinning poi/E_wK1Gm4PXM_000019_000029.mp4*88
Train/spinning poi/a2qhVruUXS0_000069_000079.mp4*88
Train/spinning poi/LnWpIuO-FpQ_000144_000154.mp4*88
Train/spinning poi/ExKnEwxvONw_000071_000081.mp4*88
Train/spinning poi/kjd7_PZPdm8_000036_000046.mp4*88
Train/spinning poi/PodTTJE3c7E_000001_000011.mp4*88
Train/spinning poi/AxN8P1w5FEs_000031_000041.mp4*88
Train/spinning poi/2DZPaWknqBw_000050_000060.mp4*88
Train/spinning poi/KPm5ePveDTQ_000004_000014.mp4*88
Train/spinning poi/zhG482LFa5w_000023_000033.mp4*88
Train/squat/p4t49B75GAs_000002_000012.mp4*89
Train/squat/1vnGNr5Xy2g_000005_000015.mp4*89
Train/squat/b35FXlISU-o_000000_000010.mp4*89
Train/squat/HIUBrRU2dLY_000002_000012.mp4*89
Train/squat/8BQ6qQ03BzU_000035_000045.mp4*89
Train/squat/nIA5i9f2yts_000015_000025.mp4*89
Train/squat/M5Ce9YbVcHI_000005_000015.mp4*89
Train/squat/TlOpF-Nu5WA_000003_000013.mp4*89
Train/squat/zTo7kH8KKAE_000010_000020.mp4*89
Train/squat/8TJb_bu5bZ4_000035_000045.mp4*89
Train/squat/B1_fRMdW_jw_000115_000125.mp4*89
Train/squat/uHJikUj4qSc_000006_000016.mp4*89
Train/squat/goBwJ4zYnVY_000002_000012.mp4*89
Train/squat/cimuqxdooyo_000000_000010.mp4*89
Train/squat/DHgWYEnziQQ_000089_000099.mp4*89
Train/squat/Otg0uhtU13U_000004_000014.mp4*89
Train/squat/1o6fXy-0uUE_000116_000126.mp4*89
Train/squat/T5r3i5n25VM_000001_000011.mp4*89
Train/swimming backstroke/zGUlBZxNPn4_000011_000021.mp4*90
Train/swimming backstroke/N4ZK63JU7jE_000050_000060.mp4*90
Train/swimming backstroke/d5JPvb8b-Ik_000049_000059.mp4*90
Train/swimming backstroke/-jJrKCcoxoQ_000056_000066.mp4*90
Train/swimming backstroke/1w_BGBc6Lvs_000174_000184.mp4*90
Train/swimming backstroke/h18T5mBAbF4_000025_000035.mp4*90
Train/swimming backstroke/vEHIwv5ZFgQ_000735_000745.mp4*90
Train/swimming backstroke/d2J2QzPUcMQ_000055_000065.mp4*90
Train/swimming backstroke/D5dNloooZxQ_000029_000039.mp4*90
Train/swimming backstroke/qfaSYmK2WYs_000041_000051.mp4*90
Train/swimming backstroke/e3CcACjV5YY_000005_000015.mp4*90
Train/swimming backstroke/XGXJSwoIcSM_000009_000019.mp4*90
Train/swimming backstroke/j8zBh782eQ8_000225_000235.mp4*90
Train/swimming backstroke/LwuzASznmB0_000036_000046.mp4*90
Train/swimming backstroke/KAxtAvkDynI_000093_000103.mp4*90
Train/swimming backstroke/HDBepHVLPUA_000007_000017.mp4*90
Train/swimming backstroke/SLlZMv2LOLU_000237_000247.mp4*90
Train/tai chi/OD66hEqyaFc_000053_000063.mp4*91
Train/tai chi/Z0ghFaCn1eg_000021_000031.mp4*91
Train/tai chi/4vmY4PUAjbY_000321_000331.mp4*91
Train/tai chi/p4k6bD4H5i0_000227_000237.mp4*91
Train/tai chi/pD0d_rhRZoU_000045_000055.mp4*91
Train/tai chi/xWnMdGQLMiw_000009_000019.mp4*91
Train/tai chi/hyaZTZIlhWY_000123_000133.mp4*91
Train/tai chi/FC_ltVf65K8_001396_001406.mp4*91
Train/tai chi/AccLJ5sV4dY_000003_000013.mp4*91
Train/tai chi/6fnDo3KcYoM_000136_000146.mp4*91
Train/tai chi/YCgIUJxkQj4_000031_000041.mp4*91
Train/tai chi/McQ2llR4L-4_000188_000198.mp4*91
Train/tai chi/HeuFlMUnoSw_000106_000116.mp4*91
Train/tai chi/B6wRHgM_4HI_000986_000996.mp4*91
Train/tai chi/KZpYzHXfHz8_000000_000010.mp4*91
Train/tai chi/cinKU374XTY_000019_000029.mp4*91
Train/tai chi/0PzwR7827Iw_000082_000092.mp4*91
Train/tango dancing/4Y0O7ZpEc1g_000195_000205.mp4*92
Train/tango dancing/C5RkqFY26qs_000059_000069.mp4*92
Train/tango dancing/VigODRKqBOY_000002_000012.mp4*92
Train/tango dancing/NIWrxHAoluc_000018_000028.mp4*92
Train/tango dancing/eGqu2QwD0i0_000130_000140.mp4*92
Train/tango dancing/OAdk1BsEfEE_000058_000068.mp4*92
Train/tango dancing/qavDpaq6oEo_000011_000021.mp4*92
Train/tango dancing/JlpS6Dh6h-U_000041_000051.mp4*92
Train/tango dancing/2ph_rP5FGpo_000226_000236.mp4*92
Train/tango dancing/oWt_DIMoJIU_000125_000135.mp4*92
Train/tango dancing/EFFkgGYfWQQ_000074_000084.mp4*92
Train/tango dancing/a1g973WbUc4_000011_000021.mp4*92
Train/tango dancing/SkquOKgoywc_000072_000082.mp4*92
Train/tango dancing/fvatX3rq3uc_000130_000140.mp4*92
Train/tango dancing/8HHao9TM3dA_000150_000160.mp4*92
Train/tango dancing/rMEYtiEZAK0_000010_000020.mp4*92
Train/tango dancing/hmowwMdYa8Q_000037_000047.mp4*92
Train/tango dancing/bVb_6Sr-oXo_000306_000316.mp4*92
Train/throwing discus/2MCijjGpcpQ_000001_000011.mp4*93
Train/throwing discus/FmMHq7W44mw_000029_000039.mp4*93
Train/throwing discus/bUJPq4vN3x8_000004_000014.mp4*93
Train/throwing discus/2evvH0-AwLY_000001_000011.mp4*93
Train/throwing discus/YArVf271BBA_000000_000010.mp4*93
Train/throwing discus/ru9bjt7ewCw_000000_000010.mp4*93
Train/throwing discus/HFNLThjZ9Ng_000036_000046.mp4*93
Train/throwing discus/38Su88kpRXo_000003_000013.mp4*93
Train/throwing discus/zG6Ix-ufNaw_000037_000047.mp4*93
Train/throwing discus/QSv_lXqXOyk_000006_000016.mp4*93
Train/throwing discus/FWf6fUZMGjU_000000_000010.mp4*93
Train/throwing discus/w7t2x3j1O8E_000000_000010.mp4*93
Train/throwing discus/GlmxKdu8bXw_000007_000017.mp4*93
Train/throwing discus/jrLj4QJQDmg_000000_000010.mp4*93
Train/throwing discus/vslJSnjM_4g_000013_000023.mp4*93
Train/throwing discus/gS8opZq-i5I_000008_000018.mp4*93
Train/throwing discus/Xy_cY6WM6bk_000003_000013.mp4*93
Train/throwing discus/ssqfv1nVE_8_000015_000025.mp4*93
Train/tobogganing/7XAm3ZlJEoc_000004_000014.mp4*94
Train/tobogganing/UWVtxs5GVQk_000003_000013.mp4*94
Train/tobogganing/c1bM6KjGuos_000068_000078.mp4*94
Train/tobogganing/5erJDrGp2UQ_000002_000012.mp4*94
Train/tobogganing/WoTi1VkupD8_000008_000018.mp4*94
Train/tobogganing/Dq4PksZS1VE_000001_000011.mp4*94
Train/tobogganing/Wi06iNptQzA_000007_000017.mp4*94
Train/tobogganing/10f1iPrYFeU_000000_000010.mp4*94
Train/tobogganing/ub1bzjmPdOY_000030_000040.mp4*94
Train/tobogganing/uqLu8Xf0jvk_000016_000026.mp4*94
Train/tobogganing/o3t39bvTkxs_000002_000012.mp4*94
Train/tobogganing/kgJPbRSkdtw_000001_000011.mp4*94
Train/tobogganing/rqdnagA7Dh4_000010_000020.mp4*94
Train/tobogganing/WVvizVdJsA8_000002_000012.mp4*94
Train/tobogganing/1Wm3x_k7gqs_000109_000119.mp4*94
Train/tobogganing/ZfsWAPzJLeg_000008_000018.mp4*94
Train/tobogganing/0IGYuM9QIUQ_000004_000014.mp4*94
Train/tobogganing/MH1HUeiIVNI_000009_000019.mp4*94
Train/tobogganing/BCg80Xw9axI_000003_000013.mp4*94
Train/walking the dog/AGXfIssaIQ0_000006_000016.mp4*95
Train/walking the dog/OATDscC9U7s_000217_000227.mp4*95
Train/walking the dog/2K3seca9MBM_000011_000021.mp4*95
Train/walking the dog/2BMZLwgMQ3M_000013_000023.mp4*95
Train/walking the dog/1z12gQAKBzA_000065_000075.mp4*95
Train/walking the dog/hTUeqOARiQg_000011_000021.mp4*95
Train/walking the dog/P6RJjmZIKhE_000689_000699.mp4*95
Train/walking the dog/LwrpOR8Cnp0_000000_000010.mp4*95
Train/walking the dog/npm-UwjDUYg_000004_000014.mp4*95
Train/walking the dog/Q1xbld5y9o0_000003_000013.mp4*95
Train/walking the dog/YIoVrakZXHE_000056_000066.mp4*95
Train/walking the dog/aT9dWWEGtKQ_000051_000061.mp4*95
Train/walking the dog/XHRRaz3DCa8_000002_000012.mp4*95
Train/walking the dog/5V-MvyiIVVg_000000_000010.mp4*95
Train/walking the dog/TG9F1-TBEIQ_000006_000016.mp4*95
Train/walking the dog/TURoI74mpis_000009_000019.mp4*95
Train/walking the dog/FoGgXHMq7zA_000046_000056.mp4*95
Train/washing dishes/owJxGoT0eLA_000036_000046.mp4*96
Train/washing dishes/4G_b7m33lic_000111_000121.mp4*96
Train/washing dishes/eJe56tB6JSg_000027_000037.mp4*96
Train/washing dishes/eXu3Dv5Sy4g_000034_000044.mp4*96
Train/washing dishes/_gLNQ0e8vus_000004_000014.mp4*96
Train/washing dishes/8NkYwmG2vTs_000504_000514.mp4*96
Train/washing dishes/Aedciaa6hIs_000003_000013.mp4*96
Train/washing dishes/LDy-oO60dhI_000004_000014.mp4*96
Train/washing dishes/CJKwvmOuhJk_000002_000012.mp4*96
Train/washing dishes/K4jxB28HhwE_000002_000012.mp4*96
Train/washing dishes/OOSy-JtLNQ0_000022_000032.mp4*96
Train/washing dishes/hu92TOy1YVE_000011_000021.mp4*96
Train/washing dishes/Nl1W4Ma0vjY_000053_000063.mp4*96
Train/washing dishes/_0RzhPc9fG4_000021_000031.mp4*96
Train/washing dishes/j5WsfJwcmek_000086_000096.mp4*96
Train/washing dishes/C6LPc3sopE4_000066_000076.mp4*96
Train/windsurfing/RLC0Keh-_GU_000096_000106.mp4*97
Train/windsurfing/2WKlABJN2_M_000017_000027.mp4*97
Train/windsurfing/n1cdTv4reuU_000003_000013.mp4*97
Train/windsurfing/IRd2RKjhPuQ_000322_000332.mp4*97
Train/windsurfing/ncg8dhg5IYo_000127_000137.mp4*97
Train/windsurfing/nud2pLSjQrk_000003_000013.mp4*97
Train/windsurfing/ErOmjjRP9TQ_000077_000087.mp4*97
Train/windsurfing/B2Kh0Cq1muo_000024_000034.mp4*97
Train/windsurfing/A4kMemVpdkA_000233_000243.mp4*97
Train/windsurfing/bcO-kdePjLs_000002_000012.mp4*97
Train/windsurfing/T3ve7_hTrfo_000004_000014.mp4*97
Train/windsurfing/a05mWWkGue0_000109_000119.mp4*97
Train/windsurfing/dktOIbR9O3U_000253_000263.mp4*97
Train/windsurfing/fHalVe3IISc_000007_000017.mp4*97
Train/windsurfing/sQqgusC-Vnk_000087_000097.mp4*97
Train/windsurfing/WIffVtt2W9M_000001_000011.mp4*97
Train/windsurfing/FMrKfWN_Ex0_000013_000023.mp4*97
Train/windsurfing/4ICCY1Rsurg_000174_000184.mp4*97
Train/yoga/BBcAwp-CleY_000017_000027.mp4*98
Train/yoga/LLPPBOy_f6o_000186_000196.mp4*98
Train/yoga/ID6BzOh4VIA_000042_000052.mp4*98
Train/yoga/gwS5boHrTyE_000038_000048.mp4*98
Train/yoga/UT5_PsbR2ww_000870_000880.mp4*98
Train/yoga/zH7UItdk-iM_000068_000078.mp4*98
Train/yoga/5L2_Nip4kwA_000164_000174.mp4*98
Train/yoga/lpgGqyStQHc_000121_000131.mp4*98
Train/yoga/sc8UVWUkmL0_000138_000148.mp4*98
Train/yoga/nRjNy8V0ubY_000031_000041.mp4*98
Train/yoga/Pvf6OVwjNk4_000036_000046.mp4*98
Train/yoga/cRShZeb75sU_000111_000121.mp4*98
Train/yoga/zE-0p6dGfSI_000083_000093.mp4*98
Train/yoga/nSmNFs4U9GU_000006_000016.mp4*98
Train/yoga/TblUIW_eRa4_000010_000020.mp4*98
Train/zumba/HfIl-JSHcSc_000021_000031.mp4*99
Train/zumba/0VFxBFD3MWg_000000_000010.mp4*99
Train/zumba/2g_XZXqVdNQ_000178_000188.mp4*99
Train/zumba/0zE2a0dDRRk_000059_000069.mp4*99
Train/zumba/BspRgVbxOYY_000174_000184.mp4*99
Train/zumba/YgolPi1OFXE_000002_000012.mp4*99
Train/zumba/EDaCHr1yRvc_000005_000015.mp4*99
Train/zumba/mdmvFI-__5g_000110_000120.mp4*99
Train/zumba/WEQk_ul7mQg_000036_000046.mp4*99
Train/zumba/3OKcjEaelEs_000003_000013.mp4*99
Train/zumba/bMJ0eEvoAGo_000062_000072.mp4*99
Train/zumba/bhPmXuMbwyA_000187_000197.mp4*99
Train/zumba/vG-KeaKrZRQ_000177_000187.mp4*99
Train/zumba/mNk0WDKpWa0_000002_000012.mp4*99
Train/zumba/MFym0oPBRck_000210_000220.mp4*99
Train/zumba/xo_FaWuIbpc_000024_000034.mp4*99
Train/zumba/71VG1CV5HXc_000072_000082.mp4*99
