Train/abseiling/BuG_Bx-af_Y_000039_000049.mp4*0
Train/abseiling/6Z1QjwtRWjI_000020_000030.mp4*0
Train/abseiling/qESYQ21cVPg_000219_000229.mp4*0
Train/abseiling/5jB9jPrhIho_000159_000169.mp4*0
Train/abseiling/-tAjeaPhi5s_000026_000036.mp4*0
Train/abseiling/hMevKxHva4c_000178_000188.mp4*0
Train/abseiling/ARe0QmAVjLw_000004_000014.mp4*0
Train/abseiling/yR8un3WBsrg_000104_000114.mp4*0
Train/abseiling/gyXwcxjFgvA_000025_000035.mp4*0
Train/abseiling/fAZxq-1K6wI_000022_000032.mp4*0
Train/abseiling/B6rrp-J9AJ8_000199_000209.mp4*0
Train/abseiling/o1iX2jQeGcI_000057_000067.mp4*0
Train/abseiling/6QGz7WGjzP4_000021_000031.mp4*0
Train/abseiling/v1tjd9mUfys_000075_000085.mp4*0
Train/abseiling/nNc_9u_1Ck8_000014_000024.mp4*0
Train/abseiling/olceUCYhL2M_000467_000477.mp4*0
Train/abseiling/HSXK0yNjed4_000043_000053.mp4*0
Train/abseiling/wU3tMhvk89k_000018_000028.mp4*0
Train/abseiling/2SRJgIEtZVs_000239_000249.mp4*0
Train/abseiling/LwNYFF5IAPM_000000_000010.mp4*0
Train/abseiling/smxXBHhdmUU_000005_000015.mp4*0
Train/abseiling/a4UOhPiV4QE_000675_000685.mp4*0
Train/abseiling/X2DbNF9YNjs_000177_000187.mp4*0
Train/abseiling/VPoJCV8euCg_000001_000011.mp4*0
Train/abseiling/Bj1m0iTbowA_000042_000052.mp4*0
Train/abseiling/tcZ_hFy0T6I_000093_000103.mp4*0
Train/abseiling/r-E5RfA3u38_000086_000096.mp4*0
Train/abseiling/YuDwH4AyNww_000136_000146.mp4*0
Train/abseiling/hRVR9qDGKnk_000125_000135.mp4*0
Train/abseiling/h3GlX3CEewQ_000031_000041.mp4*0
Train/abseiling/CK7DjZd4rdQ_000029_000039.mp4*0
Train/abseiling/QM-MfYp1xCc_000051_000061.mp4*0
Train/abseiling/Wv69wJJjAcs_000012_000022.mp4*0
Train/abseiling/2lujXIXQIg0_000052_000062.mp4*0
Train/abseiling/wcRuXrduj6Q_000096_000106.mp4*0
Train/abseiling/G5TxM5aTvhU_000032_000042.mp4*0
Train/abseiling/CQfGgWzTJak_000026_000036.mp4*0
Train/abseiling/LY02AE6XK5I_000381_000391.mp4*0
Train/abseiling/4VvQtg9lRK8_000186_000196.mp4*0
Train/abseiling/2YFIND4tXCc_000002_000012.mp4*0
Train/abseiling/5QSuGYOs6gs_000072_000082.mp4*0
Train/abseiling/7GOB1u0scWw_000426_000436.mp4*0
Train/abseiling/TjDjwzUymq8_000338_000348.mp4*0
Train/abseiling/c-Clk49UPVw_000091_000101.mp4*0
Train/abseiling/YLuGVVV7bS4_000042_000052.mp4*0
Train/abseiling/gdr8ccWm9J0_000070_000080.mp4*0
Train/abseiling/Z9CQYckIIls_000057_000067.mp4*0
Train/abseiling/3xZcUCuw1Bg_000332_000342.mp4*0
Train/abseiling/Z1dAQvR4hSc_000140_000150.mp4*0
Train/abseiling/vuYkyUoqvYA_000324_000334.mp4*0
Train/abseiling/6vxPOSVjr0U_000047_000057.mp4*0
Train/abseiling/I2h-vBBFfak_000357_000367.mp4*0
Train/abseiling/e_Q667WGYr0_000134_000144.mp4*0
Train/abseiling/D-FB9nUwyZs_000543_000553.mp4*0
Train/abseiling/mfb4WOfIb2Y_000201_000211.mp4*0
Train/abseiling/8t6dOn1mm5g_000303_000313.mp4*0
Train/abseiling/OC4UGXf9Qgc_000121_000131.mp4*0
Train/abseiling/zXl1dDql0WE_000001_000011.mp4*0
Train/abseiling/qOfQG6ncIDQ_002907_002917.mp4*0
Train/abseiling/Of-vXWwD2_w_000039_000049.mp4*0
Train/abseiling/zP7onZWTnE0_000077_000087.mp4*0
Train/abseiling/SBwGIDrxHLQ_000018_000028.mp4*0
Train/abseiling/LOeu4FXBId0_000002_000012.mp4*0
Train/abseiling/MyC1_iI7MHI_000007_000017.mp4*0
Train/abseiling/15z2zWbH65Y_000092_000102.mp4*0
Train/abseiling/WIGiK4kIqCM_000301_000311.mp4*0
Train/abseiling/hJyyw6xYhPM_000022_000032.mp4*0
Train/abseiling/spVb3RSFkTg_000126_000136.mp4*0
Train/abseiling/hCXYm8bTYgM_000027_000037.mp4*0
Train/abseiling/kGomAlkQook_000521_000531.mp4*0
Train/abseiling/Dgm4OV7de_E_000011_000021.mp4*0
Train/abseiling/jOMaBGcMSqU_000006_000016.mp4*0
Train/abseiling/GPCeg27RHhQ_000047_000057.mp4*0
Train/abseiling/Kw9K1in0oiM_000000_000010.mp4*0
Train/abseiling/pDIgBK_KbQU_000036_000046.mp4*0
Train/abseiling/XE6TXuGl9z0_000159_000169.mp4*0
Train/abseiling/K2b-mOPWebA_000205_000215.mp4*0
Train/abseiling/P5oXC9wqvTo_000099_000109.mp4*0
Train/abseiling/CV5t15nwJ9g_000189_000199.mp4*0
Train/abseiling/_HVO2_ZrJno_000048_000058.mp4*0
Train/abseiling/BFb0kYrzJhQ_000149_000159.mp4*0
Train/abseiling/yn-LobvubfI_000086_000096.mp4*0
Train/abseiling/hbU9ysARd3k_000002_000012.mp4*0
Train/abseiling/qDkfOLCioGs_000036_000046.mp4*0
Train/abseiling/ymJb6tW5_BE_000477_000487.mp4*0
Train/abseiling/ABVY2X5gybE_000210_000220.mp4*0
Train/abseiling/SoXfjruecGM_000016_000026.mp4*0
Train/abseiling/0FsbjTIrBqw_000286_000296.mp4*0
Train/abseiling/iVn9-qQXlzw_000072_000082.mp4*0
Train/abseiling/ddJ_Y9ZleAo_000027_000037.mp4*0
Train/abseiling/w2TO-iI8prw_000077_000087.mp4*0
Train/abseiling/IFrFOmnamHw_000042_000052.mp4*0
Train/abseiling/wexhJsq5gfI_000439_000449.mp4*0
Train/abseiling/i5lA7cQXtPE_000010_000020.mp4*0
Train/abseiling/yBEJ_4e1-7M_000005_000015.mp4*0
Train/blowing out candles/sA1YaLHbWYI_000026_000036.mp4*1
Train/blowing out candles/A4uvbs4WMl8_000001_000011.mp4*1
Train/blowing out candles/FE6m_q7fwpY_000003_000013.mp4*1
Train/blowing out candles/1dtRND8EOsw_000012_000022.mp4*1
Train/blowing out candles/SHvECSuAVcs_000143_000153.mp4*1
Train/blowing out candles/3BxOGKVZ7lQ_000055_000065.mp4*1
Train/blowing out candles/D7TBMUohezI_000010_000020.mp4*1
Train/blowing out candles/bdLok9YLeMs_000029_000039.mp4*1
Train/blowing out candles/6AWh1i6cqJY_000023_000033.mp4*1
Train/blowing out candles/yIgjrTM0dEE_000000_000010.mp4*1
Train/blowing out candles/iWQyQDkrj1c_000019_000029.mp4*1
Train/blowing out candles/EX2q0yjhhME_000027_000037.mp4*1
Train/blowing out candles/PmHGCwR8Gzk_000001_000011.mp4*1
Train/blowing out candles/EBcXxCx8JeQ_000062_000072.mp4*1
Train/blowing out candles/kgM_Mgpgvo0_000000_000010.mp4*1
Train/blowing out candles/OanA-rxqLRw_000023_000033.mp4*1
Train/blowing out candles/VnXImnXdW1Y_000005_000015.mp4*1
Train/blowing out candles/V1Yd0fpTD4Q_000027_000037.mp4*1
Train/blowing out candles/YaHAdyScqGg_000016_000026.mp4*1
Train/blowing out candles/i3W3uLZN5Hg_000002_000012.mp4*1
Train/blowing out candles/CNE_1ReQYq0_000001_000011.mp4*1
Train/blowing out candles/2sMZVvVIfYk_000002_000012.mp4*1
Train/blowing out candles/BqUzczoFPxs_000031_000041.mp4*1
Train/blowing out candles/XVqXlN87v0w_000010_000020.mp4*1
Train/blowing out candles/l1J9wp0WajU_000001_000011.mp4*1
Train/blowing out candles/mnDRof1QGXE_000029_000039.mp4*1
Train/blowing out candles/zZhOOYUexNY_000015_000025.mp4*1
Train/blowing out candles/IK2Qr9MulrE_000000_000010.mp4*1
Train/blowing out candles/3Uss5ICqR4k_000014_000024.mp4*1
Train/blowing out candles/3ourSwkq790_000003_000013.mp4*1
Train/blowing out candles/UoXJXPRxcEw_000003_000013.mp4*1
Train/blowing out candles/pLA0kputAWI_000000_000010.mp4*1
Train/blowing out candles/I25QGuIEZ5U_000058_000068.mp4*1
Train/blowing out candles/6hKe5ey9Ilw_000031_000041.mp4*1
Train/blowing out candles/wuisQ6zhAPc_000041_000051.mp4*1
Train/blowing out candles/uYtYW4470qA_000008_000018.mp4*1
Train/blowing out candles/0Dbqyd-mHVk_000004_000014.mp4*1
Train/blowing out candles/JZ_R49QkLGI_000003_000013.mp4*1
Train/blowing out candles/r4eRhrE14Tk_000008_000018.mp4*1
Train/blowing out candles/59WJ7T7Lma4_000004_000014.mp4*1
Train/blowing out candles/jDr_9jjtRgA_000039_000049.mp4*1
Train/blowing out candles/oFDBkbJm3ss_000002_000012.mp4*1
Train/blowing out candles/jj7TaUBqEtY_000015_000025.mp4*1
Train/blowing out candles/Kq9UKJsdfIA_000033_000043.mp4*1
Train/blowing out candles/pndwMdVb58E_000027_000037.mp4*1
Train/blowing out candles/NpMiUokxx2E_000002_000012.mp4*1
Train/blowing out candles/w-NH84rAMEo_000022_000032.mp4*1
Train/blowing out candles/B9TaETbM8Ek_000042_000052.mp4*1
Train/blowing out candles/4ysoD3rkR8o_000004_000014.mp4*1
Train/blowing out candles/cvT0g_0zW10_000012_000022.mp4*1
Train/blowing out candles/WE-ShnssosU_000011_000021.mp4*1
Train/blowing out candles/9VrWiDJzQTc_000024_000034.mp4*1
Train/blowing out candles/AFAGB0KL38s_000012_000022.mp4*1
Train/blowing out candles/wRLyKS9DnFY_000012_000022.mp4*1
Train/blowing out candles/6sHlVwLB59A_000006_000016.mp4*1
Train/blowing out candles/uXwE47ozktY_000032_000042.mp4*1
Train/blowing out candles/znyfOHQMkrY_000020_000030.mp4*1
Train/blowing out candles/7eyqQkvQSic_000015_000025.mp4*1
Train/blowing out candles/EPbgNENIF_0_000028_000038.mp4*1
Train/blowing out candles/9vlCFO23oJA_000000_000010.mp4*1
Train/blowing out candles/vduxobn8S9Y_000002_000012.mp4*1
Train/blowing out candles/eJOTHDajmG4_000033_000043.mp4*1
Train/blowing out candles/6ghIZLpMXcE_000029_000039.mp4*1
Train/blowing out candles/xc-1VMslinA_000051_000061.mp4*1
Train/blowing out candles/zI00HFRkcL4_000014_000024.mp4*1
Train/blowing out candles/aRKX0Ynj29k_000000_000010.mp4*1
Train/blowing out candles/gEtxVslmSQg_000001_000011.mp4*1
Train/blowing out candles/PTizsWBDYlA_000031_000041.mp4*1
Train/blowing out candles/3SFxW8rFGZ0_000024_000034.mp4*1
Train/blowing out candles/sEEE4NzJkqQ_000000_000010.mp4*1
Train/blowing out candles/CgyYR3Kj6mE_000002_000012.mp4*1
Train/blowing out candles/9u6iriKgmC4_000043_000053.mp4*1
Train/blowing out candles/agFkQIaSgFo_000036_000046.mp4*1
Train/blowing out candles/RF43mGNcHJQ_000032_000042.mp4*1
Train/blowing out candles/R1pT-5HdDgc_000012_000022.mp4*1
Train/blowing out candles/eOROwbZbYoA_000017_000027.mp4*1
Train/blowing out candles/7GvjPROKfeA_000018_000028.mp4*1
Train/blowing out candles/HhqI5WPp-Lw_000023_000033.mp4*1
Train/blowing out candles/h1-7vuw_fzY_000002_000012.mp4*1
Train/blowing out candles/uL0iSJ8_rYM_000032_000042.mp4*1
Train/blowing out candles/4WvByQe6DjI_000002_000012.mp4*1
Train/blowing out candles/NlCb-v5tVsI_000018_000028.mp4*1
Train/blowing out candles/MC7O2sZz14w_000054_000064.mp4*1
Train/blowing out candles/kvDQPcZoioY_000001_000011.mp4*1
Train/blowing out candles/Qf27zM3-aSc_000021_000031.mp4*1
Train/blowing out candles/mEhCZIbXKQk_000002_000012.mp4*1
Train/blowing out candles/wQkxJZgZF5o_000001_000011.mp4*1
Train/blowing out candles/Lc2tig7o80Q_000007_000017.mp4*1
Train/blowing out candles/qf46lDe1NhE_000003_000013.mp4*1
Train/blowing out candles/fNL2KnpLTqg_000002_000012.mp4*1
Train/blowing out candles/_Ne3jMDGJ6Y_000000_000010.mp4*1
Train/blowing out candles/k6K1JjOQ7bs_000033_000043.mp4*1
Train/blowing out candles/XU2JCCo2GeU_000017_000027.mp4*1
Train/blowing out candles/jR7yt57Q7SM_000001_000011.mp4*1
Train/blowing out candles/fKLlNGZGD5I_000002_000012.mp4*1
Train/blowing out candles/bflAv-6JqKw_000007_000017.mp4*1
Train/canoeing or kayaking/rIFcxfnIE0s_000047_000057.mp4*2
Train/canoeing or kayaking/LD4FK9zmoGY_000061_000071.mp4*2
Train/canoeing or kayaking/LmxaZQNHrjU_000127_000137.mp4*2
Train/canoeing or kayaking/FhjtVr1TiEg_000215_000225.mp4*2
Train/canoeing or kayaking/ErMZxqUDEhY_000008_000018.mp4*2
Train/canoeing or kayaking/Aam1ZWd0yco_000142_000152.mp4*2
Train/canoeing or kayaking/a-kRx1c0Pt0_000036_000046.mp4*2
Train/canoeing or kayaking/01xWxFyRuzo_000007_000017.mp4*2
Train/canoeing or kayaking/6t_y5cNzGiI_000000_000010.mp4*2
Train/canoeing or kayaking/aieDFiABEG8_000151_000161.mp4*2
Train/canoeing or kayaking/l0sjUvcBIZw_000002_000012.mp4*2
Train/canoeing or kayaking/JYQcefcKVp0_000031_000041.mp4*2
Train/canoeing or kayaking/u8LM1pRM6WY_000036_000046.mp4*2
Train/canoeing or kayaking/7C7d2pAR1Rc_000163_000173.mp4*2
Train/canoeing or kayaking/-1GUNrYsD4Y_000018_000028.mp4*2
Train/canoeing or kayaking/hQYu96tzvyM_000004_000014.mp4*2
Train/canoeing or kayaking/TVNQTL_S3M4_000110_000120.mp4*2
Train/canoeing or kayaking/T_6M2LDtKWA_000001_000011.mp4*2
Train/canoeing or kayaking/quyVXcR25aE_000000_000010.mp4*2
Train/canoeing or kayaking/48kWw5ILF94_000043_000053.mp4*2
Train/canoeing or kayaking/akzm8I8pEso_000037_000047.mp4*2
Train/canoeing or kayaking/0du9K4s6RsY_000014_000024.mp4*2
Train/canoeing or kayaking/cS31gjuSGzM_000018_000028.mp4*2
Train/canoeing or kayaking/xHaoQHlr9A4_000182_000192.mp4*2
Train/canoeing or kayaking/u_fDZwj8gIE_000045_000055.mp4*2
Train/canoeing or kayaking/no4kmuP_NgU_000007_000017.mp4*2
Train/canoeing or kayaking/wsYGc5OZFoU_000000_000010.mp4*2
Train/canoeing or kayaking/u81Vl6NXbGA_000065_000075.mp4*2
Train/canoeing or kayaking/IViNcca_Qug_000287_000297.mp4*2
Train/canoeing or kayaking/jzz5nFuW0Fw_000033_000043.mp4*2
Train/canoeing or kayaking/qg6mz_VAefs_000024_000034.mp4*2
Train/canoeing or kayaking/s2Qd9P2Amaw_000005_000015.mp4*2
Train/canoeing or kayaking/wp8-SxeUNSQ_000036_000046.mp4*2
Train/canoeing or kayaking/uHfBis4LvKA_000001_000011.mp4*2
Train/canoeing or kayaking/Ju2wJxpzA0o_000147_000157.mp4*2
Train/canoeing or kayaking/JlpO30CHKL0_000245_000255.mp4*2
Train/canoeing or kayaking/DC5aIZeFmC0_000058_000068.mp4*2
Train/canoeing or kayaking/TlVuj-crf2M_000060_000070.mp4*2
Train/canoeing or kayaking/K0x8TKviR_s_000161_000171.mp4*2
Train/canoeing or kayaking/_49gtG4Q95c_000381_000391.mp4*2
Train/canoeing or kayaking/3IzV37Qgrl8_000028_000038.mp4*2
Train/canoeing or kayaking/4aMqO3a_T14_000112_000122.mp4*2
Train/canoeing or kayaking/JDTEB4_Ph9k_000294_000304.mp4*2
Train/canoeing or kayaking/0Eks0y1AgnM_000091_000101.mp4*2
Train/canoeing or kayaking/F3znkFotBew_000118_000128.mp4*2
Train/canoeing or kayaking/heQgb47TdCo_000010_000020.mp4*2
Train/canoeing or kayaking/RnxvOhpGbXI_000474_000484.mp4*2
Train/canoeing or kayaking/XR5VODnVK-c_000077_000087.mp4*2
Train/canoeing or kayaking/mwCXzrPQtGo_000075_000085.mp4*2
Train/canoeing or kayaking/DCOXYvmtLSc_000058_000068.mp4*2
Train/canoeing or kayaking/XzLTSyyQEDg_000580_000590.mp4*2
Train/canoeing or kayaking/H32xXd0X2Bc_000156_000166.mp4*2
Train/canoeing or kayaking/l6ECiER1aZ4_000271_000281.mp4*2
Train/canoeing or kayaking/jZLPxmd2IRA_001006_001016.mp4*2
Train/canoeing or kayaking/7EJKFAZikwg_000033_000043.mp4*2
Train/canoeing or kayaking/f_nlVEGcLuk_000040_000050.mp4*2
Train/canoeing or kayaking/F-K95f8Vt-s_000070_000080.mp4*2
Train/canoeing or kayaking/-DgkEfCpQrI_000010_000020.mp4*2
Train/canoeing or kayaking/ZSxvLso-I-4_000007_000017.mp4*2
Train/canoeing or kayaking/8JYUoPSw9ug_000125_000135.mp4*2
Train/canoeing or kayaking/tbE0q1VYGZ8_000008_000018.mp4*2
Train/canoeing or kayaking/DOLQOtoZOJo_000002_000012.mp4*2
Train/canoeing or kayaking/gRmRAdBARrU_000000_000010.mp4*2
Train/canoeing or kayaking/FqVEvNocKTA_000203_000213.mp4*2
Train/canoeing or kayaking/mwCMXviEpJc_000033_000043.mp4*2
Train/canoeing or kayaking/6tUXTDcMJ-Y_000009_000019.mp4*2
Train/canoeing or kayaking/dickmMsmXU8_000023_000033.mp4*2
Train/canoeing or kayaking/WaBsXI5yuIo_000057_000067.mp4*2
Train/canoeing or kayaking/RE84DMyMtME_000043_000053.mp4*2
Train/canoeing or kayaking/xlC1mN-8KJY_000028_000038.mp4*2
Train/canoeing or kayaking/LEwUL9AU290_000079_000089.mp4*2
Train/canoeing or kayaking/25FC-XWrZFc_000000_000010.mp4*2
Train/canoeing or kayaking/iScHyn7AQa4_000075_000085.mp4*2
Train/canoeing or kayaking/4okqbbZneos_000059_000069.mp4*2
Train/canoeing or kayaking/QwMxHf-aSSE_000038_000048.mp4*2
Train/canoeing or kayaking/IAs-nOZlb0M_000074_000084.mp4*2
Train/canoeing or kayaking/F4fJH1ClLfU_000038_000048.mp4*2
Train/canoeing or kayaking/J72iJQxg0Eo_000104_000114.mp4*2
Train/canoeing or kayaking/IxHGc-pGMSI_000040_000050.mp4*2
Train/canoeing or kayaking/7AgZUmQsAjs_000046_000056.mp4*2
Train/canoeing or kayaking/Mmh6R4Sc3x8_000002_000012.mp4*2
Train/canoeing or kayaking/6na5nOlAaQQ_000039_000049.mp4*2
Train/canoeing or kayaking/xBoyhebeurY_000004_000014.mp4*2
Train/canoeing or kayaking/EoNkzxYI-20_000019_000029.mp4*2
Train/canoeing or kayaking/AbhMnkGccnc_000000_000010.mp4*2
Train/canoeing or kayaking/do_4-jhNekc_000085_000095.mp4*2
Train/canoeing or kayaking/2wPTAo-bK6E_000039_000049.mp4*2
Train/canoeing or kayaking/sVs-_SpUGyc_000074_000084.mp4*2
Train/canoeing or kayaking/ZzaDDKQImTs_000038_000048.mp4*2
Train/canoeing or kayaking/LisCYFG9Nfg_000015_000025.mp4*2
Train/canoeing or kayaking/jg6TfCRjTMk_000441_000451.mp4*2
Train/canoeing or kayaking/oheYiIaTG9s_000029_000039.mp4*2
Train/canoeing or kayaking/OOjIFUik7Xc_000117_000127.mp4*2
Train/canoeing or kayaking/cVtzqLTxwtk_000071_000081.mp4*2
Train/canoeing or kayaking/KYuj5gDnQSM_000002_000012.mp4*2
Train/canoeing or kayaking/nXnpj_b7Piw_000003_000013.mp4*2
Train/canoeing or kayaking/ECIAVHwUK6Q_000225_000235.mp4*2
Train/crawling baby/mnV7fmRQnXY_000018_000028.mp4*3
Train/crawling baby/E6cP58N_qcA_000021_000031.mp4*3
Train/crawling baby/bZrDGc-JVrI_000142_000152.mp4*3
Train/crawling baby/6MLNXhxuAIM_000070_000080.mp4*3
Train/crawling baby/XJlVN-RxUPk_000024_000034.mp4*3
Train/crawling baby/XqhMVZ2UFtQ_000004_000014.mp4*3
Train/crawling baby/USKKkew1000_000000_000010.mp4*3
Train/crawling baby/SHOPbBjZGXM_000002_000012.mp4*3
Train/crawling baby/BYSw3-O_zLo_000022_000032.mp4*3
Train/crawling baby/UtoM8JXA6F4_000000_000010.mp4*3
Train/crawling baby/2-FFOlSxxfA_000047_000057.mp4*3
Train/crawling baby/YU44AtzAOT0_000012_000022.mp4*3
Train/crawling baby/OrJvsHWnEEo_000032_000042.mp4*3
Train/crawling baby/q5WXeAfzvfI_000094_000104.mp4*3
Train/crawling baby/2nUAz3xdnZ8_000037_000047.mp4*3
Train/crawling baby/UFTQutq2ip8_000058_000068.mp4*3
Train/crawling baby/rHxzRO9mWhA_000075_000085.mp4*3
Train/crawling baby/W8uosByt9Mk_000025_000035.mp4*3
Train/crawling baby/xNfPFIuK8SA_000007_000017.mp4*3
Train/crawling baby/6KxeHXVzAJk_000028_000038.mp4*3
Train/crawling baby/CL5AAaucq4A_000022_000032.mp4*3
Train/crawling baby/OGXGkDR9-ZY_000003_000013.mp4*3
Train/crawling baby/7Uo8k1gL8e4_000011_000021.mp4*3
Train/crawling baby/9Sa20NtqDLw_000011_000021.mp4*3
Train/crawling baby/YD04k1JXxv8_000001_000011.mp4*3
Train/crawling baby/Z2-26WyMLbE_000012_000022.mp4*3
Train/crawling baby/fYxrBcSQUm0_000007_000017.mp4*3
Train/crawling baby/u9GVNkw-xiA_000002_000012.mp4*3
Train/crawling baby/D9PFhf5jsYU_000001_000011.mp4*3
Train/crawling baby/JPCtGTvJxVk_000000_000010.mp4*3
Train/crawling baby/EgOrxth6vFM_000013_000023.mp4*3
Train/crawling baby/w_ZLcPoHrl0_000046_000056.mp4*3
Train/crawling baby/HD6lsKV3W-o_000026_000036.mp4*3
Train/crawling baby/sGu7RT4b4WM_000052_000062.mp4*3
Train/crawling baby/GbBdTtKMB1M_000080_000090.mp4*3
Train/crawling baby/Y4FFc3C_nws_000011_000021.mp4*3
Train/crawling baby/-rQ7VuDY66w_000000_000010.mp4*3
Train/crawling baby/SuXDCX4x0H4_000028_000038.mp4*3
Train/crawling baby/w20_n8-sMfo_000047_000057.mp4*3
Train/crawling baby/Zi1DfzeAkSw_000008_000018.mp4*3
Train/crawling baby/3TZauxIPxiU_000010_000020.mp4*3
Train/crawling baby/cY9yQSAe1a0_000058_000068.mp4*3
Train/crawling baby/BNNrAhQ6KFY_000000_000010.mp4*3
Train/crawling baby/3ykh3gq7NdA_000055_000065.mp4*3
Train/crawling baby/U526hqoPJcE_000041_000051.mp4*3
Train/crawling baby/rqeMz21ias4_000025_000035.mp4*3
Train/crawling baby/AKq0hFkbbUE_000256_000266.mp4*3
Train/crawling baby/QaMUMCH8el0_000002_000012.mp4*3
Train/crawling baby/-rneUdOiOAc_000046_000056.mp4*3
Train/crawling baby/Xmz1nNghgFY_000018_000028.mp4*3
Train/crawling baby/1pzj82LhUGc_000025_000035.mp4*3
Train/crawling baby/DL4rMti5ZG4_000017_000027.mp4*3
Train/crawling baby/Pv5-txE8iHs_000065_000075.mp4*3
Train/crawling baby/tjuTqJP-dsA_000000_000010.mp4*3
Train/crawling baby/OiEvl_d5u9s_000010_000020.mp4*3
Train/crawling baby/Z4DMHDow4QQ_000000_000010.mp4*3
Train/crawling baby/zc1rMnn0i-g_000045_000055.mp4*3
Train/crawling baby/QmltrEWSnyE_000030_000040.mp4*3
Train/crawling baby/FgqaZXaFYHY_000087_000097.mp4*3
Train/crawling baby/aBU3YJlRVog_000032_000042.mp4*3
Train/crawling baby/kOZ-IOsD4po_000022_000032.mp4*3
Train/crawling baby/tSzaaUvNK8o_000052_000062.mp4*3
Train/crawling baby/jIh2US-aduQ_000015_000025.mp4*3
Train/crawling baby/B3E3CZedNKA_000003_000013.mp4*3
Train/crawling baby/qHrS_ta3Yq8_000011_000021.mp4*3
Train/crawling baby/zNAamYJ2dds_000028_000038.mp4*3
Train/crawling baby/tjbYWDchMXU_000040_000050.mp4*3
Train/crawling baby/DZtV0bBurgE_000001_000011.mp4*3
Train/crawling baby/5Si7Vv_7NFM_000008_000018.mp4*3
Train/crawling baby/mX-vHjcMdKk_000012_000022.mp4*3
Train/crawling baby/DX23Aawi8Yk_000080_000090.mp4*3
Train/crawling baby/Wwkkk9jEkg8_000016_000026.mp4*3
Train/crawling baby/0PL3ioahHLo_000149_000159.mp4*3
Train/crawling baby/nUScAxsvyF0_000033_000043.mp4*3
Train/crawling baby/pwKhTobSsfM_000000_000010.mp4*3
Train/crawling baby/84M_QTwT49c_000018_000028.mp4*3
Train/crawling baby/vuN9e87ejLA_000054_000064.mp4*3
Train/crawling baby/j9n0QTpmfXc_000001_000011.mp4*3
Train/crawling baby/eVT_5FuOIjI_000023_000033.mp4*3
Train/crawling baby/lu12y0w6Ogk_000042_000052.mp4*3
Train/crawling baby/iqnfax-KFfU_000025_000035.mp4*3
Train/crawling baby/8oDRP3fiuFI_000071_000081.mp4*3
Train/crawling baby/OJteuqJ8Rpo_000020_000030.mp4*3
Train/crawling baby/nMJluDgBdU8_000000_000010.mp4*3
Train/crawling baby/SC430ow0VHg_000036_000046.mp4*3
Train/crawling baby/YxBw3KFHWmg_000005_000015.mp4*3
Train/crawling baby/L_Ki-_-3WX8_000001_000011.mp4*3
Train/crawling baby/Ml26xsFoAzA_000027_000037.mp4*3
Train/crawling baby/kgNMNRdPWZ0_000032_000042.mp4*3
Train/crawling baby/v2ZU1bJ3Q4U_000021_000031.mp4*3
Train/crawling baby/wZtNcqbReAs_000027_000037.mp4*3
Train/crawling baby/0yE0HsnCg5Y_000020_000030.mp4*3
Train/crawling baby/01Bp7-nCijA_000003_000013.mp4*3
Train/crawling baby/JtNE-ZlzOE8_000075_000085.mp4*3
Train/crawling baby/VsOFjKtS0m4_000039_000049.mp4*3
Train/eating spaghetti/hLPd3VWyAus_000007_000017.mp4*4
Train/eating spaghetti/LBZCmW-daoc_000033_000043.mp4*4
Train/eating spaghetti/0AisbPBEq-c_000003_000013.mp4*4
Train/eating spaghetti/IA-inrHdo3w_000053_000063.mp4*4
Train/eating spaghetti/UQWXaQoHPDE_000003_000013.mp4*4
Train/eating spaghetti/nPUYMlVPSVY_000131_000141.mp4*4
Train/eating spaghetti/bzKJu3Pu6Pc_000000_000010.mp4*4
Train/eating spaghetti/Dk9Oh5cZTo8_000022_000032.mp4*4
Train/eating spaghetti/BE5vR_3l91c_000078_000088.mp4*4
Train/eating spaghetti/oURkk8xc11E_000018_000028.mp4*4
Train/eating spaghetti/wuA90nXuKfU_000211_000221.mp4*4
Train/eating spaghetti/i4sBp6CRnx0_000003_000013.mp4*4
Train/eating spaghetti/1xU_iWP7ArU_000007_000017.mp4*4
Train/eating spaghetti/Se_MDmsoW7g_000005_000015.mp4*4
Train/eating spaghetti/yIGn8p9wFHU_000016_000026.mp4*4
Train/eating spaghetti/xXVgV4Qckek_000017_000027.mp4*4
Train/eating spaghetti/veFZ0teZPX8_000017_000027.mp4*4
Train/eating spaghetti/R0KwgOU6YAY_000001_000011.mp4*4
Train/eating spaghetti/nvEjGNeCDCA_000003_000013.mp4*4
Train/eating spaghetti/Xp9CJZ7dp_A_000000_000010.mp4*4
Train/eating spaghetti/PMOdCcxpkng_000029_000039.mp4*4
Train/eating spaghetti/XKQcxQ0HpoY_000004_000014.mp4*4
Train/eating spaghetti/ogSt9z3pvWA_000000_000010.mp4*4
Train/eating spaghetti/ftyKcZJSPnQ_000027_000037.mp4*4
Train/eating spaghetti/vV7iET6kgZY_000001_000011.mp4*4
Train/eating spaghetti/evl1d4oB3d4_000111_000121.mp4*4
Train/eating spaghetti/o83E2FENA0k_000022_000032.mp4*4
Train/eating spaghetti/oWxEh6UExmU_000049_000059.mp4*4
Train/eating spaghetti/5QrlneL48GU_000068_000078.mp4*4
Train/eating spaghetti/0uay8Sbzn8E_000078_000088.mp4*4
Train/eating spaghetti/yosZOWegbmY_000031_000041.mp4*4
Train/eating spaghetti/8uBN5MbY1WQ_000003_000013.mp4*4
Train/eating spaghetti/YWXLf1sfUFc_000023_000033.mp4*4
Train/eating spaghetti/-skUKi4ItkA_000012_000022.mp4*4
Train/eating spaghetti/Hi94QsIEZXQ_000140_000150.mp4*4
Train/eating spaghetti/Bz2dxj4LfVU_000008_000018.mp4*4
Train/eating spaghetti/Yy896FK9LmQ_000012_000022.mp4*4
Train/eating spaghetti/1ttEmkw-uqw_000072_000082.mp4*4
Train/eating spaghetti/F-tJw9bIlPQ_000100_000110.mp4*4
Train/eating spaghetti/91AZKeX5huU_000027_000037.mp4*4
Train/eating spaghetti/QWJvb69f5m8_000000_000010.mp4*4
Train/eating spaghetti/-4CxOUPL6o4_000049_000059.mp4*4
Train/eating spaghetti/cdCpa8lNMtQ_000007_000017.mp4*4
Train/eating spaghetti/8uZI8Mqc7cs_000058_000068.mp4*4
Train/eating spaghetti/8RH8JsQ1pEo_000026_000036.mp4*4
Train/eating spaghetti/KYQncmbG47U_000017_000027.mp4*4
Train/eating spaghetti/yOVcYCFyVsc_000036_000046.mp4*4
Train/eating spaghetti/TjYj4DKfeWQ_000001_000011.mp4*4
Train/eating spaghetti/J2Xb1nF4dkM_000022_000032.mp4*4
Train/eating spaghetti/g6orzBmkjNc_000195_000205.mp4*4
Train/eating spaghetti/NeU9evcCaV8_000001_000011.mp4*4
Train/eating spaghetti/i4x3CivSjRU_000035_000045.mp4*4
Train/eating spaghetti/qK5n4UtfnoU_000087_000097.mp4*4
Train/eating spaghetti/7DFwr_5neqk_000002_000012.mp4*4
Train/eating spaghetti/FqPHCn6NmsE_000002_000012.mp4*4
Train/eating spaghetti/B-1ndmyfMZc_000200_000210.mp4*4
Train/eating spaghetti/NiaYP69gqOw_000044_000054.mp4*4
Train/eating spaghetti/yKULqRDcUrM_000053_000063.mp4*4
Train/eating spaghetti/zasu59f0go0_000033_000043.mp4*4
Train/eating spaghetti/4Gf_8BKZENI_000002_000012.mp4*4
Train/eating spaghetti/LjB-lyfkVxY_000000_000010.mp4*4
Train/eating spaghetti/3yh7NSHqh50_000016_000026.mp4*4
Train/eating spaghetti/rSWDVQqh_Qg_000354_000364.mp4*4
Train/eating spaghetti/u_alnaJUHdc_000023_000033.mp4*4
Train/eating spaghetti/MlAA-gnJJQo_000025_000035.mp4*4
Train/eating spaghetti/omRHgNnhODg_000009_000019.mp4*4
Train/eating spaghetti/znbaEsoAz0o_000077_000087.mp4*4
Train/eating spaghetti/s2t3VI_7y-Y_000004_000014.mp4*4
Train/eating spaghetti/MSaJFtYhvWw_000024_000034.mp4*4
Train/eating spaghetti/W3WnlAEeXnw_000015_000025.mp4*4
Train/eating spaghetti/ToFvNww6P8M_000048_000058.mp4*4
Train/eating spaghetti/18TVCQD2etE_000004_000014.mp4*4
Train/eating spaghetti/Qz1Z3qMf3RM_000002_000012.mp4*4
Train/eating spaghetti/A-7Sy7oRhM8_000303_000313.mp4*4
Train/eating spaghetti/oWlE7tqvcpA_000027_000037.mp4*4
Train/eating spaghetti/Y-X1pkI9GhA_000002_000012.mp4*4
Train/eating spaghetti/VIxP13-dk00_000004_000014.mp4*4
Train/eating spaghetti/KT5c7PiQfiQ_000002_000012.mp4*4
Train/eating spaghetti/B5lvRfquRBs_000005_000015.mp4*4
Train/eating spaghetti/KLI7X0RCCTY_000057_000067.mp4*4
Train/eating spaghetti/xHdsw_0Jlnk_000002_000012.mp4*4
Train/eating spaghetti/dRWqekFBH60_000012_000022.mp4*4
Train/eating spaghetti/XHB-JBEDilo_000002_000012.mp4*4
Train/eating spaghetti/EviDskC7Ruw_000054_000064.mp4*4
Train/eating spaghetti/SG3zv-FFoCg_000056_000066.mp4*4
Train/eating spaghetti/uGzRD5YCHL0_000043_000053.mp4*4
Train/eating spaghetti/5g5-CEgjWNA_000005_000015.mp4*4
Train/eating spaghetti/nvUy26Y4TE8_000106_000116.mp4*4
Train/eating spaghetti/1Gk305A7XyE_000052_000062.mp4*4
Train/eating spaghetti/qc79erizAIM_000006_000016.mp4*4
Train/eating spaghetti/sTFae3ZdAws_000033_000043.mp4*4
Train/eating spaghetti/f2l12fBtRLI_000021_000031.mp4*4
Train/eating spaghetti/RwcDf2jviVk_000000_000010.mp4*4
Train/eating spaghetti/xchrVW8D4oc_000113_000123.mp4*4
Train/eating spaghetti/-ZnCh1h0pbo_000009_000019.mp4*4
Train/hammer throw/ahNbcEzFo6E_000076_000086.mp4*5
Train/hammer throw/yh-bkVxMBGI_000005_000015.mp4*5
Train/hammer throw/dVYBBSHUMRU_000009_000019.mp4*5
Train/hammer throw/-ZrTWoa4Duk_000001_000011.mp4*5
Train/hammer throw/okK2Lj8xO6w_000007_000017.mp4*5
Train/hammer throw/uE5o92zMeyE_000035_000045.mp4*5
Train/hammer throw/B_etLbMib10_000003_000013.mp4*5
Train/hammer throw/KMIj2gOX7yg_000067_000077.mp4*5
Train/hammer throw/C7KCfonL7m8_000004_000014.mp4*5
Train/hammer throw/CNaEwBpDBnU_000005_000015.mp4*5
Train/hammer throw/_vPXzqYjI3k_000173_000183.mp4*5
Train/hammer throw/zaW96z_-qTM_000016_000026.mp4*5
Train/hammer throw/n9G8nN0H8kE_000001_000011.mp4*5
Train/hammer throw/inUR2TY2Qv0_000043_000053.mp4*5
Train/hammer throw/wE7JbHPBrCI_000018_000028.mp4*5
Train/hammer throw/d2gpbHSItX4_000003_000013.mp4*5
Train/hammer throw/wYwze0PfL4o_000002_000012.mp4*5
Train/hammer throw/qNKXFbOLotw_000002_000012.mp4*5
Train/hammer throw/lIg52uLXnbU_000003_000013.mp4*5
Train/hammer throw/bKRJ2A2JKJc_000009_000019.mp4*5
Train/hammer throw/YEVMHKvRV0w_000022_000032.mp4*5
Train/hammer throw/Usu6HNlit1w_000007_000017.mp4*5
Train/hammer throw/Bw1bJ6VVl2k_000002_000012.mp4*5
Train/hammer throw/JcuPavVpvjE_000153_000163.mp4*5
Train/hammer throw/HmB-_RciOVA_000041_000051.mp4*5
Train/hammer throw/Dy3-cqjg0Zw_000004_000014.mp4*5
Train/hammer throw/Li7YE9I-txU_000005_000015.mp4*5
Train/hammer throw/yVtAnDeq0C4_000032_000042.mp4*5
Train/hammer throw/_pppSqWSLcg_000000_000010.mp4*5
Train/hammer throw/VGaZXVXcla4_000004_000014.mp4*5
Train/hammer throw/KV5GpUZ6XvE_000001_000011.mp4*5
Train/hammer throw/jAW9loANAuo_000002_000012.mp4*5
Train/hammer throw/EuLoaD66KNc_000001_000011.mp4*5
Train/hammer throw/6nc_F50-i1Y_000003_000013.mp4*5
Train/hammer throw/MSmnyJ8m4nY_000002_000012.mp4*5
Train/hammer throw/meXOTNq6oQ0_000023_000033.mp4*5
Train/hammer throw/Q1_1owe3WAI_000060_000070.mp4*5
Train/hammer throw/wDi8yykhPow_000003_000013.mp4*5
Train/hammer throw/aBpp3hPxyPs_000010_000020.mp4*5
Train/hammer throw/C6F7K0bNYMI_000004_000014.mp4*5
Train/hammer throw/DU_71BBiXug_000041_000051.mp4*5
Train/hammer throw/fdkNE7iHVDs_000000_000010.mp4*5
Train/hammer throw/mf2SzS1nMj8_000002_000012.mp4*5
Train/hammer throw/LIo-_-5IPY4_000002_000012.mp4*5
Train/hammer throw/EaKWP669O94_000020_000030.mp4*5
Train/hammer throw/DfpdrUMWahQ_000011_000021.mp4*5
Train/hammer throw/_-TvwmWzZl8_000002_000012.mp4*5
Train/hammer throw/FGNIvHz0qVg_000004_000014.mp4*5
Train/hammer throw/gUW_qGmYza0_000049_000059.mp4*5
Train/hammer throw/LXNWS5kJagU_000002_000012.mp4*5
Train/hammer throw/bN-nwndmqxM_000013_000023.mp4*5
Train/hammer throw/A7s8uidtFro_000000_000010.mp4*5
Train/hammer throw/cUuy4l_-Yi8_000005_000015.mp4*5
Train/hammer throw/IzKvngUSWSM_000130_000140.mp4*5
Train/hammer throw/mgiA73Ddnpg_000000_000010.mp4*5
Train/hammer throw/vwaL9_EUY7s_000028_000038.mp4*5
Train/hammer throw/Jll_V_4k3_I_000000_000010.mp4*5
Train/hammer throw/7n9CCQQPSW8_000011_000021.mp4*5
Train/hammer throw/gfyTj8Nmk_c_000018_000028.mp4*5
Train/hammer throw/4XI6NMpuxkQ_000001_000011.mp4*5
Train/hammer throw/Pe55CmmQA80_000008_000018.mp4*5
Train/hammer throw/4nDJCkzLPnc_000002_000012.mp4*5
Train/hammer throw/fClgDJPVyPs_000002_000012.mp4*5
Train/hammer throw/OfHj47wEADM_000003_000013.mp4*5
Train/hammer throw/1NhBAjUVZTw_000004_000014.mp4*5
Train/hammer throw/LOSPvYf5lK8_001191_001201.mp4*5
Train/hammer throw/sJhjqLV5_uo_000009_000019.mp4*5
Train/hammer throw/MocLduqbZA0_000004_000014.mp4*5
Train/hammer throw/z0aRKPpO2p4_000281_000291.mp4*5
Train/hammer throw/5hrJ8gZLz2k_000000_000010.mp4*5
Train/hammer throw/rp4WfGRyZug_000003_000013.mp4*5
Train/hammer throw/8tOHHVLZvNs_000009_000019.mp4*5
Train/hammer throw/oceKpr45zQ8_000203_000213.mp4*5
Train/hammer throw/EeQYIv-FdBc_000000_000010.mp4*5
Train/hammer throw/BYIVypojJQk_000003_000013.mp4*5
Train/hammer throw/HM8SuV3vkCM_000000_000010.mp4*5
Train/hammer throw/lPrLMb2XOX4_000086_000096.mp4*5
Train/hammer throw/JSTulTkYbHo_000001_000011.mp4*5
Train/hammer throw/tZfttEj672w_000017_000027.mp4*5
Train/hammer throw/gAoq0pGcfNM_000002_000012.mp4*5
Train/hammer throw/a-ri6E2VRag_000001_000011.mp4*5
Train/hammer throw/N3cMxgkd64c_000025_000035.mp4*5
Train/hammer throw/In-eaqpjMXU_000002_000012.mp4*5
Train/hammer throw/j_1s6hBaCIU_000074_000084.mp4*5
Train/hammer throw/1EQveI35Ogk_001040_001050.mp4*5
Train/hammer throw/e4ifl81deHY_000001_000011.mp4*5
Train/hammer throw/KuR1b4qMut8_000003_000013.mp4*5
Train/hammer throw/9hizcqO1qmg_000081_000091.mp4*5
Train/hammer throw/kVLS5g6C8qU_000000_000010.mp4*5
Train/hammer throw/m0ITvJ466qw_000000_000010.mp4*5
Train/hammer throw/P8S72kGOsNA_000004_000014.mp4*5
Train/hammer throw/ERdvzSVRPBI_000007_000017.mp4*5
Train/hammer throw/MN-LoAvOrsw_000006_000016.mp4*5
Train/hammer throw/2i8EKm64r9w_000002_000012.mp4*5
Train/hammer throw/7dmX_qCo4Tk_000009_000019.mp4*5
Train/playing harp/Q4kFxnKcStc_000000_000010.mp4*6
Train/playing harp/6mzvkG8U7Yo_000182_000192.mp4*6
Train/playing harp/6MyvTEANVZM_000078_000088.mp4*6
Train/playing harp/Kjx6Bd3lT7E_000142_000152.mp4*6
Train/playing harp/3AFR8qmdFkA_000059_000069.mp4*6
Train/playing harp/EgIgDRDWyP4_000014_000024.mp4*6
Train/playing harp/BHYXcxUXTig_000420_000430.mp4*6
Train/playing harp/goHwyaro-pE_000000_000010.mp4*6
Train/playing harp/E-nFTfTzIK4_000078_000088.mp4*6
Train/playing harp/FdVmtScA7x0_000168_000178.mp4*6
Train/playing harp/X-RFD8Mqrl4_000092_000102.mp4*6
Train/playing harp/l5pwGI4Wr8M_000015_000025.mp4*6
Train/playing harp/rTXLzTwUf-0_000191_000201.mp4*6
Train/playing harp/SWkT2_0nRTI_000001_000011.mp4*6
Train/playing harp/jY5xBUa26HQ_000194_000204.mp4*6
Train/playing harp/rf57Y9zhr1Y_000009_000019.mp4*6
Train/playing harp/pu08KGh9-vo_000013_000023.mp4*6
Train/playing harp/VhkSNKBeLzA_000183_000193.mp4*6
Train/playing harp/1SZx-Rxidhw_000002_000012.mp4*6
Train/playing harp/sgGMi1eVvOc_000008_000018.mp4*6
Train/playing harp/DG-HPC1BB6w_000027_000037.mp4*6
Train/playing harp/YrpkvcyPNG4_000030_000040.mp4*6
Train/playing harp/0IozzjLirMA_000062_000072.mp4*6
Train/playing harp/_oSObzOOqMA_000059_000069.mp4*6
Train/playing harp/N4qTlvANz6k_000008_000018.mp4*6
Train/playing harp/uRAnCuGAEpE_000248_000258.mp4*6
Train/playing harp/zFplg-Zor1I_000147_000157.mp4*6
Train/playing harp/6xbnuidE6FQ_000119_000129.mp4*6
Train/playing harp/VsEfKxOd6Vk_000060_000070.mp4*6
Train/playing harp/hWnZuZXRLx8_000173_000183.mp4*6
Train/playing harp/zSO5hIxULak_000030_000040.mp4*6
Train/playing harp/5DbBgrtmXd8_000053_000063.mp4*6
Train/playing harp/f4vykFBD-nM_000052_000062.mp4*6
Train/playing harp/rQPhhJpUea4_000003_000013.mp4*6
Train/playing harp/sCBDQAzGVhE_000191_000201.mp4*6
Train/playing harp/pzuA2rZ7VRI_000122_000132.mp4*6
Train/playing harp/J7o0Sk0XW_g_000159_000169.mp4*6
Train/playing harp/TNoKu3TJps0_000335_000345.mp4*6
Train/playing harp/a0ayV0ST3nc_000004_000014.mp4*6
Train/playing harp/h8qCVbqCtXc_000006_000016.mp4*6
Train/playing harp/uRQzuKLUas4_000003_000013.mp4*6
Train/playing harp/Hz0DunmA4Pk_000194_000204.mp4*6
Train/playing harp/BxvSEk5LSJY_000117_000127.mp4*6
Train/playing harp/cIE4vKMVG5g_000174_000184.mp4*6
Train/playing harp/vDJp7_pDZ38_000028_000038.mp4*6
Train/playing harp/gyXo8fO8aO0_000000_000010.mp4*6
Train/playing harp/WXF9Cgt7u1U_000032_000042.mp4*6
Train/playing harp/MjLMZxIhrz4_000019_000029.mp4*6
Train/playing harp/JKr0hKPBFsg_000313_000323.mp4*6
Train/playing harp/_98FOVUM9zA_000121_000131.mp4*6
Train/playing harp/oa4DF1fUV9E_000012_000022.mp4*6
Train/playing harp/W_g96vO5ETc_000068_000078.mp4*6
Train/playing harp/s4mcXiL9b9Y_000038_000048.mp4*6
Train/playing harp/_3WIb1leifY_000026_000036.mp4*6
Train/playing harp/NEp3CJTO4SM_000220_000230.mp4*6
Train/playing harp/uzQy0cjpRaA_000185_000195.mp4*6
Train/playing harp/lftfcMar89s_000057_000067.mp4*6
Train/playing harp/HZkUUgRn8sE_000194_000204.mp4*6
Train/playing harp/6UOoSEcgBJw_000022_000032.mp4*6
Train/playing harp/kRccYCuKdCY_000010_000020.mp4*6
Train/playing harp/XWTwAirmef8_000024_000034.mp4*6
Train/playing harp/BQh-nxcDJ6E_000089_000099.mp4*6
Train/playing harp/EjeQKkjJ8q4_000130_000140.mp4*6
Train/playing harp/-x--ajxJq6o_000093_000103.mp4*6
Train/playing harp/09pjrAvRdYw_000059_000069.mp4*6
Train/playing harp/D5aoQgXniEQ_000004_000014.mp4*6
Train/playing harp/fzE9Z0-LHUI_000123_000133.mp4*6
Train/playing harp/dikHMf9wzIE_000041_000051.mp4*6
Train/playing harp/WvGc3UDxU14_000005_000015.mp4*6
Train/playing harp/2djgqgJAtXg_000123_000133.mp4*6
Train/playing harp/cCVpX1D3x54_000039_000049.mp4*6
Train/playing harp/F0NpU7tcbzI_000086_000096.mp4*6
Train/playing harp/l5VQCqNTu4Y_000328_000338.mp4*6
Train/playing harp/IhwStzf4ItM_000000_000010.mp4*6
Train/playing harp/G6C2lc7H52c_000001_000011.mp4*6
Train/playing harp/9THQ-HiIB4c_000150_000160.mp4*6
Train/playing harp/QU2exWPyQZY_000029_000039.mp4*6
Train/playing harp/buaumHig9wY_000004_000014.mp4*6
Train/playing harp/l5evc1IU2yM_000128_000138.mp4*6
Train/playing harp/LKn31yTHB3g_000009_000019.mp4*6
Train/playing harp/UEYLUiYMdVI_000001_000011.mp4*6
Train/playing harp/EAeh_uQhVX4_000000_000010.mp4*6
Train/playing harp/gkZVvvoz5uA_000033_000043.mp4*6
Train/playing harp/0AalHtEEAFU_000003_000013.mp4*6
Train/playing harp/OkhgOUd6URc_000051_000061.mp4*6
Train/playing harp/3WVr3G73ktI_000003_000013.mp4*6
Train/playing harp/Fq5drb3rmoM_000262_000272.mp4*6
Train/playing harp/qHBltl5TNaU_000002_000012.mp4*6
Train/playing harp/tjw-lkoU3Ho_000002_000012.mp4*6
Train/playing harp/YK5b3PT4gqQ_000000_000010.mp4*6
Train/playing harp/UxUqhTdcIKo_000031_000041.mp4*6
Train/playing harp/JwkC-CJ7KOQ_000000_000010.mp4*6
Train/playing harp/mzY_qcsrneA_000211_000221.mp4*6
Train/playing harp/Kj7ooRZICA8_000027_000037.mp4*6
Train/playing harp/eWGVouuWGds_002444_002454.mp4*6
Train/playing harp/4pwyUA1xdVg_000200_000210.mp4*6
Train/playing paintball/Yd1KUtsDuSY_000051_000061.mp4*7
Train/playing paintball/oA8ri_vH7kM_000071_000081.mp4*7
Train/playing paintball/X3V3sxpFlEY_000172_000182.mp4*7
Train/playing paintball/BBcblr4_A_4_000037_000047.mp4*7
Train/playing paintball/fZkqCWgMQpU_000489_000499.mp4*7
Train/playing paintball/QBHqVnYCOKQ_000043_000053.mp4*7
Train/playing paintball/6fVzvI4ri4w_000002_000012.mp4*7
Train/playing paintball/PJE2T5LMfT4_000002_000012.mp4*7
Train/playing paintball/xjDDk5X_7Bc_000106_000116.mp4*7
Train/playing paintball/KT1XrMryQH4_000309_000319.mp4*7
Train/playing paintball/1oaWj3_HC4Q_000008_000018.mp4*7
Train/playing paintball/0TQPry_3LxY_000672_000682.mp4*7
Train/playing paintball/WbTW60ukP0M_000002_000012.mp4*7
Train/playing paintball/qgNNsVx-EVM_000402_000412.mp4*7
Train/playing paintball/s_gUn68b2J0_000119_000129.mp4*7
Train/playing paintball/40uJDSRuzV8_000041_000051.mp4*7
Train/playing paintball/cDb1Fe02rCI_000361_000371.mp4*7
Train/playing paintball/sTaVLrmNoS4_000012_000022.mp4*7
Train/playing paintball/5HIEgBVBask_000019_000029.mp4*7
Train/playing paintball/neCfbGTstcs_000025_000035.mp4*7
Train/playing paintball/F66zYBsA1Vc_000052_000062.mp4*7
Train/playing paintball/bXryX-XzeW8_000004_000014.mp4*7
Train/playing paintball/YX5gPPqXFAY_000368_000378.mp4*7
Train/playing paintball/jPwwiCyCR8M_002593_002603.mp4*7
Train/playing paintball/EFQ4yirjCoM_000229_000239.mp4*7
Train/playing paintball/oTB2Tcy0-38_000208_000218.mp4*7
Train/playing paintball/L0fvLQMsTXI_000001_000011.mp4*7
Train/playing paintball/_4yn7WoV2A4_000003_000013.mp4*7
Train/playing paintball/hbZbKbsvz9Q_000053_000063.mp4*7
Train/playing paintball/QnMJjLWMXsw_000106_000116.mp4*7
Train/playing paintball/gTq2kXN6Zww_000003_000013.mp4*7
Train/playing paintball/Ae_qYfju-tg_000033_000043.mp4*7
Train/playing paintball/GbHBWvvB5Dk_000050_000060.mp4*7
Train/playing paintball/r88-VSOxjwE_000024_000034.mp4*7
Train/playing paintball/vCikZF7cs3g_000095_000105.mp4*7
Train/playing paintball/IvJV88dswgc_000163_000173.mp4*7
Train/playing paintball/CUcBIjSUskA_000004_000014.mp4*7
Train/playing paintball/Fo6RRvv4LVc_000074_000084.mp4*7
Train/playing paintball/99mzBwaU83Y_000046_000056.mp4*7
Train/playing paintball/DcekzVh4O4U_000000_000010.mp4*7
Train/playing paintball/rTMG9Lpe3Eg_000127_000137.mp4*7
Train/playing paintball/l9v-CG2i-rc_000164_000174.mp4*7
Train/playing paintball/M8lDvty0xkg_000289_000299.mp4*7
Train/playing paintball/0YZYbeisanc_000030_000040.mp4*7
Train/playing paintball/t8wNKzyFoJw_000037_000047.mp4*7
Train/playing paintball/Fgx7BJe5XR8_000003_000013.mp4*7
Train/playing paintball/Kf-MZuWLgI4_000061_000071.mp4*7
Train/playing paintball/jYmtxnMqA6w_000241_000251.mp4*7
Train/playing paintball/kaZbcpo2q90_000004_000014.mp4*7
Train/playing paintball/XUyUxQSD7GA_000077_000087.mp4*7
Train/playing paintball/8cuNTMs-mtw_000030_000040.mp4*7
Train/playing paintball/R80qWYdPVLU_000001_000011.mp4*7
Train/playing paintball/mESAYnfDgig_000009_000019.mp4*7
Train/playing paintball/ajzE_p-65Bc_000039_000049.mp4*7
Train/playing paintball/vkvMogFstUc_000041_000051.mp4*7
Train/playing paintball/9iV1YGAh1pg_000088_000098.mp4*7
Train/playing paintball/VsvgC8cMTP0_000106_000116.mp4*7
Train/playing paintball/mlBGAgXkkSA_000003_000013.mp4*7
Train/playing paintball/vyaPOp856OU_000113_000123.mp4*7
Train/playing paintball/cnoJMvnLSh4_000409_000419.mp4*7
Train/playing paintball/wTRI1GqHNog_000013_000023.mp4*7
Train/playing paintball/B6-ch02pjtg_000122_000132.mp4*7
Train/playing paintball/2sML7bNem6U_000387_000397.mp4*7
Train/playing paintball/jOYGLxPzTjs_000040_000050.mp4*7
Train/playing paintball/p5WgF4yu9c8_000014_000024.mp4*7
Train/playing paintball/UZtjtdf6cKw_000144_000154.mp4*7
Train/playing paintball/EFRmAzn1_EA_000068_000078.mp4*7
Train/playing paintball/XWvjQ0YmP8g_000006_000016.mp4*7
Train/playing paintball/_Y0FyCotxMM_000166_000176.mp4*7
Train/playing paintball/k_lROP9dMjE_000404_000414.mp4*7
Train/playing paintball/NIW5HNAbdgU_000324_000334.mp4*7
Train/playing paintball/7SjNGFipJxA_000031_000041.mp4*7
Train/playing paintball/jdjX-CeFpZs_000070_000080.mp4*7
Train/playing paintball/KrdSasXkwZA_000236_000246.mp4*7
Train/playing paintball/MZy_lyA9Jww_000073_000083.mp4*7
Train/playing paintball/eGqbdXQp5C0_000004_000014.mp4*7
Train/playing paintball/gBiEK3cHnOo_000101_000111.mp4*7
Train/playing paintball/AP-8TdoXdYg_000007_000017.mp4*7
Train/playing paintball/oj9x_609bWI_000034_000044.mp4*7
Train/playing paintball/d2xqZ1h9VRI_000113_000123.mp4*7
Train/playing paintball/6achIHkJmSk_000049_000059.mp4*7
Train/playing paintball/xBoMOf5zP8Y_000097_000107.mp4*7
Train/playing paintball/pF2R200WaW8_000277_000287.mp4*7
Train/playing paintball/KQ8_K6vgd3s_000018_000028.mp4*7
Train/playing paintball/E66dOrxzQ9A_000000_000010.mp4*7
Train/playing paintball/55R13fxeqxo_000346_000356.mp4*7
Train/playing paintball/4agGBmSGmjw_000001_000011.mp4*7
Train/playing paintball/3f6xjJjARyw_000056_000066.mp4*7
Train/playing paintball/cz6tntbastQ_000197_000207.mp4*7
Train/playing paintball/HhoGgUr-5FM_000006_000016.mp4*7
Train/playing paintball/fzPNCZ3rh10_000063_000073.mp4*7
Train/playing paintball/DwtfQiZ0-bQ_000310_000320.mp4*7
Train/playing paintball/t8bGFqX5JGo_000079_000089.mp4*7
Train/playing paintball/-GbUR6K-Q5M_000128_000138.mp4*7
Train/playing paintball/0s_rMUbAHko_000043_000053.mp4*7
Train/pushing cart/irJumAO9Hts_000020_000030.mp4*8
Train/pushing cart/hPsX4vDJ920_000381_000391.mp4*8
Train/pushing cart/mSjprXkp_jY_000116_000126.mp4*8
Train/pushing cart/C3mwRVzk_-4_000059_000069.mp4*8
Train/pushing cart/vuQhaqiRKZ8_000003_000013.mp4*8
Train/pushing cart/qKFFu0ipVos_000011_000021.mp4*8
Train/pushing cart/DpzCd8ZqBhY_000001_000011.mp4*8
Train/pushing cart/2F4OFFRKE_o_000008_000018.mp4*8
Train/pushing cart/hCoFv00e0PE_000003_000013.mp4*8
Train/pushing cart/haRNUJO0mNc_000000_000010.mp4*8
Train/pushing cart/lzsldb9fo70_000022_000032.mp4*8
Train/pushing cart/azzxhFPkhLc_000000_000010.mp4*8
Train/pushing cart/JbHVpyxmN64_000003_000013.mp4*8
Train/pushing cart/jU9kSDUsqTo_000001_000011.mp4*8
Train/pushing cart/ChsaJrgG8-s_000011_000021.mp4*8
Train/pushing cart/v_8rrxzdiWI_000038_000048.mp4*8
Train/pushing cart/0BaiAcK7iwo_000029_000039.mp4*8
Train/pushing cart/Zy0SB08GJn4_000027_000037.mp4*8
Train/pushing cart/LqfmfRu86Do_000001_000011.mp4*8
Train/pushing cart/Zl_BbVX-_VU_000011_000021.mp4*8
Train/pushing cart/PTyUl1Z39Ic_000002_000012.mp4*8
Train/pushing cart/GNoalL-OtUw_000012_000022.mp4*8
Train/pushing cart/jnK58vTn-qU_000012_000022.mp4*8
Train/pushing cart/A_cHXIpY814_000000_000010.mp4*8
Train/pushing cart/_xl5QwSHIY8_000013_000023.mp4*8
Train/pushing cart/B4tYq2ZEdvw_000005_000015.mp4*8
Train/pushing cart/SlHZBl5NqZY_000068_000078.mp4*8
Train/pushing cart/d77CkwW5i-0_000011_000021.mp4*8
Train/pushing cart/wJVM-HmafCw_000003_000013.mp4*8
Train/pushing cart/Yp09fStwL0o_000003_000013.mp4*8
Train/pushing cart/4FkjnlfxFMY_000000_000010.mp4*8
Train/pushing cart/7P1rQA02ESw_000001_000011.mp4*8
Train/pushing cart/8TR-dL0STTo_000004_000014.mp4*8
Train/pushing cart/_zAuPP1qD9I_000039_000049.mp4*8
Train/pushing cart/3fz0W2uryZY_000022_000032.mp4*8
Train/pushing cart/znlmesbVNZg_000003_000013.mp4*8
Train/pushing cart/ySAAghxyv9s_000088_000098.mp4*8
Train/pushing cart/ICP-_h8DwZU_000022_000032.mp4*8
Train/pushing cart/GP9sjYW6058_000017_000027.mp4*8
Train/pushing cart/eUQYeqVNM_I_000009_000019.mp4*8
Train/pushing cart/N4utjEf5RAg_000020_000030.mp4*8
Train/pushing cart/-P_CNMYOSFU_000002_000012.mp4*8
Train/pushing cart/706U9meo6KM_000136_000146.mp4*8
Train/pushing cart/5Fkl_vq0UUw_000003_000013.mp4*8
Train/pushing cart/mPlFyxwZ6qc_000010_000020.mp4*8
Train/pushing cart/sQRc3SC3xlc_000014_000024.mp4*8
Train/pushing cart/RDkQpJUOU6o_000000_000010.mp4*8
Train/pushing cart/JVudsWBS0wA_000009_000019.mp4*8
Train/pushing cart/7f6ndz_Jdbw_000000_000010.mp4*8
Train/pushing cart/bCI5Lo26W2Q_000014_000024.mp4*8
Train/pushing cart/MUP71F-mZHs_000000_000010.mp4*8
Train/pushing cart/x2a4Xw-wx8o_000027_000037.mp4*8
Train/pushing cart/mEq9xNUdXRY_000001_000011.mp4*8
Train/pushing cart/CKxYMVHUDvA_000001_000011.mp4*8
Train/pushing cart/IBS9PX2ie6g_000003_000013.mp4*8
Train/pushing cart/LubFG7nCWo8_000000_000010.mp4*8
Train/pushing cart/2g-gnjPNFLc_000092_000102.mp4*8
Train/pushing cart/stA2Qgnl_WA_000001_000011.mp4*8
Train/pushing cart/z4qxGoaOuOA_000007_000017.mp4*8
Train/pushing cart/C3PyH00zTKo_000024_000034.mp4*8
Train/pushing cart/dZlGIO4kt_0_000042_000052.mp4*8
Train/pushing cart/tGPaCwtxQ0o_000000_000010.mp4*8
Train/pushing cart/2mh51T5d90I_000016_000026.mp4*8
Train/pushing cart/IVHjYHqJIi4_000003_000013.mp4*8
Train/pushing cart/heaFXHvfJf8_000003_000013.mp4*8
Train/pushing cart/XIK-dfJSeJM_000000_000010.mp4*8
Train/pushing cart/ULa_SEtSuUY_000005_000015.mp4*8
Train/pushing cart/sMjQeDG69pk_000011_000021.mp4*8
Train/pushing cart/LlmuudAZtHQ_000001_000011.mp4*8
Train/pushing cart/tsYDUd6Xm0Q_000008_000018.mp4*8
Train/pushing cart/rhpC3DESvMk_000003_000013.mp4*8
Train/pushing cart/l1qpllepQHU_000003_000013.mp4*8
Train/pushing cart/0DpCJFCt71g_000009_000019.mp4*8
Train/pushing cart/gS7CM8m0XOE_000015_000025.mp4*8
Train/pushing cart/f4Yb9l_Dpno_000005_000015.mp4*8
Train/pushing cart/4TKl4wsUsq0_000068_000078.mp4*8
Train/pushing cart/HLj0J1530Ac_000006_000016.mp4*8
Train/pushing cart/x7vQKObbGVc_000000_000010.mp4*8
Train/pushing cart/c-Dg3aZe9WI_000002_000012.mp4*8
Train/pushing cart/GL5SxPvfro4_000018_000028.mp4*8
Train/pushing cart/vl_4poLaiCM_000009_000019.mp4*8
Train/pushing cart/rQbhDC_W73U_000290_000300.mp4*8
Train/pushing cart/huWV9qPJMnc_000015_000025.mp4*8
Train/pushing cart/RrPOwlrHF4k_000000_000010.mp4*8
Train/pushing cart/tSh_JcbAZ-0_000003_000013.mp4*8
Train/pushing cart/bJI0thHh-UU_000051_000061.mp4*8
Train/pushing cart/f5ebLQaqxvU_000002_000012.mp4*8
Train/pushing cart/sTiARKvxKQw_000071_000081.mp4*8
Train/pushing cart/Df9Zf7Ffcts_000037_000047.mp4*8
Train/pushing cart/oa23JOPpTsc_000002_000012.mp4*8
Train/pushing cart/gBZEDzRskVQ_000009_000019.mp4*8
Train/pushing cart/gMWaFqe9d6o_000044_000054.mp4*8
Train/pushing cart/lngqwHG36dw_000010_000020.mp4*8
Train/pushing cart/4H7qupMCMrs_000002_000012.mp4*8
Train/pushing cart/lXlChfVLLWg_000004_000014.mp4*8
Train/salsa dancing/7Mb2qLtgPuM_000084_000094.mp4*9
Train/salsa dancing/yonvpQED2-s_000017_000027.mp4*9
Train/salsa dancing/lT0Zcz-COLI_000096_000106.mp4*9
Train/salsa dancing/LLihCYJntpY_000244_000254.mp4*9
Train/salsa dancing/usHHCItumSk_000000_000010.mp4*9
Train/salsa dancing/5i2JxGRghcE_000041_000051.mp4*9
Train/salsa dancing/Y6yuWUvS55g_000018_000028.mp4*9
Train/salsa dancing/VTy-tju0ICc_000246_000256.mp4*9
Train/salsa dancing/teKP9_Mn52E_000032_000042.mp4*9
Train/salsa dancing/a1gdPqoW5Mw_000000_000010.mp4*9
Train/salsa dancing/E_7tTwQsZiY_000161_000171.mp4*9
Train/salsa dancing/NU8_Q5-4ggI_000015_000025.mp4*9
Train/salsa dancing/errEo4c53SQ_000235_000245.mp4*9
Train/salsa dancing/NSGFhZGofdM_000032_000042.mp4*9
Train/salsa dancing/EH_SuMZufrY_000063_000073.mp4*9
Train/salsa dancing/L9_8Gfy8GIc_000107_000117.mp4*9
Train/salsa dancing/MVyGPX1slDc_000082_000092.mp4*9
Train/salsa dancing/yntD4tFEPEI_000002_000012.mp4*9
Train/salsa dancing/zB2J8maaPpU_000042_000052.mp4*9
Train/salsa dancing/wZWw88X4oSo_000041_000051.mp4*9
Train/salsa dancing/09Hbbin_TK0_000175_000185.mp4*9
Train/salsa dancing/Os62owWtlfQ_000163_000173.mp4*9
Train/salsa dancing/5X4Br_ktjRY_000044_000054.mp4*9
Train/salsa dancing/d2SXDqIcuZg_000101_000111.mp4*9
Train/salsa dancing/_4jZ6MJroGI_000100_000110.mp4*9
Train/salsa dancing/JUejV8qEtko_000201_000211.mp4*9
Train/salsa dancing/ZV3nkdUyU9M_000027_000037.mp4*9
Train/salsa dancing/5S6ZYQ3g0e4_000015_000025.mp4*9
Train/salsa dancing/zT6NnR-uewY_000049_000059.mp4*9
Train/salsa dancing/hLaQcacDgPc_000041_000051.mp4*9
Train/salsa dancing/SdMY4xcshcg_000061_000071.mp4*9
Train/salsa dancing/gFaBTOwURek_000081_000091.mp4*9
Train/salsa dancing/y-MXPjcVoTE_000036_000046.mp4*9
Train/salsa dancing/MxrKLWtfVkU_000101_000111.mp4*9
Train/salsa dancing/sgNwRZH5RIs_000030_000040.mp4*9
Train/salsa dancing/1hFbhQWMb5E_000080_000090.mp4*9
Train/salsa dancing/DHHnPBHfyOE_000161_000171.mp4*9
Train/salsa dancing/BUTHzg_8HoU_000008_000018.mp4*9
Train/salsa dancing/buoqPwTjKkg_000032_000042.mp4*9
Train/salsa dancing/afPFwxSIRUE_000062_000072.mp4*9
Train/salsa dancing/Evw9GuSaFOI_000015_000025.mp4*9
Train/salsa dancing/TRlXwuRyF6U_000066_000076.mp4*9
Train/salsa dancing/L0-vCsbVCdE_000027_000037.mp4*9
Train/salsa dancing/DUMoKy2fhIQ_000025_000035.mp4*9
Train/salsa dancing/I7vsVvckmPs_000248_000258.mp4*9
Train/salsa dancing/87CYsbLMVZ0_000244_000254.mp4*9
Train/salsa dancing/HiBSzgdQjZ0_000152_000162.mp4*9
Train/salsa dancing/CTznb3Y3hys_000011_000021.mp4*9
Train/salsa dancing/KbsNs-7g8XE_000158_000168.mp4*9
Train/salsa dancing/BqePObcyVkk_000047_000057.mp4*9
Train/salsa dancing/nZocjRl9zEs_000136_000146.mp4*9
Train/salsa dancing/CA_h469hRX0_000059_000069.mp4*9
Train/salsa dancing/akQIhceaU1w_000030_000040.mp4*9
Train/salsa dancing/Awkc8uvpDKk_000062_000072.mp4*9
Train/salsa dancing/8vXGR5Up900_000054_000064.mp4*9
Train/salsa dancing/5g2kBuYbO5o_000025_000035.mp4*9
Train/salsa dancing/p0buJEEKeuI_000063_000073.mp4*9
Train/salsa dancing/EY6MSW3zkr8_000048_000058.mp4*9
Train/salsa dancing/06PWAHq3ku8_000050_000060.mp4*9
Train/salsa dancing/qzeu4uxu3IQ_000123_000133.mp4*9
Train/salsa dancing/Kq7f1IrwUxs_000048_000058.mp4*9
Train/salsa dancing/4JL6_6UxIEo_000278_000288.mp4*9
Train/salsa dancing/2KSPdfGBL78_000082_000092.mp4*9
Train/salsa dancing/trM1XuYcD40_000136_000146.mp4*9
Train/salsa dancing/kos0X_rjCak_000090_000100.mp4*9
Train/salsa dancing/595lPKVM26M_000110_000120.mp4*9
Train/salsa dancing/fEIaSeTqQsE_000110_000120.mp4*9
Train/salsa dancing/mwNfoSaftWI_000057_000067.mp4*9
Train/salsa dancing/NJGZwFK0IiI_000060_000070.mp4*9
Train/salsa dancing/PCn0GoKtRLU_000116_000126.mp4*9
Train/salsa dancing/RsN6wzVMRBY_000026_000036.mp4*9
Train/salsa dancing/_hCmmzKBAOE_000011_000021.mp4*9
Train/salsa dancing/IgXOTz3b_aI_000026_000036.mp4*9
Train/salsa dancing/P8W1y32PKVk_000000_000010.mp4*9
Train/salsa dancing/XSvYEeg2xA8_000069_000079.mp4*9
Train/salsa dancing/Gmglh_DZeOk_000032_000042.mp4*9
Train/salsa dancing/E0_evXSedqc_000061_000071.mp4*9
Train/salsa dancing/l9TKQAxaNuA_000050_000060.mp4*9
Train/salsa dancing/D5yzrfD6oz8_000188_000198.mp4*9
Train/salsa dancing/8KnflIpOT3Q_000000_000010.mp4*9
Train/salsa dancing/XWyNqQps9Rc_000036_000046.mp4*9
Train/salsa dancing/zYHSyJm5eq0_000058_000068.mp4*9
Train/salsa dancing/MPSgQytijTo_000027_000037.mp4*9
Train/salsa dancing/Ahh5FUcxgGg_000090_000100.mp4*9
Train/salsa dancing/pwDgVOJ6dto_000102_000112.mp4*9
Train/salsa dancing/WrmF9kvsb_Y_000024_000034.mp4*9
Train/salsa dancing/mvG8swYNmV0_000055_000065.mp4*9
Train/salsa dancing/RY4Jxyb8Dno_000141_000151.mp4*9
Train/salsa dancing/SjNyHeX6dZQ_000111_000121.mp4*9
Train/salsa dancing/6CpEacCWFog_000049_000059.mp4*9
Train/salsa dancing/XovMZCTJ1U8_000088_000098.mp4*9
Train/salsa dancing/qNZL-XWWxKo_000008_000018.mp4*9
Train/salsa dancing/gTP1m3mJA5Y_000014_000024.mp4*9
Train/salsa dancing/vnE9baznq14_000171_000181.mp4*9
Train/salsa dancing/YG_b_NCrAIw_000534_000544.mp4*9
