Train/abseiling/X98Ov2TECkw_000136_000146.mp4*0
Train/abseiling/6QGz7WGjzP4_000021_000031.mp4*0
Train/abseiling/JbcK6eIZA04_000865_000875.mp4*0
Train/abseiling/y-sDHIMDLOE_000113_000123.mp4*0
Train/abseiling/IHkxZWpjiTs_000665_000675.mp4*0
Train/abseiling/-tAjeaPhi5s_000026_000036.mp4*0
Train/abseiling/GSBrpJUGBi8_000089_000099.mp4*0
Train/abseiling/Y6B_e4hr9Jc_000097_000107.mp4*0
Train/abseiling/oPK5Cyt3ox4_000066_000076.mp4*0
Train/air drumming/CT0uGx3JkY0_000002_000012.mp4*1
Train/air drumming/alpzkItaMrc_000073_000083.mp4*1
Train/air drumming/uqZAEmHvGO4_000011_000021.mp4*1
Train/air drumming/SlFRkpk1x8A_000016_000026.mp4*1
Train/air drumming/Qc0Pn-6OEBQ_000068_000078.mp4*1
Train/air drumming/KlBqipdhu6U_000005_000015.mp4*1
Train/air drumming/ohRhK3w4w1A_000010_000020.mp4*1
Train/air drumming/rjfxunCrhMk_000016_000026.mp4*1
Train/air drumming/clCFivUCQSo_000003_000013.mp4*1
Train/archery/2PsJ6BbyF3g_000011_000021.mp4*2
Train/archery/dIhGP2mEbn4_000039_000049.mp4*2
Train/archery/KVxrcMNpfBc_000121_000131.mp4*2
Train/archery/RKqWEYvO2Uw_000002_000012.mp4*2
Train/archery/7VTJFOhCae8_000039_000049.mp4*2
Train/archery/HLWvqFGJzbQ_000127_000137.mp4*2
Train/archery/S4bAWOmpyJI_000047_000057.mp4*2
Train/archery/2P1uKiXhJzc_000061_000071.mp4*2
Train/archery/IE93xcM13aI_000002_000012.mp4*2
Train/arm wrestling/tRY6fxwi3lI_000000_000010.mp4*3
Train/arm wrestling/88hkEnVzf7Y_000003_000013.mp4*3
Train/arm wrestling/4J22kzyNcaY_000003_000013.mp4*3
Train/arm wrestling/u6nH6dLtbf0_000076_000086.mp4*3
Train/arm wrestling/lmL7xrpvwnA_000002_000012.mp4*3
Train/arm wrestling/SgAgOFCkpu0_000015_000025.mp4*3
Train/arm wrestling/kF0ABZacP7s_000018_000028.mp4*3
Train/arm wrestling/bu_gk_zzvPU_000041_000051.mp4*3
Train/barbequing/LJSjtdtvey4_000030_000040.mp4*4
Train/barbequing/qTvJBZ5NhQs_000415_000425.mp4*4
Train/barbequing/Wdlb-ofxA9o_000246_000256.mp4*4
Train/barbequing/vXDESy-MeaU_000010_000020.mp4*4
Train/barbequing/hUCwn2q2r00_000093_000103.mp4*4
Train/barbequing/-lskrfFH45s_000041_000051.mp4*4
Train/barbequing/qX26DyFAJQo_000026_000036.mp4*4
Train/barbequing/SskbZcjZQfs_000826_000836.mp4*4
Train/belly dancing/G0MfJoTOAOw_000190_000200.mp4*5
Train/belly dancing/ijpeiX_JdB4_000094_000104.mp4*5
Train/belly dancing/Gh18VTP5Nb0_000083_000093.mp4*5
Train/belly dancing/LoJPILhbQjk_000089_000099.mp4*5
Train/belly dancing/C6cAg49tDvk_000074_000084.mp4*5
Train/belly dancing/KXCGi6BiKcE_000052_000062.mp4*5
Train/belly dancing/yj1UPwRhgCg_000424_000434.mp4*5
Train/bench pressing/XPMlQKy8zN4_000047_000057.mp4*6
Train/bench pressing/I-IRg8tX-kc_000010_000020.mp4*6
Train/bench pressing/4ikcj6JPiD0_000009_000019.mp4*6
Train/bench pressing/phRQp0YfwpM_000007_000017.mp4*6
Train/bench pressing/t99HGh595PA_000013_000023.mp4*6
Train/bench pressing/Jw3XotyVPAU_000007_000017.mp4*6
Train/bench pressing/KG2rkniclSo_000055_000065.mp4*6
Train/bench pressing/ib7I0mIUl1g_000016_000026.mp4*6
Train/bench pressing/zsjRCt0b87w_000004_000014.mp4*6
Train/biking through snow/iRhMyrz_A30_000211_000221.mp4*7
Train/biking through snow/geIeo7Y2xMg_000032_000042.mp4*7
Train/biking through snow/YRUDozKAJKg_000039_000049.mp4*7
Train/biking through snow/DdG7KaV7Nrg_000029_000039.mp4*7
Train/biking through snow/ACGjP_YL6d0_000070_000080.mp4*7
Train/biking through snow/8DBDkhA9Ci8_000041_000051.mp4*7
Train/biking through snow/TzNs6ZJff7E_000167_000177.mp4*7
Train/biking through snow/Byg3tOcnzso_000011_000021.mp4*7
Train/blowing glass/CAB1wJAIKQs_000041_000051.mp4*8
Train/blowing glass/GAA-cZhQpl8_000092_000102.mp4*8
Train/blowing glass/rkuZQ3OP1Bw_000091_000101.mp4*8
Train/blowing glass/8YQmP2RNfKA_000028_000038.mp4*8
Train/blowing glass/SgAQf5I32cA_000010_000020.mp4*8
Train/blowing glass/CyLYQgWTwHU_000002_000012.mp4*8
Train/blowing glass/nHV88tmCXk4_000008_000018.mp4*8
Train/blowing glass/S5Qs8E-JDSI_000007_000017.mp4*8
Train/blowing glass/LpjkVGUs4as_000177_000187.mp4*8
Train/blowing out candles/PFcyyqu13ww_000017_000027.mp4*9
Train/blowing out candles/uy-uCQI9t10_000024_000034.mp4*9
Train/blowing out candles/JTIBVvfwJsM_000031_000041.mp4*9
Train/blowing out candles/II4OUnenewk_000002_000012.mp4*9
Train/blowing out candles/iZQw20FvGH8_000029_000039.mp4*9
Train/blowing out candles/wuYluN23lUs_000012_000022.mp4*9
Train/blowing out candles/NqWikPJqG1A_000001_000011.mp4*9
Train/blowing out candles/qfaFX8-v6kg_000016_000026.mp4*9
Train/blowing out candles/N9K2anEQFgk_000038_000048.mp4*9
Train/bowling/40uIl1qVqPo_000003_000013.mp4*10
Train/bowling/gk8XlYoVu5Q_000002_000012.mp4*10
Train/bowling/xcFCWtrf6x8_000003_000013.mp4*10
Train/bowling/QjjlotSTdKs_000001_000011.mp4*10
Train/bowling/7LtEScGpEw4_000004_000014.mp4*10
Train/bowling/gBiOc48LEVY_000000_000010.mp4*10
Train/bowling/5zJAVGnE0K0_000001_000011.mp4*10
Train/bowling/y9jGTibb_NQ_000000_000010.mp4*10
Train/brushing teeth/iAbGUEWb0hE_000054_000064.mp4*11
Train/brushing teeth/YsAzIoZsrFE_000019_000029.mp4*11
Train/brushing teeth/zhqXkN6ejF4_000001_000011.mp4*11
Train/brushing teeth/1yAER_q_ILI_000057_000067.mp4*11
Train/brushing teeth/8KTjj2sYZ8w_000000_000010.mp4*11
Train/brushing teeth/Kgn7LiE9v6M_000059_000069.mp4*11
Train/brushing teeth/lMvo3DnAz2I_000067_000077.mp4*11
Train/brushing teeth/j4rwYbWi5HE_000010_000020.mp4*11
Train/brushing teeth/jqY2DxpinFQ_000000_000010.mp4*11
Train/bungee jumping/CbPy2hZiw3Y_000059_000069.mp4*12
Train/bungee jumping/V7YBHCvZqko_000028_000038.mp4*12
Train/bungee jumping/2frOCcezgzA_000065_000075.mp4*12
Train/bungee jumping/jnkDcv7szYI_000093_000103.mp4*12
Train/bungee jumping/Mb6QKCos3G4_000013_000023.mp4*12
Train/bungee jumping/lBjyJb-wXpo_000057_000067.mp4*12
Train/bungee jumping/hg3UfADM1Mg_000144_000154.mp4*12
Train/bungee jumping/HE8pqMD-R4I_000072_000082.mp4*12
Train/canoeing or kayaking/1aJ9EX-B3fA_003306_003316.mp4*13
Train/canoeing or kayaking/vENOXmGDEKQ_000003_000013.mp4*13
Train/canoeing or kayaking/EkpPjczOwP8_000023_000033.mp4*13
Train/canoeing or kayaking/j33gBMmuBgg_000148_000158.mp4*13
Train/canoeing or kayaking/MGRBCoWt2PI_000002_000012.mp4*13
Train/canoeing or kayaking/6ogJ7cJn3-Y_000000_000010.mp4*13
Train/canoeing or kayaking/kGqYLjqW9Ko_000410_000420.mp4*13
Train/canoeing or kayaking/IxHGc-pGMSI_000040_000050.mp4*13
Train/canoeing or kayaking/08jD-3-p218_000071_000081.mp4*13
Train/capoeira/TqB-f0uv3jA_000014_000024.mp4*14
Train/capoeira/1yVrSxbnZMs_000005_000015.mp4*14
Train/capoeira/X3yCRuNQX8o_000081_000091.mp4*14
Train/capoeira/60C0Qu107zQ_000055_000065.mp4*14
Train/capoeira/634FnB5z5h0_000015_000025.mp4*14
Train/capoeira/gwNXj3tzwQA_000105_000115.mp4*14
Train/capoeira/6qqer91DgqU_000351_000361.mp4*14
Train/capoeira/5EhWu5AkLRI_000158_000168.mp4*14
Train/capoeira/uRC5a4lp4Rw_000039_000049.mp4*14
Train/catching or throwing frisbee/a5a6xiOfApk_000011_000021.mp4*15
Train/catching or throwing frisbee/TSPFBcce7IA_000003_000013.mp4*15
Train/catching or throwing frisbee/bZaUVVSTXGE_000001_000011.mp4*15
Train/catching or throwing frisbee/ggOP_nLqqhA_000078_000088.mp4*15
Train/catching or throwing frisbee/idxFAQwDg-E_000002_000012.mp4*15
Train/catching or throwing frisbee/-TQv5UbXUjA_000025_000035.mp4*15
Train/catching or throwing frisbee/9nVcz5Flfz8_000194_000204.mp4*15
Train/catching or throwing frisbee/OtEwgt_CTQY_000000_000010.mp4*15
Train/cheerleading/A9fsA4WYqQM_000157_000167.mp4*16
Train/cheerleading/eQP0K0p7aQM_000002_000012.mp4*16
Train/cheerleading/X9v69G5W6OY_000053_000063.mp4*16
Train/cheerleading/OjvcMlHScrU_000125_000135.mp4*16
Train/cheerleading/9uzsy8FwjtI_000007_000017.mp4*16
Train/cheerleading/CRceXXd9TQQ_000065_000075.mp4*16
Train/cheerleading/ziZVRJZAoro_000012_000022.mp4*16
Train/cheerleading/0H69A_6sjio_000002_000012.mp4*16
Train/cheerleading/4FKV6NOSnSw_000171_000181.mp4*16
Train/climbing tree/qI0IaeQlCxM_000003_000013.mp4*17
Train/climbing tree/a46wI1_I29s_000002_000012.mp4*17
Train/climbing tree/wF9iTMVz5nA_000004_000014.mp4*17
Train/climbing tree/f7fXYZJvfQI_000004_000014.mp4*17
Train/climbing tree/DWpPttQ5KJQ_000000_000010.mp4*17
Train/climbing tree/eEXYMnnHbqM_000083_000093.mp4*17
Train/climbing tree/NCk9TIVGHbk_000003_000013.mp4*17
Train/climbing tree/1oVCgc-93vo_000029_000039.mp4*17
Train/contact juggling/_Dv9sclQCxM_000001_000011.mp4*18
Train/contact juggling/addz4sqdSyM_000102_000112.mp4*18
Train/contact juggling/uuchpEpJ2Sk_000155_000165.mp4*18
Train/contact juggling/UPv1soeF6H0_000003_000013.mp4*18
Train/contact juggling/saLyrKlT6VI_000010_000020.mp4*18
Train/contact juggling/1y_uKjQmjWg_000020_000030.mp4*18
Train/contact juggling/DoDcqohXbbc_000207_000217.mp4*18
Train/contact juggling/IqTpMoKoHA0_000036_000046.mp4*18
Train/contact juggling/AZ5DSNFAYxM_000000_000010.mp4*18
Train/country line dancing/xO0z5eYKnMU_000083_000093.mp4*19
Train/country line dancing/MwR8jWeFFAk_000109_000119.mp4*19
Train/country line dancing/OkkHBu85MjU_000054_000064.mp4*19
Train/country line dancing/7HgiySscd-Y_000085_000095.mp4*19
Train/country line dancing/Yxu0ihGB4WY_000051_000061.mp4*19
Train/country line dancing/B422H3kvfOA_000012_000022.mp4*19
Train/country line dancing/SrWkBu-mHhI_000129_000139.mp4*19
Train/country line dancing/dQg43y9vls0_000113_000123.mp4*19
Train/crawling baby/E810GswMY9M_000098_000108.mp4*20
Train/crawling baby/UFTQutq2ip8_000058_000068.mp4*20
Train/crawling baby/N_NG-44RShk_000017_000027.mp4*20
Train/crawling baby/Z4DMHDow4QQ_000000_000010.mp4*20
Train/crawling baby/nsxnZx7wtQg_000015_000025.mp4*20
Train/crawling baby/w12jQbTX4KM_000049_000059.mp4*20
Train/crawling baby/Fh1zPyeknt4_000014_000024.mp4*20
Train/crawling baby/Oega2sD2ItE_000014_000024.mp4*20
Train/crawling baby/CVPd_5NjBHU_000122_000132.mp4*20
Train/crying/P7MTiXfcCRU_000039_000049.mp4*21
Train/crying/i5I5QLrlMmE_000052_000062.mp4*21
Train/crying/ofgBhL4odBg_000002_000012.mp4*21
Train/crying/kluOdOei9Ds_000001_000011.mp4*21
Train/crying/EssD_mL0CSw_000013_000023.mp4*21
Train/crying/m2Pu03IPvgM_000209_000219.mp4*21
Train/crying/bB3XXqUbTBU_000049_000059.mp4*21
Train/dancing ballet/iTTTLp84g_g_000002_000012.mp4*22
Train/dancing ballet/gXZ3N6Tzt8k_000013_000023.mp4*22
Train/dancing ballet/Oiibk0gAR5I_000222_000232.mp4*22
Train/dancing ballet/dU65eXDnP8M_000176_000186.mp4*22
Train/dancing ballet/dYMcnau4y_U_000016_000026.mp4*22
Train/dancing ballet/aWhRm7_wvh4_000002_000012.mp4*22
Train/dancing ballet/tl6wqgiO5UE_000525_000535.mp4*22
Train/dancing ballet/NxiXJoF9HCo_000111_000121.mp4*22
Train/dancing ballet/2dPZKV-IjrM_000017_000027.mp4*22
Train/dancing macarena/denrthqnXu8_000010_000020.mp4*23
Train/dancing macarena/sE9dF7qSOqY_000008_000018.mp4*23
Train/dancing macarena/BTXBGSsi_Cw_000143_000153.mp4*23
Train/dancing macarena/Nw_g3g-SEbE_000007_000017.mp4*23
Train/dancing macarena/BDM3cE03me8_000035_000045.mp4*23
Train/dancing macarena/wM6MTAzUHk4_000003_000013.mp4*23
Train/dancing macarena/6pkC4oMoWY4_000017_000027.mp4*23
Train/diving cliff/q07qwBwJ7Ys_000001_000011.mp4*24
Train/diving cliff/dRGUzifLBjc_000065_000075.mp4*24
Train/diving cliff/0vfbcv2d6G4_000095_000105.mp4*24
Train/diving cliff/rzcs9Fck5ig_000007_000017.mp4*24
Train/diving cliff/y_79-P0txEs_000004_000014.mp4*24
Train/diving cliff/-pfR4zNOSXw_000002_000012.mp4*24
Train/diving cliff/zE-tpf2UChI_000005_000015.mp4*24
Train/diving cliff/gUH7kl3x0bw_000006_000016.mp4*24
Train/driving car/ARbshNH8zQw_000062_000072.mp4*25
Train/driving car/wVVvjUCwJuQ_000040_000050.mp4*25
Train/driving car/4BtLYLmq9rA_000002_000012.mp4*25
Train/driving car/eU1IEzTP9KE_000085_000095.mp4*25
Train/driving car/rFtqhIwY5h0_000048_000058.mp4*25
Train/driving car/MT7TthIobGo_000004_000014.mp4*25
Train/driving car/loXa6-YD_ZY_000159_000169.mp4*25
Train/driving car/KEORp011bqI_000055_000065.mp4*25
Train/dunking basketball/l1ABiZfezFY_000010_000020.mp4*26
Train/dunking basketball/QeBjqvMybeU_000043_000053.mp4*26
Train/dunking basketball/vsG-oa0XNdY_000015_000025.mp4*26
Train/dunking basketball/UakeS8djd7k_000004_000014.mp4*26
Train/dunking basketball/AbRqag8k6JY_000020_000030.mp4*26
Train/dunking basketball/bf-L3HzqUaA_000020_000030.mp4*26
Train/dunking basketball/T9tHq2G7ZnE_000010_000020.mp4*26
Train/dunking basketball/xpF5eDj1FCg_000003_000013.mp4*26
Train/dying hair/Do3HdswXKn0_000245_000255.mp4*27
Train/dying hair/rAN14v_IDjM_000453_000463.mp4*27
Train/dying hair/meTdZmRTMi4_000106_000116.mp4*27
Train/dying hair/7fuzfzxU9aQ_000039_000049.mp4*27
Train/dying hair/lgCdrQpSCmU_000128_000138.mp4*27
Train/dying hair/I69Qu_O1eJw_000411_000421.mp4*27
Train/dying hair/Xkbjq0y49oc_000082_000092.mp4*27
Train/eating spaghetti/JIOb_S_5vx8_000060_000070.mp4*28
Train/eating spaghetti/cWwBPFzesBk_000012_000022.mp4*28
Train/eating spaghetti/cjsqMKVlpn0_000004_000014.mp4*28
Train/eating spaghetti/jbxZiam3LYI_000011_000021.mp4*28
Train/eating spaghetti/1itTAI1TWpk_000007_000017.mp4*28
Train/eating spaghetti/cJRSwEu2I2s_000012_000022.mp4*28
Train/eating spaghetti/nOyW5ACb7wA_000007_000017.mp4*28
Train/eating spaghetti/69mRX2VagJk_000018_000028.mp4*28
Train/eating spaghetti/Yr_MtLj0qpM_000035_000045.mp4*28
Train/feeding birds/iBgD4nzdSEI_000001_000011.mp4*29
Train/feeding birds/ifo6yVR1xTk_000003_000013.mp4*29
Train/feeding birds/uu_WfuaJtJ4_000014_000024.mp4*29
Train/feeding birds/AAZw2JAFbXI_000000_000010.mp4*29
Train/feeding birds/hhjoCWZzqgg_000000_000010.mp4*29
Train/feeding birds/Yib7trP_pSc_000002_000012.mp4*29
Train/feeding birds/N9dE4YSmpRs_000007_000017.mp4*29
Train/feeding birds/ONOSkcwQkkw_000017_000027.mp4*29
Train/feeding birds/mciSbFL1NSw_000043_000053.mp4*29
Train/feeding fish/17VOafB2HfQ_000006_000016.mp4*30
Train/feeding fish/nnXmE7oSiy8_000051_000061.mp4*30
Train/feeding fish/4T1ZDEYrnj8_000017_000027.mp4*30
Train/feeding fish/uM0uxgzQpj0_000016_000026.mp4*30
Train/feeding fish/UhkXeiMm_s4_000017_000027.mp4*30
Train/feeding fish/5dc1UZI4h5w_000001_000011.mp4*30
Train/feeding fish/qkInnJkxAsg_000077_000087.mp4*30
Train/feeding goats/CrCcxGFQaG8_000023_000033.mp4*31
Train/feeding goats/rPcDD9r-16Y_000000_000010.mp4*31
Train/feeding goats/gzokmsHeI7s_000001_000011.mp4*31
Train/feeding goats/1Bm_JDw1L9E_000017_000027.mp4*31
Train/feeding goats/9GHwYBinAFc_000012_000022.mp4*31
Train/feeding goats/BzF6OvkI8A8_000030_000040.mp4*31
Train/feeding goats/obI87DVSSsY_000011_000021.mp4*31
Train/feeding goats/Y7raebGGcCM_000065_000075.mp4*31
Train/filling eyebrows/tEgwiaMtTd4_000321_000331.mp4*32
Train/filling eyebrows/Phqnxe1cpLw_000365_000375.mp4*32
Train/filling eyebrows/zZa2duW98Pw_000442_000452.mp4*32
Train/filling eyebrows/WLnr8-NSJ7k_000056_000066.mp4*32
Train/filling eyebrows/u6b-A_G8CXE_000217_000227.mp4*32
Train/filling eyebrows/3TohWdYZqOE_000150_000160.mp4*32
Train/filling eyebrows/R8EhWrx1x4k_000070_000080.mp4*32
Train/flying kite/C_yWbhwu4jA_000048_000058.mp4*33
Train/flying kite/5tggJTY3cWA_000038_000048.mp4*33
Train/flying kite/BzPDgwkR8e0_000024_000034.mp4*33
Train/flying kite/Oz3pnUluJR8_000012_000022.mp4*33
Train/flying kite/0NusG3mUhtg_000018_000028.mp4*33
Train/flying kite/Oy93FDXwZ5U_000006_000016.mp4*33
Train/flying kite/qFEOcHFUu5A_000279_000289.mp4*33
Train/flying kite/OXTpRFmFJuY_000009_000019.mp4*33
Train/golf putting/gLOe7vpLSCw_000111_000121.mp4*34
Train/golf putting/mYd2gNnaljg_000022_000032.mp4*34
Train/golf putting/dHA0XvNDOyU_000039_000049.mp4*34
Train/golf putting/uUwDRBYBQCg_000003_000013.mp4*34
Train/golf putting/1EHshPWZ_KU_000125_000135.mp4*34
Train/golf putting/UYOl86Ehvnc_000186_000196.mp4*34
Train/golf putting/AHrI6gmmxK8_000036_000046.mp4*34
Train/golf putting/bHQA5Q1RrCc_000047_000057.mp4*34
Train/gymnastics tumbling/SQ1BPFdv_kQ_000002_000012.mp4*35
Train/gymnastics tumbling/ZE905NGnYYY_000000_000010.mp4*35
Train/gymnastics tumbling/Wq3tgVUF3YI_000000_000010.mp4*35
Train/gymnastics tumbling/WBZ4qRiWfS8_000008_000018.mp4*35
Train/gymnastics tumbling/x3V6vQI5XQA_000003_000013.mp4*35
Train/gymnastics tumbling/nN4ST3urDZE_000065_000075.mp4*35
Train/gymnastics tumbling/jOqJt6JOS0k_000004_000014.mp4*35
Train/gymnastics tumbling/qzGdd770-Do_000000_000010.mp4*35
Train/gymnastics tumbling/CXZVUxIUKQs_000003_000013.mp4*35
Train/hammer throw/nmbH0xVmB9M_000007_000017.mp4*36
Train/hammer throw/m-zJrF9jqig_000003_000013.mp4*36
Train/hammer throw/Ih28pG6dyac_000001_000011.mp4*36
Train/hammer throw/7N5hTZD7u98_000003_000013.mp4*36
Train/hammer throw/_vPXzqYjI3k_000173_000183.mp4*36
Train/hammer throw/g7b9FK00FDg_000003_000013.mp4*36
Train/hammer throw/9hizcqO1qmg_000081_000091.mp4*36
Train/hammer throw/RFTBVc91_Bw_000002_000012.mp4*36
Train/hammer throw/RKT3_I7OIC4_000002_000012.mp4*36
Train/headbanging/GsMWkccaAKQ_000027_000037.mp4*37
Train/headbanging/9w1Zy5LG_lo_000003_000013.mp4*37
Train/headbanging/nIz7U_kZWOA_000029_000039.mp4*37
Train/headbanging/rzJU5ApqU8I_000008_000018.mp4*37
Train/headbanging/ukh9vVwqDpc_000003_000013.mp4*37
Train/headbanging/8u8fIjm6Uo8_000019_000029.mp4*37
Train/headbanging/s22-5Xfj_X0_000000_000010.mp4*37
Train/headbanging/X5nfN-pvDMo_000004_000014.mp4*37
Train/headbanging/ZOZOe8RhpNc_000040_000050.mp4*37
Train/high jump/RpKNDzuJ-Y0_000001_000011.mp4*38
Train/high jump/j969vPVjN-w_000002_000012.mp4*38
Train/high jump/0wPL02lkqWw_000002_000012.mp4*38
Train/high jump/qQIcTuaY484_000007_000017.mp4*38
Train/high jump/pqgdMo-6IGc_000004_000014.mp4*38
Train/high jump/Czqv52KtIJA_000090_000100.mp4*38
Train/high jump/BAe_6PHZnM0_000001_000011.mp4*38
Train/hitting baseball/SNL0_WnQnsU_000011_000021.mp4*39
Train/hitting baseball/OXTJX2iRx38_000004_000014.mp4*39
Train/hitting baseball/LqoNREj51o0_000026_000036.mp4*39
Train/hitting baseball/WFbskvHzygQ_000012_000022.mp4*39
Train/hitting baseball/2dusi5enDj4_000004_000014.mp4*39
Train/hitting baseball/S4IWygYuVvg_000000_000010.mp4*39
Train/hitting baseball/SBD8pWfgNkA_000084_000094.mp4*39
Train/hitting baseball/dMsEAyiwE2Y_000021_000031.mp4*39
Train/hula hooping/oaV-IjtNChI_000130_000140.mp4*40
Train/hula hooping/M6tGGKuUPxk_000027_000037.mp4*40
Train/hula hooping/Bk2CGsHMYPM_000031_000041.mp4*40
Train/hula hooping/6l2PSQH82wE_000029_000039.mp4*40
Train/hula hooping/8l4iuaJDZ_s_000000_000010.mp4*40
Train/hula hooping/ggz6uxrWzEs_000018_000028.mp4*40
Train/hula hooping/verdK4pS44Y_000011_000021.mp4*40
Train/hula hooping/BHA0lQb73pU_000181_000191.mp4*40
Train/hula hooping/IxhsVcCI744_000021_000031.mp4*40
Train/ice skating/vqxI389mNn8_000004_000014.mp4*41
Train/ice skating/nYUa4im6Qac_000001_000011.mp4*41
Train/ice skating/c7AD6SZiLb4_000012_000022.mp4*41
Train/ice skating/wAscjOiqyhc_000004_000014.mp4*41
Train/ice skating/_nYdDcJhzno_000001_000011.mp4*41
Train/ice skating/UOEGRq-vMKY_000061_000071.mp4*41
Train/ice skating/FeFTT6nZAco_000000_000010.mp4*41
Train/ice skating/-hl1mBY0_Yo_000000_000010.mp4*41
Train/ice skating/z9ffkNSj27o_000011_000021.mp4*41
Train/jetskiing/rJ8Ovazy4Zs_000142_000152.mp4*42
Train/jetskiing/35OY5atqXeA_000145_000155.mp4*42
Train/jetskiing/wqepSUUGKgw_000149_000159.mp4*42
Train/jetskiing/hfOI-BxJkoM_001807_001817.mp4*42
Train/jetskiing/mkvO502o2fo_000057_000067.mp4*42
Train/jetskiing/SJ7Y1jQlNGM_000093_000103.mp4*42
Train/jetskiing/eULinDdkIJ0_000134_000144.mp4*42
Train/jetskiing/Oq7e0AfVibw_000071_000081.mp4*42
Train/jetskiing/QgilNZA--lk_000003_000013.mp4*42
Train/jumping into pool/sUqEJ1f6Hfk_000309_000319.mp4*43
Train/jumping into pool/n2Y7Pbx2G70_000001_000011.mp4*43
Train/jumping into pool/wjSCe1FOLBk_000030_000040.mp4*43
Train/jumping into pool/j_m1yQH27-A_000000_000010.mp4*43
Train/jumping into pool/l8Nawfxz0YI_000002_000012.mp4*43
Train/jumping into pool/9EK6wiADYlw_000005_000015.mp4*43
Train/jumping into pool/k1wSYpXu3oc_000002_000012.mp4*43
Train/jumping into pool/JsE3jd3PZpg_000000_000010.mp4*43
Train/jumping into pool/9ryx5dPOnrY_000003_000013.mp4*43
Train/making pizza/HnRZzL8zqvA_000567_000577.mp4*44
Train/making pizza/-hr7cgupd_M_000233_000243.mp4*44
Train/making pizza/OrEmMXSgRmU_000005_000015.mp4*44
Train/making pizza/nwHpRXzvrlU_000643_000653.mp4*44
Train/making pizza/jiJN71wPT0I_000068_000078.mp4*44
Train/making pizza/8fhNIIlBiBQ_000003_000013.mp4*44
Train/making pizza/cBckEMfWosU_000006_000016.mp4*44
Train/making pizza/k6uQxsS0gPA_000164_000174.mp4*44
Train/making pizza/z76vzJX4mlw_000107_000117.mp4*44
Train/marching/7KDWzHYxlmM_000297_000307.mp4*45
Train/marching/fD5q6UzTXRo_000001_000011.mp4*45
Train/marching/bDbPWUlp3FI_000036_000046.mp4*45
Train/marching/-wscLwR6xZw_000050_000060.mp4*45
Train/marching/n2f5dbjTW_c_000171_000181.mp4*45
Train/marching/iJ4Kur9-rWI_000339_000349.mp4*45
Train/marching/Gz4XQpOj7XU_000030_000040.mp4*45
Train/marching/AE94Y1Mtj9A_000534_000544.mp4*45
Train/marching/FbwAELwhGew_000024_000034.mp4*45
Train/milking cow/5k3IUavPA9A_000007_000017.mp4*46
Train/milking cow/caDSiIXE2oI_000017_000027.mp4*46
Train/milking cow/t3DOGKTOBAM_000002_000012.mp4*46
Train/milking cow/cecCthIjW9M_000132_000142.mp4*46
Train/milking cow/L8yQKZvDukA_000001_000011.mp4*46
Train/milking cow/IPqJ3becLhA_000022_000032.mp4*46
Train/milking cow/-Olw5bPU_RE_000493_000503.mp4*46
Train/motorcycling/Rbz8sMueZuY_000119_000129.mp4*47
Train/motorcycling/WuBNU2m-gXI_000053_000063.mp4*47
Train/motorcycling/PBXX8e1nlTg_000123_000133.mp4*47
Train/motorcycling/wVq-dor2Y54_000003_000013.mp4*47
Train/motorcycling/ghIDUhvcKgU_000056_000066.mp4*47
Train/motorcycling/9tZobH_zqOk_000012_000022.mp4*47
Train/motorcycling/NH3LH4FkIVw_000048_000058.mp4*47
Train/motorcycling/vH7hYwinddo_000004_000014.mp4*47
Train/mowing lawn/zxOcSuLSrU4_000008_000018.mp4*48
Train/mowing lawn/JWhH-x14tTQ_000051_000061.mp4*48
Train/mowing lawn/4MKlr_YOhHc_000004_000014.mp4*48
Train/mowing lawn/1ugT8qDI0pw_000023_000033.mp4*48
Train/mowing lawn/38VjUm9X__Y_000746_000756.mp4*48
Train/mowing lawn/YAot75iytpo_000001_000011.mp4*48
Train/mowing lawn/ZXgxOdICayU_000002_000012.mp4*48
Train/mowing lawn/w6sloLE_4u8_000015_000025.mp4*48
Train/mowing lawn/Mq6yNlu8Ams_000003_000013.mp4*48
Train/passing American football (not in game)/4Dfiak01Ul8_000002_000012.mp4*49
Train/passing American football (not in game)/u2GJlWdh_yU_000001_000011.mp4*49
Train/passing American football (not in game)/HAEX4pbmAic_000007_000017.mp4*49
Train/passing American football (not in game)/OZeCEb-Zamo_000000_000010.mp4*49
Train/passing American football (not in game)/JKMhRp4ffsU_000003_000013.mp4*49
Train/passing American football (not in game)/tMMlPmbD6m8_000002_000012.mp4*49
Train/passing American football (not in game)/82Ig3kkz8qE_000004_000014.mp4*49
Train/playing basketball/B8OdMwVwyXc_000000_000010.mp4*50
Train/playing basketball/bX1XZiBgIzg_000024_000034.mp4*50
Train/playing basketball/aSUwYHA38qk_000004_000014.mp4*50
Train/playing basketball/ebpFnVIhM4Q_000000_000010.mp4*50
Train/playing basketball/2xJU1xhMp7g_000064_000074.mp4*50
Train/playing basketball/bm6LucsyNhk_000045_000055.mp4*50
Train/playing basketball/DkPXtEoQ2qI_000041_000051.mp4*50
Train/playing basketball/NNrsItN5yoo_000077_000087.mp4*50
Train/playing basketball/RdmcuplnmZY_000053_000063.mp4*50
Train/playing bass guitar/0I8Ua_rYTzs_000104_000114.mp4*51
Train/playing bass guitar/m4h5CcOLbYE_000184_000194.mp4*51
Train/playing bass guitar/aA6n18krh2I_000195_000205.mp4*51
Train/playing bass guitar/FN-2N4rAeg8_000093_000103.mp4*51
Train/playing bass guitar/jg6eGAuOzLA_000005_000015.mp4*51
Train/playing bass guitar/IhjR2pF2Tbo_000012_000022.mp4*51
Train/playing bass guitar/ysCNJRxbqtQ_000053_000063.mp4*51
Train/playing bass guitar/TyKrco7AZEQ_000004_000014.mp4*51
Train/playing bass guitar/an0ZXdUdttg_000371_000381.mp4*51
Train/playing cello/LKpHY675ekE_000081_000091.mp4*52
Train/playing cello/pAJXWrH-58I_000026_000036.mp4*52
Train/playing cello/PM4wTt5GZK8_000033_000043.mp4*52
Train/playing cello/tBQf0NWgLbg_000087_000097.mp4*52
Train/playing cello/EbgZh-0Tkao_000015_000025.mp4*52
Train/playing cello/t6VzYRcDS5k_000228_000238.mp4*52
Train/playing cello/mBkxJ5zajps_000033_000043.mp4*52
Train/playing cello/7RBFxaFO9fk_000002_000012.mp4*52
Train/playing clarinet/Tnd-BCSCEzI_000325_000335.mp4*53
Train/playing clarinet/_gNLHESrU_0_000563_000573.mp4*53
Train/playing clarinet/nEZP_VI7Mgo_000055_000065.mp4*53
Train/playing clarinet/PGfzjp84PBE_000011_000021.mp4*53
Train/playing clarinet/On7aCPY8ONI_000055_000065.mp4*53
Train/playing clarinet/HZ7FXKhWac0_000203_000213.mp4*53
Train/playing clarinet/-I9D8V2YNds_000424_000434.mp4*53
Train/playing clarinet/bal_dkqbL3A_000239_000249.mp4*53
Train/playing guitar/idjuuIjt0O0_000031_000041.mp4*54
Train/playing guitar/k1lG1y0R6sU_000291_000301.mp4*54
Train/playing guitar/hwZn666vEDw_000059_000069.mp4*54
Train/playing guitar/JfMmuDPbqf8_000155_000165.mp4*54
Train/playing guitar/UVxWN9_wDAM_000120_000130.mp4*54
Train/playing guitar/ve5K7yRWFyk_000097_000107.mp4*54
Train/playing guitar/sd6MEUnGnbU_000255_000265.mp4*54
Train/playing guitar/Pcu_Ccy9Pvo_000039_000049.mp4*54
Train/playing harmonica/C9rJZkZrzGM_000060_000070.mp4*55
Train/playing harmonica/Fa5Fob2ZBdU_000014_000024.mp4*55
Train/playing harmonica/AHEGXPJIzA8_000003_000013.mp4*55
Train/playing harmonica/eB4VGciS-JM_000083_000093.mp4*55
Train/playing harmonica/3zmimG6awt4_000001_000011.mp4*55
Train/playing harmonica/qFr_jhQWzX8_000012_000022.mp4*55
Train/playing harmonica/c46Svamecpg_000001_000011.mp4*55
Train/playing harmonica/NGaWF4ZyJKI_000023_000033.mp4*55
Train/playing harp/clnYbOTIVpo_000022_000032.mp4*56
Train/playing harp/4dRI0Fe8J1Q_000004_000014.mp4*56
Train/playing harp/wm3gWSj8xxY_000013_000023.mp4*56
Train/playing harp/Kqi5BJkNEEM_000035_000045.mp4*56
Train/playing harp/h0wkuVg-QMI_000027_000037.mp4*56
Train/playing harp/UUZK_zS9mu4_000060_000070.mp4*56
Train/playing harp/Gnn1k2PLcos_000000_000010.mp4*56
Train/playing harp/AdSun_yai8s_000086_000096.mp4*56
Train/playing harp/4ITqANJOPm8_000065_000075.mp4*56
Train/playing paintball/SZtj2TEWiHc_000195_000205.mp4*57
Train/playing paintball/gYqDIEe4oZ8_000037_000047.mp4*57
Train/playing paintball/rmeMD0RJY9g_000077_000087.mp4*57
Train/playing paintball/lWyCRlNCP54_000135_000145.mp4*57
Train/playing paintball/mQKNPJ8hGeg_000108_000118.mp4*57
Train/playing paintball/40ugvEKVX6I_000065_000075.mp4*57
Train/playing paintball/UheedTasBcs_000085_000095.mp4*57
Train/playing paintball/0R4rZNiVlbU_000017_000027.mp4*57
Train/playing paintball/GbHnObxMtp0_000014_000024.mp4*57
Train/playing recorder/pgWbg7mQcnU_000010_000020.mp4*58
Train/playing recorder/jrAMp6yHnls_000000_000010.mp4*58
Train/playing recorder/u4c7-Zhl5vQ_000028_000038.mp4*58
Train/playing recorder/4XqBk9kqo3E_000194_000204.mp4*58
Train/playing recorder/pdB4mxIPTUk_000032_000042.mp4*58
Train/playing recorder/I7Zg38-NfJA_000143_000153.mp4*58
Train/playing recorder/usUrPJTFyxs_000249_000259.mp4*58
Train/playing recorder/WEYSRyo3mBc_000199_000209.mp4*58
Train/playing squash or racquetball/CFf2GRjPi-E_000000_000010.mp4*59
Train/playing squash or racquetball/69xYsLHP1ik_000004_000014.mp4*59
Train/playing squash or racquetball/kyv5Xmk5Tkk_000023_000033.mp4*59
Train/playing squash or racquetball/a74aWK1tzbc_000002_000012.mp4*59
Train/playing squash or racquetball/cY3UqrZlJ5Y_000016_000026.mp4*59
Train/playing squash or racquetball/wZGaqIU4beQ_000032_000042.mp4*59
Train/playing squash or racquetball/7BlwMbBXQC8_000014_000024.mp4*59
Train/playing tennis/NGIHzgTCjho_000150_000160.mp4*60
Train/playing tennis/CkRtwYPlZkc_000215_000225.mp4*60
Train/playing tennis/fTE2uJiQGuo_000001_000011.mp4*60
Train/playing tennis/XdWQqEPPCaI_000053_000063.mp4*60
Train/playing tennis/g_d8H0c6Ekc_000000_000010.mp4*60
Train/playing tennis/XWPbVrwxI9s_000294_000304.mp4*60
Train/playing tennis/Irf00y_FS-k_000110_000120.mp4*60
Train/playing tennis/pN1T0jADnPE_000000_000010.mp4*60
Train/playing tennis/nofkztEpnB8_000080_000090.mp4*60
Train/playing trombone/tjKUXtuuC5g_000087_000097.mp4*61
Train/playing trombone/cHVaia5J9aA_000173_000183.mp4*61
Train/playing trombone/-u7qb2_lVfY_000017_000027.mp4*61
Train/playing trombone/mdMbHJCq5mc_000077_000087.mp4*61
Train/playing trombone/8UY19BhqS60_000006_000016.mp4*61
Train/playing trombone/2ApqVonJSMY_000013_000023.mp4*61
Train/playing trombone/GqJX-0k3uOc_000051_000061.mp4*61
Train/playing trombone/eyARuI_0SE0_000055_000065.mp4*61
Train/playing trombone/nPNK8nfuskc_000048_000058.mp4*61
Train/playing trumpet/TND-p8XeqTY_000093_000103.mp4*62
Train/playing trumpet/7rBOU8i5VCM_000003_000013.mp4*62
Train/playing trumpet/TXOR-KJxJCI_000022_000032.mp4*62
Train/playing trumpet/OCnun15mJjk_000015_000025.mp4*62
Train/playing trumpet/eieTxynuER8_000008_000018.mp4*62
Train/playing trumpet/0JX7X8eMZ5M_000057_000067.mp4*62
Train/playing trumpet/j_tSjkfrE0c_000076_000086.mp4*62
Train/playing ukulele/h5QaUSonm4w_000593_000603.mp4*63
Train/playing ukulele/cz6wbor8-dY_000006_000016.mp4*63
Train/playing ukulele/ud5mtzhFSuw_000134_000144.mp4*63
Train/playing ukulele/-iLqyZ87IYw_000001_000011.mp4*63
Train/playing ukulele/jmlh6pNryZ0_000052_000062.mp4*63
Train/playing ukulele/78nQ5HBNq_I_000148_000158.mp4*63
Train/playing ukulele/jMW03_WKljU_000070_000080.mp4*63
Train/playing ukulele/a6YR-_6gu_I_000031_000041.mp4*63
Train/playing ukulele/5TiyrqTDBw0_000320_000330.mp4*63
Train/playing violin/hN5YxIq1otE_000414_000424.mp4*64
Train/playing violin/3GsMxdDBT3o_000017_000027.mp4*64
Train/playing violin/9QzdWyZC2Lk_000624_000634.mp4*64
Train/playing violin/vA_xw4G7kFM_000047_000057.mp4*64
Train/playing violin/77asbmq5X-Q_000064_000074.mp4*64
Train/playing violin/YsAFehLiPRU_000002_000012.mp4*64
Train/playing violin/EqKvXiwD1so_000000_000010.mp4*64
Train/playing violin/xuB4r6MCb3o_000292_000302.mp4*64
Train/playing violin/fgL83KdXw_U_000050_000060.mp4*64
Train/pole vault/GpqmPqwMaJI_000002_000012.mp4*65
Train/pole vault/P_MNZhubqPI_000004_000014.mp4*65
Train/pole vault/g9n24G-YgbI_000002_000012.mp4*65
Train/pole vault/CoFNCYtInPo_000045_000055.mp4*65
Train/pole vault/jmqara4h4JQ_000123_000133.mp4*65
Train/pole vault/fqi0c2K-ga8_000000_000010.mp4*65
Train/pole vault/GkRdAtEXXkQ_000000_000010.mp4*65
Train/presenting weather forecast/BgHkh3rq-SU_000062_000072.mp4*66
Train/presenting weather forecast/HjCd1t9KrtU_000012_000022.mp4*66
Train/presenting weather forecast/gl2bDxjeg3Q_000097_000107.mp4*66
Train/presenting weather forecast/RtrMi10rLzQ_000039_000049.mp4*66
Train/presenting weather forecast/FPuVQ02z5P4_000052_000062.mp4*66
Train/presenting weather forecast/HDbtx_WtZXc_000081_000091.mp4*66
Train/presenting weather forecast/w2wkI9lA8wQ_000072_000082.mp4*66
Train/presenting weather forecast/SlzEblqYh14_000059_000069.mp4*66
Train/pull ups/GZz-Ra1nElE_000004_000014.mp4*67
Train/pull ups/KxqfAI-UZGE_000000_000010.mp4*67
Train/pull ups/QjS3pU47foY_000009_000019.mp4*67
Train/pull ups/cptVIr4OJx8_000093_000103.mp4*67
Train/pull ups/s6MZakx1l-0_000030_000040.mp4*67
Train/pull ups/kGDIhlrBW0M_000000_000010.mp4*67
Train/pull ups/t-CZwdY1UiQ_000015_000025.mp4*67
Train/pull ups/sgDC_2nAwos_000093_000103.mp4*67
Train/pumping fist/5iacBWU3Nto_000003_000013.mp4*68
Train/pumping fist/_gOaL1pEi_M_000003_000013.mp4*68
Train/pumping fist/wczW3UO7JV4_000001_000011.mp4*68
Train/pumping fist/MPsUrYkE43k_000002_000012.mp4*68
Train/pumping fist/yB7lkJRl9K0_000004_000014.mp4*68
Train/pumping fist/zGalWWrrQ4k_000064_000074.mp4*68
Train/pumping fist/OF6-TMoKuY0_000007_000017.mp4*68
Train/pumping fist/5BAab4keRsw_000004_000014.mp4*68
Train/punching bag/lR7GIbqo8Q8_000001_000011.mp4*69
Train/punching bag/TjI5t0JAIJ0_000019_000029.mp4*69
Train/punching bag/3FFl_DC2kIE_000000_000010.mp4*69
Train/punching bag/gtqiTi2Ut8c_000032_000042.mp4*69
Train/punching bag/fk7OPAoADEo_000048_000058.mp4*69
Train/punching bag/UX0iHl7szjo_000024_000034.mp4*69
Train/punching bag/a-t58nBAeEE_000005_000015.mp4*69
Train/punching bag/kg5tBklbycA_000002_000012.mp4*69
Train/punching bag/hmx1cTOE3fQ_000123_000133.mp4*69
Train/pushing car/3shQLYvAwsk_000011_000021.mp4*70
Train/pushing car/s5wqyLgfrmo_000003_000013.mp4*70
Train/pushing car/X752cuZX-yQ_000056_000066.mp4*70
Train/pushing car/g7bWhe8SL5U_000000_000010.mp4*70
Train/pushing car/uX4GcmZs4lo_000076_000086.mp4*70
Train/pushing car/Iax6P58i7Og_000004_000014.mp4*70
Train/pushing car/hT4xA9I36AU_000039_000049.mp4*70
Train/pushing car/KUNNK98a0aA_000005_000015.mp4*70
Train/pushing cart/0c7pxo2qSDw_000001_000011.mp4*71
Train/pushing cart/6mY0HlGQBfs_000103_000113.mp4*71
Train/pushing cart/lCl-G-ktVp8_000003_000013.mp4*71
Train/pushing cart/kw27LKWt2s0_000027_000037.mp4*71
Train/pushing cart/MUP71F-mZHs_000000_000010.mp4*71
Train/pushing cart/nmUEe8nhYZQ_000001_000011.mp4*71
Train/pushing cart/3dyfZhE_0co_000004_000014.mp4*71
Train/pushing cart/TcNUoAxZ65E_000020_000030.mp4*71
Train/pushing cart/EzS4tIpw_OU_000085_000095.mp4*71
Train/reading book/vc9wYTDwZaw_000073_000083.mp4*72
Train/reading book/VfIeSFwKmxo_000147_000157.mp4*72
Train/reading book/zOSKYuDvPVM_000211_000221.mp4*72
Train/reading book/NFN4CNk_pbU_000017_000027.mp4*72
Train/reading book/5cPtpH5-3YE_001029_001039.mp4*72
Train/reading book/UIBQ5-0lm8w_000030_000040.mp4*72
Train/reading book/aXmcrjkg7Ns_000044_000054.mp4*72
Train/reading book/lPTMIbjVaEk_000024_000034.mp4*72
Train/reading book/hUQKjXgT1w8_000010_000020.mp4*72
Train/riding elephant/tTUu30lC9CM_000000_000010.mp4*73
Train/riding elephant/sebMZR0sUp8_000004_000014.mp4*73
Train/riding elephant/gBoebgAjbVw_000013_000023.mp4*73
Train/riding elephant/ksaNc9NqV2Q_000093_000103.mp4*73
Train/riding elephant/I37IG0UMPBs_000004_000014.mp4*73
Train/riding elephant/1gBgAz4wJ6o_000054_000064.mp4*73
Train/riding elephant/o1Tz0MNeaC4_000024_000034.mp4*73
Train/riding elephant/2FwTYXdnMNE_000003_000013.mp4*73
Train/riding elephant/ZL0mEGH6g54_000392_000402.mp4*73
Train/riding or walking with horse/5O8kApYoRGk_000045_000055.mp4*74
Train/riding or walking with horse/7R_DwaQ3W-A_000161_000171.mp4*74
Train/riding or walking with horse/3vBjkcIwiGk_000006_000016.mp4*74
Train/riding or walking with horse/-XwUSOjvgQw_000005_000015.mp4*74
Train/riding or walking with horse/KcQhonI6vlk_000065_000075.mp4*74
Train/riding or walking with horse/ZGCX6BAhuWk_000004_000014.mp4*74
Train/riding or walking with horse/jA1Ch8IIozs_000185_000195.mp4*74
Train/riding or walking with horse/-mDRf2N08EI_000027_000037.mp4*74
Train/riding or walking with horse/G-241GuI9oA_000050_000060.mp4*74
Train/rock climbing/bpi6oe9_BDo_000005_000015.mp4*75
Train/rock climbing/mWJTCHfVx_Q_000139_000149.mp4*75
Train/rock climbing/O5lHUsH_B0c_000008_000018.mp4*75
Train/rock climbing/P5hn-Bncb9k_000037_000047.mp4*75
Train/rock climbing/ys4cEpcwdBg_000011_000021.mp4*75
Train/rock climbing/uwgh6dADpD8_000000_000010.mp4*75
Train/rock climbing/5J4mCcKymVo_000004_000014.mp4*75
Train/rock climbing/X6Gmro2uMgc_000004_000014.mp4*75
Train/rock climbing/5lwOioG4250_000000_000010.mp4*75
Train/salsa dancing/0iigPdcQ-Ak_000122_000132.mp4*76
Train/salsa dancing/XwTl1pgDzjM_000043_000053.mp4*76
Train/salsa dancing/V5NIK3-Ij6Y_000000_000010.mp4*76
Train/salsa dancing/1R_IHuxNafo_000307_000317.mp4*76
Train/salsa dancing/k0pjX6kr26s_000027_000037.mp4*76
Train/salsa dancing/PILrnyGLYM4_000008_000018.mp4*76
Train/salsa dancing/-sjfS02i2jI_000180_000190.mp4*76
Train/salsa dancing/NSGFhZGofdM_000032_000042.mp4*76
Train/salsa dancing/g9gKIZbxaOQ_000052_000062.mp4*76
Train/scuba diving/-MuoJS7JGQg_000124_000134.mp4*77
Train/scuba diving/klwESg1XzFU_000011_000021.mp4*77
Train/scuba diving/OEP3Sw2aaCc_000021_000031.mp4*77
Train/scuba diving/9XcYIkwXtvo_000068_000078.mp4*77
Train/scuba diving/LR-JebH2btE_000327_000337.mp4*77
Train/scuba diving/n5XOqSoEWl0_000047_000057.mp4*77
Train/scuba diving/laXu-tcw8-8_000283_000293.mp4*77
Train/shearing sheep/UKo9rbVnpE0_000056_000066.mp4*78
Train/shearing sheep/zDFGzrURdXU_000032_000042.mp4*78
Train/shearing sheep/F7uPax9tKnA_000054_000064.mp4*78
Train/shearing sheep/PDZXpjePADk_000028_000038.mp4*78
Train/shearing sheep/rAp5Tcqx1U0_000027_000037.mp4*78
Train/shearing sheep/DpxV1ez1NNY_000045_000055.mp4*78
Train/shearing sheep/kOU7V6X-_PY_000075_000085.mp4*78
Train/shearing sheep/oz4IU0gAL1g_000000_000010.mp4*78
Train/shot put/qtBdSN1yfKI_000000_000010.mp4*79
Train/shot put/EaBkCKYrg6E_000143_000153.mp4*79
Train/shot put/niiOnHcKdzc_000007_000017.mp4*79
Train/shot put/ALnvlijKCQo_000000_000010.mp4*79
Train/shot put/6Q0tTmQTY0g_000004_000014.mp4*79
Train/shot put/_D4_ctkIcAk_000000_000010.mp4*79
Train/shot put/_CGOv76yvQQ_000001_000011.mp4*79
Train/shot put/mcpF04Vgi40_000007_000017.mp4*79
Train/side kick/8BKGVCSSjWE_000004_000014.mp4*80
Train/side kick/oNG-XDmAwJg_000004_000014.mp4*80
Train/side kick/nPFRLZcaBPo_000002_000012.mp4*80
Train/side kick/VGblf0Cdx40_000095_000105.mp4*80
Train/side kick/zkMpciiFr14_000161_000171.mp4*80
Train/side kick/JAQvmZb_nJQ_000010_000020.mp4*80
Train/side kick/syB36Osn4_o_000000_000010.mp4*80
Train/skateboarding/P34LNLGCqnU_000082_000092.mp4*81
Train/skateboarding/rSXEtcsZ67Y_000019_000029.mp4*81
Train/skateboarding/O2gFy7kZQfI_000355_000365.mp4*81
Train/skateboarding/sUxxlu16J9U_000005_000015.mp4*81
Train/skateboarding/-PXw4kNnjtI_000001_000011.mp4*81
Train/skateboarding/luEsW0mn2lg_000013_000023.mp4*81
Train/skateboarding/bwoAJgNV4Lg_000000_000010.mp4*81
Train/skateboarding/qBIlTnKYOwY_000028_000038.mp4*81
Train/skiing (not slalom or crosscountry)/AYjOUpne-pE_000093_000103.mp4*82
Train/skiing (not slalom or crosscountry)/W4KG2GR_2Ig_000023_000033.mp4*82
Train/skiing (not slalom or crosscountry)/4QHEKQR_z44_000227_000237.mp4*82
Train/skiing (not slalom or crosscountry)/gySoOhVLg38_000127_000137.mp4*82
Train/skiing (not slalom or crosscountry)/75cfgjh5EAE_000139_000149.mp4*82
Train/skiing (not slalom or crosscountry)/nsIG91UdEQg_000031_000041.mp4*82
Train/skiing (not slalom or crosscountry)/gh11uOImxJY_000004_000014.mp4*82
Train/skiing (not slalom or crosscountry)/MEvl6CBuFSQ_000014_000024.mp4*82
Train/skiing (not slalom or crosscountry)/q55Z94ZmsqA_000054_000064.mp4*82
Train/ski jumping/9QfvmpUetsE_000000_000010.mp4*83
Train/ski jumping/Pe4h9hBllbE_000000_000010.mp4*83
Train/ski jumping/LAZs6T5UUOc_000005_000015.mp4*83
Train/ski jumping/fxcbd79j3sU_000003_000013.mp4*83
Train/ski jumping/3wqAWXxtJ3I_000011_000021.mp4*83
Train/ski jumping/NzrV5J_QH9U_000191_000201.mp4*83
Train/ski jumping/6RDRcEkZo8o_000002_000012.mp4*83
Train/ski jumping/QncEzs6rQhY_000001_000011.mp4*83
Train/snatch weight lifting/EBMI2GtarLs_000001_000011.mp4*84
Train/snatch weight lifting/Vdxb97Z8Hak_000008_000018.mp4*84
Train/snatch weight lifting/9szcnqpI3Lc_000002_000012.mp4*84
Train/snatch weight lifting/F6cpsvCzLwg_000003_000013.mp4*84
Train/snatch weight lifting/7ZG-UVIZXV0_000001_000011.mp4*84
Train/snatch weight lifting/TbTBtfkDo-s_000000_000010.mp4*84
Train/snatch weight lifting/LoJNbbtBglU_000000_000010.mp4*84
Train/snorkeling/yFOcxiYrm9M_000076_000086.mp4*85
Train/snorkeling/3nZjAIp0KZ4_000289_000299.mp4*85
Train/snorkeling/9oiKezPXK8w_000034_000044.mp4*85
Train/snorkeling/mF-nrz1ktOc_000004_000014.mp4*85
Train/snorkeling/n-cOLNcAarI_000241_000251.mp4*85
Train/snorkeling/cj5jbV_JnCI_000045_000055.mp4*85
Train/snorkeling/XjTm-Oqe4U0_000097_000107.mp4*85
Train/snorkeling/4pWLyEYOLwQ_000095_000105.mp4*85
Train/snowkiting/w0VOXq6tMaE_000015_000025.mp4*86
Train/snowkiting/nzBmk3uKIt4_000076_000086.mp4*86
Train/snowkiting/OuyQcqS03xE_000005_000015.mp4*86
Train/snowkiting/WijvqxspqBA_000264_000274.mp4*86
Train/snowkiting/M1szV6W0lJU_000020_000030.mp4*86
Train/snowkiting/0LOJzsBnOpI_000019_000029.mp4*86
Train/snowkiting/4dfVOF6Vj9M_000042_000052.mp4*86
Train/snowkiting/uam5T5Psk-g_000038_000048.mp4*86
Train/snowkiting/dCVovial-w8_000215_000225.mp4*86
Train/somersaulting/k7z016KXWlA_000000_000010.mp4*87
Train/somersaulting/-YM-YVy0Q-E_000041_000051.mp4*87
Train/somersaulting/CZP_W4J-Rac_000008_000018.mp4*87
Train/somersaulting/xoRHnHKnn4s_000014_000024.mp4*87
Train/somersaulting/ANfocmrAwtM_000008_000018.mp4*87
Train/somersaulting/c_bkQHseRJc_000035_000045.mp4*87
Train/somersaulting/gOyYsG0UvYU_000000_000010.mp4*87
Train/spinning poi/es0ZDMCHFAg_000064_000074.mp4*88
Train/spinning poi/qIuuuLcem5Q_000028_000038.mp4*88
Train/spinning poi/0qDgcLkW3ug_000001_000011.mp4*88
Train/spinning poi/w-fP6zp5_nI_000002_000012.mp4*88
Train/spinning poi/Hs6EeOKUi-M_000005_000015.mp4*88
Train/spinning poi/By5DK3jf24w_000021_000031.mp4*88
Train/spinning poi/TbxDGbaiDv8_000000_000010.mp4*88
Train/spinning poi/TbNi3cwgIb4_000002_000012.mp4*88
Train/spinning poi/9nLdyuR9ys8_000096_000106.mp4*88
Train/squat/H3-5MwYrD-I_000015_000025.mp4*89
Train/squat/DZk-R2JDo6A_000059_000069.mp4*89
Train/squat/0gtuO--nBy4_000008_000018.mp4*89
Train/squat/twjcPw0BjcE_000081_000091.mp4*89
Train/squat/diGvJD79T_I_002325_002335.mp4*89
Train/squat/-5FkRTrnSfE_000014_000024.mp4*89
Train/squat/OPjTgcN-FQM_000148_000158.mp4*89
Train/squat/dMAbO5VovGs_000078_000088.mp4*89
Train/squat/qFOK_KzkFh0_000003_000013.mp4*89
Train/swimming backstroke/E9JrK3QgTHA_000018_000028.mp4*90
Train/swimming backstroke/kSFfdkGVutE_000055_000065.mp4*90
Train/swimming backstroke/O0WczHrnSio_000000_000010.mp4*90
Train/swimming backstroke/ASctcgqXG3I_000253_000263.mp4*90
Train/swimming backstroke/NSkBozR9a80_000016_000026.mp4*90
Train/swimming backstroke/h0OxqGdFvgk_000048_000058.mp4*90
Train/swimming backstroke/A-S9LRIXb1A_000065_000075.mp4*90
Train/swimming backstroke/7c7gl-qK1KE_000101_000111.mp4*90
Train/tai chi/_9FkqeEIjt4_000066_000076.mp4*91
Train/tai chi/8HHG_gAmN4g_000001_000011.mp4*91
Train/tai chi/qgOISLIOy2k_001572_001582.mp4*91
Train/tai chi/cIyEK8OrA4g_000279_000289.mp4*91
Train/tai chi/6KxcvCUOq3s_000067_000077.mp4*91
Train/tai chi/VAS2RJylny8_000000_000010.mp4*91
Train/tai chi/6S7VnWNZGYw_000050_000060.mp4*91
Train/tai chi/F3gMIFx3wdA_000002_000012.mp4*91
Train/tango dancing/GFy2bqHIMCI_000025_000035.mp4*92
Train/tango dancing/Du2M2544AC4_000048_000058.mp4*92
Train/tango dancing/5Si_RsH25JU_000058_000068.mp4*92
Train/tango dancing/9m_tvkZs4yg_000113_000123.mp4*92
Train/tango dancing/iE09r9o8Ct0_000053_000063.mp4*92
Train/tango dancing/cpgkezzPMHU_000131_000141.mp4*92
Train/tango dancing/FY4MgGpsXYg_000065_000075.mp4*92
Train/tango dancing/4M0EsEM8T7o_000126_000136.mp4*92
Train/tango dancing/dYNeW0Kr1dQ_000188_000198.mp4*92
Train/throwing discus/mqrntmfx9A4_000002_000012.mp4*93
Train/throwing discus/zOk9L32vDaw_000023_000033.mp4*93
Train/throwing discus/Dmw0aB4D3UI_000029_000039.mp4*93
Train/throwing discus/CN50Hwgo324_000000_000010.mp4*93
Train/throwing discus/-iY7SYgBkXs_000000_000010.mp4*93
Train/throwing discus/axpsUkBY5AA_000002_000012.mp4*93
Train/throwing discus/L6-WsrRigdA_000004_000014.mp4*93
Train/throwing discus/B9nSGn4Q2Zw_000034_000044.mp4*93
Train/throwing discus/mjnpw_MYUf0_000029_000039.mp4*93
Train/tobogganing/zW-hpBth-RI_000048_000058.mp4*94
Train/tobogganing/7qcr6cmOre8_000000_000010.mp4*94
Train/tobogganing/A-7-40kKiBM_000011_000021.mp4*94
Train/tobogganing/3BijbiMFj3Q_000004_000014.mp4*94
Train/tobogganing/fix06kgugu4_000000_000010.mp4*94
Train/tobogganing/fpRPQKySH3Q_000012_000022.mp4*94
Train/tobogganing/wVy495HWGEk_000005_000015.mp4*94
Train/tobogganing/I-6wwkrK1tg_000003_000013.mp4*94
Train/tobogganing/XpponBoZEM8_000015_000025.mp4*94
Train/walking the dog/ze5UmoJRslk_000012_000022.mp4*95
Train/walking the dog/DGJGpFZng3g_000004_000014.mp4*95
Train/walking the dog/XhrCg68xLEk_000000_000010.mp4*95
Train/walking the dog/eNvz3AE7Sb0_000003_000013.mp4*95
Train/walking the dog/317fwDrU2Fs_000006_000016.mp4*95
Train/walking the dog/ENJPPNfH-bc_000006_000016.mp4*95
Train/walking the dog/PwhLqYtXzWw_000010_000020.mp4*95
Train/walking the dog/b3YTl9mh8so_000002_000012.mp4*95
Train/washing dishes/c5RV723FkLM_000014_000024.mp4*96
Train/washing dishes/gAm9ybkqRNw_000105_000115.mp4*96
Train/washing dishes/aRjw4MiL268_000018_000028.mp4*96
Train/washing dishes/Iik0TCKpsh0_000007_000017.mp4*96
Train/washing dishes/TJ48ROTMlz4_000044_000054.mp4*96
Train/washing dishes/zdJZTu363O4_000047_000057.mp4*96
Train/washing dishes/cU2Ih8WlgYA_000134_000144.mp4*96
Train/washing dishes/QDWLUu8jr2s_000016_000026.mp4*96
Train/windsurfing/OycZpiUnSDw_000107_000117.mp4*97
Train/windsurfing/0SnHUioIZTE_000018_000028.mp4*97
Train/windsurfing/vVBl_kfwEuU_000087_000097.mp4*97
Train/windsurfing/a05mWWkGue0_000109_000119.mp4*97
Train/windsurfing/RGHgxd9IUC0_000001_000011.mp4*97
Train/windsurfing/jUij7d5bgRU_000119_000129.mp4*97
Train/windsurfing/uitSZPDXvJc_000036_000046.mp4*97
Train/windsurfing/xhzUu2rBl5I_000059_000069.mp4*97
Train/windsurfing/Rwk20CYPP1s_000150_000160.mp4*97
Train/yoga/EkMlhQdresQ_000592_000602.mp4*98
Train/yoga/2WYZvJ8kWHk_000070_000080.mp4*98
Train/yoga/YnMMMWcB8mw_000234_000244.mp4*98
Train/yoga/_i3E0CVwD8U_000031_000041.mp4*98
Train/yoga/Ygov7rDebJ4_000301_000311.mp4*98
Train/yoga/kvmVMXY8H3U_000073_000083.mp4*98
Train/yoga/K8lfIHbDtwc_000113_000123.mp4*98
Train/zumba/tcQKzniJpNk_000004_000014.mp4*99
Train/zumba/gHHTFbAaPwA_000023_000033.mp4*99
Train/zumba/mcDtulygd7Y_000012_000022.mp4*99
Train/zumba/cnoDVTWAOw4_000132_000142.mp4*99
Train/zumba/o5mfvObYxvA_000117_000127.mp4*99
Train/zumba/NeqcvOXoBYo_000302_000312.mp4*99
Train/zumba/hLq-NDWfVow_000166_000176.mp4*99
Train/zumba/TAsPkJoRXVQ_000047_000057.mp4*99
