Train/abseiling/0pP5PNGEDi0_000159_000169.mp4*0
Train/abseiling/Jl4Uz1BU4Qc_000029_000039.mp4*0
Train/abseiling/vxW-WXevQrg_000061_000071.mp4*0
Train/abseiling/zbmaLtao5gg_000003_000013.mp4*0
Train/abseiling/h4fxmyfMgdU_000582_000592.mp4*0
Train/abseiling/LOeu4FXBId0_000002_000012.mp4*0
Train/abseiling/iVn9-qQXlzw_000072_000082.mp4*0
Train/abseiling/mfb4WOfIb2Y_000201_000211.mp4*0
Train/abseiling/qk5ByEb_dp4_000054_000064.mp4*0
Train/blowing out candles/drq9vn-fhh4_000032_000042.mp4*1
Train/blowing out candles/2Wek5108ijQ_000002_000012.mp4*1
Train/blowing out candles/UZSV92JzGK4_000025_000035.mp4*1
Train/blowing out candles/1OmzyYlaE84_000011_000021.mp4*1
Train/blowing out candles/dHhuuyvaLfs_000021_000031.mp4*1
Train/blowing out candles/VwxfKUdhx48_000011_000021.mp4*1
Train/blowing out candles/ROqVaRerrQY_000000_000010.mp4*1
Train/blowing out candles/kSPC3aNfwXc_000015_000025.mp4*1
Train/blowing out candles/PtGkIJmDE0w_000009_000019.mp4*1
Train/canoeing or kayaking/boeebNOolzU_000061_000071.mp4*2
Train/canoeing or kayaking/7QW1c0_oafM_000101_000111.mp4*2
Train/canoeing or kayaking/pN-4kTWMl14_000098_000108.mp4*2
Train/canoeing or kayaking/Ll6wTgveHH0_000010_000020.mp4*2
Train/canoeing or kayaking/25ESbxAUsRY_000101_000111.mp4*2
Train/canoeing or kayaking/T-IPjN4vfzk_000038_000048.mp4*2
Train/canoeing or kayaking/TVNQTL_S3M4_000110_000120.mp4*2
Train/canoeing or kayaking/y6JMnlix-vM_000046_000056.mp4*2
Train/canoeing or kayaking/A8oSXI605UQ_000044_000054.mp4*2
Train/crawling baby/0W80NLV9NFE_000045_000055.mp4*3
Train/crawling baby/GySXED3Bj7k_000039_000049.mp4*3
Train/crawling baby/G6rQLbyqnoE_000019_000029.mp4*3
Train/crawling baby/-rQ7VuDY66w_000000_000010.mp4*3
Train/crawling baby/gkgRLTfW2Cw_000042_000052.mp4*3
Train/crawling baby/Ip01ESTESUo_000120_000130.mp4*3
Train/crawling baby/Cm6JKwOSkC0_000007_000017.mp4*3
Train/crawling baby/urF7d4NalGQ_000003_000013.mp4*3
Train/crawling baby/lkBqrvM_5lo_000008_000018.mp4*3
Train/eating spaghetti/o_yBWdH7ZD0_000045_000055.mp4*4
Train/eating spaghetti/NeU9evcCaV8_000001_000011.mp4*4
Train/eating spaghetti/HWTjRKIinrw_000014_000024.mp4*4
Train/eating spaghetti/1U7lLMSRaOw_000000_000010.mp4*4
Train/eating spaghetti/XXUePbZVybY_000047_000057.mp4*4
Train/eating spaghetti/Rb-hopTz80M_000103_000113.mp4*4
Train/eating spaghetti/U19Xj6aAliM_000002_000012.mp4*4
Train/eating spaghetti/uIeNQYOnidA_000011_000021.mp4*4
Train/eating spaghetti/-c-fIXXPupI_000013_000023.mp4*4
Train/hammer throw/4nDJCkzLPnc_000002_000012.mp4*5
Train/hammer throw/U-Bx22Axh-s_000008_000018.mp4*5
Train/hammer throw/I_dhxLAc6wM_000000_000010.mp4*5
Train/hammer throw/PmhHy84sboQ_000003_000013.mp4*5
Train/hammer throw/CmOFjrtT0fk_000006_000016.mp4*5
Train/hammer throw/90e0_YxItnw_000003_000013.mp4*5
Train/hammer throw/lwhrhFn4au0_000007_000017.mp4*5
Train/hammer throw/OnJ66IPGKZs_000000_000010.mp4*5
Train/hammer throw/9JbYeORC5Og_000001_000011.mp4*5
Train/playing harp/iEN1eRwIoHM_000094_000104.mp4*6
Train/playing harp/vtJtE58w4tw_000010_000020.mp4*6
Train/playing harp/2_Sq97pPNOM_000017_000027.mp4*6
Train/playing harp/lgZ3M84eHIo_000149_000159.mp4*6
Train/playing harp/Nz6vzWFT7eg_000016_000026.mp4*6
Train/playing harp/EyUN2LMzQUM_000160_000170.mp4*6
Train/playing harp/d1quHS_brUA_000060_000070.mp4*6
Train/playing harp/Oc1mtjUPBnE_000028_000038.mp4*6
Train/playing harp/jSQD3gqFzAk_000026_000036.mp4*6
Train/playing paintball/jRncDQKDHOE_000045_000055.mp4*7
Train/playing paintball/GrhevmPKHP4_000348_000358.mp4*7
Train/playing paintball/hbZbKbsvz9Q_000053_000063.mp4*7
Train/playing paintball/vG8_TYZzFF4_000002_000012.mp4*7
Train/playing paintball/f6pwtX1pM1Q_000080_000090.mp4*7
Train/playing paintball/lWyCRlNCP54_000135_000145.mp4*7
Train/playing paintball/jPwwiCyCR8M_002593_002603.mp4*7
Train/playing paintball/7BHBcaYTlww_000057_000067.mp4*7
Train/playing paintball/jm6ZtvouuEE_000008_000018.mp4*7
Train/pushing cart/krCmzUfT2Ys_000049_000059.mp4*8
Train/pushing cart/-HcQAhcK66o_000001_000011.mp4*8
Train/pushing cart/jxa7fQbAYfY_000000_000010.mp4*8
Train/pushing cart/CWePFLydpks_000008_000018.mp4*8
Train/pushing cart/13kHYC1oxo4_000003_000013.mp4*8
Train/pushing cart/Tc_8m9NLdys_000028_000038.mp4*8
Train/pushing cart/DZX0cou5SQE_000025_000035.mp4*8
Train/pushing cart/GP9sjYW6058_000017_000027.mp4*8
Train/pushing cart/Pq8PSvieY5I_000055_000065.mp4*8
Train/salsa dancing/1veV95LuUI8_000000_000010.mp4*9
Train/salsa dancing/2MxNEye5B1A_000071_000081.mp4*9
Train/salsa dancing/hvpWGK4qCIs_000000_000010.mp4*9
Train/salsa dancing/IWmyVDCA_uA_000505_000515.mp4*9
Train/salsa dancing/2qW2Sk-h4Qc_000063_000073.mp4*9
Train/salsa dancing/a_1n5WAw82k_000002_000012.mp4*9
Train/salsa dancing/qqX_OCSVVao_000074_000084.mp4*9
Train/salsa dancing/HK_MtOU09J0_000002_000012.mp4*9
Train/salsa dancing/3IYrbBu7Y_k_000110_000120.mp4*9
