Train/abseiling/L-SlzoxT4r0_000011_000021.mp4*0
Train/abseiling/1JT7K8Cpb_M_000005_000015.mp4*0
Train/abseiling/jkuRhrEfgqg_000183_000193.mp4*0
Train/abseiling/LAcmGccj0dg_000221_000231.mp4*0
Train/abseiling/PwhhDhlWV6M_000281_000291.mp4*0
Train/abseiling/yWVraWYKJeE_000218_000228.mp4*0
Train/abseiling/mRdyYMPlJ_8_000073_000083.mp4*0
Train/abseiling/XDHoXdm01Bo_000070_000080.mp4*0
Train/abseiling/QuEutCm9_9M_000212_000222.mp4*0
Train/abseiling/rZgrYsSFn4s_000036_000046.mp4*0
Train/abseiling/51taNPfG89o_000080_000090.mp4*0
Train/abseiling/QM-MfYp1xCc_000051_000061.mp4*0
Train/abseiling/sze0R6Qu6D8_000004_000014.mp4*0
Train/abseiling/IhrIfQbdjiM_000007_000017.mp4*0
Train/abseiling/uvBWe9nbAt0_000063_000073.mp4*0
Train/abseiling/dMBxA3ZtLqY_000013_000023.mp4*0
Train/abseiling/tXfO7t6FOMQ_000565_000575.mp4*0
Train/abseiling/H79HKeLq5Co_000122_000132.mp4*0
Train/abseiling/LDpfxkkLIc0_000074_000084.mp4*0
Train/abseiling/CWcpEGayCQ0_000093_000103.mp4*0
Train/abseiling/alc3JF6C4uE_000163_000173.mp4*0
Train/abseiling/Zhe3REzQ7a4_000100_000110.mp4*0
Train/abseiling/Uq8scLcYh6M_000004_000014.mp4*0
Train/abseiling/mzanX0Y3b88_000040_000050.mp4*0
Train/abseiling/Qj5gP6rMaaA_000001_000011.mp4*0
Train/abseiling/m-iKFbNcLYM_000030_000040.mp4*0
Train/abseiling/_HVO2_ZrJno_000048_000058.mp4*0
Train/abseiling/eeUZDM5BnK8_000141_000151.mp4*0
Train/abseiling/zXl1dDql0WE_000001_000011.mp4*0
Train/abseiling/gdr8ccWm9J0_000070_000080.mp4*0
Train/abseiling/H2jiGXKHJPE_000102_000112.mp4*0
Train/abseiling/oz_VI0C7GMk_000024_000034.mp4*0
Train/abseiling/oMzFvZunGQg_000173_000183.mp4*0
Train/abseiling/PfRyeOCOn2E_000013_000023.mp4*0
Train/abseiling/mk351GkdmGw_000420_000430.mp4*0
Train/abseiling/95Rc1DynjV0_000006_000016.mp4*0
Train/abseiling/mUUbYHYK7RM_000069_000079.mp4*0
Train/abseiling/eErDZyjrIDc_000014_000024.mp4*0
Train/abseiling/M5Eurb5QPpA_000085_000095.mp4*0
Train/abseiling/kPjvoLdrcKM_000004_000014.mp4*0
Train/abseiling/QynzC6ptRcQ_000429_000439.mp4*0
Train/abseiling/lqciwm6gDrk_000659_000669.mp4*0
Train/abseiling/J_y0WYxcDUk_000003_000013.mp4*0
Train/abseiling/RMdk187QnSI_000000_000010.mp4*0
Train/abseiling/vNxsGd0hKgg_000157_000167.mp4*0
Train/abseiling/C0QunR-DTiQ_000387_000397.mp4*0
Train/abseiling/pF2JgvHZrOs_000040_000050.mp4*0
Train/blowing out candles/UoeHTxWC45w_000023_000033.mp4*1
Train/blowing out candles/gHYNYAHrQBM_000006_000016.mp4*1
Train/blowing out candles/YaP4Z64LOes_000024_000034.mp4*1
Train/blowing out candles/iWQyQDkrj1c_000019_000029.mp4*1
Train/blowing out candles/I6toP4YXo6M_000008_000018.mp4*1
Train/blowing out candles/2LNTF-6IXQI_000048_000058.mp4*1
Train/blowing out candles/d1vHk37-S38_000042_000052.mp4*1
Train/blowing out candles/crPivOnqjcA_000006_000016.mp4*1
Train/blowing out candles/fVAYxa96bNo_000026_000036.mp4*1
Train/blowing out candles/csrkI7ZAgcA_000026_000036.mp4*1
Train/blowing out candles/yzRwK77E56A_000001_000011.mp4*1
Train/blowing out candles/EIsqAFcYbxw_000004_000014.mp4*1
Train/blowing out candles/tJkh-shPKXU_000011_000021.mp4*1
Train/blowing out candles/HR-8pZPkMIg_000036_000046.mp4*1
Train/blowing out candles/jQUgiCP3Vt0_000002_000012.mp4*1
Train/blowing out candles/Yn-NT1owycM_000014_000024.mp4*1
Train/blowing out candles/p1APEG2MEF4_000002_000012.mp4*1
Train/blowing out candles/rP6x1lkd_ho_000010_000020.mp4*1
Train/blowing out candles/FLHHzk_z7rk_000056_000066.mp4*1
Train/blowing out candles/Xb8fHJt2FKU_000004_000014.mp4*1
Train/blowing out candles/BH6o-BsI0xQ_000022_000032.mp4*1
Train/blowing out candles/V6OQQHU2WYg_000016_000026.mp4*1
Train/blowing out candles/3BxOGKVZ7lQ_000055_000065.mp4*1
Train/blowing out candles/zRc39mDoJP4_000000_000010.mp4*1
Train/blowing out candles/qoVTyRhYpBc_000042_000052.mp4*1
Train/blowing out candles/PBxap8ZN0Y0_000002_000012.mp4*1
Train/blowing out candles/rR5MCoBf8pU_000037_000047.mp4*1
Train/blowing out candles/sOMJJJAmmUA_000065_000075.mp4*1
Train/blowing out candles/1bbMhGRBfYo_000031_000041.mp4*1
Train/blowing out candles/i1iATENx8fg_000064_000074.mp4*1
Train/blowing out candles/2tPnbgquLu4_000001_000011.mp4*1
Train/blowing out candles/Yyavkgon2BU_000012_000022.mp4*1
Train/blowing out candles/ohblri28p_Y_000027_000037.mp4*1
Train/blowing out candles/v4umU57MHHI_000004_000014.mp4*1
Train/blowing out candles/VQwOmwlNEbk_000011_000021.mp4*1
Train/blowing out candles/H5wj_rx1SrY_000057_000067.mp4*1
Train/blowing out candles/WIEuqXdJI-k_000018_000028.mp4*1
Train/blowing out candles/GXqCo0-C33c_000034_000044.mp4*1
Train/blowing out candles/G6lf6BZMEug_000000_000010.mp4*1
Train/blowing out candles/YaHAdyScqGg_000016_000026.mp4*1
Train/blowing out candles/CZOYGdatkII_000003_000013.mp4*1
Train/blowing out candles/9VrWiDJzQTc_000024_000034.mp4*1
Train/blowing out candles/H1Eg8lNbP8o_000004_000014.mp4*1
Train/blowing out candles/0fj7idXw3vU_000034_000044.mp4*1
Train/blowing out candles/0kRbR1oswVg_000001_000011.mp4*1
Train/blowing out candles/lzLNQ5_Su8g_000004_000014.mp4*1
Train/blowing out candles/tUT6Qkabqus_000001_000011.mp4*1
Train/blowing out candles/Qt4V8FyLpHo_000017_000027.mp4*1
Train/canoeing or kayaking/oSRph1ZOb2w_000000_000010.mp4*2
Train/canoeing or kayaking/GkRCCZz4Z7Y_000033_000043.mp4*2
Train/canoeing or kayaking/uyrPmOMCD-k_000024_000034.mp4*2
Train/canoeing or kayaking/mIx8HrTDeFk_000008_000018.mp4*2
Train/canoeing or kayaking/MjN6QYr9fqo_000010_000020.mp4*2
Train/canoeing or kayaking/Xur_0IDQ430_000000_000010.mp4*2
Train/canoeing or kayaking/M1SuR4BWuvA_000074_000084.mp4*2
Train/canoeing or kayaking/mWHPQa5mIjw_000210_000220.mp4*2
Train/canoeing or kayaking/GSBynfvfdIY_000175_000185.mp4*2
Train/canoeing or kayaking/wp8-SxeUNSQ_000036_000046.mp4*2
Train/canoeing or kayaking/TWyaNPOFkOk_000021_000031.mp4*2
Train/canoeing or kayaking/vCiTAvO5-Pw_000027_000037.mp4*2
Train/canoeing or kayaking/2FL7OQqRnFM_000079_000089.mp4*2
Train/canoeing or kayaking/uL72EUN6g_U_000020_000030.mp4*2
Train/canoeing or kayaking/DOMsoyINOiw_000060_000070.mp4*2
Train/canoeing or kayaking/_Z7Van8f134_000000_000010.mp4*2
Train/canoeing or kayaking/f-L6jrSgarM_000145_000155.mp4*2
Train/canoeing or kayaking/ehKFoX89YJc_000265_000275.mp4*2
Train/canoeing or kayaking/Vp0ERxYK3qA_000128_000138.mp4*2
Train/canoeing or kayaking/WpRAFx84tCk_000030_000040.mp4*2
Train/canoeing or kayaking/LJdf7nhaPyU_000058_000068.mp4*2
Train/canoeing or kayaking/4vU3bDjkpqY_000046_000056.mp4*2
Train/canoeing or kayaking/L9pOrhJnsiU_000134_000144.mp4*2
Train/canoeing or kayaking/suDVAlfjC5Q_000253_000263.mp4*2
Train/canoeing or kayaking/Yei4n6HsDcc_000008_000018.mp4*2
Train/canoeing or kayaking/S5guP2ujCAI_000013_000023.mp4*2
Train/canoeing or kayaking/6q2BGn6Ha2g_000000_000010.mp4*2
Train/canoeing or kayaking/iVBNhlsSFUY_000074_000084.mp4*2
Train/canoeing or kayaking/sjMbDp9W13s_000040_000050.mp4*2
Train/canoeing or kayaking/do7SZj9BrAU_000009_000019.mp4*2
Train/canoeing or kayaking/0DX1v1UlP9o_000024_000034.mp4*2
Train/canoeing or kayaking/BBO1fXp1oRk_000041_000051.mp4*2
Train/canoeing or kayaking/Np_EE0suOW0_000018_000028.mp4*2
Train/canoeing or kayaking/FaH4QFx2QAU_000075_000085.mp4*2
Train/canoeing or kayaking/rAonsOJOU80_000013_000023.mp4*2
Train/canoeing or kayaking/Utn_KLyk2Ts_000127_000137.mp4*2
Train/canoeing or kayaking/KidN-lQ-7do_000004_000014.mp4*2
Train/canoeing or kayaking/DXG3D-3-wjQ_000132_000142.mp4*2
Train/canoeing or kayaking/lrkPuYv2Scs_000197_000207.mp4*2
Train/canoeing or kayaking/KP0M8net1w0_000092_000102.mp4*2
Train/canoeing or kayaking/3Z6P0wt2FCc_000049_000059.mp4*2
Train/canoeing or kayaking/a2UKIbx7KuY_000171_000181.mp4*2
Train/canoeing or kayaking/IgfLhruZ2vg_000128_000138.mp4*2
Train/canoeing or kayaking/1sguT96wUcc_000060_000070.mp4*2
Train/canoeing or kayaking/eoNm3PDolnM_000046_000056.mp4*2
Train/canoeing or kayaking/4aILXRMbd4k_000016_000026.mp4*2
Train/canoeing or kayaking/0aj4R7JUcGg_000015_000025.mp4*2
Train/canoeing or kayaking/uLHRPEZN5qM_000056_000066.mp4*2
Train/crawling baby/urF7d4NalGQ_000003_000013.mp4*3
Train/crawling baby/RRxN3yR2s6U_000031_000041.mp4*3
Train/crawling baby/GgqHsPkg3mQ_000011_000021.mp4*3
Train/crawling baby/iwnkdv2AFko_000242_000252.mp4*3
Train/crawling baby/qNO4bIonc_4_000002_000012.mp4*3
Train/crawling baby/z7HhxSdtB14_000086_000096.mp4*3
Train/crawling baby/eoi5PkmFiBY_000001_000011.mp4*3
Train/crawling baby/CVPd_5NjBHU_000122_000132.mp4*3
Train/crawling baby/DBe2EGl0BMM_000000_000010.mp4*3
Train/crawling baby/Hdf8fczahCM_000004_000014.mp4*3
Train/crawling baby/dFDZmx2qJPQ_000005_000015.mp4*3
Train/crawling baby/JlpaAIpXRME_000027_000037.mp4*3
Train/crawling baby/j_YSXkRPMBM_000028_000038.mp4*3
Train/crawling baby/19FmU7xZkxY_000038_000048.mp4*3
Train/crawling baby/-4cOHrUxr4o_000078_000088.mp4*3
Train/crawling baby/YD04k1JXxv8_000001_000011.mp4*3
Train/crawling baby/ZTAIb5dYBpc_000136_000146.mp4*3
Train/crawling baby/tZ9XiHi6ktc_000007_000017.mp4*3
Train/crawling baby/OOjPlwwlV3w_000000_000010.mp4*3
Train/crawling baby/oYDpF2OfK84_000014_000024.mp4*3
Train/crawling baby/yQaaCH3vTVQ_000048_000058.mp4*3
Train/crawling baby/OkICyQpLTW4_000017_000027.mp4*3
Train/crawling baby/YUJm1hPz84w_000011_000021.mp4*3
Train/crawling baby/6WngoAtttMo_000100_000110.mp4*3
Train/crawling baby/1TY9FUEegBc_000000_000010.mp4*3
Train/crawling baby/j3ZAIH5xOYk_000031_000041.mp4*3
Train/crawling baby/rRFnCce4pwA_000019_000029.mp4*3
Train/crawling baby/Cm6JKwOSkC0_000007_000017.mp4*3
Train/crawling baby/XvbiVbBEJKI_000039_000049.mp4*3
Train/crawling baby/9kWy1yeVHPg_000007_000017.mp4*3
Train/crawling baby/gudBpRespN8_000001_000011.mp4*3
Train/crawling baby/7wzvOpesGAo_000000_000010.mp4*3
Train/crawling baby/I6N2akjwY-k_000035_000045.mp4*3
Train/crawling baby/pne56-EX3W0_000134_000144.mp4*3
Train/crawling baby/y2gw7pdrJoQ_000035_000045.mp4*3
Train/crawling baby/U4mzak--JUU_000086_000096.mp4*3
Train/crawling baby/3OGUtVfWkY4_000039_000049.mp4*3
Train/crawling baby/GW3K20Rnn8M_000050_000060.mp4*3
Train/crawling baby/bL3Bvx4JM40_000000_000010.mp4*3
Train/crawling baby/dpHgHt3Akbc_000001_000011.mp4*3
Train/crawling baby/HD6lsKV3W-o_000026_000036.mp4*3
Train/crawling baby/enAONPGYLmo_000293_000303.mp4*3
Train/crawling baby/_t1Eterb56I_000088_000098.mp4*3
Train/crawling baby/sW4DCsgH2xE_000129_000139.mp4*3
Train/crawling baby/RL6yD0g7C08_000046_000056.mp4*3
Train/crawling baby/aNRBRQHMx6A_000010_000020.mp4*3
Train/crawling baby/88JlfGS_kuA_000025_000035.mp4*3
Train/eating spaghetti/cWwBPFzesBk_000012_000022.mp4*4
Train/eating spaghetti/ODm9e1BqLW8_000001_000011.mp4*4
Train/eating spaghetti/6EMizMty-lw_000022_000032.mp4*4
Train/eating spaghetti/X280-617qV4_000013_000023.mp4*4
Train/eating spaghetti/RtP4VzraXVQ_000097_000107.mp4*4
Train/eating spaghetti/yOVcYCFyVsc_000036_000046.mp4*4
Train/eating spaghetti/JLLdGov-fyU_000002_000012.mp4*4
Train/eating spaghetti/j2oDiwR70tM_000001_000011.mp4*4
Train/eating spaghetti/nvUy26Y4TE8_000106_000116.mp4*4
Train/eating spaghetti/Ylo8oYjwm5U_000005_000015.mp4*4
Train/eating spaghetti/uTnnOAu5uIc_000059_000069.mp4*4
Train/eating spaghetti/S4AU4DRGGRE_000211_000221.mp4*4
Train/eating spaghetti/qc79erizAIM_000006_000016.mp4*4
Train/eating spaghetti/p9QHZI35HVU_000728_000738.mp4*4
Train/eating spaghetti/6GV4R5ykwfM_000002_000012.mp4*4
Train/eating spaghetti/c8j7cqZBkkY_000001_000011.mp4*4
Train/eating spaghetti/Yy896FK9LmQ_000012_000022.mp4*4
Train/eating spaghetti/kwPxujoKynE_000032_000042.mp4*4
Train/eating spaghetti/QI6OHjhG9_c_000075_000085.mp4*4
Train/eating spaghetti/yBWYgVjy8EI_000008_000018.mp4*4
Train/eating spaghetti/v5Qak21HUt0_000014_000024.mp4*4
Train/eating spaghetti/--3ouPhoy2A_000020_000030.mp4*4
Train/eating spaghetti/w3t_6uf4GU4_000022_000032.mp4*4
Train/eating spaghetti/CkXKKttui-w_000005_000015.mp4*4
Train/eating spaghetti/EviDskC7Ruw_000054_000064.mp4*4
Train/eating spaghetti/aLPoU_ZgM_A_000021_000031.mp4*4
Train/eating spaghetti/MMJ_VzXsIxE_000004_000014.mp4*4
Train/eating spaghetti/cJRSwEu2I2s_000012_000022.mp4*4
Train/eating spaghetti/KX6Vi9aTsg4_000052_000062.mp4*4
Train/eating spaghetti/JRCyIcQpF_A_000000_000010.mp4*4
Train/eating spaghetti/7CjvAbJMMyA_000008_000018.mp4*4
Train/eating spaghetti/0QEc0kJWUaU_000004_000014.mp4*4
Train/eating spaghetti/S5JfrtafLQw_000012_000022.mp4*4
Train/eating spaghetti/UFeQY6OFVPM_000015_000025.mp4*4
Train/eating spaghetti/91AZKeX5huU_000027_000037.mp4*4
Train/eating spaghetti/xcQpH2mR388_000049_000059.mp4*4
Train/eating spaghetti/2d-auRjEY7c_000014_000024.mp4*4
Train/eating spaghetti/PFser0JBbg8_000045_000055.mp4*4
Train/eating spaghetti/vxgPT8MVdUU_000008_000018.mp4*4
Train/eating spaghetti/Lvsq0AxC9x0_000228_000238.mp4*4
Train/eating spaghetti/ZTIehf60kxs_000042_000052.mp4*4
Train/eating spaghetti/uRntmd3M8Bo_000016_000026.mp4*4
Train/eating spaghetti/EbAQ4Mz_nhY_000013_000023.mp4*4
Train/eating spaghetti/lM83RCWysCY_000022_000032.mp4*4
Train/eating spaghetti/AtU3iPUl8g8_000000_000010.mp4*4
Train/eating spaghetti/3DamAoCzlqU_000076_000086.mp4*4
Train/eating spaghetti/b2EqdRaexkY_000001_000011.mp4*4
Train/hammer throw/WIFB05oDR4g_000019_000029.mp4*5
Train/hammer throw/bqRJzohzazk_000000_000010.mp4*5
Train/hammer throw/JYJ7s_pPiXU_000001_000011.mp4*5
Train/hammer throw/2AWJVtZWe1k_000003_000013.mp4*5
Train/hammer throw/VcxO5KyWzYY_000000_000010.mp4*5
Train/hammer throw/C2zdmvw56o4_000004_000014.mp4*5
Train/hammer throw/53fffZiTElo_000004_000014.mp4*5
Train/hammer throw/QJS3CrNrWZ8_000013_000023.mp4*5
Train/hammer throw/ajV4gsIdQ-c_000000_000010.mp4*5
Train/hammer throw/Y--hFIUY1cI_000032_000042.mp4*5
Train/hammer throw/3hHlX-zwmwg_000064_000074.mp4*5
Train/hammer throw/_Hi7ZLD8oUA_000004_000014.mp4*5
Train/hammer throw/AZ7WanZhMgE_000003_000013.mp4*5
Train/hammer throw/EeQYIv-FdBc_000000_000010.mp4*5
Train/hammer throw/biUvf3PNikY_000029_000039.mp4*5
Train/hammer throw/LXNWS5kJagU_000002_000012.mp4*5
Train/hammer throw/AiCuYJstIzA_000008_000018.mp4*5
Train/hammer throw/LWHc-6GAFyQ_000000_000010.mp4*5
Train/hammer throw/GyieeaqsK-c_000000_000010.mp4*5
Train/hammer throw/J2pZBqSWVYM_000000_000010.mp4*5
Train/hammer throw/GGaSuqc9-oA_000002_000012.mp4*5
Train/hammer throw/C6F7K0bNYMI_000004_000014.mp4*5
Train/hammer throw/J64AnM0_3IE_000032_000042.mp4*5
Train/hammer throw/z5tf4UxUYCM_000003_000013.mp4*5
Train/hammer throw/hFI3TScx444_000010_000020.mp4*5
Train/hammer throw/BssesyIiXew_000002_000012.mp4*5
Train/hammer throw/BerUnuuEX1M_000011_000021.mp4*5
Train/hammer throw/_bw_JjsNqtg_000000_000010.mp4*5
Train/hammer throw/5oiMA6PATUQ_000002_000012.mp4*5
Train/hammer throw/YSVgz9FLfrM_000002_000012.mp4*5
Train/hammer throw/EPj5ZpqlRks_000013_000023.mp4*5
Train/hammer throw/qNKXFbOLotw_000002_000012.mp4*5
Train/hammer throw/Pn9BsR5Yla4_000017_000027.mp4*5
Train/hammer throw/J3K5U6mW3DE_000001_000011.mp4*5
Train/hammer throw/sME_sWAfl9E_000006_000016.mp4*5
Train/hammer throw/8OfPeoAAbxQ_000003_000013.mp4*5
Train/hammer throw/KhbDvCu_rnI_000007_000017.mp4*5
Train/hammer throw/JgIKEYHdPE4_000041_000051.mp4*5
Train/hammer throw/jTSXcfgFJ9w_000000_000010.mp4*5
Train/hammer throw/_3svlVb-HYo_000001_000011.mp4*5
Train/hammer throw/7NvQAziFXiA_000012_000022.mp4*5
Train/hammer throw/ypf3YiRalDI_000003_000013.mp4*5
Train/hammer throw/r3JqUQR3M-I_000003_000013.mp4*5
Train/hammer throw/zaW96z_-qTM_000016_000026.mp4*5
Train/hammer throw/fsaxHIEN-8o_000004_000014.mp4*5
Train/hammer throw/k285PVmNSto_000018_000028.mp4*5
Train/hammer throw/GCzObkZPZB0_000017_000027.mp4*5
Train/playing harp/FfmbcZUFg88_000008_000018.mp4*6
Train/playing harp/2tWw6_aS7_A_000059_000069.mp4*6
Train/playing harp/GIV8EjzExZY_000101_000111.mp4*6
Train/playing harp/eniaWNPABfI_000051_000061.mp4*6
Train/playing harp/cuWVhHzuxRc_000009_000019.mp4*6
Train/playing harp/4Ug6L5MREEE_000012_000022.mp4*6
Train/playing harp/oqKc3_tr69o_000010_000020.mp4*6
Train/playing harp/JpG4Oq3kLu4_000023_000033.mp4*6
Train/playing harp/HhjpI_wx13A_000066_000076.mp4*6
Train/playing harp/tjw-lkoU3Ho_000002_000012.mp4*6
Train/playing harp/b0yDle1PGe8_000000_000010.mp4*6
Train/playing harp/vDBI3fOhq9U_000063_000073.mp4*6
Train/playing harp/rTXLzTwUf-0_000191_000201.mp4*6
Train/playing harp/rf57Y9zhr1Y_000009_000019.mp4*6
Train/playing harp/uUxHPkcU1vg_000254_000264.mp4*6
Train/playing harp/ZJVEXn-FvAU_000064_000074.mp4*6
Train/playing harp/oB8UoYk5kTI_000070_000080.mp4*6
Train/playing harp/XhOS1uGA9zY_000002_000012.mp4*6
Train/playing harp/ku5kQ8rUyJI_000103_000113.mp4*6
Train/playing harp/22QgZimIakU_000057_000067.mp4*6
Train/playing harp/bmkIPMDYj9I_000007_000017.mp4*6
Train/playing harp/DuClSaHxwB0_000130_000140.mp4*6
Train/playing harp/9vM3LNXj8PI_000083_000093.mp4*6
Train/playing harp/pzuA2rZ7VRI_000122_000132.mp4*6
Train/playing harp/dUm8GcVpomU_000029_000039.mp4*6
Train/playing harp/Sndyxag5VrA_000153_000163.mp4*6
Train/playing harp/PjskuXWVd34_000026_000036.mp4*6
Train/playing harp/U7fzDddXBAc_000091_000101.mp4*6
Train/playing harp/_oSObzOOqMA_000059_000069.mp4*6
Train/playing harp/pEp9eKO6N_s_000126_000136.mp4*6
Train/playing harp/qhaJVIAS3T0_000172_000182.mp4*6
Train/playing harp/VsEfKxOd6Vk_000060_000070.mp4*6
Train/playing harp/p8O3vE1XZU4_000331_000341.mp4*6
Train/playing harp/d8w30y1_oY0_000002_000012.mp4*6
Train/playing harp/yr72Ye54TUM_000288_000298.mp4*6
Train/playing harp/FYanlLSoBY4_000002_000012.mp4*6
Train/playing harp/UQpcYUdRNFg_000012_000022.mp4*6
Train/playing harp/glzXS9kXAJQ_000106_000116.mp4*6
Train/playing harp/BxxXlu2sJys_000010_000020.mp4*6
Train/playing harp/L0kPm6sBtWY_000013_000023.mp4*6
Train/playing harp/gnrvAJZmTE8_000165_000175.mp4*6
Train/playing harp/4WjgdYroa-Y_000065_000075.mp4*6
Train/playing harp/EfKOADaUD7U_000221_000231.mp4*6
Train/playing harp/AJSbmcyGf-U_000000_000010.mp4*6
Train/playing harp/0AalHtEEAFU_000003_000013.mp4*6
Train/playing harp/NEp3CJTO4SM_000220_000230.mp4*6
Train/playing harp/0Ie8yDSvM8A_000012_000022.mp4*6
Train/playing harp/cMSId-uhMoA_000171_000181.mp4*6
Train/playing paintball/oTB2Tcy0-38_000208_000218.mp4*7
Train/playing paintball/tmzoT_lLq00_000012_000022.mp4*7
Train/playing paintball/cDb1Fe02rCI_000361_000371.mp4*7
Train/playing paintball/QHJhmUaJBHw_000147_000157.mp4*7
Train/playing paintball/xvZ2U3SoNy0_000119_000129.mp4*7
Train/playing paintball/oC8AiMH4Fn4_000034_000044.mp4*7
Train/playing paintball/9UIsgTy6c_0_000007_000017.mp4*7
Train/playing paintball/XuIu2Sml010_000006_000016.mp4*7
Train/playing paintball/6QiUBH_HO9w_000016_000026.mp4*7
Train/playing paintball/DYZxlCPN6M0_000082_000092.mp4*7
Train/playing paintball/oWvPc-rcCvc_000255_000265.mp4*7
Train/playing paintball/loXe7k3L6UI_000000_000010.mp4*7
Train/playing paintball/jOYGLxPzTjs_000040_000050.mp4*7
Train/playing paintball/Tw4cxNBlh-o_000009_000019.mp4*7
Train/playing paintball/fZkqCWgMQpU_000489_000499.mp4*7
Train/playing paintball/1mtD0EC7jiA_000002_000012.mp4*7
Train/playing paintball/Afzx0Se7jvk_000625_000635.mp4*7
Train/playing paintball/2-EC4tvhfrc_000171_000181.mp4*7
Train/playing paintball/rTMG9Lpe3Eg_000127_000137.mp4*7
Train/playing paintball/6ihI5ast_kM_000368_000378.mp4*7
Train/playing paintball/754bt7a6-nE_000039_000049.mp4*7
Train/playing paintball/GQwcF9iyAYc_000004_000014.mp4*7
Train/playing paintball/SZtj2TEWiHc_000195_000205.mp4*7
Train/playing paintball/nrnMJk8iOBM_000727_000737.mp4*7
Train/playing paintball/4mQOJIGHaQw_000016_000026.mp4*7
Train/playing paintball/HpnUW8Glrts_000365_000375.mp4*7
Train/playing paintball/gKJeR8X93SM_000463_000473.mp4*7
Train/playing paintball/7BHBcaYTlww_000057_000067.mp4*7
Train/playing paintball/Xmg-0zQfl-g_000054_000064.mp4*7
Train/playing paintball/40uJDSRuzV8_000041_000051.mp4*7
Train/playing paintball/8jSdYra6PDs_000243_000253.mp4*7
Train/playing paintball/wFItZim7v0Q_000002_000012.mp4*7
Train/playing paintball/fVE9qzCCfa4_000484_000494.mp4*7
Train/playing paintball/-TmDgLoJDdw_000209_000219.mp4*7
Train/playing paintball/BEqSBLjghbY_000059_000069.mp4*7
Train/playing paintball/tKzIpkNEbTI_000067_000077.mp4*7
Train/playing paintball/8sEYr5zfiFo_000033_000043.mp4*7
Train/playing paintball/BTrW4KrK9E8_000082_000092.mp4*7
Train/playing paintball/NIe3sTLhmNc_000227_000237.mp4*7
Train/playing paintball/CI2z_R9PBfk_000307_000317.mp4*7
Train/playing paintball/igdvg1ulZAk_000002_000012.mp4*7
Train/playing paintball/oaE_Uu46yQI_000268_000278.mp4*7
Train/playing paintball/5sjj2WQWnPc_000081_000091.mp4*7
Train/playing paintball/4rtVEktd4i0_000085_000095.mp4*7
Train/playing paintball/Xv_wCA1Djf8_000000_000010.mp4*7
Train/playing paintball/Jx_mwKMCGmM_000050_000060.mp4*7
Train/playing paintball/yOh8j59D2Ls_000010_000020.mp4*7
Train/pushing cart/HZhXfCC5xLQ_000006_000016.mp4*8
Train/pushing cart/xmgZSqjepjE_000020_000030.mp4*8
Train/pushing cart/KG3wjVP4a60_000072_000082.mp4*8
Train/pushing cart/tVKZ0Q-vzig_000013_000023.mp4*8
Train/pushing cart/tcl6HTfKQw0_000011_000021.mp4*8
Train/pushing cart/Se6yv6k8xPE_000004_000014.mp4*8
Train/pushing cart/v_8rrxzdiWI_000038_000048.mp4*8
Train/pushing cart/cLa6Q_rHbok_000003_000013.mp4*8
Train/pushing cart/jFqzQKKh6Jg_000118_000128.mp4*8
Train/pushing cart/Y02r4j5ZQZE_000005_000015.mp4*8
Train/pushing cart/FpztbgVreUc_000018_000028.mp4*8
Train/pushing cart/ZYAOnJLQkwo_000004_000014.mp4*8
Train/pushing cart/x7rCySQ5Pcc_000001_000011.mp4*8
Train/pushing cart/6MRd9NJ8IpI_000009_000019.mp4*8
Train/pushing cart/ae932GaaFcs_000027_000037.mp4*8
Train/pushing cart/C92RgHGXCiQ_000088_000098.mp4*8
Train/pushing cart/PPFRdhuZpKQ_000009_000019.mp4*8
Train/pushing cart/797USXakRSQ_000000_000010.mp4*8
Train/pushing cart/Bsf4_uYPPkQ_000019_000029.mp4*8
Train/pushing cart/i2x693ZKHG8_000036_000046.mp4*8
Train/pushing cart/QU7olCOKznA_000053_000063.mp4*8
Train/pushing cart/E8bYZKgIpU0_000003_000013.mp4*8
Train/pushing cart/Hg-7v1KOiCk_000001_000011.mp4*8
Train/pushing cart/HLj0J1530Ac_000006_000016.mp4*8
Train/pushing cart/56RhLxGWzqo_000021_000031.mp4*8
Train/pushing cart/4H7qupMCMrs_000002_000012.mp4*8
Train/pushing cart/MS91gsniRqo_000007_000017.mp4*8
Train/pushing cart/tsYDUd6Xm0Q_000008_000018.mp4*8
Train/pushing cart/IZj4ZbHkHGw_000026_000036.mp4*8
Train/pushing cart/tgCiP81FpAM_000001_000011.mp4*8
Train/pushing cart/xEn8FsKpH1c_000004_000014.mp4*8
Train/pushing cart/E7ikg8siqsk_000003_000013.mp4*8
Train/pushing cart/u4LzqyI6OH4_000000_000010.mp4*8
Train/pushing cart/B-oYBtXMbY4_000011_000021.mp4*8
Train/pushing cart/4TVxOE0P4Hw_000032_000042.mp4*8
Train/pushing cart/KSRBxg9fMxo_000015_000025.mp4*8
Train/pushing cart/ystruAInkwA_000004_000014.mp4*8
Train/pushing cart/m5XQtludhN4_000055_000065.mp4*8
Train/pushing cart/Hfq1X0fIQYs_000030_000040.mp4*8
Train/pushing cart/YPvLY7Aw3r4_000065_000075.mp4*8
Train/pushing cart/KcbnO2zcTCk_000000_000010.mp4*8
Train/pushing cart/7Vuneu42KCM_000011_000021.mp4*8
Train/pushing cart/VuZIscdOUpc_000001_000011.mp4*8
Train/pushing cart/x48a9oOpoTw_000001_000011.mp4*8
Train/pushing cart/nmUEe8nhYZQ_000001_000011.mp4*8
Train/pushing cart/SQEDvafTMls_000005_000015.mp4*8
Train/pushing cart/HBvz_voNKZU_000000_000010.mp4*8
Train/salsa dancing/4TQ7LlwZ5pA_000002_000012.mp4*9
Train/salsa dancing/t__s2GHid4U_000078_000088.mp4*9
Train/salsa dancing/SchZ2Mx8rvE_000119_000129.mp4*9
Train/salsa dancing/2KSPdfGBL78_000082_000092.mp4*9
Train/salsa dancing/e9WSb3tdjCs_000053_000063.mp4*9
Train/salsa dancing/ccdywvoUN9E_000096_000106.mp4*9
Train/salsa dancing/Yynei0DHx2U_000188_000198.mp4*9
Train/salsa dancing/xaovXWoSxaY_000000_000010.mp4*9
Train/salsa dancing/WxMidZqu4Ug_000179_000189.mp4*9
Train/salsa dancing/7bxSP3uHlF8_000753_000763.mp4*9
Train/salsa dancing/tCIIRwD-6Rk_000001_000011.mp4*9
Train/salsa dancing/BTyc_mTSIjI_000235_000245.mp4*9
Train/salsa dancing/y-xGXYM4P6c_000058_000068.mp4*9
Train/salsa dancing/7AO7TetqEuk_000056_000066.mp4*9
Train/salsa dancing/TeAiYMOC1dk_000000_000010.mp4*9
Train/salsa dancing/V5NIK3-Ij6Y_000000_000010.mp4*9
Train/salsa dancing/yXoVG7GGFLk_000114_000124.mp4*9
Train/salsa dancing/5iheJnimcWw_000133_000143.mp4*9
Train/salsa dancing/Gg0r51qE4H8_000110_000120.mp4*9
Train/salsa dancing/DkJtTEJfw44_000039_000049.mp4*9
Train/salsa dancing/NU8_Q5-4ggI_000015_000025.mp4*9
Train/salsa dancing/G-1Zdx4gSU0_000003_000013.mp4*9
Train/salsa dancing/MNpNhKslxMk_000073_000083.mp4*9
Train/salsa dancing/L-tnJmSa8w4_000113_000123.mp4*9
Train/salsa dancing/RUOpHKo5Euo_000005_000015.mp4*9
Train/salsa dancing/ff6k36r3yGM_000277_000287.mp4*9
Train/salsa dancing/c-FwulfzW0g_000158_000168.mp4*9
Train/salsa dancing/lqOj86VScGw_000019_000029.mp4*9
Train/salsa dancing/FvOdb6GppdM_000132_000142.mp4*9
Train/salsa dancing/SjNyHeX6dZQ_000111_000121.mp4*9
Train/salsa dancing/NTJmlKuiWi0_000050_000060.mp4*9
Train/salsa dancing/A-ICD7F4zX4_000015_000025.mp4*9
Train/salsa dancing/Ix4kiajabbI_000211_000221.mp4*9
Train/salsa dancing/KFq0Q55rmws_000098_000108.mp4*9
Train/salsa dancing/JYiFoWN0tNg_000289_000299.mp4*9
Train/salsa dancing/pHnxVUSCQ-I_000005_000015.mp4*9
Train/salsa dancing/_kOM-Bchv7Y_000097_000107.mp4*9
Train/salsa dancing/pZ4mQMm-IZw_000000_000010.mp4*9
Train/salsa dancing/5Zt0gmjePzg_000109_000119.mp4*9
Train/salsa dancing/4Yc2JsDxGgc_000117_000127.mp4*9
Train/salsa dancing/UkD6OE_NPcI_000001_000011.mp4*9
Train/salsa dancing/pUR7RD7fTEM_000084_000094.mp4*9
Train/salsa dancing/oxnhJVyC9bI_000028_000038.mp4*9
Train/salsa dancing/G8350gw1O5Y_000299_000309.mp4*9
Train/salsa dancing/EgLhUCZs4CY_000123_000133.mp4*9
Train/salsa dancing/gA_GXelAm4k_000036_000046.mp4*9
Train/salsa dancing/QxzT7DhtgvQ_000187_000197.mp4*9
