Train/abseiling/sTJA1xALat4_000035_000045.mp4*0
Train/abseiling/Z1dAQvR4hSc_000140_000150.mp4*0
Train/abseiling/XPvNKzRgwyA_000097_000107.mp4*0
Train/abseiling/BuG_Bx-af_Y_000039_000049.mp4*0
Train/abseiling/RjZzuSL5Vx4_000174_000184.mp4*0
Train/abseiling/VRNVK63tAlw_000009_000019.mp4*0
Train/abseiling/KH0_o9Es6Z0_000015_000025.mp4*0
Train/abseiling/oMzFvZunGQg_000173_000183.mp4*0
Train/abseiling/jU9v1LGZ_DE_000040_000050.mp4*0
Train/abseiling/tXfO7t6FOMQ_000565_000575.mp4*0
Train/abseiling/bLlWqMFrQ0w_000012_000022.mp4*0
Train/abseiling/R0-3bOyUhug_000344_000354.mp4*0
Train/abseiling/hetZSbO3tTA_000303_000313.mp4*0
Train/abseiling/0ULNkPOufBU_000060_000070.mp4*0
Train/abseiling/zwP5sOfoX2E_000715_000725.mp4*0
Train/abseiling/iPto33JQz9Y_000131_000141.mp4*0
Train/abseiling/K2b-mOPWebA_000205_000215.mp4*0
Train/abseiling/cevsrPHMvJg_000062_000072.mp4*0
Train/abseiling/rinCdVhueDA_000000_000010.mp4*0
Train/blowing out candles/WO_UoRVLf2g_000007_000017.mp4*1
Train/blowing out candles/VP-Bhf8a9BU_000013_000023.mp4*1
Train/blowing out candles/UZdU4ZavMOI_000003_000013.mp4*1
Train/blowing out candles/eOROwbZbYoA_000017_000027.mp4*1
Train/blowing out candles/VqomkWs4FOM_000001_000011.mp4*1
Train/blowing out candles/8dhKkRH3rls_000000_000010.mp4*1
Train/blowing out candles/EYxyxAEYhsM_000015_000025.mp4*1
Train/blowing out candles/WclwDN2-czQ_000004_000014.mp4*1
Train/blowing out candles/XFlfq3KhztE_000009_000019.mp4*1
Train/blowing out candles/NuZb3dd9LDw_000002_000012.mp4*1
Train/blowing out candles/l1J9wp0WajU_000001_000011.mp4*1
Train/blowing out candles/Qqy2qT6UVe0_000009_000019.mp4*1
Train/blowing out candles/fyhw4UlsV34_000021_000031.mp4*1
Train/blowing out candles/1k9ZNg1mx-8_000004_000014.mp4*1
Train/blowing out candles/GECXaIPkwEY_000072_000082.mp4*1
Train/blowing out candles/cF_nBal-7Zs_000003_000013.mp4*1
Train/blowing out candles/o_ceb4P17m4_000083_000093.mp4*1
Train/blowing out candles/oU0JhRFYLRU_000001_000011.mp4*1
Train/blowing out candles/sEEE4NzJkqQ_000000_000010.mp4*1
Train/canoeing or kayaking/y9NsOqWqCUI_000079_000089.mp4*2
Train/canoeing or kayaking/50fnfIHxFBY_000101_000111.mp4*2
Train/canoeing or kayaking/M8ZsINkVrRI_000005_000015.mp4*2
Train/canoeing or kayaking/GZ0mMI07gyc_000055_000065.mp4*2
Train/canoeing or kayaking/87ZBQkXww5Q_000410_000420.mp4*2
Train/canoeing or kayaking/8wdMFP3A3O8_000005_000015.mp4*2
Train/canoeing or kayaking/rAonsOJOU80_000013_000023.mp4*2
Train/canoeing or kayaking/9UVkhjrBds4_000143_000153.mp4*2
Train/canoeing or kayaking/lrkPuYv2Scs_000197_000207.mp4*2
Train/canoeing or kayaking/25ESbxAUsRY_000101_000111.mp4*2
Train/canoeing or kayaking/RE84DMyMtME_000043_000053.mp4*2
Train/canoeing or kayaking/pN-4kTWMl14_000098_000108.mp4*2
Train/canoeing or kayaking/So6jVCu7i-w_000011_000021.mp4*2
Train/canoeing or kayaking/rv63ebQO3Rk_000062_000072.mp4*2
Train/canoeing or kayaking/VRGyEn2h4RA_000415_000425.mp4*2
Train/canoeing or kayaking/PmE2VOaFMa4_000002_000012.mp4*2
Train/canoeing or kayaking/meGad4zkgcs_000329_000339.mp4*2
Train/canoeing or kayaking/sfIgToTZca0_000039_000049.mp4*2
Train/canoeing or kayaking/yb6jcwBCFiI_000036_000046.mp4*2
Train/crawling baby/Ctn7v7bb9Hg_000048_000058.mp4*3
Train/crawling baby/D3fvTBtUn5E_000092_000102.mp4*3
Train/crawling baby/lRVJw0gOqXk_000000_000010.mp4*3
Train/crawling baby/Y0FUyHOcNBY_000010_000020.mp4*3
Train/crawling baby/0qoYYwZ2FMo_000009_000019.mp4*3
Train/crawling baby/cRM0FQOFsKM_000036_000046.mp4*3
Train/crawling baby/iSHJOL4lWz8_000030_000040.mp4*3
Train/crawling baby/-N4NGMyhAn0_000024_000034.mp4*3
Train/crawling baby/m68ECAvzU4s_000001_000011.mp4*3
Train/crawling baby/4cO1cV9570o_000027_000037.mp4*3
Train/crawling baby/RRxN3yR2s6U_000031_000041.mp4*3
Train/crawling baby/owoDr9eRPyU_000024_000034.mp4*3
Train/crawling baby/oC8qTkXeybI_000004_000014.mp4*3
Train/crawling baby/-4cOHrUxr4o_000078_000088.mp4*3
Train/crawling baby/tBmIKyXXGCE_000010_000020.mp4*3
Train/crawling baby/TKAyBnDc_j0_000024_000034.mp4*3
Train/crawling baby/RCMjqvG-7nA_000002_000012.mp4*3
Train/crawling baby/SC430ow0VHg_000036_000046.mp4*3
Train/crawling baby/NYemTIw5F34_000001_000011.mp4*3
Train/eating spaghetti/KzvGsAuhO7w_000017_000027.mp4*4
Train/eating spaghetti/SG3zv-FFoCg_000056_000066.mp4*4
Train/eating spaghetti/FICcuzCXPE0_000002_000012.mp4*4
Train/eating spaghetti/Lvsq0AxC9x0_000228_000238.mp4*4
Train/eating spaghetti/KT5c7PiQfiQ_000002_000012.mp4*4
Train/eating spaghetti/2DirztOs5UY_000026_000036.mp4*4
Train/eating spaghetti/A1o-f9Ka0rE_000001_000011.mp4*4
Train/eating spaghetti/YaZixLXM918_000021_000031.mp4*4
Train/eating spaghetti/iB9kD0xiPOA_000006_000016.mp4*4
Train/eating spaghetti/L9qyHPjsIAg_000020_000030.mp4*4
Train/eating spaghetti/QImjtLEKurk_000004_000014.mp4*4
Train/eating spaghetti/ZLQv3iSj1Lc_000007_000017.mp4*4
Train/eating spaghetti/7U3efAFKLTA_000041_000051.mp4*4
Train/eating spaghetti/cOOTW1caDg0_000080_000090.mp4*4
Train/eating spaghetti/Ah9qdhEQC9E_000067_000077.mp4*4
Train/eating spaghetti/HZEx8LUiLik_000057_000067.mp4*4
Train/eating spaghetti/EzalDQlPiE4_000033_000043.mp4*4
Train/eating spaghetti/gk-XWRFMxvA_000009_000019.mp4*4
Train/eating spaghetti/RV1relnG1xo_000530_000540.mp4*4
Train/hammer throw/5oiMA6PATUQ_000002_000012.mp4*5
Train/hammer throw/anBPQys-BAg_000001_000011.mp4*5
Train/hammer throw/VrZ6FmVAkhM_000002_000012.mp4*5
Train/hammer throw/ysZ8m6ZRufQ_000717_000727.mp4*5
Train/hammer throw/DwvpRYhtwtA_000003_000013.mp4*5
Train/hammer throw/YXsAQqmWWtE_000052_000062.mp4*5
Train/hammer throw/UQ1Z8H4u1lQ_000003_000013.mp4*5
Train/hammer throw/sc5bsO7CYDs_000011_000021.mp4*5
Train/hammer throw/eE1Qej1DPXg_000010_000020.mp4*5
Train/hammer throw/OaRMyZiMNIE_000042_000052.mp4*5
Train/hammer throw/8ie3en_JDaU_000003_000013.mp4*5
Train/hammer throw/zaYDcSMVRTU_000003_000013.mp4*5
Train/hammer throw/U665j1wdKNc_000003_000013.mp4*5
Train/hammer throw/AxkvWswcMBU_000004_000014.mp4*5
Train/hammer throw/n9G8nN0H8kE_000001_000011.mp4*5
Train/hammer throw/DH-jTnTbcIM_000045_000055.mp4*5
Train/hammer throw/jIOjt7sUbc8_000007_000017.mp4*5
Train/hammer throw/cSyA54a8ioo_000010_000020.mp4*5
Train/hammer throw/YSVgz9FLfrM_000002_000012.mp4*5
Train/playing harp/9XN58jCXe-k_000016_000026.mp4*6
Train/playing harp/QKSRHK-YJNI_000008_000018.mp4*6
Train/playing harp/-mzDQcugYaU_000343_000353.mp4*6
Train/playing harp/CvfNt_6HfC8_000003_000013.mp4*6
Train/playing harp/JGupTaPRxe4_000026_000036.mp4*6
Train/playing harp/Oo1BXcTqbA4_000511_000521.mp4*6
Train/playing harp/dt0AQbX5pMA_000132_000142.mp4*6
Train/playing harp/-AjDkWtRFSU_000045_000055.mp4*6
Train/playing harp/qiAxwhrsiD8_000152_000162.mp4*6
Train/playing harp/sYsQCZ6-vcs_000077_000087.mp4*6
Train/playing harp/n12tHST4Y58_000072_000082.mp4*6
Train/playing harp/8JmOZyQ7rQM_000031_000041.mp4*6
Train/playing harp/58uOwkn6CeU_000024_000034.mp4*6
Train/playing harp/Y9d9ZhxaO-4_000138_000148.mp4*6
Train/playing harp/ZkeA5p85cqQ_000022_000032.mp4*6
Train/playing harp/aWFxTnBSjtQ_000049_000059.mp4*6
Train/playing harp/-UR3K0UubpE_000036_000046.mp4*6
Train/playing harp/fzE9Z0-LHUI_000123_000133.mp4*6
Train/playing harp/PymWo9khoGI_000031_000041.mp4*6
Train/playing paintball/mQKNPJ8hGeg_000108_000118.mp4*7
Train/playing paintball/y4Hxh99X0Kk_000113_000123.mp4*7
Train/playing paintball/wZ4p_ZjdlpQ_000005_000015.mp4*7
Train/playing paintball/yO9QTQK6rVU_000056_000066.mp4*7
Train/playing paintball/WnAmLr26vCI_000048_000058.mp4*7
Train/playing paintball/NIWUXu5dCzk_000068_000078.mp4*7
Train/playing paintball/oWhAeUArQaY_000004_000014.mp4*7
Train/playing paintball/gKJ0IoXLF40_000003_000013.mp4*7
Train/playing paintball/KSOax480sC4_000070_000080.mp4*7
Train/playing paintball/6fVzvI4ri4w_000002_000012.mp4*7
Train/playing paintball/7Rom_AqX2Zc_000019_000029.mp4*7
Train/playing paintball/gki6PWSYYJI_000062_000072.mp4*7
Train/playing paintball/uRDfSbkQYXE_000059_000069.mp4*7
Train/playing paintball/qLGKkkH2JCQ_000070_000080.mp4*7
Train/playing paintball/Gcc-RIVN-WE_000118_000128.mp4*7
Train/playing paintball/ef98tpXbldw_000007_000017.mp4*7
Train/playing paintball/vCikZF7cs3g_000095_000105.mp4*7
Train/playing paintball/nLnUBn9fSY8_000039_000049.mp4*7
Train/playing paintball/zh12lmyXWMs_000047_000057.mp4*7
Train/pushing cart/wXAKJberHgA_000006_000016.mp4*8
Train/pushing cart/K9cFixsqeYM_000042_000052.mp4*8
Train/pushing cart/Zl_BbVX-_VU_000011_000021.mp4*8
Train/pushing cart/EXPLzDJ3Y3A_000001_000011.mp4*8
Train/pushing cart/C2T6w2WsY6E_000002_000012.mp4*8
Train/pushing cart/tGPaCwtxQ0o_000000_000010.mp4*8
Train/pushing cart/e7wLco1Fy68_000092_000102.mp4*8
Train/pushing cart/pOmS67D0STk_000044_000054.mp4*8
Train/pushing cart/bjxq0Ga6DmA_000160_000170.mp4*8
Train/pushing cart/dKpooR0C1MU_000008_000018.mp4*8
Train/pushing cart/m5XQtludhN4_000055_000065.mp4*8
Train/pushing cart/_nRAm-qWwUM_000008_000018.mp4*8
Train/pushing cart/NsKLjOKmA2s_000011_000021.mp4*8
Train/pushing cart/T7sStrr2L6Q_000003_000013.mp4*8
Train/pushing cart/JWKyPf2BLOo_000052_000062.mp4*8
Train/pushing cart/YDWnapdcqIk_000010_000020.mp4*8
Train/pushing cart/xs5LUk3KWbo_000003_000013.mp4*8
Train/pushing cart/Y7nSKWOkBiQ_000024_000034.mp4*8
Train/pushing cart/aalVJu9uo2s_000046_000056.mp4*8
Train/salsa dancing/Na472e6NqLM_000155_000165.mp4*9
Train/salsa dancing/r-jlFN7pMdw_000230_000240.mp4*9
Train/salsa dancing/BSoz8Msc1Fw_000058_000068.mp4*9
Train/salsa dancing/uOLfjgNvkz8_000034_000044.mp4*9
Train/salsa dancing/RvfjXzB2LFw_000007_000017.mp4*9
Train/salsa dancing/oc3px_l0UP0_000331_000341.mp4*9
Train/salsa dancing/jz3ySwxMVmc_000024_000034.mp4*9
Train/salsa dancing/jz66gwAvCIA_000034_000044.mp4*9
Train/salsa dancing/Xtp5UhiLk88_000090_000100.mp4*9
Train/salsa dancing/Ix4kiajabbI_000211_000221.mp4*9
Train/salsa dancing/_V8EHGYXoJ0_000049_000059.mp4*9
Train/salsa dancing/-LRAy-ZDujU_000145_000155.mp4*9
Train/salsa dancing/hR5awS9KuXI_000005_000015.mp4*9
Train/salsa dancing/nii9Kwwh45c_000068_000078.mp4*9
Train/salsa dancing/7SzxLRwcn9U_000006_000016.mp4*9
Train/salsa dancing/vnDuLOikyMw_000321_000331.mp4*9
Train/salsa dancing/LQruyUxKOLY_000055_000065.mp4*9
Train/salsa dancing/k0pjX6kr26s_000027_000037.mp4*9
Train/salsa dancing/x3u5qXCwEC8_000047_000057.mp4*9
