Train/abseiling/Anmq_WzU_Uk_000031_000041.mp4*0
Train/abseiling/Fp56x7IKPv4_000346_000356.mp4*0
Train/abseiling/Wf3x6WHtLuQ_000166_000176.mp4*0
Train/abseiling/h3GlX3CEewQ_000031_000041.mp4*0
Train/abseiling/LoODvfyqfFg_000064_000074.mp4*0
Train/abseiling/ARe0QmAVjLw_000004_000014.mp4*0
Train/abseiling/TGuiIBXGmjk_000015_000025.mp4*0
Train/abseiling/VaojFsODqp8_000096_000106.mp4*0
Train/abseiling/QKuZzplWTx4_000122_000132.mp4*0
Train/abseiling/9rno7XFc4hQ_000052_000062.mp4*0
Train/abseiling/zutdzCh9ST0_000001_000011.mp4*0
Train/abseiling/1Qj6Mu_CpnM_000042_000052.mp4*0
Train/abseiling/Jp3ScCTp48M_000076_000086.mp4*0
Train/abseiling/_SSkUUyN_zA_000058_000068.mp4*0
Train/abseiling/kGomAlkQook_000521_000531.mp4*0
Train/abseiling/dVPMgzG03iY_000011_000021.mp4*0
Train/abseiling/eyQG6HKjii0_000004_000014.mp4*0
Train/abseiling/tcZ_hFy0T6I_000093_000103.mp4*0
Train/abseiling/7CpnJHUcLqA_000000_000010.mp4*0
Train/abseiling/VFzyXlVDc7w_000057_000067.mp4*0
Train/abseiling/gsArqVEUoAo_000028_000038.mp4*0
Train/abseiling/FHOszybReO8_000000_000010.mp4*0
Train/abseiling/ZgDAZ61fhg0_000091_000101.mp4*0
Train/abseiling/rinCdVhueDA_000000_000010.mp4*0
Train/abseiling/evd0G8YCx8A_000000_000010.mp4*0
Train/abseiling/8pMa6CmyKWc_000099_000109.mp4*0
Train/abseiling/7DVc_T3JbjE_000028_000038.mp4*0
Train/abseiling/VPoJCV8euCg_000001_000011.mp4*0
Train/abseiling/K-FuEtbXOR0_000019_000029.mp4*0
Train/abseiling/BhePozhKUhk_000405_000415.mp4*0
Train/abseiling/Uq8scLcYh6M_000004_000014.mp4*0
Train/abseiling/eERWadcoROk_000000_000010.mp4*0
Train/abseiling/fv0CvUoK-R4_000165_000175.mp4*0
Train/abseiling/zjxFAufvAI0_000104_000114.mp4*0
Train/abseiling/WIGiK4kIqCM_000301_000311.mp4*0
Train/abseiling/hAul4ZIiuWM_000071_000081.mp4*0
Train/abseiling/DV4AdEeAVSM_000158_000168.mp4*0
Train/abseiling/kdbxvRUe0-0_000004_000014.mp4*0
Train/abseiling/iVn9-qQXlzw_000072_000082.mp4*0
Train/abseiling/dXUvR8_RhXs_000322_000332.mp4*0
Train/abseiling/xYHDCgAK1qY_000008_000018.mp4*0
Train/abseiling/bLlWqMFrQ0w_000012_000022.mp4*0
Train/abseiling/GigZPZT-yGg_000037_000047.mp4*0
Train/abseiling/jkxxF8GpsRM_000034_000044.mp4*0
Train/abseiling/6ALt2LCGX9Y_000221_000231.mp4*0
Train/abseiling/RhzlUwXSxmA_000013_000023.mp4*0
Train/abseiling/U8ql5aZKS_c_000082_000092.mp4*0
Train/abseiling/xKvSE2-Xi5s_000209_000219.mp4*0
Train/abseiling/qFqamv2qSMU_000087_000097.mp4*0
Train/abseiling/Aq7XRiPh9SU_000004_000014.mp4*0
Train/abseiling/SuZfA3mLI48_000028_000038.mp4*0
Train/abseiling/eTKXXDATOLc_000032_000042.mp4*0
Train/abseiling/yMetOUpHT9M_000015_000025.mp4*0
Train/abseiling/gIydDw_reEA_000015_000025.mp4*0
Train/abseiling/tNtS-pVl5YE_000025_000035.mp4*0
Train/abseiling/TzXN59Y8cZw_000495_000505.mp4*0
Train/abseiling/WQ8bKQ524sQ_000195_000205.mp4*0
Train/abseiling/2UXCC5iONM0_000067_000077.mp4*0
Train/abseiling/d6CJ9YNSQqE_000030_000040.mp4*0
Train/abseiling/xQG7kqvc9Aw_000120_000130.mp4*0
Train/abseiling/pufexFou_LI_000041_000051.mp4*0
Train/abseiling/yl0SRmjmpCU_000004_000014.mp4*0
Train/abseiling/YSuxa3NB6dU_000012_000022.mp4*0
Train/abseiling/K2b-mOPWebA_000205_000215.mp4*0
Train/abseiling/oNT_nF81-ZY_000033_000043.mp4*0
Train/abseiling/M-hBdj62g9Y_000048_000058.mp4*0
Train/abseiling/13yHmtOlaUE_000751_000761.mp4*0
Train/abseiling/-qAC8YY5F1Q_000040_000050.mp4*0
Train/abseiling/H4Erxu7l6dg_000013_000023.mp4*0
Train/abseiling/ypIOrJF1ddg_000081_000091.mp4*0
Train/abseiling/0FsbjTIrBqw_000286_000296.mp4*0
Train/abseiling/JGYdUdYgL6o_000028_000038.mp4*0
Train/abseiling/ztrCldycQZI_000049_000059.mp4*0
Train/abseiling/B6rrp-J9AJ8_000199_000209.mp4*0
Train/abseiling/PfRyeOCOn2E_000013_000023.mp4*0
Train/abseiling/uvBWe9nbAt0_000063_000073.mp4*0
Train/abseiling/spVb3RSFkTg_000126_000136.mp4*0
Train/abseiling/V6Kll-xrjVk_000003_000013.mp4*0
Train/abseiling/ONXQoDifCLc_000050_000060.mp4*0
Train/abseiling/ilaF4-FUp6s_000122_000132.mp4*0
Train/abseiling/T8FKO64CtuY_000001_000011.mp4*0
Train/abseiling/X5imLMrvCdQ_000483_000493.mp4*0
Train/abseiling/G6874_jeMqw_000166_000176.mp4*0
Train/abseiling/BuG_Bx-af_Y_000039_000049.mp4*0
Train/abseiling/qRRYpICYxLU_000045_000055.mp4*0
Train/abseiling/5vuqHwG6XkM_000169_000179.mp4*0
Train/abseiling/SfM7sOQrNtg_000078_000088.mp4*0
Train/abseiling/ccvR-ZtPIGs_000263_000273.mp4*0
Train/abseiling/p6F0rA7G1qs_000517_000527.mp4*0
Train/abseiling/puiTPydw8Y0_000170_000180.mp4*0
Train/abseiling/TakqNQeNqpk_000228_000238.mp4*0
Train/abseiling/27Ogzc9n4GQ_000116_000126.mp4*0
Train/abseiling/f7lKr6RdMgY_000234_000244.mp4*0
Train/abseiling/o1iX2jQeGcI_000057_000067.mp4*0
Train/abseiling/4pmkLkrDTdA_000000_000010.mp4*0
Train/blowing out candles/0WGZZbwNbME_000043_000053.mp4*1
Train/blowing out candles/7eJTUOfhKZg_000003_000013.mp4*1
Train/blowing out candles/uvCd97k5FfQ_000009_000019.mp4*1
Train/blowing out candles/5rPpImAjTkA_000009_000019.mp4*1
Train/blowing out candles/uYtYW4470qA_000008_000018.mp4*1
Train/blowing out candles/Xm8X10dlxzk_000052_000062.mp4*1
Train/blowing out candles/WIEuqXdJI-k_000018_000028.mp4*1
Train/blowing out candles/zjtWPOrE1HU_000019_000029.mp4*1
Train/blowing out candles/_vFWD_6mFP8_000069_000079.mp4*1
Train/blowing out candles/nO_4jk2ErIM_000030_000040.mp4*1
Train/blowing out candles/wr5xmUy54fA_000010_000020.mp4*1
Train/blowing out candles/qGRdzZ5Bvq8_000002_000012.mp4*1
Train/blowing out candles/ja4lB0XdH1U_000004_000014.mp4*1
Train/blowing out candles/QJ_W3L7tGaA_000032_000042.mp4*1
Train/blowing out candles/UWaUvoeDLfg_000011_000021.mp4*1
Train/blowing out candles/Bzxr-x5Nukw_000000_000010.mp4*1
Train/blowing out candles/k0L0jM1Qb78_000026_000036.mp4*1
Train/blowing out candles/pexwGQS7C2o_000017_000027.mp4*1
Train/blowing out candles/Kq9UKJsdfIA_000033_000043.mp4*1
Train/blowing out candles/tASnJcWeSKY_000044_000054.mp4*1
Train/blowing out candles/YbZ0lhJNGqk_000054_000064.mp4*1
Train/blowing out candles/2W5r_4IYqSE_000017_000027.mp4*1
Train/blowing out candles/M3-qeWSqxoQ_000000_000010.mp4*1
Train/blowing out candles/3lArEGfbASc_000023_000033.mp4*1
Train/blowing out candles/JKkg4rvpWVY_000025_000035.mp4*1
Train/blowing out candles/9AgQN_P6ROk_000001_000011.mp4*1
Train/blowing out candles/iEqHooPMrjg_000018_000028.mp4*1
Train/blowing out candles/KmfKzl0o-GA_000020_000030.mp4*1
Train/blowing out candles/v7rTHSvcZbk_000008_000018.mp4*1
Train/blowing out candles/lzLNQ5_Su8g_000004_000014.mp4*1
Train/blowing out candles/exllQTI_mnM_000002_000012.mp4*1
Train/blowing out candles/O2DtwVW_vqE_000026_000036.mp4*1
Train/blowing out candles/9u6iriKgmC4_000043_000053.mp4*1
Train/blowing out candles/_GbqKGip9Go_000041_000051.mp4*1
Train/blowing out candles/WBpmZLBBv-s_000019_000029.mp4*1
Train/blowing out candles/A49feRSQIDk_000049_000059.mp4*1
Train/blowing out candles/RpJ-xBL87nU_000021_000031.mp4*1
Train/blowing out candles/Nljfu6ZzuFU_000001_000011.mp4*1
Train/blowing out candles/UjboI8zfaTs_000042_000052.mp4*1
Train/blowing out candles/toddjqLGcUw_000042_000052.mp4*1
Train/blowing out candles/agFkQIaSgFo_000036_000046.mp4*1
Train/blowing out candles/nNsUOqZxejw_000049_000059.mp4*1
Train/blowing out candles/PBxap8ZN0Y0_000002_000012.mp4*1
Train/blowing out candles/cPOCQ5MK46Y_000015_000025.mp4*1
Train/blowing out candles/uRXE49TYKk0_000000_000010.mp4*1
Train/blowing out candles/6_3ehfClIRM_000006_000016.mp4*1
Train/blowing out candles/Uj4hBDOijxE_000026_000036.mp4*1
Train/blowing out candles/CD3gL4PCxaE_000032_000042.mp4*1
Train/blowing out candles/3Q08rMBbc5U_000034_000044.mp4*1
Train/blowing out candles/0Dbqyd-mHVk_000004_000014.mp4*1
Train/blowing out candles/VmlDGdXczWE_000002_000012.mp4*1
Train/blowing out candles/3Px2D-8jqe0_000013_000023.mp4*1
Train/blowing out candles/Lc2tig7o80Q_000007_000017.mp4*1
Train/blowing out candles/wRLyKS9DnFY_000012_000022.mp4*1
Train/blowing out candles/mnDRof1QGXE_000029_000039.mp4*1
Train/blowing out candles/SUYlgEVrFPk_000000_000010.mp4*1
Train/blowing out candles/Er44dUHvNkA_000000_000010.mp4*1
Train/blowing out candles/V6OQQHU2WYg_000016_000026.mp4*1
Train/blowing out candles/5_CGN0XqnrU_000072_000082.mp4*1
Train/blowing out candles/-qZfxFH0r4E_000050_000060.mp4*1
Train/blowing out candles/xyLzClF20Og_000004_000014.mp4*1
Train/blowing out candles/59WJ7T7Lma4_000004_000014.mp4*1
Train/blowing out candles/5OESNVXnop8_000040_000050.mp4*1
Train/blowing out candles/8RC-DeqkHyo_000001_000011.mp4*1
Train/blowing out candles/TZ6SISlCDAw_000015_000025.mp4*1
Train/blowing out candles/6SvQVtZTItA_000028_000038.mp4*1
Train/blowing out candles/x1dubO1OlsU_000003_000013.mp4*1
Train/blowing out candles/weyNot8E-xs_000001_000011.mp4*1
Train/blowing out candles/YaF8VAlyStw_000002_000012.mp4*1
Train/blowing out candles/p4I9Sm7HHc4_000001_000011.mp4*1
Train/blowing out candles/C0XDMN0UtZA_000001_000011.mp4*1
Train/blowing out candles/1glx1-_eia4_000006_000016.mp4*1
Train/blowing out candles/B9TaETbM8Ek_000042_000052.mp4*1
Train/blowing out candles/NlCb-v5tVsI_000018_000028.mp4*1
Train/blowing out candles/AO-pAoMAH7o_000031_000041.mp4*1
Train/blowing out candles/B7t4wHkMi0Y_000011_000021.mp4*1
Train/blowing out candles/e2u46JuRchA_000171_000181.mp4*1
Train/blowing out candles/urjHgpNY4jY_000017_000027.mp4*1
Train/blowing out candles/crPivOnqjcA_000006_000016.mp4*1
Train/blowing out candles/FdvGYkHHyO8_000021_000031.mp4*1
Train/blowing out candles/slNhosQjgkQ_000051_000061.mp4*1
Train/blowing out candles/VUTMPfx2W5s_000038_000048.mp4*1
Train/blowing out candles/ld-LDxhu8Ks_000073_000083.mp4*1
Train/blowing out candles/PTizsWBDYlA_000031_000041.mp4*1
Train/blowing out candles/o_7L6971zTs_000011_000021.mp4*1
Train/blowing out candles/VIspuB8YYiU_000005_000015.mp4*1
Train/blowing out candles/QnH0xo3TXgM_000015_000025.mp4*1
Train/blowing out candles/0sx-wV02oG0_000030_000040.mp4*1
Train/blowing out candles/gEtxVslmSQg_000001_000011.mp4*1
Train/blowing out candles/K5Watj2izeE_000004_000014.mp4*1
Train/blowing out candles/cRibV4I39lo_000033_000043.mp4*1
Train/blowing out candles/o_ceb4P17m4_000083_000093.mp4*1
Train/blowing out candles/NtY3Hlj5rQI_000002_000012.mp4*1
Train/blowing out candles/qc1MX57FvUs_000014_000024.mp4*1
Train/blowing out candles/KDFSAl_-474_000004_000014.mp4*1
Train/blowing out candles/vREBUlXBEZ8_000000_000010.mp4*1
Train/canoeing or kayaking/7EJKFAZikwg_000033_000043.mp4*2
Train/canoeing or kayaking/kr6Vvlun0F0_000053_000063.mp4*2
Train/canoeing or kayaking/OnZWVQNQlwM_000206_000216.mp4*2
Train/canoeing or kayaking/qL2aUxTm3m0_000205_000215.mp4*2
Train/canoeing or kayaking/8wdMFP3A3O8_000005_000015.mp4*2
Train/canoeing or kayaking/ExtWVAw6tPE_000003_000013.mp4*2
Train/canoeing or kayaking/HnXkp5zi21c_000009_000019.mp4*2
Train/canoeing or kayaking/NwHtlg7gVdo_000021_000031.mp4*2
Train/canoeing or kayaking/6suHfKpLJcA_000468_000478.mp4*2
Train/canoeing or kayaking/joC74w6WbOU_000003_000013.mp4*2
Train/canoeing or kayaking/-xeSFNoB5Dk_000094_000104.mp4*2
Train/canoeing or kayaking/F6bwhPzmPS4_000026_000036.mp4*2
Train/canoeing or kayaking/8o7rvlw-HXo_000020_000030.mp4*2
Train/canoeing or kayaking/waDJJrTySFE_000037_000047.mp4*2
Train/canoeing or kayaking/9VmqC1il59A_000013_000023.mp4*2
Train/canoeing or kayaking/25ESbxAUsRY_000101_000111.mp4*2
Train/canoeing or kayaking/YOGe8JouOoM_000032_000042.mp4*2
Train/canoeing or kayaking/eyHRwlurmGc_000040_000050.mp4*2
Train/canoeing or kayaking/M1SuR4BWuvA_000074_000084.mp4*2
Train/canoeing or kayaking/a2TpGG7CJAI_000019_000029.mp4*2
Train/canoeing or kayaking/Ehf1v1RLHT4_000080_000090.mp4*2
Train/canoeing or kayaking/FaH4QFx2QAU_000075_000085.mp4*2
Train/canoeing or kayaking/O_i1gA-WkEs_000021_000031.mp4*2
Train/canoeing or kayaking/zXk_QzIxyyU_000069_000079.mp4*2
Train/canoeing or kayaking/x0LOOTbdKUQ_000001_000011.mp4*2
Train/canoeing or kayaking/hQYu96tzvyM_000004_000014.mp4*2
Train/canoeing or kayaking/tco43H1AEnY_000001_000011.mp4*2
Train/canoeing or kayaking/_49gtG4Q95c_000381_000391.mp4*2
Train/canoeing or kayaking/Np_EE0suOW0_000018_000028.mp4*2
Train/canoeing or kayaking/7BH31ufoE1Y_000052_000062.mp4*2
Train/canoeing or kayaking/rgdFOsUV6vs_000001_000011.mp4*2
Train/canoeing or kayaking/hxyuWSV4DCM_000014_000024.mp4*2
Train/canoeing or kayaking/sWQHRVHjZg0_000091_000101.mp4*2
Train/canoeing or kayaking/OQOaCrr5OEs_000078_000088.mp4*2
Train/canoeing or kayaking/Sly5urtLZN0_000032_000042.mp4*2
Train/canoeing or kayaking/ZzaDDKQImTs_000038_000048.mp4*2
Train/canoeing or kayaking/l6Ec7D-Kfc8_000053_000063.mp4*2
Train/canoeing or kayaking/cmyXjgOX-3w_000170_000180.mp4*2
Train/canoeing or kayaking/YWBbwB0B6VM_000198_000208.mp4*2
Train/canoeing or kayaking/IQreCm5Yc0U_000088_000098.mp4*2
Train/canoeing or kayaking/gMG0DAvjiaE_000000_000010.mp4*2
Train/canoeing or kayaking/_731vTdtwQg_000246_000256.mp4*2
Train/canoeing or kayaking/UX4dFyKPzfI_000279_000289.mp4*2
Train/canoeing or kayaking/2gGuMNpS1yM_000046_000056.mp4*2
Train/canoeing or kayaking/IXkudFC1F2g_000270_000280.mp4*2
Train/canoeing or kayaking/m-YISzAXP4k_000154_000164.mp4*2
Train/canoeing or kayaking/48kWw5ILF94_000043_000053.mp4*2
Train/canoeing or kayaking/LMh1Lnvyz0E_000217_000227.mp4*2
Train/canoeing or kayaking/bpLD8inMob0_000052_000062.mp4*2
Train/canoeing or kayaking/7reoEm51GGk_000011_000021.mp4*2
Train/canoeing or kayaking/8Qe6UMobPAA_000004_000014.mp4*2
Train/canoeing or kayaking/xlC1mN-8KJY_000028_000038.mp4*2
Train/canoeing or kayaking/S5guP2ujCAI_000013_000023.mp4*2
Train/canoeing or kayaking/V0sy0gTPOe0_000000_000010.mp4*2
Train/canoeing or kayaking/OcVtN3iwbM0_000006_000016.mp4*2
Train/canoeing or kayaking/-TJxFWZJBH4_000022_000032.mp4*2
Train/canoeing or kayaking/PmE2VOaFMa4_000002_000012.mp4*2
Train/canoeing or kayaking/mxVE3ufVfWI_000037_000047.mp4*2
Train/canoeing or kayaking/nTwb60UGvYg_000074_000084.mp4*2
Train/canoeing or kayaking/uxKUkXeUm_c_000030_000040.mp4*2
Train/canoeing or kayaking/iScHyn7AQa4_000075_000085.mp4*2
Train/canoeing or kayaking/LisCYFG9Nfg_000015_000025.mp4*2
Train/canoeing or kayaking/5e9DplruUEc_000133_000143.mp4*2
Train/canoeing or kayaking/uHfBis4LvKA_000001_000011.mp4*2
Train/canoeing or kayaking/Ezzj3ZiPFdw_000023_000033.mp4*2
Train/canoeing or kayaking/eIEGBqNiluk_000015_000025.mp4*2
Train/canoeing or kayaking/HOlsie7NgtY_000005_000015.mp4*2
Train/canoeing or kayaking/Aks8uEOgqvQ_000090_000100.mp4*2
Train/canoeing or kayaking/P7n2qsCUwlo_000046_000056.mp4*2
Train/canoeing or kayaking/zEGGZMwamhQ_000004_000014.mp4*2
Train/canoeing or kayaking/WXChFOtaaN4_000016_000026.mp4*2
Train/canoeing or kayaking/jg6TfCRjTMk_000441_000451.mp4*2
Train/canoeing or kayaking/zh3f0RW1bv0_000229_000239.mp4*2
Train/canoeing or kayaking/4dZ_VQTzvXk_000010_000020.mp4*2
Train/canoeing or kayaking/BEEMclsc5UM_000035_000045.mp4*2
Train/canoeing or kayaking/2ZbVqU7_8Ks_000013_000023.mp4*2
Train/canoeing or kayaking/RxuueGDLEaY_000065_000075.mp4*2
Train/canoeing or kayaking/5gESozOzw9M_001049_001059.mp4*2
Train/canoeing or kayaking/aJJYAEoMSs4_000115_000125.mp4*2
Train/canoeing or kayaking/oNYgH9DiiWM_000059_000069.mp4*2
Train/canoeing or kayaking/8BerrlWZh9g_000039_000049.mp4*2
Train/canoeing or kayaking/en5JE9vPEgk_000052_000062.mp4*2
Train/canoeing or kayaking/PRE2bzhdXWQ_000208_000218.mp4*2
Train/canoeing or kayaking/fz7WyTJ9NtU_000032_000042.mp4*2
Train/canoeing or kayaking/IAs-nOZlb0M_000074_000084.mp4*2
Train/canoeing or kayaking/WBs5UVyTO5c_000143_000153.mp4*2
Train/canoeing or kayaking/RiUxRP0Uwhc_000060_000070.mp4*2
Train/canoeing or kayaking/_i2GjdexrLg_000002_000012.mp4*2
Train/canoeing or kayaking/DS_qmXrQs5U_000066_000076.mp4*2
Train/canoeing or kayaking/pk9Y66RazPM_000049_000059.mp4*2
Train/canoeing or kayaking/TVNQTL_S3M4_000110_000120.mp4*2
Train/canoeing or kayaking/Zu9Q6IWZ55c_000192_000202.mp4*2
Train/canoeing or kayaking/GlltmkxXQf8_000451_000461.mp4*2
Train/canoeing or kayaking/oVd2kgB0MR0_000003_000013.mp4*2
Train/canoeing or kayaking/l0sjUvcBIZw_000002_000012.mp4*2
Train/canoeing or kayaking/HB0Ptx_IVRg_000005_000015.mp4*2
Train/canoeing or kayaking/2wPTAo-bK6E_000039_000049.mp4*2
Train/crawling baby/cuIcZSHgANc_000004_000014.mp4*3
Train/crawling baby/yPwKgUnEVkI_000016_000026.mp4*3
Train/crawling baby/HRs5toKJYQw_000012_000022.mp4*3
Train/crawling baby/sW4DCsgH2xE_000129_000139.mp4*3
Train/crawling baby/QaMUMCH8el0_000002_000012.mp4*3
Train/crawling baby/Hdf8fczahCM_000004_000014.mp4*3
Train/crawling baby/Qkrcj2MtpN4_000004_000014.mp4*3
Train/crawling baby/sGu7RT4b4WM_000052_000062.mp4*3
Train/crawling baby/-TJM6ngoJKg_000010_000020.mp4*3
Train/crawling baby/OOjPlwwlV3w_000000_000010.mp4*3
Train/crawling baby/opVi8s4fXR4_000012_000022.mp4*3
Train/crawling baby/7E0k0LU50Sw_000118_000128.mp4*3
Train/crawling baby/RYjLT60B-wg_000043_000053.mp4*3
Train/crawling baby/h030gD0GjS4_000022_000032.mp4*3
Train/crawling baby/RCMjqvG-7nA_000002_000012.mp4*3
Train/crawling baby/dhOGm1nERtE_000166_000176.mp4*3
Train/crawling baby/qAZSDiLurZk_000134_000144.mp4*3
Train/crawling baby/I6mbC9spu-E_000042_000052.mp4*3
Train/crawling baby/tfRneupnGvA_000060_000070.mp4*3
Train/crawling baby/To30XMtWl0g_000000_000010.mp4*3
Train/crawling baby/RaahSS42KWY_000215_000225.mp4*3
Train/crawling baby/wqjO925CW0w_000002_000012.mp4*3
Train/crawling baby/9AS1A2XKzt0_000121_000131.mp4*3
Train/crawling baby/Lggpk8yjGmw_000008_000018.mp4*3
Train/crawling baby/IJev1riISuI_000002_000012.mp4*3
Train/crawling baby/G82zTuf9HOk_000032_000042.mp4*3
Train/crawling baby/8oDRP3fiuFI_000071_000081.mp4*3
Train/crawling baby/JlpaAIpXRME_000027_000037.mp4*3
Train/crawling baby/FQhLjNZFE14_000000_000010.mp4*3
Train/crawling baby/fU9VL4XX4Xc_000034_000044.mp4*3
Train/crawling baby/mggrdMe4aVY_000009_000019.mp4*3
Train/crawling baby/FHFOgbNpzrM_000003_000013.mp4*3
Train/crawling baby/XHvgHhmojBA_000014_000024.mp4*3
Train/crawling baby/EN37I2kNhzQ_000002_000012.mp4*3
Train/crawling baby/5Si7Vv_7NFM_000008_000018.mp4*3
Train/crawling baby/KzyTX5NxYnA_000162_000172.mp4*3
Train/crawling baby/8Zvib5e1WRM_000013_000023.mp4*3
Train/crawling baby/E6hxIRJvSa0_000007_000017.mp4*3
Train/crawling baby/hTn1ztWGTRI_000050_000060.mp4*3
Train/crawling baby/a1g-hdatXkk_000015_000025.mp4*3
Train/crawling baby/clfDtqqlTWw_000030_000040.mp4*3
Train/crawling baby/CusmKjBAnVo_000012_000022.mp4*3
Train/crawling baby/n6VPvZRzxM8_000089_000099.mp4*3
Train/crawling baby/ox0zdlmwA4U_000013_000023.mp4*3
Train/crawling baby/IetLwssvUc0_000045_000055.mp4*3
Train/crawling baby/JDxmcAFoyQU_000015_000025.mp4*3
Train/crawling baby/7MrbU_sRhSc_000051_000061.mp4*3
Train/crawling baby/ETWZ6ps6_RU_000034_000044.mp4*3
Train/crawling baby/84M_QTwT49c_000018_000028.mp4*3
Train/crawling baby/qw0YL2IOXCw_000000_000010.mp4*3
Train/crawling baby/w3HDbe5ok54_000010_000020.mp4*3
Train/crawling baby/SIHdmzLWtEA_000084_000094.mp4*3
Train/crawling baby/w-FYuQXUyEg_000002_000012.mp4*3
Train/crawling baby/N_5g4U2-ZOg_000223_000233.mp4*3
Train/crawling baby/msHHLps-wzM_000013_000023.mp4*3
Train/crawling baby/nsxnZx7wtQg_000015_000025.mp4*3
Train/crawling baby/7I8J4rL-9TI_000006_000016.mp4*3
Train/crawling baby/vEXY_nnSnYg_000043_000053.mp4*3
Train/crawling baby/IZJzkxdvfBU_000048_000058.mp4*3
Train/crawling baby/PVLAEmMKVEs_000097_000107.mp4*3
Train/crawling baby/1iUJ_sdGii4_000002_000012.mp4*3
Train/crawling baby/3gaVPWQ-mJk_000141_000151.mp4*3
Train/crawling baby/iwnkdv2AFko_000242_000252.mp4*3
Train/crawling baby/e25ne-cD6vE_000013_000023.mp4*3
Train/crawling baby/Y0MCOrXYap0_000038_000048.mp4*3
Train/crawling baby/cjZi0zu-Gp4_000044_000054.mp4*3
Train/crawling baby/6kQEfIdJk_I_000012_000022.mp4*3
Train/crawling baby/C4gW9On4qbk_000002_000012.mp4*3
Train/crawling baby/vRFVwQtT38U_000043_000053.mp4*3
Train/crawling baby/nebNITUx01A_000085_000095.mp4*3
Train/crawling baby/x-hyVh-axi8_000007_000017.mp4*3
Train/crawling baby/LmxVnOpPYGE_000010_000020.mp4*3
Train/crawling baby/8uLMib0hmDg_000014_000024.mp4*3
Train/crawling baby/DI70xm0OHlI_000000_000010.mp4*3
Train/crawling baby/2UxI82NwX_M_000001_000011.mp4*3
Train/crawling baby/dumZquYW3Vc_000083_000093.mp4*3
Train/crawling baby/sIUA-ci5Wj0_000024_000034.mp4*3
Train/crawling baby/N-IDeMrT270_000066_000076.mp4*3
Train/crawling baby/q9yjvRumHq4_000017_000027.mp4*3
Train/crawling baby/1pzj82LhUGc_000025_000035.mp4*3
Train/crawling baby/Ll-HxQ9lHyo_000167_000177.mp4*3
Train/crawling baby/-N5H51xoigA_000000_000010.mp4*3
Train/crawling baby/mnV7fmRQnXY_000018_000028.mp4*3
Train/crawling baby/iqnfax-KFfU_000025_000035.mp4*3
Train/crawling baby/4jq5In5_g-g_000055_000065.mp4*3
Train/crawling baby/RQW-uUkVp2o_000010_000020.mp4*3
Train/crawling baby/F9JqTMxfXFc_000027_000037.mp4*3
Train/crawling baby/bWswLcg7hvc_000069_000079.mp4*3
Train/crawling baby/uLbB_pu8F-c_000003_000013.mp4*3
Train/crawling baby/Ad5h19jwZr0_000003_000013.mp4*3
Train/crawling baby/vsusqwHsNIM_000002_000012.mp4*3
Train/crawling baby/o_Kfrq_hTic_000025_000035.mp4*3
Train/crawling baby/9kvwE3b-lck_000148_000158.mp4*3
Train/crawling baby/m-Et6iDVqUE_000084_000094.mp4*3
Train/crawling baby/zkcN7DMUiMc_000031_000041.mp4*3
Train/eating spaghetti/e59Sw_y3oTw_000006_000016.mp4*4
Train/eating spaghetti/SUym2rT0LNQ_000046_000056.mp4*4
Train/eating spaghetti/zTbzeFwZzQA_000003_000013.mp4*4
Train/eating spaghetti/WXVa0vS7meg_000000_000010.mp4*4
Train/eating spaghetti/fyJLmkZOlA4_000003_000013.mp4*4
Train/eating spaghetti/ici4w8QBKNM_000014_000024.mp4*4
Train/eating spaghetti/TUbmMOf0PSI_000026_000036.mp4*4
Train/eating spaghetti/DCuKZZxgZ9g_000020_000030.mp4*4
Train/eating spaghetti/i7TSCdC5nts_000004_000014.mp4*4
Train/eating spaghetti/1s4CMwpOB_0_000029_000039.mp4*4
Train/eating spaghetti/F-tJw9bIlPQ_000100_000110.mp4*4
Train/eating spaghetti/4Vs6zQxyb_c_000004_000014.mp4*4
Train/eating spaghetti/OS0yOABYA3w_000000_000010.mp4*4
Train/eating spaghetti/Frshw9Q2Pvg_000090_000100.mp4*4
Train/eating spaghetti/Pj1ktbw0l_Y_000004_000014.mp4*4
Train/eating spaghetti/bOXfAm81OOE_000002_000012.mp4*4
Train/eating spaghetti/JFj66NUDki8_000040_000050.mp4*4
Train/eating spaghetti/EeigWrz6SSw_000272_000282.mp4*4
Train/eating spaghetti/U9BHI88jIwc_000009_000019.mp4*4
Train/eating spaghetti/E3SkFSVjAWg_000001_000011.mp4*4
Train/eating spaghetti/JIOb_S_5vx8_000060_000070.mp4*4
Train/eating spaghetti/VIxP13-dk00_000004_000014.mp4*4
Train/eating spaghetti/uRntmd3M8Bo_000016_000026.mp4*4
Train/eating spaghetti/Yt66H4ckjkQ_000053_000063.mp4*4
Train/eating spaghetti/32AApU2nGSA_000032_000042.mp4*4
Train/eating spaghetti/7A2c3RnQrbE_000003_000013.mp4*4
Train/eating spaghetti/oHl0mnzlc04_000001_000011.mp4*4
Train/eating spaghetti/Gq8t9pyKm7w_000004_000014.mp4*4
Train/eating spaghetti/Fnw26jtgYEg_000403_000413.mp4*4
Train/eating spaghetti/Z0OY7S9KZ3s_000000_000010.mp4*4
Train/eating spaghetti/sBwFHyuLeWw_000027_000037.mp4*4
Train/eating spaghetti/RWbPNHi3j2A_000001_000011.mp4*4
Train/eating spaghetti/14AZeSMkm-M_000021_000031.mp4*4
Train/eating spaghetti/E5Z7dqlqQBY_000016_000026.mp4*4
Train/eating spaghetti/uDzIhHSPUtc_000084_000094.mp4*4
Train/eating spaghetti/KYQncmbG47U_000017_000027.mp4*4
Train/eating spaghetti/IbIhuOk2mVU_000137_000147.mp4*4
Train/eating spaghetti/gdxoQPcysUY_000004_000014.mp4*4
Train/eating spaghetti/geIwBCOVYIY_000046_000056.mp4*4
Train/eating spaghetti/91EK87ybAF8_000071_000081.mp4*4
Train/eating spaghetti/MXldJPEd_6I_000408_000418.mp4*4
Train/eating spaghetti/kCIaRbS7b04_000002_000012.mp4*4
Train/eating spaghetti/QWJvb69f5m8_000000_000010.mp4*4
Train/eating spaghetti/xXVgV4Qckek_000017_000027.mp4*4
Train/eating spaghetti/u03JPVs7oTE_000002_000012.mp4*4
Train/eating spaghetti/SpuRbSIOWCM_000197_000207.mp4*4
Train/eating spaghetti/6UAlaLFlw7s_000053_000063.mp4*4
Train/eating spaghetti/pUOE4egfKKs_000078_000088.mp4*4
Train/eating spaghetti/p0OqNJmfsPM_000359_000369.mp4*4
Train/eating spaghetti/Vs9g0zfAXto_000109_000119.mp4*4
Train/eating spaghetti/pt6rdcmy8u8_000027_000037.mp4*4
Train/eating spaghetti/1itTAI1TWpk_000007_000017.mp4*4
Train/eating spaghetti/nVFzKCflIQ4_000089_000099.mp4*4
Train/eating spaghetti/A1xLV367Fic_000039_000049.mp4*4
Train/eating spaghetti/uQkhUSvaCpM_000445_000455.mp4*4
Train/eating spaghetti/EcnFJIRo2kE_000001_000011.mp4*4
Train/eating spaghetti/dRWqekFBH60_000012_000022.mp4*4
Train/eating spaghetti/OnufJJRIuh4_000149_000159.mp4*4
Train/eating spaghetti/5-8rkb1lWVc_000002_000012.mp4*4
Train/eating spaghetti/a8F0bWMP62I_000120_000130.mp4*4
Train/eating spaghetti/9O2YwW4nkNI_000019_000029.mp4*4
Train/eating spaghetti/mUC3pqo40l8_000002_000012.mp4*4
Train/eating spaghetti/hLPd3VWyAus_000007_000017.mp4*4
Train/eating spaghetti/JBOX1rYcCbE_000165_000175.mp4*4
Train/eating spaghetti/2GpVI2LqkCE_000001_000011.mp4*4
Train/eating spaghetti/_BJ-oYP106Q_000003_000013.mp4*4
Train/eating spaghetti/5QrlneL48GU_000068_000078.mp4*4
Train/eating spaghetti/6-wTF1DviBg_000026_000036.mp4*4
Train/eating spaghetti/S1GdscesxXI_000005_000015.mp4*4
Train/eating spaghetti/Ktynh4cLVrM_000000_000010.mp4*4
Train/eating spaghetti/E5HDVFbGt94_000297_000307.mp4*4
Train/eating spaghetti/D9EFSNr7Z2I_000033_000043.mp4*4
Train/eating spaghetti/HuugPI7UvyE_000003_000013.mp4*4
Train/eating spaghetti/9QB_x7HaeKA_000036_000046.mp4*4
Train/eating spaghetti/mYX174A5OIQ_000020_000030.mp4*4
Train/eating spaghetti/LQ3T8pJLl0Q_000010_000020.mp4*4
Train/eating spaghetti/8nUd9gIYkHk_000033_000043.mp4*4
Train/eating spaghetti/Pvi8QbzDLI0_000019_000029.mp4*4
Train/eating spaghetti/FWey6L5RiZU_000046_000056.mp4*4
Train/eating spaghetti/QpepIL2ob1Y_000327_000337.mp4*4
Train/eating spaghetti/BBw6fcuTecY_000050_000060.mp4*4
Train/eating spaghetti/IBf1ugI93jY_000166_000176.mp4*4
Train/eating spaghetti/C0Lb7n7FkWY_000015_000025.mp4*4
Train/eating spaghetti/xzwu-DKNnhI_000017_000027.mp4*4
Train/eating spaghetti/cJRSwEu2I2s_000012_000022.mp4*4
Train/eating spaghetti/UXY5SxQJHg0_000014_000024.mp4*4
Train/eating spaghetti/3DamAoCzlqU_000076_000086.mp4*4
Train/eating spaghetti/DCnK9FqtSkU_000008_000018.mp4*4
Train/eating spaghetti/E-VXPQg4W60_000006_000016.mp4*4
Train/eating spaghetti/-4CxOUPL6o4_000049_000059.mp4*4
Train/eating spaghetti/6Bkl8kkJ1hw_000003_000013.mp4*4
Train/eating spaghetti/cWwBPFzesBk_000012_000022.mp4*4
Train/eating spaghetti/f2l12fBtRLI_000021_000031.mp4*4
Train/eating spaghetti/XUUpp2wShZw_000004_000014.mp4*4
Train/eating spaghetti/J547SN2w5W8_000012_000022.mp4*4
Train/hammer throw/KOcCXDecYUI_000006_000016.mp4*5
Train/hammer throw/dAXSL0xYHc4_000005_000015.mp4*5
Train/hammer throw/exhHXfqvtBw_000029_000039.mp4*5
Train/hammer throw/EaKWP669O94_000020_000030.mp4*5
Train/hammer throw/b6avK-4VCRQ_000006_000016.mp4*5
Train/hammer throw/EY-oJ-E1GbI_000017_000027.mp4*5
Train/hammer throw/SxKaDPQmvQk_001093_001103.mp4*5
Train/hammer throw/Oi_ykSa0iyE_000004_000014.mp4*5
Train/hammer throw/GpBrDekthtY_000000_000010.mp4*5
Train/hammer throw/In-eaqpjMXU_000002_000012.mp4*5
Train/hammer throw/X0RoJ7cUdbI_000004_000014.mp4*5
Train/hammer throw/s6fEIuHPJ4Y_000030_000040.mp4*5
Train/hammer throw/ScXPLtkQ8jM_000000_000010.mp4*5
Train/hammer throw/rBge9sKZNUM_000004_000014.mp4*5
Train/hammer throw/P3GyB4epDAs_000174_000184.mp4*5
Train/hammer throw/lK4tjiuM5_Y_000104_000114.mp4*5
Train/hammer throw/v-jl7ayC2c4_000014_000024.mp4*5
Train/hammer throw/Gydu4Mi1Slk_000001_000011.mp4*5
Train/hammer throw/0zyeWxMuuMc_000003_000013.mp4*5
Train/hammer throw/PaAJ-6HT6bw_000024_000034.mp4*5
Train/hammer throw/ERdvzSVRPBI_000007_000017.mp4*5
Train/hammer throw/sc5bsO7CYDs_000011_000021.mp4*5
Train/hammer throw/5dvJR1YvDDI_000004_000014.mp4*5
Train/hammer throw/pkxqdcVTGGI_000001_000011.mp4*5
Train/hammer throw/5tETMUt4TYg_000003_000013.mp4*5
Train/hammer throw/VuRpEuY9T8w_000009_000019.mp4*5
Train/hammer throw/ooSyn1Hx2jg_000003_000013.mp4*5
Train/hammer throw/U5RcL-oSAtk_000005_000015.mp4*5
Train/hammer throw/4VCnCUb02jo_000030_000040.mp4*5
Train/hammer throw/gpD8W6b3BTo_000001_000011.mp4*5
Train/hammer throw/Hu7L4AaXfpk_000004_000014.mp4*5
Train/hammer throw/1k0kjGrm7Dc_000002_000012.mp4*5
Train/hammer throw/wE7JbHPBrCI_000018_000028.mp4*5
Train/hammer throw/0RlnBRfvCko_000014_000024.mp4*5
Train/hammer throw/OYjsAsAD_gE_000000_000010.mp4*5
Train/hammer throw/xVTTTK-fUhU_000002_000012.mp4*5
Train/hammer throw/KWOFFYDOfWQ_000001_000011.mp4*5
Train/hammer throw/R7YK0EgQaZg_000002_000012.mp4*5
Train/hammer throw/luRjlZcNSaE_000001_000011.mp4*5
Train/hammer throw/YiMQYfXifc0_000017_000027.mp4*5
Train/hammer throw/I_dhxLAc6wM_000000_000010.mp4*5
Train/hammer throw/_46mqH2JzBw_000004_000014.mp4*5
Train/hammer throw/OMed5P2_6Lw_000013_000023.mp4*5
Train/hammer throw/mLG1rRwLE5k_000002_000012.mp4*5
Train/hammer throw/fpt1ZOTurQ0_000007_000017.mp4*5
Train/hammer throw/MocLduqbZA0_000004_000014.mp4*5
Train/hammer throw/DH-jTnTbcIM_000045_000055.mp4*5
Train/hammer throw/Z9qWHWBsnfM_000002_000012.mp4*5
Train/hammer throw/EPj5ZpqlRks_000013_000023.mp4*5
Train/hammer throw/WM3Tk-C_NgQ_000003_000013.mp4*5
Train/hammer throw/aVDSgN6wj5E_000002_000012.mp4*5
Train/hammer throw/OaRMyZiMNIE_000042_000052.mp4*5
Train/hammer throw/2_LBExKN7-4_000003_000013.mp4*5
Train/hammer throw/7PJY5-51NGo_000005_000015.mp4*5
Train/hammer throw/3WTkYomuu7I_000101_000111.mp4*5
Train/hammer throw/2Ti2DMUgc-E_000005_000015.mp4*5
Train/hammer throw/LPAkKCD8ZnI_000001_000011.mp4*5
Train/hammer throw/8GSzTOQwCnE_000006_000016.mp4*5
Train/hammer throw/etpQn3nL-oA_000004_000014.mp4*5
Train/hammer throw/MRQNXJyye9s_000080_000090.mp4*5
Train/hammer throw/W9O4fUnX3TA_000000_000010.mp4*5
Train/hammer throw/m-zJrF9jqig_000003_000013.mp4*5
Train/hammer throw/zaYDcSMVRTU_000003_000013.mp4*5
Train/hammer throw/VrzUf_-Z4Ug_000087_000097.mp4*5
Train/hammer throw/352RM93shbg_000002_000012.mp4*5
Train/hammer throw/cd9u599Dfnc_000119_000129.mp4*5
Train/hammer throw/joeOCRNo3gw_000134_000144.mp4*5
Train/hammer throw/bKRJ2A2JKJc_000009_000019.mp4*5
Train/hammer throw/CaibOorGFvc_000001_000011.mp4*5
Train/hammer throw/IjvfwQe3LuQ_000015_000025.mp4*5
Train/hammer throw/adHjbWp6kFE_000001_000011.mp4*5
Train/hammer throw/TI5gU2pfpG8_000510_000520.mp4*5
Train/hammer throw/tcvodxdLEEM_000002_000012.mp4*5
Train/hammer throw/50RrC35Kf8U_000011_000021.mp4*5
Train/hammer throw/JYJ7s_pPiXU_000001_000011.mp4*5
Train/hammer throw/DCgUSPjsO6g_000000_000010.mp4*5
Train/hammer throw/GqijBOqiLiE_000000_000010.mp4*5
Train/hammer throw/k-UBFSui7pg_000005_000015.mp4*5
Train/hammer throw/Aao-7h3-Ueo_000001_000011.mp4*5
Train/hammer throw/OsEjb8EQSUE_000013_000023.mp4*5
Train/hammer throw/qg2eOil11pc_000000_000010.mp4*5
Train/hammer throw/m0jInuuEdPw_000000_000010.mp4*5
Train/hammer throw/SeZPoJw-irI_000005_000015.mp4*5
Train/hammer throw/w28qyzcj2CQ_000001_000011.mp4*5
Train/hammer throw/UQ1Z8H4u1lQ_000003_000013.mp4*5
Train/hammer throw/eeaeXMNkp0I_000011_000021.mp4*5
Train/hammer throw/pcjLw0t0LVo_000001_000011.mp4*5
Train/hammer throw/XLIYRBF4Urs_000003_000013.mp4*5
Train/hammer throw/7burhC5mXeA_000009_000019.mp4*5
Train/hammer throw/qGOFPSqt34o_000012_000022.mp4*5
Train/hammer throw/m2AowJp0sYA_000000_000010.mp4*5
Train/hammer throw/KtPujO86Jn0_000005_000015.mp4*5
Train/hammer throw/tEA6Uynpbt8_000001_000011.mp4*5
Train/hammer throw/Zppsg-HQ7nQ_000016_000026.mp4*5
Train/hammer throw/7E0_DaYIDBc_000000_000010.mp4*5
Train/playing harp/eI1-tt-nwoU_000001_000011.mp4*6
Train/playing harp/JNC8afQtCmw_000045_000055.mp4*6
Train/playing harp/Dt6kV8naT48_000078_000088.mp4*6
Train/playing harp/evgPaeDLkaU_000110_000120.mp4*6
Train/playing harp/JoghKc3Q22E_000075_000085.mp4*6
Train/playing harp/n9i6Jv2UDRY_000000_000010.mp4*6
Train/playing harp/CEbRg7ZSU5A_000191_000201.mp4*6
Train/playing harp/3dTNoJ2Essc_000017_000027.mp4*6
Train/playing harp/qiAxwhrsiD8_000152_000162.mp4*6
Train/playing harp/9dSDemUh8f0_000034_000044.mp4*6
Train/playing harp/W0FF8V55DTE_000087_000097.mp4*6
Train/playing harp/SWqSX0vX2rQ_000017_000027.mp4*6
Train/playing harp/B7LsMHQRmGY_000040_000050.mp4*6
Train/playing harp/GxmYmsWGRj8_000091_000101.mp4*6
Train/playing harp/dt0AQbX5pMA_000132_000142.mp4*6
Train/playing harp/x3UFb1UOn8c_000044_000054.mp4*6
Train/playing harp/ZLFbg6nP90o_000039_000049.mp4*6
Train/playing harp/aWFxTnBSjtQ_000049_000059.mp4*6
Train/playing harp/DD49zMlLQvE_000054_000064.mp4*6
Train/playing harp/JGupTaPRxe4_000026_000036.mp4*6
Train/playing harp/uj9t94fuUTg_000111_000121.mp4*6
Train/playing harp/31AudU7gqDk_000157_000167.mp4*6
Train/playing harp/hf-d7MYPuZg_000097_000107.mp4*6
Train/playing harp/XhkaIwRBvLg_000042_000052.mp4*6
Train/playing harp/MYnA8q-FyJs_000181_000191.mp4*6
Train/playing harp/ylPs1fvDzNQ_000056_000066.mp4*6
Train/playing harp/-mzDQcugYaU_000343_000353.mp4*6
Train/playing harp/CsaF_rTj6PY_000037_000047.mp4*6
Train/playing harp/TNoKu3TJps0_000335_000345.mp4*6
Train/playing harp/MjLMZxIhrz4_000019_000029.mp4*6
Train/playing harp/BxxXlu2sJys_000010_000020.mp4*6
Train/playing harp/eyZEBdWJsr8_000114_000124.mp4*6
Train/playing harp/3PO5rwrd6ok_000056_000066.mp4*6
Train/playing harp/AcfCyhw9Y0E_000309_000319.mp4*6
Train/playing harp/oqKc3_tr69o_000010_000020.mp4*6
Train/playing harp/EVM2Ze2LW4Y_000239_000249.mp4*6
Train/playing harp/uSEzqgeCEhw_000117_000127.mp4*6
Train/playing harp/qT8n9-oNqvA_000019_000029.mp4*6
Train/playing harp/HtU99v3TFQw_000003_000013.mp4*6
Train/playing harp/_4ckQKrDCj4_000080_000090.mp4*6
Train/playing harp/oASL2i8DWyY_000019_000029.mp4*6
Train/playing harp/9Fh17jPADyU_000012_000022.mp4*6
Train/playing harp/hucK_tiluZE_000025_000035.mp4*6
Train/playing harp/CiUG-kZrpcY_000004_000014.mp4*6
Train/playing harp/aYSEvxBTtZo_000262_000272.mp4*6
Train/playing harp/KE5EGvNPZIc_000085_000095.mp4*6
Train/playing harp/jAfKc4lxWks_000016_000026.mp4*6
Train/playing harp/PpB2wCS7Byw_000005_000015.mp4*6
Train/playing harp/Ss7On1jXN-s_000280_000290.mp4*6
Train/playing harp/mEHSHi4CcTo_000119_000129.mp4*6
Train/playing harp/8h7Qr1yaQgQ_000000_000010.mp4*6
Train/playing harp/bcCPQR27U0A_000056_000066.mp4*6
Train/playing harp/vEAlOHhIL0k_000087_000097.mp4*6
Train/playing harp/hhbLgs6bPM0_000202_000212.mp4*6
Train/playing harp/Y-ZJaarkLdU_000008_000018.mp4*6
Train/playing harp/ieExTxwVRHM_000050_000060.mp4*6
Train/playing harp/Oh3cKRW-9ME_000020_000030.mp4*6
Train/playing harp/jA7mM128jqk_000037_000047.mp4*6
Train/playing harp/T8e8191BCvM_000027_000037.mp4*6
Train/playing harp/zmtrhCBJBxA_000062_000072.mp4*6
Train/playing harp/ccXRd46fr7o_000058_000068.mp4*6
Train/playing harp/HO3CC615m68_000028_000038.mp4*6
Train/playing harp/6RNDTvCYs1U_000137_000147.mp4*6
Train/playing harp/oYfiz9vd0MA_000030_000040.mp4*6
Train/playing harp/mVABxsfz6UU_000001_000011.mp4*6
Train/playing harp/PjjxiUqCtsc_000100_000110.mp4*6
Train/playing harp/PymWo9khoGI_000031_000041.mp4*6
Train/playing harp/5Bfgi-40Rpo_000045_000055.mp4*6
Train/playing harp/bxdYFsZ_F8I_000017_000027.mp4*6
Train/playing harp/x8PLX6zZ4Ck_000162_000172.mp4*6
Train/playing harp/zSO5hIxULak_000030_000040.mp4*6
Train/playing harp/TMiadVWnZSI_000000_000010.mp4*6
Train/playing harp/SfeDi0QGHrw_000048_000058.mp4*6
Train/playing harp/Y149rNPKDKM_000070_000080.mp4*6
Train/playing harp/gaZBgCnPzkA_000250_000260.mp4*6
Train/playing harp/5X7WIQLdmqg_000018_000028.mp4*6
Train/playing harp/ci795FaHfc4_000051_000061.mp4*6
Train/playing harp/dikHMf9wzIE_000041_000051.mp4*6
Train/playing harp/eWnbkayP55E_000238_000248.mp4*6
Train/playing harp/KIsuO9I4kE0_000039_000049.mp4*6
Train/playing harp/ejeOfAw3ogU_000049_000059.mp4*6
Train/playing harp/X_VeQQ8QwVY_000046_000056.mp4*6
Train/playing harp/YDnncEScKgI_000129_000139.mp4*6
Train/playing harp/nNCz-6PDdbo_000025_000035.mp4*6
Train/playing harp/5fez0x1C_pE_000032_000042.mp4*6
Train/playing harp/LZKE0peXJBo_000067_000077.mp4*6
Train/playing harp/Y6vjX35I1lE_000005_000015.mp4*6
Train/playing harp/uzQy0cjpRaA_000185_000195.mp4*6
Train/playing harp/Sf7PIlGSMZo_000068_000078.mp4*6
Train/playing harp/YEyBHIWJ7cQ_000001_000011.mp4*6
Train/playing harp/f63Ms4UUNJ8_000086_000096.mp4*6
Train/playing harp/wnbqV56blMA_000005_000015.mp4*6
Train/playing harp/u0L5r5a6MI4_000034_000044.mp4*6
Train/playing harp/jcCkdaAhSxc_000020_000030.mp4*6
Train/playing harp/a5TdIMHX50Y_000003_000013.mp4*6
Train/playing harp/NlqIKtEBgPw_000003_000013.mp4*6
Train/playing paintball/FZtGd9M1A1I_000148_000158.mp4*7
Train/playing paintball/SZtm9VZsv4Q_000021_000031.mp4*7
Train/playing paintball/o6r4iBp3G1Y_000015_000025.mp4*7
Train/playing paintball/fVE9qzCCfa4_000484_000494.mp4*7
Train/playing paintball/fZkK2a_6jwU_000120_000130.mp4*7
Train/playing paintball/jPwwiCyCR8M_002593_002603.mp4*7
Train/playing paintball/BJNrtx166EU_000704_000714.mp4*7
Train/playing paintball/36fdOAmlZj4_000000_000010.mp4*7
Train/playing paintball/Fx7OJHP_-Xo_000709_000719.mp4*7
Train/playing paintball/XHpWsqkxi4Y_000143_000153.mp4*7
Train/playing paintball/gHHH4hIQ3l4_000060_000070.mp4*7
Train/playing paintball/_9EzHsPLAhg_000066_000076.mp4*7
Train/playing paintball/EFQ4yirjCoM_000229_000239.mp4*7
Train/playing paintball/DYZxlCPN6M0_000082_000092.mp4*7
Train/playing paintball/NKGH7vR3hnw_000035_000045.mp4*7
Train/playing paintball/RTVptOI_g1I_000045_000055.mp4*7
Train/playing paintball/wKZ69rbZ8FA_000004_000014.mp4*7
Train/playing paintball/AV8h7x4khW4_000006_000016.mp4*7
Train/playing paintball/sTaVLrmNoS4_000012_000022.mp4*7
Train/playing paintball/-0MsYnGUrfE_000022_000032.mp4*7
Train/playing paintball/h93ByB4JqgU_000056_000066.mp4*7
Train/playing paintball/hA0cF69q9-w_000080_000090.mp4*7
Train/playing paintball/KQ8_K6vgd3s_000018_000028.mp4*7
Train/playing paintball/Ae_qYfju-tg_000033_000043.mp4*7
Train/playing paintball/ReG4FZPvxn8_000181_000191.mp4*7
Train/playing paintball/gsv9X12IUiE_000066_000076.mp4*7
Train/playing paintball/LEuLLH7fqrs_000012_000022.mp4*7
Train/playing paintball/s_gUn68b2J0_000119_000129.mp4*7
Train/playing paintball/PGu4uefP-hg_000000_000010.mp4*7
Train/playing paintball/pSPeYvYJmdY_000117_000127.mp4*7
Train/playing paintball/iASixv8jTdg_000022_000032.mp4*7
Train/playing paintball/bvECYJiPPYY_000003_000013.mp4*7
Train/playing paintball/H_QSHplXbAQ_000052_000062.mp4*7
Train/playing paintball/bCPBZKd8ytQ_000077_000087.mp4*7
Train/playing paintball/2bzTepo6zeo_000110_000120.mp4*7
Train/playing paintball/kdL282wBvCA_000408_000418.mp4*7
Train/playing paintball/wONroFpxaBs_000163_000173.mp4*7
Train/playing paintball/Y-5Y-T1EJgA_000007_000017.mp4*7
Train/playing paintball/L9onDt0vwEQ_000005_000015.mp4*7
Train/playing paintball/8NK92B8jTy4_000026_000036.mp4*7
Train/playing paintball/Qmh6BHQIDtE_000578_000588.mp4*7
Train/playing paintball/PGYzUs03s4M_000017_000027.mp4*7
Train/playing paintball/YKT2YIHYEa4_000034_000044.mp4*7
Train/playing paintball/UheedTasBcs_000085_000095.mp4*7
Train/playing paintball/gk8cwVdD_sQ_000168_000178.mp4*7
Train/playing paintball/HD51Bhr7y2o_000017_000027.mp4*7
Train/playing paintball/4qnKggrmhus_000028_000038.mp4*7
Train/playing paintball/jYmtxnMqA6w_000241_000251.mp4*7
Train/playing paintball/tiaqMs68DsU_000191_000201.mp4*7
Train/playing paintball/9iV1YGAh1pg_000088_000098.mp4*7
Train/playing paintball/2Gj5QQ1C1Ww_000243_000253.mp4*7
Train/playing paintball/mpua_jYcVKc_000001_000011.mp4*7
Train/playing paintball/BKcFNj5kW5A_000071_000081.mp4*7
Train/playing paintball/x3p5xNCPiII_000070_000080.mp4*7
Train/playing paintball/XR6gvCsFd70_000119_000129.mp4*7
Train/playing paintball/KSOax480sC4_000070_000080.mp4*7
Train/playing paintball/Xv_wCA1Djf8_000000_000010.mp4*7
Train/playing paintball/QtVLD6Wqrnw_000005_000015.mp4*7
Train/playing paintball/CI2z_R9PBfk_000307_000317.mp4*7
Train/playing paintball/SZMSnsxmPV8_000363_000373.mp4*7
Train/playing paintball/Wktx4aDsQdY_000171_000181.mp4*7
Train/playing paintball/ohh6tTRxgqs_000107_000117.mp4*7
Train/playing paintball/p1n85B630yk_000002_000012.mp4*7
Train/playing paintball/mw1H6gRNdRE_000119_000129.mp4*7
Train/playing paintball/_4yn7WoV2A4_000003_000013.mp4*7
Train/playing paintball/DceFDjd25X8_000122_000132.mp4*7
Train/playing paintball/5oXZpt1zSfc_000068_000078.mp4*7
Train/playing paintball/7SjOo1Lcsq4_000039_000049.mp4*7
Train/playing paintball/XWvjQ0YmP8g_000006_000016.mp4*7
Train/playing paintball/9MJwpc6jNSI_000012_000022.mp4*7
Train/playing paintball/ClNkArZZa2c_000158_000168.mp4*7
Train/playing paintball/x6qMyXi8ztM_000028_000038.mp4*7
Train/playing paintball/pwJ7B5pOUwI_000667_000677.mp4*7
Train/playing paintball/FEKSwCzW9ek_000101_000111.mp4*7
Train/playing paintball/UsK6l8wFR-E_000192_000202.mp4*7
Train/playing paintball/pg5xPcuBTus_000984_000994.mp4*7
Train/playing paintball/U6PE061gw2s_000004_000014.mp4*7
Train/playing paintball/-GbUR6K-Q5M_000128_000138.mp4*7
Train/playing paintball/OscLF2yUjxE_000002_000012.mp4*7
Train/playing paintball/_2fF8CMtd9U_000024_000034.mp4*7
Train/playing paintball/YkOTE7uCFOU_000000_000010.mp4*7
Train/playing paintball/tE8rgdbKUQ8_000005_000015.mp4*7
Train/playing paintball/efD9wexP1D4_000029_000039.mp4*7
Train/playing paintball/zh12lmyXWMs_000047_000057.mp4*7
Train/playing paintball/RmXB-IJqgDc_000002_000012.mp4*7
Train/playing paintball/3fsAUzhuMZI_000157_000167.mp4*7
Train/playing paintball/7INFowIW57A_000049_000059.mp4*7
Train/playing paintball/DFlx_iAr5Pk_000033_000043.mp4*7
Train/playing paintball/kqGwZHqo7EM_000074_000084.mp4*7
Train/playing paintball/ef98tpXbldw_000007_000017.mp4*7
Train/playing paintball/ErcC61tjJu0_000083_000093.mp4*7
Train/playing paintball/t8wNKzyFoJw_000037_000047.mp4*7
Train/playing paintball/DuSvOhH8JZY_000896_000906.mp4*7
Train/playing paintball/A-UZFeKpeRw_000325_000335.mp4*7
Train/playing paintball/5oW3fE8-4_w_000035_000045.mp4*7
Train/pushing cart/O3dHf67JD4E_000003_000013.mp4*8
Train/pushing cart/CwGYBTrkySI_000015_000025.mp4*8
Train/pushing cart/dZlGIO4kt_0_000042_000052.mp4*8
Train/pushing cart/Evx54Vxz4Ec_000184_000194.mp4*8
Train/pushing cart/cnNmAS_GX1w_000010_000020.mp4*8
Train/pushing cart/aH2v5lTRteQ_000023_000033.mp4*8
Train/pushing cart/HeGMppmw0nI_000003_000013.mp4*8
Train/pushing cart/XcdhNZR8XnM_000000_000010.mp4*8
Train/pushing cart/1AWnLed0NP8_000004_000014.mp4*8
Train/pushing cart/W-3Y_Z_nNUE_000081_000091.mp4*8
Train/pushing cart/lQb_k8xIrS4_000054_000064.mp4*8
Train/pushing cart/ekjCdtGcZeM_000041_000051.mp4*8
Train/pushing cart/JR7CXmcRhKc_000043_000053.mp4*8
Train/pushing cart/HBvz_voNKZU_000000_000010.mp4*8
Train/pushing cart/0YpHgbmOnOc_000013_000023.mp4*8
Train/pushing cart/3b_TYFDdRyM_000000_000010.mp4*8
Train/pushing cart/6_SuU7SdNFA_000069_000079.mp4*8
Train/pushing cart/LLNu-CIY0PU_000035_000045.mp4*8
Train/pushing cart/E8bYZKgIpU0_000003_000013.mp4*8
Train/pushing cart/eg749Lbk8QE_000002_000012.mp4*8
Train/pushing cart/XwBNhrushCk_000001_000011.mp4*8
Train/pushing cart/i3xituPtXdU_000001_000011.mp4*8
Train/pushing cart/ae932GaaFcs_000027_000037.mp4*8
Train/pushing cart/DfWw2MdKnss_000019_000029.mp4*8
Train/pushing cart/tcl6HTfKQw0_000011_000021.mp4*8
Train/pushing cart/RopcDsPBcjo_000034_000044.mp4*8
Train/pushing cart/7S2TDjLNWj8_000061_000071.mp4*8
Train/pushing cart/2mh51T5d90I_000016_000026.mp4*8
Train/pushing cart/l7qV5LQJtcc_000009_000019.mp4*8
Train/pushing cart/PMG74pxEGf8_000027_000037.mp4*8
Train/pushing cart/ahI0ZHFLJ_k_000004_000014.mp4*8
Train/pushing cart/eUQYeqVNM_I_000009_000019.mp4*8
Train/pushing cart/eYti6TVczWE_000001_000011.mp4*8
Train/pushing cart/0c7pxo2qSDw_000001_000011.mp4*8
Train/pushing cart/PSFNTK9uy3w_000000_000010.mp4*8
Train/pushing cart/mwqFiXXuZBY_000006_000016.mp4*8
Train/pushing cart/jxa7fQbAYfY_000000_000010.mp4*8
Train/pushing cart/nAeNYwz4_CY_000000_000010.mp4*8
Train/pushing cart/IYvH0EWGJYc_000002_000012.mp4*8
Train/pushing cart/wJVM-HmafCw_000003_000013.mp4*8
Train/pushing cart/13kHYC1oxo4_000003_000013.mp4*8
Train/pushing cart/QdOLnzWpuh8_000015_000025.mp4*8
Train/pushing cart/yAREPqVxiVg_000004_000014.mp4*8
Train/pushing cart/n3YjJOHOeLE_000055_000065.mp4*8
Train/pushing cart/EH8DhrU818U_000005_000015.mp4*8
Train/pushing cart/pfeOiERFPhI_000026_000036.mp4*8
Train/pushing cart/uEDVToi5QZs_000000_000010.mp4*8
Train/pushing cart/AItS8BoDaDg_000001_000011.mp4*8
Train/pushing cart/CKg5cPCe7-M_000050_000060.mp4*8
Train/pushing cart/LV7uA252Q3A_000002_000012.mp4*8
Train/pushing cart/XiNJDzAlY6s_000000_000010.mp4*8
Train/pushing cart/MwsGU0j3MOE_000111_000121.mp4*8
Train/pushing cart/xs5LUk3KWbo_000003_000013.mp4*8
Train/pushing cart/u7bu7tysBb0_000028_000038.mp4*8
Train/pushing cart/rSgAeQU1sjY_000000_000010.mp4*8
Train/pushing cart/yQy6DcrVV5g_000005_000015.mp4*8
Train/pushing cart/adAWkzOEBPo_000067_000077.mp4*8
Train/pushing cart/SxhG7ZfA85E_000027_000037.mp4*8
Train/pushing cart/OtPZXrn-KUY_000013_000023.mp4*8
Train/pushing cart/fKQMurMq17A_000002_000012.mp4*8
Train/pushing cart/IZj4ZbHkHGw_000026_000036.mp4*8
Train/pushing cart/xhqLdt3psJU_000005_000015.mp4*8
Train/pushing cart/lngqwHG36dw_000010_000020.mp4*8
Train/pushing cart/GNoalL-OtUw_000012_000022.mp4*8
Train/pushing cart/jU9kSDUsqTo_000001_000011.mp4*8
Train/pushing cart/-pWAEIT0HRo_000005_000015.mp4*8
Train/pushing cart/9Ru36SOI3Ho_000095_000105.mp4*8
Train/pushing cart/qZGxuIxXogI_000027_000037.mp4*8
Train/pushing cart/tAi4xCzVzjU_000000_000010.mp4*8
Train/pushing cart/ylJ0RWGgm-w_000008_000018.mp4*8
Train/pushing cart/mN54UIC0G_c_000001_000011.mp4*8
Train/pushing cart/ymFqvYy1dpc_000017_000027.mp4*8
Train/pushing cart/jFqzQKKh6Jg_000118_000128.mp4*8
Train/pushing cart/VAqWt-ZnaLw_000001_000011.mp4*8
Train/pushing cart/0udk1e9n7y8_000001_000011.mp4*8
Train/pushing cart/KSRBxg9fMxo_000015_000025.mp4*8
Train/pushing cart/1zhSxy1gouc_000003_000013.mp4*8
Train/pushing cart/5ps8RHaapus_000011_000021.mp4*8
Train/pushing cart/Vtn8efUKDfQ_000002_000012.mp4*8
Train/pushing cart/m_szxNmgGzU_000004_000014.mp4*8
Train/pushing cart/Oy7R2-CGxOI_000012_000022.mp4*8
Train/pushing cart/Q0qegjmNDRg_000003_000013.mp4*8
Train/pushing cart/qbYcdrM5pJw_000000_000010.mp4*8
Train/pushing cart/lIwgQee_dBc_000000_000010.mp4*8
Train/pushing cart/e2wHa1WboYY_000002_000012.mp4*8
Train/pushing cart/FLm9gjcq9Pk_000000_000010.mp4*8
Train/pushing cart/2F4OFFRKE_o_000008_000018.mp4*8
Train/pushing cart/Qpyx-lSive8_000014_000024.mp4*8
Train/pushing cart/sHu795ITCZ4_000006_000016.mp4*8
Train/pushing cart/sMjQeDG69pk_000011_000021.mp4*8
Train/pushing cart/pAHM2diaKW4_000002_000012.mp4*8
Train/pushing cart/lkwpFIDiuyw_000015_000025.mp4*8
Train/pushing cart/ec58bXnl0mI_000046_000056.mp4*8
Train/pushing cart/ehhwjiE0sqs_000000_000010.mp4*8
Train/pushing cart/Y8N80P5i8Fw_000046_000056.mp4*8
Train/salsa dancing/-LRAy-ZDujU_000145_000155.mp4*9
Train/salsa dancing/q_CPIR9CgKE_000000_000010.mp4*9
Train/salsa dancing/hvpWGK4qCIs_000000_000010.mp4*9
Train/salsa dancing/DfCrhtzo1es_000000_000010.mp4*9
Train/salsa dancing/9Ho54a74FX4_000277_000287.mp4*9
Train/salsa dancing/Er-D-YH8iQQ_000148_000158.mp4*9
Train/salsa dancing/ChaVEFrnmx0_000071_000081.mp4*9
Train/salsa dancing/Lzp3dsMKzGs_000005_000015.mp4*9
Train/salsa dancing/g9gKIZbxaOQ_000052_000062.mp4*9
Train/salsa dancing/kkw7X9WTyrU_000119_000129.mp4*9
Train/salsa dancing/wmgdxCbCYNs_000046_000056.mp4*9
Train/salsa dancing/hYn9ukHlREA_000057_000067.mp4*9
Train/salsa dancing/xaovXWoSxaY_000000_000010.mp4*9
Train/salsa dancing/rEksfCvcaLY_000061_000071.mp4*9
Train/salsa dancing/ND70gi8oiFQ_000022_000032.mp4*9
Train/salsa dancing/WKJ1tTAtrNg_000002_000012.mp4*9
Train/salsa dancing/tCIIRwD-6Rk_000001_000011.mp4*9
Train/salsa dancing/h_DyPExIK60_000008_000018.mp4*9
Train/salsa dancing/1CDdTJ3dRYM_000063_000073.mp4*9
Train/salsa dancing/-lalLEEvhV8_000122_000132.mp4*9
Train/salsa dancing/pQ-I2hpTh6Q_000176_000186.mp4*9
Train/salsa dancing/yhjXn_eafyg_000055_000065.mp4*9
Train/salsa dancing/NQ3u3lh5p0Y_000155_000165.mp4*9
Train/salsa dancing/trM1XuYcD40_000136_000146.mp4*9
Train/salsa dancing/XqEvb4hP5so_000003_000013.mp4*9
Train/salsa dancing/79jjwbXdFdA_000051_000061.mp4*9
Train/salsa dancing/6CpEacCWFog_000049_000059.mp4*9
Train/salsa dancing/RmL_5py_Z-M_000012_000022.mp4*9
Train/salsa dancing/A4Ca78gGPok_000079_000089.mp4*9
Train/salsa dancing/auN1GzhXWNE_000163_000173.mp4*9
Train/salsa dancing/l_Lz1DW4iS0_000024_000034.mp4*9
Train/salsa dancing/Os62owWtlfQ_000163_000173.mp4*9
Train/salsa dancing/tpqFk8eW5Nw_000300_000310.mp4*9
Train/salsa dancing/4TQ7LlwZ5pA_000002_000012.mp4*9
Train/salsa dancing/Uf7D_65iPL4_000137_000147.mp4*9
Train/salsa dancing/8S41dfuD4Y8_000098_000108.mp4*9
Train/salsa dancing/ma4Mz-uDmEI_000121_000131.mp4*9
Train/salsa dancing/XdwrNqn29Zo_000027_000037.mp4*9
Train/salsa dancing/MNpNhKslxMk_000073_000083.mp4*9
Train/salsa dancing/7Mb2qLtgPuM_000084_000094.mp4*9
Train/salsa dancing/QiOVtM8YdAc_000001_000011.mp4*9
Train/salsa dancing/uU792o3Nnx0_000013_000023.mp4*9
Train/salsa dancing/87AJ54oHDqw_000007_000017.mp4*9
Train/salsa dancing/ZDFuR3MwZeg_000011_000021.mp4*9
Train/salsa dancing/rJZU2vg1Z9Q_000033_000043.mp4*9
Train/salsa dancing/0Dl_mkZUtN4_000131_000141.mp4*9
Train/salsa dancing/OiC-xuH0wXs_000014_000024.mp4*9
Train/salsa dancing/iOqFiG24ByM_000005_000015.mp4*9
Train/salsa dancing/O77bXLbk-as_000108_000118.mp4*9
Train/salsa dancing/R91UKgfmLto_000028_000038.mp4*9
Train/salsa dancing/pyGFogPhT8k_000080_000090.mp4*9
Train/salsa dancing/FXRE4Qt1umQ_000033_000043.mp4*9
Train/salsa dancing/hUZDiDv7jrs_000008_000018.mp4*9
Train/salsa dancing/hR5awS9KuXI_000005_000015.mp4*9
Train/salsa dancing/oxnhJVyC9bI_000028_000038.mp4*9
Train/salsa dancing/VrB2u1CQMHQ_000131_000141.mp4*9
Train/salsa dancing/_kOM-Bchv7Y_000097_000107.mp4*9
Train/salsa dancing/T70KmQyI_wE_000005_000015.mp4*9
Train/salsa dancing/rAog0rxmhHk_000006_000016.mp4*9
Train/salsa dancing/2nqYxy98-QY_000004_000014.mp4*9
Train/salsa dancing/3lL-u23dQq4_000233_000243.mp4*9
Train/salsa dancing/RY4Jxyb8Dno_000141_000151.mp4*9
Train/salsa dancing/IxQnTF5ghto_000147_000157.mp4*9
Train/salsa dancing/vnDuLOikyMw_000321_000331.mp4*9
Train/salsa dancing/xdnFw5X8U-E_000031_000041.mp4*9
Train/salsa dancing/hZEw35i77HA_000006_000016.mp4*9
Train/salsa dancing/em0YmXl0zsU_000001_000011.mp4*9
Train/salsa dancing/BN5nXotHZjM_000071_000081.mp4*9
Train/salsa dancing/gEG4crRFyl4_000161_000171.mp4*9
Train/salsa dancing/RRlM-4QtfgE_000033_000043.mp4*9
Train/salsa dancing/l5UbHt7J8Zs_000105_000115.mp4*9
Train/salsa dancing/XWyNqQps9Rc_000036_000046.mp4*9
Train/salsa dancing/UNdUqg0lKhc_000162_000172.mp4*9
Train/salsa dancing/lqOj86VScGw_000019_000029.mp4*9
Train/salsa dancing/XMh6_NstQK8_000044_000054.mp4*9
Train/salsa dancing/CYGRcFI1-SU_000065_000075.mp4*9
Train/salsa dancing/5i2JxGRghcE_000041_000051.mp4*9
Train/salsa dancing/08tiN96FebU_000018_000028.mp4*9
Train/salsa dancing/nodeDc4aQas_000024_000034.mp4*9
Train/salsa dancing/D5yzrfD6oz8_000188_000198.mp4*9
Train/salsa dancing/jeTZzExJLWk_000078_000088.mp4*9
Train/salsa dancing/E_7tTwQsZiY_000161_000171.mp4*9
Train/salsa dancing/63NUpXucnIQ_000008_000018.mp4*9
Train/salsa dancing/jn_M4DlOFoY_000084_000094.mp4*9
Train/salsa dancing/-nt-svW8Bqo_000098_000108.mp4*9
Train/salsa dancing/HaK5gDH9GwQ_000166_000176.mp4*9
Train/salsa dancing/vVYuyo3q4SM_000152_000162.mp4*9
Train/salsa dancing/p0buJEEKeuI_000063_000073.mp4*9
Train/salsa dancing/uOLfjgNvkz8_000034_000044.mp4*9
Train/salsa dancing/FvOdb6GppdM_000132_000142.mp4*9
Train/salsa dancing/Aohf7QW-Kis_000153_000163.mp4*9
Train/salsa dancing/5iheJnimcWw_000133_000143.mp4*9
Train/salsa dancing/bBJm6u0fHuY_000018_000028.mp4*9
Train/salsa dancing/bWH__6AgJI0_000009_000019.mp4*9
Train/salsa dancing/gJPAm1pIlCs_000036_000046.mp4*9
